0.1478859409561311,2.7755575615628914e-17,0.14764862578134033,0.0
0.1489851596734389,0.005459137035750294,0.1487479623870214,0.005432080630447588
0.1489851596734389,0.005459137035750294,0.1487479623870214,0.005432080630447588
0.1489851596734389,0.005459137035750294,0.1487479623870214,0.005432080630447588
0.14773553275659138,0.007899475429436396,0.14750215544018103,0.007872276845318597
0.14773553275659138,0.007899475429436396,0.14750215544018103,0.007872276845318597
0.14773553275659138,0.007899475429436396,0.14750215544018103,0.007872276845318597
0.1449344604464594,0.010480062963778255,0.14470695293438235,0.010445125559751174
0.1449344604464594,0.010480062963778255,0.14470695293438235,0.010445125559751174
0.1449344604464594,0.010480062963778255,0.14470695293438235,0.010445125559751174
0.1446869564261513,0.010152274723609498,0.1444267796236836,0.01011933463474224
0.1446869564261513,0.010152274723609498,0.1444267796236836,0.01011933463474224
0.1446869564261513,0.010152274723609498,0.1444267796236836,0.01011933463474224
0.14133013256617463,0.011099769381918884,0.1410894010776511,0.011054222236324854
0.14133013256617463,0.011099769381918884,0.1410894010776511,0.011054222236324854
0.14133013256617463,0.011099769381918884,0.1410894010776511,0.011054222236324854
0.1405355741053806,0.010378673489005645,0.14030822742684157,0.010338037042414965
0.1405355741053806,0.010378673489005645,0.14030822742684157,0.010338037042414965
0.1405355741053806,0.010378673489005645,0.14030822742684157,0.010338037042414965
0.13997389285060574,0.011835780979570318,0.1397585728052128,0.011761176474938205
0.13997389285060574,0.011835780979570318,0.1397585728052128,0.011761176474938205
0.13997389285060574,0.011835780979570318,0.1397585728052128,0.011761176474938205
0.13928849502654808,0.011315733524453513,0.13907814650262132,0.011258930613568285
0.13928849502654808,0.011315733524453513,0.13907814650262132,0.011258930613568285
0.13928849502654808,0.011315733524453513,0.13907814650262132,0.011258930613568285
0.13697976885358787,0.012207817626919575,0.1367802611215328,0.01213381246134527
0.13697976885358787,0.012207817626919575,0.1367802611215328,0.01213381246134527
0.13697976885358787,0.012207817626919575,0.1367802611215328,0.01213381246134527
0.13602540255837997,0.0124231643519342,0.13584608281503247,0.012342164212608203
0.13602540255837997,0.0124231643519342,0.13584608281503247,0.012342164212608203
0.13602540255837997,0.0124231643519342,0.13584608281503247,0.012342164212608203
0.13591218667103683,0.012672491455084173,0.13572637293970363,0.012594589735292204
0.13591218667103683,0.012672491455084173,0.13572637293970363,0.012594589735292204
0.13591218667103683,0.012672491455084173,0.13572637293970363,0.012594589735292204
0.13537673872190445,0.012711009971264254,0.1351823584078699,0.012632823890123886
0.13537673872190445,0.012711009971264254,0.1351823584078699,0.012632823890123886
0.13537673872190445,0.012711009971264254,0.1351823584078699,0.012632823890123886
0.13430590970279285,0.012826546996139603,0.1341202034039519,0.012750955604676371
0.13430590970279285,0.012826546996139603,0.1341202034039519,0.012750955604676371
0.13430590970279285,0.012826546996139603,0.1341202034039519,0.012750955604676371
0.13421577669326565,0.012137751245631037,0.1340265508134907,0.012070419295334962
0.13421577669326565,0.012137751245631037,0.1340265508134907,0.012070419295334962
0.13421577669326565,0.012137751245631037,0.1340265508134907,0.012070419295334962
0.1350861199503762,0.011219044958409032,0.13489144693235694,0.01115994926088856
0.1350861199503762,0.011219044958409032,0.13489144693235694,0.01115994926088856
0.1350861199503762,0.011219044958409032,0.13489144693235694,0.01115994926088856
0.13531162781952683,0.012390230985590037,0.13511003157721016,0.012319493894959094
0.13531162781952683,0.012390230985590037,0.13511003157721016,0.012319493894959094
0.13531162781952683,0.012390230985590037,0.13511003157721016,0.012319493894959094
0.1350038307321196,0.01296141494292859,0.13480898267143948,0.012880747207235888
0.1350038307321196,0.01296141494292859,0.13480898267143948,0.012880747207235888
0.1350038307321196,0.01296141494292859,0.13480898267143948,0.012880747207235888
0.13441406774754383,0.012726535579700137,0.13422914402751437,0.012637699230553792
0.13441406774754383,0.012726535579700137,0.13422914402751437,0.012637699230553792
0.13441406774754383,0.012726535579700137,0.13422914402751437,0.012637699230553792
0.13372994001239086,0.011910565997979591,0.13355341596849782,0.011824951508643529
0.13372994001239086,0.011910565997979591,0.13355341596849782,0.011824951508643529
0.13372994001239086,0.011910565997979591,0.13355341596849782,0.011824951508643529
0.13373497174663188,0.012583642535560042,0.1335658610730945,0.012497690172791754
0.13373497174663188,0.012583642535560042,0.1335658610730945,0.012497690172791754
0.13373497174663188,0.012583642535560042,0.1335658610730945,0.012497690172791754
0.1331525471679345,0.012833617010362987,0.13299104202453593,0.012753668997968495
0.1331525471679345,0.012833617010362987,0.13299104202453593,0.012753668997968495
0.1331525471679345,0.012833617010362987,0.13299104202453593,0.012753668997968495
0.1328867084301668,0.013412676096679487,0.1327371702036009,0.013333881348845007
0.1328867084301668,0.013412676096679487,0.1327371702036009,0.013333881348845007
0.1328867084301668,0.013412676096679487,0.1327371702036009,0.013333881348845007
0.132343542376339,0.013483502542219493,0.13220023828700356,0.013408314435992531
0.132343542376339,0.013483502542219493,0.13220023828700356,0.013408314435992531
0.132343542376339,0.013483502542219493,0.13220023828700356,0.013408314435992531
0.13202485082542068,0.013119943177573116,0.1318883257466001,0.013052528539474148
0.13202485082542068,0.013119943177573116,0.1318883257466001,0.013052528539474148
0.13202485082542068,0.013119943177573116,0.1318883257466001,0.013052528539474148
0.13151814282184462,0.013472636103571687,0.13139523365246528,0.013396448724675733
0.13151814282184462,0.013472636103571687,0.13139523365246528,0.013396448724675733
0.13151814282184462,0.013472636103571687,0.13139523365246528,0.013396448724675733
0.1313049709521195,0.01289391899690917,0.13118061828833627,0.012821926473263702
0.1313049709521195,0.01289391899690917,0.13118061828833627,0.012821926473263702
0.1313049709521195,0.01289391899690917,0.13118061828833627,0.012821926473263702
0.13107571791114123,0.012366931336208777,0.1309567993586427,0.012281760753016287
0.13107571791114123,0.012366931336208777,0.1309567993586427,0.012281760753016287
0.13107571791114123,0.012366931336208777,0.1309567993586427,0.012281760753016287
0.13001505873036612,0.011475263719596795,0.1299038501958869,0.011402557492899298
0.13001505873036612,0.011475263719596795,0.1299038501958869,0.011402557492899298
0.13001505873036612,0.011475263719596795,0.1299038501958869,0.011402557492899298
0.1293280321446219,0.011612044930038633,0.12922629697211965,0.011537878661118163
0.1293280321446219,0.011612044930038633,0.12922629697211965,0.011537878661118163
0.1293280321446219,0.011612044930038633,0.12922629697211965,0.011537878661118163
0.12848566661656283,0.012234771604939982,0.12839450688386705,0.01215341195192216
0.12848566661656283,0.012234771604939982,0.12839450688386705,0.01215341195192216
0.12848566661656283,0.012234771604939982,0.12839450688386705,0.01215341195192216
0.127570275891513,0.01208643472828757,0.12747840952752992,0.012006770401873774
0.127570275891513,0.01208643472828757,0.12747840952752992,0.012006770401873774
0.127570275891513,0.01208643472828757,0.12747840952752992,0.012006770401873774
0.12709567828672408,0.012173128132582195,0.1270100177883628,0.012099059590213408
0.12709567828672408,0.012173128132582195,0.1270100177883628,0.012099059590213408
0.12709567828672408,0.012173128132582195,0.1270100177883628,0.012099059590213408
0.12670741623630108,0.012123676967216482,0.1266304484442686,0.012043116069592758
0.12670741623630108,0.012123676967216482,0.1266304484442686,0.012043116069592758
0.12670741623630108,0.012123676967216482,0.1266304484442686,0.012043116069592758
0.1264088931216129,0.011798215542215572,0.12633436706555393,0.011721705655951266
0.1264088931216129,0.011798215542215572,0.12633436706555393,0.011721705655951266
0.1264088931216129,0.011798215542215572,0.12633436706555393,0.011721705655951266
0.1269743785365079,0.011483039475948538,0.12689434165986166,0.011410455076025375
0.1269743785365079,0.011483039475948538,0.12689434165986166,0.011410455076025375
0.1269743785365079,0.011483039475948538,0.12689434165986166,0.011410455076025375
0.12664751339255523,0.011750416231909136,0.1265691706941962,0.011674342013250443
0.12664751339255523,0.011750416231909136,0.1265691706941962,0.011674342013250443
0.12664751339255523,0.011750416231909136,0.1265691706941962,0.011674342013250443
0.12692682066228297,0.011761722373778023,0.12685594855729732,0.011688584054590409
0.12692682066228297,0.011761722373778023,0.12685594855729732,0.011688584054590409
0.12692682066228297,0.011761722373778023,0.12685594855729732,0.011688584054590409
0.1274019237136383,0.012111504544310649,0.12733396177803744,0.012032924913031501
0.1274019237136383,0.012111504544310649,0.12733396177803744,0.012032924913031501
0.1274019237136383,0.012111504544310649,0.12733396177803744,0.012032924913031501
0.12700337517413993,0.011726714862131662,0.12692950451770152,0.011637959826380335
0.12700337517413993,0.011726714862131662,0.12692950451770152,0.011637959826380335
0.12700337517413993,0.011726714862131662,0.12692950451770152,0.011637959826380335
0.12678504996429682,0.011785734750990519,0.12671465752107222,0.011701754112205419
0.12678504996429682,0.011785734750990519,0.12671465752107222,0.011701754112205419
0.12678504996429682,0.011785734750990519,0.12671465752107222,0.011701754112205419
0.12641735416624292,0.011967543391311302,0.1263595220983974,0.011880407001275075
0.12641735416624292,0.011967543391311302,0.1263595220983974,0.011880407001275075
0.12641735416624292,0.011967543391311302,0.1263595220983974,0.011880407001275075
0.12570211116225766,0.012332528205544369,0.12564904602373506,0.012239009920524404
0.12570211116225766,0.012332528205544369,0.12564904602373506,0.012239009920524404
0.12570211116225766,0.012332528205544369,0.12564904602373506,0.012239009920524404
0.12493288305399194,0.012425855484605773,0.12488187558161146,0.012326647835321296
0.12493288305399194,0.012425855484605773,0.12488187558161146,0.012326647835321296
0.12493288305399194,0.012425855484605773,0.12488187558161146,0.012326647835321296
0.1246916677513816,0.012657574758476797,0.12464300890293567,0.01254986971940815
0.1246916677513816,0.012657574758476797,0.12464300890293567,0.01254986971940815
0.1246916677513816,0.012657574758476797,0.12464300890293567,0.01254986971940815
0.12412775627952606,0.012266721085060566,0.12407920777053968,0.012161180324938264
0.12412775627952606,0.012266721085060566,0.12407920777053968,0.012161180324938264
0.12412775627952606,0.012266721085060566,0.12407920777053968,0.012161180324938264
0.12296923598389461,0.011866505388944562,0.1229306670079368,0.011759379806742512
0.12296923598389461,0.011866505388944562,0.1229306670079368,0.011759379806742512
0.12296923598389461,0.011866505388944562,0.1229306670079368,0.011759379806742512
0.12286457087785108,0.011094996722682557,0.12282511772982826,0.010992972360473688
0.12286457087785108,0.011094996722682557,0.12282511772982826,0.010992972360473688
0.12286457087785108,0.011094996722682557,0.12282511772982826,0.010992972360473688
0.12294853824967067,0.011838435154495314,0.12290744671856682,0.011721539695612187
0.12294853824967067,0.011838435154495314,0.12290744671856682,0.011721539695612187
0.12294853824967067,0.011838435154495314,0.12290744671856682,0.011721539695612187
0.12317638218104665,0.011079802830869416,0.12313387557482776,0.010968269819003978
0.12317638218104665,0.011079802830869416,0.12313387557482776,0.010968269819003978
0.12317638218104665,0.011079802830869416,0.12313387557482776,0.010968269819003978
0.1229480042047787,0.010920089942688099,0.12290383516865629,0.010810456959966712
0.1229480042047787,0.010920089942688099,0.12290383516865629,0.010810456959966712
0.1229480042047787,0.010920089942688099,0.12290383516865629,0.010810456959966712
0.12280798366810564,0.011290987004594022,0.122764036422685,0.01118631964482731
0.12280798366810564,0.011290987004594022,0.122764036422685,0.01118631964482731
0.12280798366810564,0.011290987004594022,0.122764036422685,0.01118631964482731
0.12284507603277825,0.011255694234815003,0.12280388946742415,0.011150627472158699
0.12284507603277825,0.011255694234815003,0.12280388946742415,0.011150627472158699
0.12284507603277825,0.011255694234815003,0.12280388946742415,0.011150627472158699
0.12270425284771828,0.011816070238241586,0.1226679694567622,0.011712136626633196
0.12270425284771828,0.011816070238241586,0.1226679694567622,0.011712136626633196
0.12270425284771828,0.011816070238241586,0.1226679694567622,0.011712136626633196
0.122299252332017,0.0118642592857463,0.12225877655639814,0.01175740727249169
0.122299252332017,0.0118642592857463,0.12225877655639814,0.01175740727249169
0.122299252332017,0.0118642592857463,0.12225877655639814,0.01175740727249169
0.12243007938382788,0.011787447128603305,0.12238892987206848,0.011689915885945526
0.12243007938382788,0.011787447128603305,0.12238892987206848,0.011689915885945526
0.12243007938382788,0.011787447128603305,0.12238892987206848,0.011689915885945526
0.12202037806154675,0.012242227086321215,0.12198098859810873,0.012138093204984386
0.12202037806154675,0.012242227086321215,0.12198098859810873,0.012138093204984386
0.12202037806154675,0.012242227086321215,0.12198098859810873,0.012138093204984386
0.12192767347362013,0.01227542784935525,0.12188563871044471,0.012176081289506637
0.12192767347362013,0.01227542784935525,0.12188563871044471,0.012176081289506637
0.12192767347362013,0.01227542784935525,0.12188563871044471,0.012176081289506637
0.12168768433785389,0.012528198104958964,0.12164963770504533,0.012423322733593664
0.12168768433785389,0.012528198104958964,0.12164963770504533,0.012423322733593664
0.12168768433785389,0.012528198104958964,0.12164963770504533,0.012423322733593664
0.12118463729374233,0.012393599530825682,0.12114965941431946,0.012284203522664535
0.12118463729374233,0.012393599530825682,0.12114965941431946,0.012284203522664535
0.12118463729374233,0.012393599530825682,0.12114965941431946,0.012284203522664535
0.12103565230304034,0.012140202677040074,0.12100067837927367,0.012032258952530062
0.12103565230304034,0.012140202677040074,0.12100067837927367,0.012032258952530062
0.12103565230304034,0.012140202677040074,0.12100067837927367,0.012032258952530062
0.1209144655456987,0.01230666899084831,0.12087849771464623,0.012196925439256085
0.1209144655456987,0.01230666899084831,0.12087849771464623,0.012196925439256085
0.1209144655456987,0.01230666899084831,0.12087849771464623,0.012196925439256085
0.12030751801860365,0.012383990042032353,0.12027799936832659,0.01227389154626697
0.12030751801860365,0.012383990042032353,0.12027799936832659,0.01227389154626697
0.12030751801860365,0.012383990042032353,0.12027799936832659,0.01227389154626697
0.12038193729104518,0.012907032225498218,0.12035038751560176,0.01279044800689774
0.12038193729104518,0.012907032225498218,0.12035038751560176,0.01279044800689774
0.12038193729104518,0.012907032225498218,0.12035038751560176,0.01279044800689774
0.12006883588217794,0.012217269986039466,0.12003966527850721,0.012104138917841284
0.12006883588217794,0.012217269986039466,0.12003966527850721,0.012104138917841284
0.12006883588217794,0.012217269986039466,0.12003966527850721,0.012104138917841284
0.11972144156056971,0.011749820716975246,0.11969970059595288,0.011637829672666572
0.11972144156056971,0.011749820716975246,0.11969970059595288,0.011637829672666572
0.11972144156056971,0.011749820716975246,0.11969970059595288,0.011637829672666572
0.11964005275880285,0.011346521545447474,0.1196194648029826,0.011242079891987963
0.11964005275880285,0.011346521545447474,0.1196194648029826,0.011242079891987963
0.11964005275880285,0.011346521545447474,0.1196194648029826,0.011242079891987963
0.11937589109522831,0.010875075852323524,0.11936044638569768,0.010775619422440043
0.11937589109522831,0.010875075852323524,0.11936044638569768,0.010775619422440043
0.11937589109522831,0.010875075852323524,0.11936044638569768,0.010775619422440043
0.11932716651899952,0.010917412487872489,0.11931209179804811,0.010810717322817683
0.11932716651899952,0.010917412487872489,0.11931209179804811,0.010810717322817683
0.11932716651899952,0.010917412487872489,0.11931209179804811,0.010810717322817683
0.11880645878887344,0.010589764426524796,0.11879690736225042,0.010487089673559498
0.11880645878887344,0.010589764426524796,0.11879690736225042,0.010487089673559498
0.11880645878887344,0.010589764426524796,0.11879690736225042,0.010487089673559498
0.11877834731073444,0.010230611716229672,0.11876169374779655,0.010130539693117384
0.11877834731073444,0.010230611716229672,0.11876169374779655,0.010130539693117384
0.11877834731073444,0.010230611716229672,0.11876169374779655,0.010130539693117384
0.11907728323488309,0.010433796179547102,0.11905951128131456,0.010336160761088165
0.11907728323488309,0.010433796179547102,0.11905951128131456,0.010336160761088165
0.11907728323488309,0.010433796179547102,0.11905951128131456,0.010336160761088165
0.11929500928479095,0.0105408805210294,0.11926906881120206,0.010436319932222172
0.11929500928479095,0.0105408805210294,0.11926906881120206,0.010436319932222172
0.11929500928479095,0.0105408805210294,0.11926906881120206,0.010436319932222172
0.11901830518075222,0.010451424802234072,0.11898824751830125,0.010347437311969337
0.11901830518075222,0.010451424802234072,0.11898824751830125,0.010347437311969337
0.11901830518075222,0.010451424802234072,0.11898824751830125,0.010347437311969337
0.11895613552376996,0.010415693795041146,0.11892772265469809,0.010307276163959376
0.11895613552376996,0.010415693795041146,0.11892772265469809,0.010307276163959376
0.11895613552376996,0.010415693795041146,0.11892772265469809,0.010307276163959376
0.11878106652616575,0.010190060386377663,0.11875565578541032,0.010086721105513646
0.11878106652616575,0.010190060386377663,0.11875565578541032,0.010086721105513646
0.11878106652616575,0.010190060386377663,0.11875565578541032,0.010086721105513646
0.1187456979477309,0.010245360229096672,0.11872033185101072,0.010138729622506934
0.1187456979477309,0.010245360229096672,0.11872033185101072,0.010138729622506934
0.1187456979477309,0.010245360229096672,0.11872033185101072,0.010138729622506934
0.11871290215831201,0.010207095770877212,0.11868382619551773,0.01010169655686345
0.11871290215831201,0.010207095770877212,0.11868382619551773,0.01010169655686345
0.11871290215831201,0.010207095770877212,0.11868382619551773,0.01010169655686345
0.11831552023669614,0.010337059009559394,0.1182937086853082,0.010237417928223457
0.11831552023669614,0.010337059009559394,0.1182937086853082,0.010237417928223457
0.11831552023669614,0.010337059009559394,0.1182937086853082,0.010237417928223457
0.11841601753081896,0.010576903505530259,0.11838691436716901,0.010472768806213893
0.11841601753081896,0.010576903505530259,0.11838691436716901,0.010472768806213893
0.11841601753081896,0.010576903505530259,0.11838691436716901,0.010472768806213893
0.11802050653610399,0.010361857163751367,0.11799352309965179,0.01025855374329452
0.11802050653610399,0.010361857163751367,0.11799352309965179,0.01025855374329452
0.11802050653610399,0.010361857163751367,0.11799352309965179,0.01025855374329452
0.11750180216287291,0.01042808425262486,0.11747559523452045,0.010320927122810575
0.11750180216287291,0.01042808425262486,0.11747559523452045,0.010320927122810575
0.11750180216287291,0.01042808425262486,0.11747559523452045,0.010320927122810575
0.11743967174464495,0.010461520515428622,0.11741324238138395,0.0103571845872769
0.11743967174464495,0.010461520515428622,0.11741324238138395,0.0103571845872769
0.11743967174464495,0.010461520515428622,0.11741324238138395,0.0103571845872769
0.11757715263470665,0.010119218036421069,0.11755357146904744,0.010019279261595885
0.11757715263470665,0.010119218036421069,0.11755357146904744,0.010019279261595885
0.11757715263470665,0.010119218036421069,0.11755357146904744,0.010019279261595885
0.11763007549239982,0.01010349468441741,0.11760817673718682,0.010004861005073109
0.11763007549239982,0.01010349468441741,0.11760817673718682,0.010004861005073109
0.11763007549239982,0.01010349468441741,0.11760817673718682,0.010004861005073109
0.11780902473777319,0.010383288988544476,0.11778731039921728,0.010283366958668763
0.11780902473777319,0.010383288988544476,0.11778731039921728,0.010283366958668763
0.11780902473777319,0.010383288988544476,0.11778731039921728,0.010283366958668763
0.11767514767900109,0.01058259242034804,0.11765814085562036,0.010481191889879147
0.11767514767900109,0.01058259242034804,0.11765814085562036,0.010481191889879147
0.11767514767900109,0.01058259242034804,0.11765814085562036,0.010481191889879147
0.11772100926024158,0.010398337668421815,0.11770563293635646,0.010299903013470106
0.11772100926024158,0.010398337668421815,0.11770563293635646,0.010299903013470106
0.11772100926024158,0.010398337668421815,0.11770563293635646,0.010299903013470106
0.11771518935737271,0.009794617901994325,0.11770037716340051,0.00970166603232554
0.11771518935737271,0.009794617901994325,0.11770037716340051,0.00970166603232554
0.11771518935737271,0.009794617901994325,0.11770037716340051,0.00970166603232554
0.11764219666727933,0.009719366683403426,0.11762361362161103,0.009629205304387444
0.11764219666727933,0.009719366683403426,0.11762361362161103,0.009629205304387444
0.11764219666727933,0.009719366683403426,0.11762361362161103,0.009629205304387444
0.117468572567288,0.009571371943680258,0.11745161122021404,0.009482220741896277
0.117468572567288,0.009571371943680258,0.11745161122021404,0.009482220741896277
0.117468572567288,0.009571371943680258,0.11745161122021404,0.009482220741896277
0.11728002585294935,0.0097316193265925,0.11726380820356794,0.009640923017894447
0.11728002585294935,0.0097316193265925,0.11726380820356794,0.009640923017894447
0.11728002585294935,0.0097316193265925,0.11726380820356794,0.009640923017894447
0.11722512284077065,0.010054170980351888,0.11721027747968515,0.009956046337797843
0.11722512284077065,0.010054170980351888,0.11721027747968515,0.009956046337797843
0.11722512284077065,0.010054170980351888,0.11721027747968515,0.009956046337797843
0.1174076521209454,0.010238850544755583,0.11738828470327214,0.010136810815257006
0.1174076521209454,0.010238850544755583,0.11738828470327214,0.010136810815257006
0.1174076521209454,0.010238850544755583,0.11738828470327214,0.010136810815257006
0.11738139085865984,0.010326256031368396,0.11736195039225714,0.010224388589842823
0.11738139085865984,0.010326256031368396,0.11736195039225714,0.010224388589842823
0.11738139085865984,0.010326256031368396,0.11736195039225714,0.010224388589842823
0.11767503469144662,0.010869866313544746,0.11765126226288299,0.010763976081886733
0.11767503469144662,0.010869866313544746,0.11765126226288299,0.010763976081886733
0.11767503469144662,0.010869866313544746,0.11765126226288299,0.010763976081886733
0.11769024356731303,0.010878347769262022,0.11766191776741544,0.010772530132644046
0.11769024356731303,0.010878347769262022,0.11766191776741544,0.010772530132644046
0.11769024356731303,0.010878347769262022,0.11766191776741544,0.010772530132644046
0.11794445361600898,0.010812853602473173,0.11791427251278408,0.010711849502170565
0.11794445361600898,0.010812853602473173,0.11791427251278408,0.010711849502170565
0.11794445361600898,0.010812853602473173,0.11791427251278408,0.010711849502170565
0.1175444161731795,0.010454614108711487,0.11751585135663334,0.010359387216995652
0.1175444161731795,0.010454614108711487,0.11751585135663334,0.010359387216995652
0.1175444161731795,0.010454614108711487,0.11751585135663334,0.010359387216995652
0.11737542421304278,0.010737053645038021,0.11735122573443106,0.01063589917958946
0.11737542421304278,0.010737053645038021,0.11735122573443106,0.01063589917958946
0.11737542421304278,0.010737053645038021,0.11735122573443106,0.01063589917958946
0.11709216766318462,0.010575660943227816,0.11706782212186703,0.010478376131327802
0.11709216766318462,0.010575660943227816,0.11706782212186703,0.010478376131327802
0.11709216766318462,0.010575660943227816,0.11706782212186703,0.010478376131327802
0.11653024058524417,0.010386675670341851,0.11651060724120235,0.010292021032913138
0.11653024058524417,0.010386675670341851,0.11651060724120235,0.010292021032913138
0.11653024058524417,0.010386675670341851,0.11651060724120235,0.010292021032913138
0.11653599643495278,0.01032715279348226,0.1165175215205871,0.010230082221957945
0.11653599643495278,0.01032715279348226,0.1165175215205871,0.010230082221957945
0.11653599643495278,0.01032715279348226,0.1165175215205871,0.010230082221957945
0.11657759760935053,0.010339063781380923,0.11656215289558243,0.010246581801696847
0.11657759760935053,0.010339063781380923,0.11656215289558243,0.010246581801696847
0.11657759760935053,0.010339063781380923,0.11656215289558243,0.010246581801696847
0.11654062431560672,0.010286773445931771,0.11652658725948777,0.010197287731441407
0.11654062431560672,0.010286773445931771,0.11652658725948777,0.010197287731441407
0.11654062431560672,0.010286773445931771,0.11652658725948777,0.010197287731441407
0.11664689650453539,0.01033905665850604,0.1166313866179463,0.010253312206930215
0.11664689650453539,0.01033905665850604,0.1166313866179463,0.010253312206930215
0.11664689650453539,0.01033905665850604,0.1166313866179463,0.010253312206930215
0.11615472230426391,0.010288845749119969,0.11614357983818571,0.010202748126470524
0.11615472230426391,0.010288845749119969,0.11614357983818571,0.010202748126470524
0.11615472230426391,0.010288845749119969,0.11614357983818571,0.010202748126470524
0.11591507411681574,0.01013330755838868,0.11590440011242062,0.010050061407172411
0.11591507411681574,0.01013330755838868,0.11590440011242062,0.010050061407172411
0.11591507411681574,0.01013330755838868,0.11590440011242062,0.010050061407172411
0.11559468283030679,0.009858461628327111,0.11558778215324254,0.009774653731087596
0.11559468283030679,0.009858461628327111,0.11558778215324254,0.009774653731087596
0.11559468283030679,0.009858461628327111,0.11558778215324254,0.009774653731087596
0.11533711114443031,0.00960061866157857,0.11533295515306459,0.009518607511452887
0.11533711114443031,0.00960061866157857,0.11533295515306459,0.009518607511452887
0.11533711114443031,0.00960061866157857,0.11533295515306459,0.009518607511452887
0.11532971656325375,0.00965607519390948,0.11532352600795936,0.009572530191071946
0.11532971656325375,0.00965607519390948,0.11532352600795936,0.009572530191071946
0.11532971656325375,0.00965607519390948,0.11532352600795936,0.009572530191071946
0.11511894168825258,0.00979566808558385,0.11511304077872848,0.00970500639005701
0.11511894168825258,0.00979566808558385,0.11511304077872848,0.00970500639005701
0.11511894168825258,0.00979566808558385,0.11511304077872848,0.00970500639005701
0.1146847700231671,0.00949415305056569,0.1146820412816046,0.00940186260116951
0.1146847700231671,0.00949415305056569,0.1146820412816046,0.00940186260116951
0.1146847700231671,0.00949415305056569,0.1146820412816046,0.00940186260116951
0.11469140526897001,0.009749958246361611,0.11468756688655743,0.0096526035933571
0.11469140526897001,0.009749958246361611,0.11468756688655743,0.0096526035933571
0.11469140526897001,0.009749958246361611,0.11468756688655743,0.0096526035933571
0.11484942620207317,0.010071666441094442,0.11484193638216403,0.009965964198341035
0.11484942620207317,0.010071666441094442,0.11484193638216403,0.009965964198341035
0.11484942620207317,0.010071666441094442,0.11484193638216403,0.009965964198341035
0.11456948280287897,0.009788585337526615,0.11456288925022877,0.00968619540471355
0.11456948280287897,0.009788585337526615,0.11456288925022877,0.00968619540471355
0.11456948280287897,0.009788585337526615,0.11456288925022877,0.00968619540471355
0.11450738508353606,0.010170052721584397,0.11449972154134092,0.010063020580295142
0.11450738508353606,0.010170052721584397,0.11449972154134092,0.010063020580295142
0.11450738508353606,0.010170052721584397,0.11449972154134092,0.010063020580295142
0.11435544175918178,0.010360613042587773,0.11434960020785315,0.010249425473760879
0.11435544175918178,0.010360613042587773,0.11434960020785315,0.010249425473760879
0.11435544175918178,0.010360613042587773,0.11434960020785315,0.010249425473760879
0.11423689248906163,0.01016453949483513,0.11423111908447334,0.010054489986067554
0.11423689248906163,0.01016453949483513,0.11423111908447334,0.010054489986067554
0.11423689248906163,0.01016453949483513,0.11423111908447334,0.010054489986067554
0.11430607988440367,0.010327703094303552,0.11429979125437928,0.010218031178557867
0.11430607988440367,0.010327703094303552,0.11429979125437928,0.010218031178557867
0.11430607988440367,0.010327703094303552,0.11429979125437928,0.010218031178557867
0.11401014933837364,0.01043286999615078,0.11400473603451027,0.010327119955340629
0.11401014933837364,0.01043286999615078,0.11400473603451027,0.010327119955340629
0.11401014933837364,0.01043286999615078,0.11400473603451027,0.010327119955340629
0.11382381715505652,0.01055024184281047,0.11382353902363333,0.010448262497349864
0.11382381715505652,0.01055024184281047,0.11382353902363333,0.010448262497349864
0.11382381715505652,0.01055024184281047,0.11382353902363333,0.010448262497349864
0.11402665727169943,0.010276108293773442,0.11402310817987944,0.010175610301000244
0.11402665727169943,0.010276108293773442,0.11402310817987944,0.010175610301000244
0.11402665727169943,0.010276108293773442,0.11402310817987944,0.010175610301000244
0.11396878501661448,0.010552428696231766,0.11396742543983027,0.010450938156974468
0.11396878501661448,0.010552428696231766,0.11396742543983027,0.010450938156974468
0.11396878501661448,0.010552428696231766,0.11396742543983027,0.010450938156974468
0.11397064543257693,0.010512213585107545,0.1139694058876427,0.010412729187497393
0.11397064543257693,0.010512213585107545,0.1139694058876427,0.010412729187497393
0.11397064543257693,0.010512213585107545,0.1139694058876427,0.010412729187497393
0.1139251404358316,0.010506858480455076,0.1139235382799891,0.010402965529508432
0.1139251404358316,0.010506858480455076,0.1139235382799891,0.010402965529508432
0.1139251404358316,0.010506858480455076,0.1139235382799891,0.010402965529508432
0.11404638921609145,0.010612860354939874,0.11404445530675182,0.010511321625502014
0.11404638921609145,0.010612860354939874,0.11404445530675182,0.010511321625502014
0.11404638921609145,0.010612860354939874,0.11404445530675182,0.010511321625502014
0.11409680703778494,0.010662752468508648,0.11409662310714588,0.01056298712356309
0.11409680703778494,0.010662752468508648,0.11409662310714588,0.01056298712356309
0.11409680703778494,0.010662752468508648,0.11409662310714588,0.01056298712356309
0.11389935991685625,0.010501356205589044,0.11389835998058866,0.01040212568173687
0.11389935991685625,0.010501356205589044,0.11389835998058866,0.01040212568173687
0.11389935991685625,0.010501356205589044,0.11389835998058866,0.01040212568173687
0.11372282032520789,0.010293086545369675,0.11372349574955558,0.010196948253543715
0.11372282032520789,0.010293086545369675,0.11372349574955558,0.010196948253543715
0.11372282032520789,0.010293086545369675,0.11372349574955558,0.010196948253543715
0.1136690921066393,0.010471709222940554,0.1136707527649092,0.010371492599902084
0.1136690921066393,0.010471709222940554,0.1136707527649092,0.010371492599902084
0.1136690921066393,0.010471709222940554,0.1136707527649092,0.010371492599902084
0.11357354628892324,0.010172590240950127,0.11357355650034155,0.010071516731164465
0.11357354628892324,0.010172590240950127,0.11357355650034155,0.010071516731164465
0.11357354628892324,0.010172590240950127,0.11357355650034155,0.010071516731164465
0.11333984631466346,0.010125362847736645,0.11334086513214645,0.010027024823179414
0.11333984631466346,0.010125362847736645,0.11334086513214645,0.010027024823179414
0.11333984631466346,0.010125362847736645,0.11334086513214645,0.010027024823179414
0.11346546765633092,0.01005148462165062,0.11346539631628116,0.009954319984813432
0.11346546765633092,0.01005148462165062,0.11346539631628116,0.009954319984813432
0.11346546765633092,0.01005148462165062,0.11346539631628116,0.009954319984813432
0.11312919279909897,0.009915304161190483,0.11313369678804294,0.00981671157198866
0.11312919279909897,0.009915304161190483,0.11313369678804294,0.00981671157198866
0.11312919279909897,0.009915304161190483,0.11313369678804294,0.00981671157198866
0.11327622669820536,0.009958483694083994,0.11328285363690152,0.009857972573507238
0.11327622669820536,0.009958483694083994,0.11328285363690152,0.009857972573507238
0.11327622669820536,0.009958483694083994,0.11328285363690152,0.009857972573507238
0.11351817469549012,0.010257768079030486,0.11352259460245992,0.010150809137014124
0.11351817469549012,0.010257768079030486,0.11352259460245992,0.010150809137014124
0.11351817469549012,0.010257768079030486,0.11352259460245992,0.010150809137014124
0.1134077910110991,0.010176297969034775,0.11341226041213728,0.010069449705985912
0.1134077910110991,0.010176297969034775,0.11341226041213728,0.010069449705985912
0.1134077910110991,0.010176297969034775,0.11341226041213728,0.010069449705985912
0.11343950286196827,0.01012681367251048,0.1134437997013881,0.010023747176614755
0.11343950286196827,0.01012681367251048,0.1134437997013881,0.010023747176614755
0.11343950286196827,0.01012681367251048,0.1134437997013881,0.010023747176614755
0.11330414186810908,0.010398459278262289,0.11331191596892427,0.01029363939605977
0.11330414186810908,0.010398459278262289,0.11331191596892427,0.01029363939605977
0.11330414186810908,0.010398459278262289,0.11331191596892427,0.01029363939605977
0.11313168351442907,0.01021991236319114,0.113142381683217,0.01011753924306386
0.11313168351442907,0.01021991236319114,0.113142381683217,0.01011753924306386
0.11313168351442907,0.01021991236319114,0.113142381683217,0.01011753924306386
0.11319788000346338,0.010101312192592037,0.11320645311345526,0.010002379956758704
0.11319788000346338,0.010101312192592037,0.11320645311345526,0.010002379956758704
0.11319788000346338,0.010101312192592037,0.11320645311345526,0.010002379956758704
0.11290899651242219,0.01021606542434549,0.11292515421884955,0.010118723886997178
0.11290899651242219,0.01021606542434549,0.11292515421884955,0.010118723886997178
0.11290899651242219,0.01021606542434549,0.11292515421884955,0.010118723886997178
0.11270945864386879,0.009941484875207055,0.11272989551139592,0.00984512950295873
0.11270945864386879,0.009941484875207055,0.11272989551139592,0.00984512950295873
0.11270945864386879,0.009941484875207055,0.11272989551139592,0.00984512950295873
0.11281174435938701,0.010141054590725796,0.11283359968492093,0.010041647362187937
0.11281174435938701,0.010141054590725796,0.11283359968492093,0.010041647362187937
0.11281174435938701,0.010141054590725796,0.11283359968492093,0.010041647362187937
0.11292632708050802,0.010010041428366626,0.11294692582735884,0.009914104950492938
0.11292632708050802,0.010010041428366626,0.11294692582735884,0.009914104950492938
0.11292632708050802,0.010010041428366626,0.11294692582735884,0.009914104950492938
0.11246665642606668,0.010013033574663755,0.11248810750461942,0.00991759125374197
0.11246665642606668,0.010013033574663755,0.11248810750461942,0.00991759125374197
0.11246665642606668,0.010013033574663755,0.11248810750461942,0.00991759125374197
0.11202258088290869,0.00988500874875812,0.11204429015102606,0.009791116566149805
0.11202258088290869,0.00988500874875812,0.11204429015102606,0.009791116566149805
0.11202258088290869,0.00988500874875812,0.11204429015102606,0.009791116566149805
0.11199498160010243,0.010178402172640929,0.11201463171980544,0.010080118903021417
0.11199498160010243,0.010178402172640929,0.11201463171980544,0.010080118903021417
0.11199498160010243,0.010178402172640929,0.11201463171980544,0.010080118903021417
0.11202987326519967,0.010305848751104426,0.11204860271799755,0.010205087165177304
0.11202987326519967,0.010305848751104426,0.11204860271799755,0.010205087165177304
0.11202987326519967,0.010305848751104426,0.11204860271799755,0.010205087165177304
0.11234936570908922,0.010186754270733322,0.11236656077508586,0.010088060401930395
0.11234936570908922,0.010186754270733322,0.11236656077508586,0.010088060401930395
0.11234936570908922,0.010186754270733322,0.11236656077508586,0.010088060401930395
0.11215745553301823,0.009979047800963946,0.11217552243387334,0.009884850023094504
0.11215745553301823,0.009979047800963946,0.11217552243387334,0.009884850023094504
0.11215745553301823,0.009979047800963946,0.11217552243387334,0.009884850023094504
0.1119440586292468,0.010047638969369029,0.11196490497295694,0.009954184053171377
0.1119440586292468,0.010047638969369029,0.11196490497295694,0.009954184053171377
0.1119440586292468,0.010047638969369029,0.11196490497295694,0.009954184053171377
0.11191290046316052,0.00998610452497916,0.11193042697404468,0.009892953137472632
0.11191290046316052,0.00998610452497916,0.11193042697404468,0.009892953137472632
0.11191290046316052,0.00998610452497916,0.11193042697404468,0.009892953137472632
0.111670193067572,0.009708111602738743,0.11169319001455587,0.009618888413350133
0.111670193067572,0.009708111602738743,0.11169319001455587,0.009618888413350133
0.111670193067572,0.009708111602738743,0.11169319001455587,0.009618888413350133
0.11174833538772881,0.009776710238342423,0.11177152277154767,0.009686031772320074
0.11174833538772881,0.009776710238342423,0.11177152277154767,0.009686031772320074
0.11174833538772881,0.009776710238342423,0.11177152277154767,0.009686031772320074
0.11184231889169508,0.009911752526697194,0.1118627520040731,0.00982349829113964
0.11184231889169508,0.009911752526697194,0.1118627520040731,0.00982349829113964
0.11184231889169508,0.009911752526697194,0.1118627520040731,0.00982349829113964
0.11226843664293,0.00998692936507574,0.11228562456870628,0.009895978236998523
0.11226843664293,0.00998692936507574,0.11228562456870628,0.009895978236998523
0.11226843664293,0.00998692936507574,0.11228562456870628,0.009895978236998523
0.11236180868280761,0.00991377686436215,0.1123761632711705,0.00982685432586043
0.11236180868280761,0.00991377686436215,0.1123761632711705,0.00982685432586043
0.11236180868280761,0.00991377686436215,0.1123761632711705,0.00982685432586043
0.11226082760306796,0.010040252384277462,0.1122754787527227,0.009954955820374282
0.11226082760306796,0.010040252384277462,0.1122754787527227,0.009954955820374282
0.11226082760306796,0.010040252384277462,0.1122754787527227,0.009954955820374282
0.11183390415745138,0.009955997407202268,0.11185352256065481,0.009873098784425811
0.11183390415745138,0.009955997407202268,0.11185352256065481,0.009873098784425811
0.11183390415745138,0.009955997407202268,0.11185352256065481,0.009873098784425811
0.11218123232082715,0.009906120145710785,0.11219546491002934,0.009822022173316727
0.11218123232082715,0.009906120145710785,0.11219546491002934,0.009822022173316727
0.11218123232082715,0.009906120145710785,0.11219546491002934,0.009822022173316727
0.11199566598473851,0.009951391575988575,0.11201078153941228,0.00986668376098622
0.11199566598473851,0.009951391575988575,0.11201078153941228,0.00986668376098622
0.11199566598473851,0.009951391575988575,0.11201078153941228,0.00986668376098622
0.11193809216354803,0.009992013543156259,0.111952731253807,0.009907675991262757
0.11193809216354803,0.009992013543156259,0.111952731253807,0.009907675991262757
0.11193809216354803,0.009992013543156259,0.111952731253807,0.009907675991262757
0.11185719234576644,0.009831254472380046,0.11187378729808695,0.009748888133762018
0.11185719234576644,0.009831254472380046,0.11187378729808695,0.009748888133762018
0.11185719234576644,0.009831254472380046,0.11187378729808695,0.009748888133762018
0.11198403145584193,0.009752821292209954,0.11200130204206889,0.00967107443856343
0.11198403145584193,0.009752821292209954,0.11200130204206889,0.00967107443856343
0.11198403145584193,0.009752821292209954,0.11200130204206889,0.00967107443856343
0.11192123638469495,0.009889458973133487,0.11193979627372594,0.009811646113993386
0.11192123638469495,0.009889458973133487,0.11193979627372594,0.009811646113993386
0.11192123638469495,0.009889458973133487,0.11193979627372594,0.009811646113993386
0.1120831724179961,0.009826905032457053,0.11209870419923888,0.009749860565414995
0.1120831724179961,0.009826905032457053,0.11209870419923888,0.009749860565414995
