0.1328744228579168,0.0,0.13378314680023023,2.7755575615628914e-17
0.09500919240745782,0.026638916722360274,0.09555525731351142,0.02689624765515762
0.09500919240745782,0.026638916722360274,0.09555525731351142,0.02689624765515762
0.09500919240745782,0.026638916722360274,0.09555525731351142,0.02689624765515762
0.09500919240745782,0.026638916722360274,0.09555525731351142,0.02689624765515762
0.09500919240745782,0.026638916722360274,0.09555525731351142,0.02689624765515762
0.09500919240745782,0.026638916722360274,0.09555525731351142,0.02689624765515762
0.09500919240745782,0.026638916722360274,0.09555525731351142,0.02689624765515762
0.09500919240745782,0.026638916722360274,0.09555525731351142,0.02689624765515762
0.09500919240745782,0.026638916722360274,0.09555525731351142,0.02689624765515762
0.09500919240745782,0.026638916722360274,0.09555525731351142,0.02689624765515762
0.08519303133858609,0.023268494138342144,0.08563856227459792,0.023523614720955488
0.08519303133858609,0.023268494138342144,0.08563856227459792,0.023523614720955488
0.08519303133858609,0.023268494138342144,0.08563856227459792,0.023523614720955488
0.08519303133858609,0.023268494138342144,0.08563856227459792,0.023523614720955488
0.08519303133858609,0.023268494138342144,0.08563856227459792,0.023523614720955488
0.08519303133858609,0.023268494138342144,0.08563856227459792,0.023523614720955488
0.08519303133858609,0.023268494138342144,0.08563856227459792,0.023523614720955488
0.08519303133858609,0.023268494138342144,0.08563856227459792,0.023523614720955488
0.08519303133858609,0.023268494138342144,0.08563856227459792,0.023523614720955488
0.08519303133858609,0.023268494138342144,0.08563856227459792,0.023523614720955488
0.08214267726194233,0.01866604742199502,0.0825545347745838,0.0188921777812761
0.08214267726194233,0.01866604742199502,0.0825545347745838,0.0188921777812761
0.08214267726194233,0.01866604742199502,0.0825545347745838,0.0188921777812761
0.08214267726194233,0.01866604742199502,0.0825545347745838,0.0188921777812761
0.08214267726194233,0.01866604742199502,0.0825545347745838,0.0188921777812761
0.08214267726194233,0.01866604742199502,0.0825545347745838,0.0188921777812761
0.08214267726194233,0.01866604742199502,0.0825545347745838,0.0188921777812761
0.08214267726194233,0.01866604742199502,0.0825545347745838,0.0188921777812761
0.08214267726194233,0.01866604742199502,0.0825545347745838,0.0188921777812761
0.08214267726194233,0.01866604742199502,0.0825545347745838,0.0188921777812761
0.07285286240227414,0.016445496456072704,0.07316434276801315,0.016652383114783537
0.07285286240227414,0.016445496456072704,0.07316434276801315,0.016652383114783537
0.07285286240227414,0.016445496456072704,0.07316434276801315,0.016652383114783537
0.07285286240227414,0.016445496456072704,0.07316434276801315,0.016652383114783537
0.07285286240227414,0.016445496456072704,0.07316434276801315,0.016652383114783537
0.07285286240227414,0.016445496456072704,0.07316434276801315,0.016652383114783537
0.07285286240227414,0.016445496456072704,0.07316434276801315,0.016652383114783537
0.07285286240227414,0.016445496456072704,0.07316434276801315,0.016652383114783537
0.07285286240227414,0.016445496456072704,0.07316434276801315,0.016652383114783537
0.07285286240227414,0.016445496456072704,0.07316434276801315,0.016652383114783537
0.07051870581462952,0.015791953264071762,0.07080550769978183,0.015985222083415993
0.07051870581462952,0.015791953264071762,0.07080550769978183,0.015985222083415993
0.07051870581462952,0.015791953264071762,0.07080550769978183,0.015985222083415993
0.07051870581462952,0.015791953264071762,0.07080550769978183,0.015985222083415993
0.07051870581462952,0.015791953264071762,0.07080550769978183,0.015985222083415993
0.07051870581462952,0.015791953264071762,0.07080550769978183,0.015985222083415993
0.07051870581462952,0.015791953264071762,0.07080550769978183,0.015985222083415993
0.07051870581462952,0.015791953264071762,0.07080550769978183,0.015985222083415993
0.07051870581462952,0.015791953264071762,0.07080550769978183,0.015985222083415993
0.07051870581462952,0.015791953264071762,0.07080550769978183,0.015985222083415993
0.0650959974938183,0.006709987615205321,0.06533994432080978,0.006809493554713889
0.0650959974938183,0.006709987615205321,0.06533994432080978,0.006809493554713889
0.0650959974938183,0.006709987615205321,0.06533994432080978,0.006809493554713889
0.0650959974938183,0.006709987615205321,0.06533994432080978,0.006809493554713889
0.0650959974938183,0.006709987615205321,0.06533994432080978,0.006809493554713889
0.0650959974938183,0.006709987615205321,0.06533994432080978,0.006809493554713889
0.0650959974938183,0.006709987615205321,0.06533994432080978,0.006809493554713889
0.0650959974938183,0.006709987615205321,0.06533994432080978,0.006809493554713889
0.0650959974938183,0.006709987615205321,0.06533994432080978,0.006809493554713889
0.0650959974938183,0.006709987615205321,0.06533994432080978,0.006809493554713889
0.06360280946119017,0.006222609060328074,0.06382095825987896,0.006318431755660175
0.06360280946119017,0.006222609060328074,0.06382095825987896,0.006318431755660175
0.06360280946119017,0.006222609060328074,0.06382095825987896,0.006318431755660175
0.06360280946119017,0.006222609060328074,0.06382095825987896,0.006318431755660175
0.06360280946119017,0.006222609060328074,0.06382095825987896,0.006318431755660175
0.06360280946119017,0.006222609060328074,0.06382095825987896,0.006318431755660175
0.06360280946119017,0.006222609060328074,0.06382095825987896,0.006318431755660175
0.06360280946119017,0.006222609060328074,0.06382095825987896,0.006318431755660175
0.06360280946119017,0.006222609060328074,0.06382095825987896,0.006318431755660175
0.06360280946119017,0.006222609060328074,0.06382095825987896,0.006318431755660175
0.06268208495963595,0.004468365026061135,0.06288868250457777,0.004554301042260709
0.06268208495963595,0.004468365026061135,0.06288868250457777,0.004554301042260709
0.06268208495963595,0.004468365026061135,0.06288868250457777,0.004554301042260709
0.06268208495963595,0.004468365026061135,0.06288868250457777,0.004554301042260709
0.06268208495963595,0.004468365026061135,0.06288868250457777,0.004554301042260709
0.06268208495963595,0.004468365026061135,0.06288868250457777,0.004554301042260709
0.06268208495963595,0.004468365026061135,0.06288868250457777,0.004554301042260709
0.06268208495963595,0.004468365026061135,0.06288868250457777,0.004554301042260709
0.06268208495963595,0.004468365026061135,0.06288868250457777,0.004554301042260709
0.06268208495963595,0.004468365026061135,0.06288868250457777,0.004554301042260709
0.06292940625301383,0.006516433924207917,0.06313029492591939,0.006609354542488059
0.06292940625301383,0.006516433924207917,0.06313029492591939,0.006609354542488059
0.06292940625301383,0.006516433924207917,0.06313029492591939,0.006609354542488059
0.06292940625301383,0.006516433924207917,0.06313029492591939,0.006609354542488059
0.06292940625301383,0.006516433924207917,0.06313029492591939,0.006609354542488059
0.06292940625301383,0.006516433924207917,0.06313029492591939,0.006609354542488059
0.06292940625301383,0.006516433924207917,0.06313029492591939,0.006609354542488059
0.06292940625301383,0.006516433924207917,0.06313029492591939,0.006609354542488059
0.06292940625301383,0.006516433924207917,0.06313029492591939,0.006609354542488059
0.06292940625301383,0.006516433924207917,0.06313029492591939,0.006609354542488059
0.06162892221445036,0.0038047351561939285,0.06181370820118469,0.0038840306722045413
0.06162892221445036,0.0038047351561939285,0.06181370820118469,0.0038840306722045413
0.06162892221445036,0.0038047351561939285,0.06181370820118469,0.0038840306722045413
0.06162892221445036,0.0038047351561939285,0.06181370820118469,0.0038840306722045413
0.06162892221445036,0.0038047351561939285,0.06181370820118469,0.0038840306722045413
0.06162892221445036,0.0038047351561939285,0.06181370820118469,0.0038840306722045413
0.06162892221445036,0.0038047351561939285,0.06181370820118469,0.0038840306722045413
0.06162892221445036,0.0038047351561939285,0.06181370820118469,0.0038840306722045413
0.06162892221445036,0.0038047351561939285,0.06181370820118469,0.0038840306722045413
0.06162892221445036,0.0038047351561939285,0.06181370820118469,0.0038840306722045413
