0.16852632666379574,0.0,0.16984423167839144,0.0
0.16852545917414283,2.6024679519501846e-06,0.16984336404836178,2.6028890851655172e-06
0.16852545917414283,2.6024679519501846e-06,0.16984336404836178,2.6028890851655172e-06
0.16821719048043862,0.0006848845332980243,0.16953329613259555,0.0006888862006984847
0.16821719048043862,0.0006848845332980243,0.16953329613259555,0.0006888862006984847
0.16805908285986634,0.0007701665907823732,0.16937427191886104,0.000774669127808212
0.16805908285986634,0.0007701665907823732,0.16937427191886104,0.000774669127808212
0.16772869669644436,0.000847522384509091,0.16904195848857193,0.0008524619817377947
0.16772869669644436,0.000847522384509091,0.16904195848857193,0.0008524619817377947
0.16772505163236437,0.0008499895352779358,0.16903831232182964,0.0008549297649300185
0.16772505163236437,0.0008499895352779358,0.16903831232182964,0.0008549297649300185
0.167575534301714,0.0008563876339398736,0.1688879433167712,0.0008613691638723023
0.167575534301714,0.0008563876339398736,0.1688879433167712,0.0008613691638723023
0.16757127100531483,0.0008603151265141377,0.16888367854275493,0.000865298019141154
0.16757127100531483,0.0008603151265141377,0.16888367854275493,0.000865298019141154
0.16752169862291252,0.0008170496546826344,0.16883381769952116,0.0008217831931727545
0.16752169862291252,0.0008170496546826344,0.16883381769952116,0.0008217831931727545
0.16752091135678748,0.0008165625695641028,0.1688330302949737,0.0008212960491806677
0.16752091135678748,0.0008165625695641028,0.1688330302949737,0.0008212960491806677
0.16746705378551482,0.0008245085841743566,0.16877897523693153,0.000829271973626836
0.16746705378551482,0.0008245085841743566,0.16877897523693153,0.000829271973626836
0.16746330410159221,0.0008240704650567744,0.16877522211605364,0.0008288328216196821
0.16746330410159221,0.0008240704650567744,0.16877522211605364,0.0008288328216196821
0.16746232959757545,0.0008228443791825857,0.16877424731555257,0.0008276063751602302
0.16746232959757545,0.0008228443791825857,0.16877424731555257,0.0008276063751602302
0.1670858224628332,0.0011131488877896105,0.16839553228530452,0.0011196851992289897
0.1670858224628332,0.0011131488877896105,0.16839553228530452,0.0011196851992289897
0.1670846657792075,0.0011121803253517895,0.16839437532965223,0.0011187165798432993
0.1670846657792075,0.0011121803253517895,0.16839437532965223,0.0011187165798432993
0.16703655984882482,0.001111393205081961,0.1683459920454119,0.0011178790935744902
0.16703655984882482,0.001111393205081961,0.1683459920454119,0.0011178790935744902
0.1670361716551514,0.001111754314439705,0.1683456037510712,0.0011182403702814118
0.1670361716551514,0.001111754314439705,0.1683456037510712,0.0011182403702814118
0.1670340784549965,0.001113720441200772,0.1683435098521963,0.0011202074461651727
0.1670340784549965,0.001113720441200772,0.1683435098521963,0.0011202074461651727
0.16682016451487108,0.0012546690734080883,0.16812836304150475,0.001262033872217563
0.16682016451487108,0.0012546690734080883,0.16812836304150475,0.001262033872217563
0.166820164514767,0.00125466907355853,0.16812836304139403,0.001262033872367241
0.166820164514767,0.00125466907355853,0.16812836304139403,0.001262033872367241
0.1664806967517069,0.001745779720852898,0.16778688874570574,0.0017561033446907481
0.1664806967517069,0.001745779720852898,0.16778688874570574,0.0017561033446907481
0.16636518515372925,0.0018416443508888266,0.16767069836069107,0.0018525386610274033
0.16636518515372925,0.0018416443508888266,0.16767069836069107,0.0018525386610274033
0.16620863088765558,0.0018196189364829535,0.16751323475593333,0.0018303834754672026
0.16620863088765558,0.0018196189364829535,0.16751323475593333,0.0018303834754672026
0.16603799317670784,0.0018204548967226863,0.16734159856139716,0.0018312523802892276
0.16603799317670784,0.0018204548967226863,0.16734159856139716,0.0018312523802892276
0.16572380317174235,0.0019067728465301888,0.16702555702107819,0.001918122199602291
0.16572380317174235,0.0019067728465301888,0.16702555702107819,0.001918122199602291
0.16572338652663168,0.0019064709347962985,0.16702514022524467,0.0019178202209713345
0.16572338652663168,0.0019064709347962985,0.16702514022524467,0.0019178202209713345
0.16572167770954957,0.0019077167435733295,0.16702343049322393,0.0019190666505235789
0.16572167770954957,0.0019077167435733295,0.16702343049322393,0.0019190666505235789
0.16560649153549384,0.001800540095013067,0.16690757697283054,0.001811282405182906
0.16560649153549384,0.001800540095013067,0.16690757697283054,0.001811282405182906
0.16559628193643222,0.0018111806894666655,0.1668973192400071,0.001821980778083937
0.16559628193643222,0.0018111806894666655,0.1668973192400071,0.001821980778083937
0.1655636915206687,0.0017937066101201332,0.16686455722075452,0.0018043876000840714
0.1655636915206687,0.0017937066101201332,0.16686455722075452,0.0018043876000840714
0.16547236488024006,0.001819005935726808,0.16677269153404634,0.0018298397488890716
0.16547236488024006,0.001819005935726808,0.16677269153404634,0.0018298397488890716
0.16546398572957427,0.001814385279683703,0.16676426324645388,0.0018251928920017565
0.16546398572957427,0.001814385279683703,0.16676426324645388,0.0018251928920017565
0.16546280258691137,0.001813759960567971,0.16676307958947553,0.0018245674065411083
0.16546280258691137,0.001813759960567971,0.16676307958947553,0.0018245674065411083
0.16539205065150325,0.0018219534436246573,0.16669191521448812,0.001832813712955608
0.16539205065150325,0.0018219534436246573,0.16669191521448812,0.001832813712955608
0.16530142900604333,0.0017972084058752178,0.1666007655882057,0.0018079105823989024
0.16530142900604333,0.0017972084058752178,0.1666007655882057,0.0018079105823989024
0.16519332931202785,0.0018193892151725222,0.16649203189628853,0.001830209045734464
0.16519332931202785,0.0018193892151725222,0.16649203189628853,0.001830209045734464
0.16510273656836225,0.001846175476006247,0.1664009033382137,0.0018571588799417113
0.16510273656836225,0.001846175476006247,0.1664009033382137,0.0018571588799417113
0.1651017913392557,0.001846359577230735,0.16639995699273105,0.0018573427687720236
0.1651017913392557,0.001846359577230735,0.16639995699273105,0.0018573427687720236
0.16502792620370402,0.0018027638212117962,0.16632566338382654,0.0018135009277775813
0.16502792620370402,0.0018027638212117962,0.16632566338382654,0.0018135009277775813
0.16484767962171232,0.0020246499006942617,0.16614434643018217,0.0020367395196624035
0.16484767962171232,0.0020246499006942617,0.16614434643018217,0.0020367395196624035
0.16467542013291586,0.0018963108417464718,0.16597107764720126,0.001907586988501161
0.16467542013291586,0.0018963108417464718,0.16597107764720126,0.001907586988501161
0.16460446859512723,0.0017952840307587775,0.16589971203531922,0.00180598089356939
0.16460446859512723,0.0017952840307587775,0.16589971203531922,0.00180598089356939
0.16460098557011038,0.0017949935756729268,0.16589622687572328,0.001805690962949983
0.16460098557011038,0.0017949935756729268,0.16589622687572328,0.001805690962949983
0.16459972006121065,0.0017936923655323654,0.16589496069676987,0.0018043892095059555
0.16459972006121065,0.0017936923655323654,0.16589496069676987,0.0018043892095059555
0.16459945234830828,0.0017937577788663642,0.16589469285609834,0.0018044546788481928
0.16459945234830828,0.0017937577788663642,0.16589469285609834,0.0018044546788481928
0.16459625147610984,0.0017942932219068486,0.16589148838615836,0.001804990073940648
0.16459625147610984,0.0017942932219068486,0.16589148838615836,0.001804990073940648
0.16456241543080663,0.001823815078635782,0.16585745578570793,0.0018346844986088576
0.16456241543080663,0.001823815078635782,0.16585745578570793,0.0018346844986088576
0.16456137081250125,0.0018246747335001806,0.1658564105996697,0.0018355447346838144
0.16456137081250125,0.0018246747335001806,0.1658564105996697,0.0018355447346838144
0.16456105942002056,0.0018242732733521317,0.16585609905942536,0.001835143134645914
0.16456105942002056,0.0018242732733521317,0.16585609905942536,0.001835143134645914
0.16447235972394186,0.0019473854179570156,0.16576687221995048,0.0019590059371352056
0.16447235972394186,0.0019473854179570156,0.16576687221995048,0.0019590059371352056
0.16437449535139897,0.001985067039864555,0.16566842648693494,0.0019969189994014282
0.16437449535139897,0.001985067039864555,0.16566842648693494,0.0019969189994014282
0.1642618321389408,0.002077368733376404,0.16555509239225988,0.0020897674913842586
0.1642618321389408,0.002077368733376404,0.16555509239225988,0.0020897674913842586
0.16426180841752308,0.002077336393533572,0.16555506865878417,0.0020897351386807692
0.16426180841752308,0.002077336393533572,0.16555506865878417,0.0020897351386807692
0.16417383037519656,0.002137302421991212,0.16546656690971906,0.002150054639321185
0.16417383037519656,0.002137302421991212,0.16546656690971906,0.002150054639321185
0.16417383037515199,0.0021373024219579462,0.1654665669096856,0.0021500546392748923
0.16417383037515199,0.0021373024219579462,0.1654665669096856,0.0021500546392748923
0.16406432862586962,0.0021401724431070394,0.16535643622602011,0.0021528898198880037
0.16406432862586962,0.0021401724431070394,0.16535643622602011,0.0021528898198880037
0.1640417757981508,0.0021179899977367615,0.16533375099700715,0.0021305787334638484
0.1640417757981508,0.0021179899977367615,0.16533375099700715,0.0021305787334638484
0.16404177579814064,0.0021179899977616626,0.1653337509969968,0.0021305787334936297
0.16404177579814064,0.0021179899977616626,0.1653337509969968,0.0021305787334936297
0.1639126710185642,0.002158447836610687,0.1652038797208708,0.002171212798943911
0.1639126710185642,0.002158447836610687,0.1652038797208708,0.002171212798943911
0.163912304370249,0.0021587768836320007,0.16520351272386286,0.0021715421542215394
0.163912304370249,0.0021587768836320007,0.16520351272386286,0.0021715421542215394
0.16386978274328964,0.002099152699618002,0.16516074229045036,0.002111571898813997
0.16386978274328964,0.002099152699618002,0.16516074229045036,0.002111571898813997
0.163868281632022,0.0021012084435888655,0.16515924047929526,0.0021136289843157454
0.163868281632022,0.0021012084435888655,0.16515924047929526,0.0021136289843157454
0.16382561276833318,0.002154304080190472,0.16511631553923917,0.0021670501702605125
0.16382561276833318,0.002154304080190472,0.16511631553923917,0.0021670501702605125
0.16379658512866097,0.002169582986044177,0.1650871199139674,0.00218242688281466
0.16379658512866097,0.002169582986044177,0.1650871199139674,0.00218242688281466
0.16363888823936926,0.0021436373156221507,0.16492848828110204,0.002156339478647225
0.16363888823936926,0.0021436373156221507,0.16492848828110204,0.002156339478647225
0.16352833884329632,0.002241025031485742,0.16481728160333114,0.002254341439948201
0.16352833884329632,0.002241025031485742,0.16481728160333114,0.002254341439948201
0.16345231381444375,0.002159902464436381,0.16474081400959828,0.0021727421197869135
0.16345231381444375,0.002159902464436381,0.16474081400959828,0.0021727421197869135
0.16345226264046042,0.0021598708803393304,0.16474076280565988,0.0021727105208205356
0.16345226264046042,0.0021598708803393304,0.16474076280565988,0.0021727105208205356
0.16345226264038343,0.0021598708803679378,0.16474076280557762,0.0021727105208466774
0.16345226264038343,0.0021598708803679378,0.16474076280557762,0.0021727105208466774
0.16338843939589234,0.0021898426772015566,0.16467656290971586,0.0022028376877997846
0.16338843939589234,0.0021898426772015566,0.16467656290971586,0.0022028376877997846
0.1633086532697104,0.0022413331267964716,0.16459632237751212,0.0022546360533881424
0.1633086532697104,0.0022413331267964716,0.16459632237751212,0.0022546360533881424
0.1633086532695511,0.0022413331266523456,0.1645963223773413,0.0022546360532291997
0.1633086532695511,0.0022413331266523456,0.1645963223773413,0.0022546360532291997
0.1632911821397493,0.0022498627864861553,0.1645787467854099,0.002263218120579584
0.1632911821397493,0.0022498627864861553,0.1645787467854099,0.002263218120579584
0.16324656719553868,0.002293377298841793,0.16453386404104622,0.0023069753066804013
0.16324656719553868,0.002293377298841793,0.16453386404104622,0.0023069753066804013
0.1631577228849932,0.0023681108259132272,0.16444448745124327,0.0023821620759901384
0.1631577228849932,0.0023681108259132272,0.16444448745124327,0.0023821620759901384
0.1630085068197313,0.0024994621067220423,0.1642943747366605,0.0025142671384544694
0.1630085068197313,0.0024994621067220423,0.1642943747366605,0.0025142671384544694
0.16297899403876265,0.002537784386406,0.16426468363755425,0.0025528113221956433
0.16297899403876265,0.002537784386406,0.16426468363755425,0.0025528113221956433
0.16287098091921365,0.0025898802131773717,0.16415602524104325,0.0026052374041393147
0.16287098091921365,0.0025898802131773717,0.16415602524104325,0.0026052374041393147
0.162870546652071,0.002590433019421991,0.16415558987042908,0.0026057914743321587
0.162870546652071,0.002590433019421991,0.16415558987042908,0.0026057914743321587
0.1628025048593043,0.0026834618981206827,0.16408713595762553,0.002699363111213556
0.1628025048593043,0.0026834618981206827,0.16408713595762553,0.002699363111213556
0.16276393923604854,0.002703935969220964,0.1640483422408847,0.0027199608872227545
0.16276393923604854,0.002703935969220964,0.1640483422408847,0.0027199608872227545
0.1627637422730228,0.002704079309825039,0.1640481451052652,0.0027201043639168906
0.1627637422730228,0.002704079309825039,0.1640481451052652,0.0027201043639168906
0.16275599977800523,0.0026971072527834762,0.16404035756545804,0.002713090408729065
0.16275599977800523,0.0026971072527834762,0.16404035756545804,0.002713090408729065
0.1625496873610965,0.0027428418212183925,0.16383281056921326,0.0027591139832502908
0.1625496873610965,0.0027428418212183925,0.16383281056921326,0.0027591139832502908
0.16252564267385222,0.0027270266709183886,0.16380862429776288,0.002743206648217676
0.16252564267385222,0.0027270266709183886,0.16380862429776288,0.002743206648217676
0.1624653160330625,0.0028077314530755002,0.1637479555900508,0.0028243737315222233
0.1624653160330625,0.0028077314530755002,0.1637479555900508,0.0028243737315222233
0.16246469092591628,0.0028080724113906607,0.1637473298791889,0.00282471503170732
0.16246469092591628,0.0028080724113906607,0.1637473298791889,0.00282471503170732
0.16246456695904235,0.002808207031596318,0.16374720583790853,0.002824849759806009
0.16246456695904235,0.002808207031596318,0.16374720583790853,0.002824849759806009
0.16242171975921887,0.0027670839037777476,0.1637041058917764,0.0027834855279374226
0.16242171975921887,0.0027670839037777476,0.1637041058917764,0.0027834855279374226
0.16220491039633364,0.0030254670548143336,0.16348597856066593,0.0030434783812189115
0.16220491039633364,0.0030254670548143336,0.16348597856066593,0.0030434783812189115
0.1622044849900495,0.003026077330058174,0.16348555286488684,0.0030440891705551146
0.1622044849900495,0.003026077330058174,0.16348555286488684,0.0030440891705551146
0.16217813767552963,0.0030142009430937536,0.16345904915238121,0.0030321384725727793
0.16217813767552963,0.0030142009430937536,0.16345904915238121,0.0030321384725727793
0.16214914906616884,0.0029711180863456464,0.1634298907803732,0.0029888041750571683
0.16214914906616884,0.0029711180863456464,0.1634298907803732,0.0029888041750571683
0.16214860693067468,0.0029713247214930498,0.16342934815625196,0.0029890110471642545
0.16214860693067468,0.0029713247214930498,0.16342934815625196,0.0029890110471642545
0.162113816553687,0.0029841530933600495,0.16339434860687516,0.00300191712763304
0.162113816553687,0.0029841530933600495,0.16339434860687516,0.00300191712763304
0.16209365347762733,0.0029561511395632943,0.16337407032449555,0.0029737512703714823
0.16209365347762733,0.0029561511395632943,0.16337407032449555,0.0029737512703714823
0.16209297002387055,0.002956951334158901,0.1633733862853025,0.002974552182800744
0.16209297002387055,0.002956951334158901,0.1633733862853025,0.002974552182800744
0.1620057581291144,0.002991107877618088,0.16328564970152212,0.003008914533176408
0.1620057581291144,0.002991107877618088,0.16328564970152212,0.003008914533176408
0.16200527718434013,0.002991216261604923,0.16328516825674508,0.003009022977054226
0.16200527718434013,0.002991216261604923,0.16328516825674508,0.003009022977054226
0.1618980802100602,0.0030028804692909987,0.1631773282260483,0.00302077680877294
0.1618980802100602,0.0030028804692909987,0.1631773282260483,0.00302077680877294
0.16187415234952734,0.0030262951485818313,0.1631532591297033,0.0030443286595904593
0.16187415234952734,0.0030262951485818313,0.1631532591297033,0.0030443286595904593
0.16187415234958796,0.0030262951485510734,0.16315325912977605,0.0030443286595512814
0.16187415234958796,0.0030262951485510734,0.16315325912977605,0.0030443286595512814
0.16187391157672,0.0030265864449505464,0.16315301772189678,0.0030446206606515058
0.16187391157672,0.0030265864449505464,0.16315301772189678,0.0030446206606515058
0.1618212599209816,0.003054414140824987,0.1631000718323502,0.0030726199170234836
0.1618212599209816,0.003054414140824987,0.1631000718323502,0.0030726199170234836
0.1618205892281498,0.0030537431440102124,0.16309940060259082,0.0030719483869374865
0.1618205892281498,0.0030537431440102124,0.16309940060259082,0.0030719483869374865
0.16181993234807293,0.0030541731651496174,0.16309874303150945,0.0030723788743671813
0.16181993234807293,0.0030541731651496174,0.16309874303150945,0.0030723788743671813
0.16172817816625767,0.00298175394694074,0.16300645049410628,0.002999533314750163
0.16172817816625767,0.00298175394694074,0.16300645049410628,0.002999533314750163
0.16164096038585982,0.003028903486264538,0.16291870615771836,0.0030469606577888564
0.16164096038585982,0.003028903486264538,0.16291870615771836,0.0030469606577888564
0.1616114439591078,0.003009572764638735,0.16288901437395759,0.003027516735062841
0.1616114439591078,0.003009572764638735,0.16288901437395759,0.003027516735062841
0.16155495903891987,0.003074836589307131,0.16283218944588462,0.0030931669306186065
0.16155495903891987,0.003074836589307131,0.16283218944588462,0.0030931669306186065
0.1615545945820464,0.003074277768748778,0.16283182470735802,0.0030926076926856556
0.1615545945820464,0.003074277768748778,0.16283182470735802,0.0030926076926856556
0.16155206234627179,0.003077767417123401,0.16282928543594447,0.003096106466165037
0.16155206234627179,0.003077767417123401,0.16282928543594447,0.003096106466165037
0.16155185139516876,0.0030778608733122133,0.16282907427647003,0.0030962000208992844
0.16155185139516876,0.0030778608733122133,0.16282907427647003,0.0030962000208992844
0.16155148621438237,0.0030782168152285014,0.16282870875077135,0.0030965563285101196
0.16155148621438237,0.0030782168152285014,0.16282870875077135,0.0030965563285101196
0.16151144445227986,0.003026748839502144,0.16278843283704672,0.0030447858403927397
0.16151144445227986,0.003026748839502144,0.16278843283704672,0.0030447858403927397
0.1613613883887516,0.003075173376155307,0.16263747617181384,0.003093516743204454
0.1613613883887516,0.003075173376155307,0.16263747617181384,0.003093516743204454
0.1613168069173514,0.003074056099712824,0.16259263472421195,0.0030923897291495017
0.1613168069173514,0.003074056099712824,0.16259263472421195,0.0030923897291495017
0.1612054053616463,0.003118748510582614,0.16248056165210684,0.003137356940195454
0.1612054053616463,0.003118748510582614,0.16248056165210684,0.003137356940195454
0.16113227484443335,0.0031984526073380692,0.162406993810781,0.003217556326923822
0.16113227484443335,0.0031984526073380692,0.162406993810781,0.003217556326923822
0.16113219353195066,0.003198549999437037,0.1624069122653122,0.0032176539782594413
0.16113219353195066,0.003198549999437037,0.1624069122653122,0.0032176539782594413
0.16113203716452867,0.0031984415796883045,0.16240675577914093,0.0032175454809799187
0.16113203716452867,0.0031984415796883045,0.16240675577914093,0.0032175454809799187
0.16111810571004495,0.003186808131633705,0.16239274302065834,0.0032058424656551897
0.16111810571004495,0.003186808131633705,0.16239274302065834,0.0032058424656551897
0.16111801046255436,0.0031868747399247904,0.1623926476659629,0.0032059091524030236
0.16111801046255436,0.0031868747399247904,0.1623926476659629,0.0032059091524030236
0.16111801046250948,0.0031868747400985256,0.1623926476659338,0.003205909152595628
0.16111801046250948,0.0031868747400985256,0.1623926476659338,0.003205909152595628
0.1611161197269799,0.0031879578762961137,0.16239075381585108,0.0032069946091085673
0.1611161197269799,0.0031879578762961137,0.16239075381585108,0.0032069946091085673
0.16110963666991945,0.003195312604001146,0.1623842310824693,0.0032143955748206244
0.16110963666991945,0.003195312604001146,0.1623842310824693,0.0032143955748206244
0.16102320106973683,0.0032090010292367454,0.16229727457233986,0.0032281723309849175
0.16102320106973683,0.0032090010292367454,0.16229727457233986,0.0032281723309849175
0.16102263000914174,0.003208621668255976,0.1622967029243508,0.003227792808372589
0.16102263000914174,0.003208621668255976,0.1622967029243508,0.003227792808372589
0.16102263000914177,0.003208621668219648,0.16229670292435086,0.0032277928083268813
0.16102263000914177,0.003208621668219648,0.16229670292435086,0.0032277928083268813
0.16097720011921585,0.003175784430457717,0.16225100356999395,0.0031947617217472483
0.16097720011921585,0.003175784430457717,0.16225100356999395,0.0031947617217472483
0.1608949615482871,0.0031482146276730055,0.16216827347707025,0.0031670421329651004
0.1608949615482871,0.0031482146276730055,0.16216827347707025,0.0031670421329651004
0.16087658835563776,0.0031226572954420055,0.16214979202236318,0.00314133470952496
0.16087658835563776,0.0031226572954420055,0.16214979202236318,0.00314133470952496
0.16082444101908097,0.003192438518107488,0.162097324379071,0.0032115473215118834
0.16082444101908097,0.003192438518107488,0.162097324379071,0.0032115473215118834
0.16081926039455383,0.0031943316841481074,0.16209211538196172,0.0032134554987445956
0.16081926039455383,0.0031943316841481074,0.16209211538196172,0.0032134554987445956
0.16080320325785014,0.0031728321899350226,0.1620759635551926,0.003191829662053499
0.16080320325785014,0.0031728321899350226,0.1620759635551926,0.003191829662053499
0.1607287368123663,0.0032618183326729813,0.16200104079575314,0.003281342575540363
0.1607287368123663,0.0032618183326729813,0.16200104079575314,0.003281342575540363
0.16064448462321315,0.003194962509434121,0.16191629016288478,0.0032140876842381735
0.16064448462321315,0.003194962509434121,0.16191629016288478,0.0032140876842381735
0.16053759402255613,0.0031330692596777585,0.1618087617334326,0.003151827157537574
0.16053759402255613,0.0031330692596777585,0.1618087617334326,0.003151827157537574
0.1605365501597345,0.003132730637416143,0.16180771685897416,0.003151488206814772
0.1605365501597345,0.003132730637416143,0.16180771685897416,0.003151488206814772
0.1604967983043552,0.0030851100109338283,0.16176773776073977,0.0031035966635768655
0.1604967983043552,0.0030851100109338283,0.16176773776073977,0.0031035966635768655
0.16043384019733142,0.003025496917478735,0.16170440636783573,0.003043627017037813
0.16043384019733142,0.003025496917478735,0.16170440636783573,0.003043627017037813
0.16041056065971943,0.0030368473723899345,0.16168098629592606,0.0030550479787012767
0.16041056065971943,0.0030368473723899345,0.16168098629592606,0.0030550479787012767
0.16040756052547112,0.0030343286977153453,0.16167796830444198,0.0030525139479112436
0.16040756052547112,0.0030343286977153453,0.16167796830444198,0.0030525139479112436
0.16026010210254216,0.0031426231664086484,0.1615296127670494,0.003161479357308755
0.16026010210254216,0.0031426231664086484,0.1615296127670494,0.003161479357308755
0.16022938092753364,0.0031834827134961485,0.16149870329093868,0.003202591997928017
0.16022938092753364,0.0031834827134961485,0.16149870329093868,0.003202591997928017
0.1602280619413358,0.0031836326313339114,0.1614973828573119,0.0032027421977424654
0.1602280619413358,0.0031836326313339114,0.1614973828573119,0.0032027421977424654
0.1601962920313254,0.0032117249389758858,0.1614654198145812,0.0032310068400764926
0.1601962920313254,0.0032117249389758858,0.1614654198145812,0.0032310068400764926
0.16015877693565894,0.0032451409043686335,0.16142767593806912,0.0032646343742516247
0.16015877693565894,0.0032451409043686335,0.16142767593806912,0.0032646343742516247
0.16013922803634068,0.003228815303459523,0.16140801096801619,0.0032482099288145033
0.16013922803634068,0.003228815303459523,0.16140801096801619,0.0032482099288145033
0.1600454126596147,0.0032713351930798683,0.16131362483141234,0.0032909975317840503
0.1600454126596147,0.0032713351930798683,0.16131362483141234,0.0032909975317840503
0.16002746903759615,0.003286537990597102,0.16129557292252283,0.003306296232941134
0.16002746903759615,0.003286537990597102,0.16129557292252283,0.003306296232941134
0.16001281291376462,0.003282165278900374,0.16128083040067917,0.0033018996314936977
0.16001281291376462,0.003282165278900374,0.16128083040067917,0.0033018996314936977
0.160012411464974,0.003282526321477285,0.16128042845579854,0.0033022611444052364
0.160012411464974,0.003282526321477285,0.16128042845579854,0.0033022611444052364
0.1599681060870522,0.0033042556198119018,0.1612358554928512,0.0033241287011186223
0.1599681060870522,0.0033042556198119018,0.1612358554928512,0.0033241287011186223
0.15993145882293952,0.0033379435500349246,0.16119898557405993,0.0033580266565198602
0.15993145882293952,0.0033379435500349246,0.16119898557405993,0.0033580266565198602
0.15988612296466426,0.0033582796157582574,0.16115337366795804,0.00337848688644582
0.15988612296466426,0.0033582796157582574,0.16115337366795804,0.00337848688644582
0.15985436252319168,0.003332257373669794,0.1611214267081411,0.003352309503651572
0.15985436252319168,0.003332257373669794,0.1611214267081411,0.003352309503651572
0.15984741000075245,0.0033378721285340788,0.16111443695308678,0.00335795901548935
0.15984741000075245,0.0033378721285340788,0.16111443695308678,0.00335795901548935
0.15976316930904857,0.0032656057220275068,0.16102969398285816,0.0032852560535177565
0.15976316930904857,0.0032656057220275068,0.16102969398285816,0.0032852560535177565
0.15976294735930166,0.0032657135834175,0.16102947175609708,0.0032853640517701422
0.15976294735930166,0.0032657135834175,0.16102947175609708,0.0032853640517701422
0.15976277752989335,0.003265874955376245,0.16102930176998947,0.003285525600144845
0.15976277752989335,0.003265874955376245,0.16102930176998947,0.003285525600144845
0.15976175027670242,0.003265465823334841,0.16102827338562112,0.003285116020807417
0.15976175027670242,0.003265465823334841,0.16102827338562112,0.003285116020807417
0.1596889707659186,0.003343398307291275,0.16095504661139642,0.0033635104061794617
0.1596889707659186,0.003343398307291275,0.16095504661139642,0.0033635104061794617
0.15968897076583027,0.003343398307339222,0.16095504661129909,0.0033635104062255798
0.15968897076583027,0.003343398307339222,0.16095504661129909,0.0033635104062255798
0.15965309351972187,0.0033726321896230204,0.16091894922054198,0.0033929282146748533
0.15965309351972187,0.0033726321896230204,0.16091894922054198,0.0033929282146748533
0.1596284419624212,0.0033809612823939247,0.1608941482402527,0.0034013117600686154
0.1596284419624212,0.0033809612823939247,0.1608941482402527,0.0034013117600686154
0.15962844196241868,0.0033809612824170845,0.16089414824025333,0.0034013117600955314
0.15962844196241868,0.0033809612824170845,0.16089414824025333,0.0034013117600955314
0.15960339045956082,0.003388318156216813,0.16086894507038957,0.003408716954308914
0.15960339045956082,0.003388318156216813,0.16086894507038957,0.003408716954308914
0.1595318915587738,0.003298567026257963,0.16079702303995352,0.003318435517386251
0.1595318915587738,0.003298567026257963,0.16079702303995352,0.003318435517386251
0.15952126118343998,0.003303393294394081,0.1607863278178911,0.0033232912816739753
0.15952126118343998,0.003303393294394081,0.1607863278178911,0.0033232912816739753
0.1595062024832352,0.003297857307627759,0.16077117882916306,0.003317721307395843
0.1595062024832352,0.003297857307627759,0.16077117882916306,0.003317721307395843
0.15950620248327077,0.0032978573076730116,0.1607711788292081,0.00331772130745349
0.15950620248327077,0.0032978573076730116,0.1607711788292081,0.00331772130745349
0.15947281384131728,0.003341849869469475,0.16073758351426243,0.003361988482506
0.15947281384131728,0.003341849869469475,0.16073758351426243,0.003361988482506
0.15946555499120937,0.0033328374750306125,0.16073031568108587,0.003352965076978721
0.15946555499120937,0.0033328374750306125,0.16073031568108587,0.003352965076978721
0.15943023749823396,0.003323420241500955,0.1606947859280105,0.003343490258278962
0.15943023749823396,0.003323420241500955,0.1606947859280105,0.003343490258278962
0.15930844328010862,0.003458418941509767,0.1605722395265207,0.0034793373832838446
0.15930844328010862,0.003458418941509767,0.1605722395265207,0.0034793373832838446
0.15927863488616756,0.0034269898426366584,0.16054225548334033,0.0034477221794084467
0.15927863488616756,0.0034269898426366584,0.16054225548334033,0.0034477221794084467
0.15921709413067245,0.0034153021545779696,0.16048034335720862,0.0034359755294042413
0.15921709413067245,0.0034153021545779696,0.16048034335720862,0.0034359755294042413
0.15913963274018636,0.0033706471197160566,0.1604024168410874,0.0033910451829342768
0.15913963274018636,0.0033706471197160566,0.1604024168410874,0.0033910451829342768
0.15909645123344357,0.0033772004663817604,0.1603589725801679,0.0033976438791849897
0.15909645123344357,0.0033772004663817604,0.1603589725801679,0.0033976438791849897
0.15904841056886526,0.0033400322819834237,0.1603106440726295,0.0033602528072977085
0.15904841056886526,0.0033400322819834237,0.1603106440726295,0.0033602528072977085
0.15904841056889996,0.0033400322819476646,0.1603106440726756,0.00336025280725696
0.15904841056889996,0.0033400322819476646,0.1603106440726756,0.00336025280725696
0.15904809109396287,0.0033398990448063274,0.16031032422156768,0.003360119410234067
0.15904809109396287,0.0033398990448063274,0.16031032422156768,0.003360119410234067
0.1590474503877783,0.003340455153425325,0.16030968264259776,0.0033606763043970175
0.1590474503877783,0.003340455153425325,0.16030968264259776,0.0033606763043970175
0.15904745038771273,0.0033404551534053574,0.16030968264247503,0.0033606763044075664
0.15904745038771273,0.0033404551534053574,0.16030968264247503,0.0033606763044075664
0.15904729928620925,0.0033402409115502003,0.16030953132531894,0.0033604617507669477
0.15904729928620925,0.0033402409115502003,0.16030953132531894,0.0033604617507669477
0.15904691330045062,0.0033399448538703044,0.16030914486487938,0.0033601653712910986
0.15904691330045062,0.0033399448538703044,0.16030914486487938,0.0033601653712910986
0.15902275928101348,0.0033147464831426473,0.16028484773104273,0.003334817678796424
0.15902275928101348,0.0033147464831426473,0.16028484773104273,0.003334817678796424
0.15898725647862494,0.003273728539652376,0.16024914121723985,0.0032935456915474002
0.15898725647862494,0.003273728539652376,0.16024914121723985,0.0032935456915474002
0.15894230492973127,0.0032677626860765064,0.16020391739562373,0.0032875413711083686
0.15894230492973127,0.0032677626860765064,0.16020391739562373,0.0032875413711083686
0.15886717230877706,0.003386348758185669,0.1601283236159618,0.0034068712646506435
0.15886717230877706,0.003386348758185669,0.1601283236159618,0.0034068712646506435
0.15883689202281032,0.003352702689392074,0.1600978634881384,0.0033730259432502435
0.15883689202281032,0.003352702689392074,0.1600978634881384,0.0033730259432502435
0.15879517995986844,0.0034231402332553823,0.16005589262413522,0.0034439113086955574
0.15879517995986844,0.0034231402332553823,0.16005589262413522,0.0034439113086955574
0.1587779705386569,0.003415341208840139,0.16003858081899977,0.0034360654892566737
0.1587779705386569,0.003415341208840139,0.16003858081899977,0.0034360654892566737
0.15877732126318828,0.0034148336889734676,0.16003793076261225,0.003435557500018214
0.15877732126318828,0.0034148336889734676,0.16003793076261225,0.003435557500018214
0.15865754587901598,0.0034529149490029436,0.1599174236558032,0.003473890361201478
0.15865754587901598,0.0034529149490029436,0.1599174236558032,0.003473890361201478
0.1586573534465795,0.0034529330546192198,0.15991723079399817,0.0034739086696445776
0.1586573534465795,0.0034529330546192198,0.15991723079399817,0.0034739086696445776
0.1585625954351013,0.003489470769819227,0.1598218922477545,0.0035106860906206766
0.1585625954351013,0.003489470769819227,0.1598218922477545,0.0035106860906206766
0.15847845338023026,0.0035819614918793747,0.15973722852075986,0.003603764261786633
0.15847845338023026,0.0035819614918793747,0.15973722852075986,0.003603764261786633
0.1584754269759488,0.0035781538143536224,0.1597341887603939,0.0035999377214328315
0.1584754269759488,0.0035781538143536224,0.1597341887603939,0.0035999377214328315
0.15846381262787415,0.003573545509987469,0.15972250488347361,0.003595301381751171
0.15846381262787415,0.003573545509987469,0.15972250488347361,0.003595301381751171
0.1584637925798705,0.003573524359185491,0.1597224848114068,0.0035952802061792505
0.1584637925798705,0.003573524359185491,0.1597224848114068,0.0035952802061792505
0.15846359367687884,0.0035735201230834446,0.15972228561115837,0.003595275944761963
0.15846359367687884,0.0035735201230834446,0.15972228561115837,0.003595275944761963
0.15841057380436357,0.0036115103443708223,0.15966893879300625,0.0036335002057531545
0.15841057380436357,0.0036115103443708223,0.15966893879300625,0.0036335002057531545
0.15841057380433993,0.0036115103444327164,0.1596689387929764,0.0036335002058312323
0.15841057380433993,0.0036115103444327164,0.1596689387929764,0.0036335002058312323
0.15840943233618726,0.003610185326630619,0.1596677961690811,0.0036321738914938677
0.15840943233618726,0.003610185326630619,0.1596677961690811,0.0036321738914938677
0.15834239394883384,0.0035892324207991125,0.1596003537050069,0.003611092524646599
0.15834239394883384,0.0035892324207991125,0.1596003537050069,0.003611092524646599
0.158342367301384,0.0035891920683593934,0.1596003270181247,0.0036110521131277593
0.158342367301384,0.0035891920683593934,0.1596003270181247,0.0036110521131277593
0.1582788288613219,0.0035241740361648065,0.15953641132152355,0.003545651700857995
0.1582788288613219,0.0035241740361648065,0.15953641132152355,0.003545651700857995
0.15827702802784835,0.0035233592850779662,0.1595346075521185,0.0035448354511746455
0.15827702802784835,0.0035233592850779662,0.1595346075521185,0.0035448354511746455
0.15822794085818706,0.0035987284216177223,0.1594852161894556,0.0036206836374503538
0.15822794085818706,0.0035987284216177223,0.1594852161894556,0.0036206836374503538
0.15813851332401369,0.0036734205326671527,0.1593952351826732,0.0036958381580666573
0.15813851332401369,0.0036734205326671527,0.1593952351826732,0.0036958381580666573
0.1581309768917663,0.003671329853476805,0.15938765303564495,0.0036937347603070085
0.1581309768917663,0.003671329853476805,0.15938765303564495,0.0036937347603070085
0.15813097689173325,0.0036713298535127475,0.1593876530356053,0.0036937347603497018
0.15813097689173325,0.0036713298535127475,0.1593876530356053,0.0036937347603497018
0.15813093290955418,0.003671406465075797,0.15938760897172388,0.003693811518849838
0.15813093290955418,0.003671406465075797,0.15938760897172388,0.003693811518849838
0.15812806238892407,0.0036740954667236364,0.15938472113691682,0.003696516796993024
0.15812806238892407,0.0036740954667236364,0.15938472113691682,0.003696516796993024
0.15805778926524303,0.0036770838220344395,0.1593140191555714,0.0036995245190291704
0.15805778926524303,0.0036770838220344395,0.1593140191555714,0.0036995245190291704
0.15802141466724864,0.003661138823875518,0.1592774245776155,0.0036834792700424267
0.15802141466724864,0.003661138823875518,0.1592774245776155,0.0036834792700424267
0.15795528885333776,0.003623785532228342,0.1592109135785082,0.003645899415693589
0.15795528885333776,0.003623785532228342,0.1592109135785082,0.003645899415693589
0.15789473810716181,0.003648330670092577,0.15914999154860304,0.003670587340882059
0.15789473810716181,0.003648330670092577,0.15914999154860304,0.003670587340882059
0.15781146485968367,0.0035719911730583845,0.15906621814328542,0.0035937923714030855
0.15781146485968367,0.0035719911730583845,0.15906621814328542,0.0035937923714030855
0.15781070007467618,0.0035726106106369546,0.15906545206586337,0.0035944131178176075
0.15781070007467618,0.0035726106106369546,0.15906545206586337,0.0035944131178176075
0.15776180466562048,0.003552997072486902,0.1590162635593172,0.00357467635572127
0.15776180466562048,0.003552997072486902,0.1590162635593172,0.00357467635572127
0.15768041188856288,0.003624813447401274,0.15893436547491052,0.003646941976953238
0.15768041188856288,0.003624813447401274,0.15893436547491052,0.003646941976953238
0.15767577071945021,0.0036254714933191094,0.15892971589785013,0.0036476007868472605
0.15767577071945021,0.0036254714933191094,0.15892971589785013,0.0036476007868472605
0.1576757027361019,0.003625582994874233,0.15892964778558297,0.0036477125073506446
0.1576757027361019,0.003625582994874233,0.15892964778558297,0.0036477125073506446
0.15759805354927583,0.003616747360493795,0.15885152564830668,0.0036388166533060174
0.15759805354927583,0.003616747360493795,0.15885152564830668,0.0036388166533060174
0.15754586820899424,0.003660426652232915,0.15879901764179327,0.003682773274641632
0.15754586820899424,0.003660426652232915,0.15879901764179327,0.003682773274641632
0.15742107026244742,0.0038602018543825436,0.15867343230219969,0.003883821453684696
0.15742107026244742,0.0038602018543825436,0.15867343230219969,0.003883821453684696
0.1573495916521689,0.0038963461394460634,0.1586015119596241,0.003920186763591788
0.1573495916521689,0.0038963461394460634,0.1586015119596241,0.003920186763591788
0.15730832138461764,0.0039017783540058635,0.15855999216124053,0.003925648652367553
0.15730832138461764,0.0039017783540058635,0.15855999216124053,0.003925648652367553
0.15723114309000713,0.0039123061271259555,0.1584823402842605,0.003936229849872258
0.15723114309000713,0.0039123061271259555,0.1584823402842605,0.003936229849872258
0.15723089811529636,0.003912346967812046,0.15848209482144535,0.003936270743554165
0.15723089811529636,0.003912346967812046,0.15848209482144535,0.003936270743554165
0.15719687771944058,0.003946908361967215,0.15844786218605206,0.003971049391084263
0.15719687771944058,0.003946908361967215,0.15844786218605206,0.003971049391084263
0.15701180283245514,0.00403432828204309,0.15826164434384987,0.0040589815375889375
0.15701180283245514,0.00403432828204309,0.15826164434384987,0.0040589815375889375
0.1569758648526413,0.004092708354962414,0.1582254783059823,0.004117737043136121
0.1569758648526413,0.004092708354962414,0.1582254783059823,0.004117737043136121
0.15692547906223783,0.004089008488329215,0.15817478437552018,0.004114008513711059
0.15692547906223783,0.004089008488329215,0.15817478437552018,0.004114008513711059
0.15692547906223359,0.004089008488325983,0.15817478437551435,0.004114008513707369
0.15692547906223359,0.004089008488325983,0.15817478437551435,0.004114008513707369
0.1569093838300955,0.004091663299135681,0.1581585901282889,0.004116677793017141
0.1569093838300955,0.004091663299135681,0.1581585901282889,0.004116677793017141
0.15687683359099386,0.004040349313362557,0.15812585337979804,0.004065061440415741
0.15687683359099386,0.004040349313362557,0.15812585337979804,0.004065061440415741
0.1567766717818035,0.004086420210631698,0.15802507339889998,0.004111413368877539
0.1567766717818035,0.004086420210631698,0.15802507339889998,0.004111413368877539
0.1567474335218596,0.004056543547931813,0.15799565955873746,0.004081357309970701
0.1567474335218596,0.004056543547931813,0.15799565955873746,0.004081357309970701
0.15661277367865747,0.004085283163453539,0.1578601693141995,0.0041102950853755295
0.15661277367865747,0.004085283163453539,0.1578601693141995,0.0041102950853755295
0.1563118537439155,0.004250130748460213,0.15755737600609368,0.004276237965670788
0.1563118537439155,0.004250130748460213,0.15755737600609368,0.004276237965670788
0.15631185031975167,0.004250126972574418,0.15755737257830743,0.0042762341860622145
0.15631185031975167,0.004250126972574418,0.15755737257830743,0.0042762341860622145
0.15620270414211776,0.004345273129660554,0.15744754224483673,0.004371980474242056
0.15620270414211776,0.004345273129660554,0.15744754224483673,0.004371980474242056
0.156049831966123,0.004513437760301585,0.15729370973825899,0.004541219141851085
0.156049831966123,0.004513437760301585,0.15729370973825899,0.004541219141851085
0.1560492807030759,0.004513202674669654,0.15729315752236317,0.004540983703276979
0.1560492807030759,0.004513202674669654,0.15729315752236317,0.004540983703276979
0.1559425335397963,0.004599174623459494,0.15718574192093504,0.004627511044827229
0.1559425335397963,0.004599174623459494,0.15718574192093504,0.004627511044827229
0.1558250254671308,0.004718112510115582,0.15706749089313138,0.004747217182854823
0.1558250254671308,0.004718112510115582,0.15706749089313138,0.004747217182854823
0.15582420567143998,0.004719063599986624,0.1570666693777774,0.0047481703167444175
0.15582420567143998,0.004719063599986624,0.1570666693777774,0.0047481703167444175
