0.16852632666379574,0.0,0.16984423167839144,0.0
0.1682989766864794,0.00019564074987016845,0.16961562971249428,0.0001967098246810767
0.1682989766864794,0.00019564074987016845,0.16961562971249428,0.0001967098246810767
0.16822384144582098,0.00023442289384642588,0.1695399994184556,0.00023580706166522733
0.16822384144582098,0.00023442289384642588,0.1695399994184556,0.00023580706166522733
0.168130295650045,0.00015659346809172698,0.16944592107727768,0.00015753427456424558
0.168130295650045,0.00015659346809172698,0.16944592107727768,0.00015753427456424558
0.16804592547619496,0.00020632355771216696,0.16936110360843265,0.00020747846627873186
0.16804592547619496,0.00020632355771216696,0.16936110360843265,0.00020747846627873186
0.16797253521622288,0.00019426553725591375,0.1692872967994903,0.00019535438547980464
0.16797253521622288,0.00019426553725591375,0.1692872967994903,0.00019535438547980464
0.16776475086438408,0.00034280797226192227,0.1690782999707765,0.00034478220128104426
0.16776475086438408,0.00034280797226192227,0.1690782999707765,0.00034478220128104426
0.16772954991084435,0.00034662838157047625,0.1690429036459949,0.0003486095986507272
0.16772954991084435,0.00034662838157047625,0.1690429036459949,0.0003486095986507272
0.1676216057787872,0.0004048685175133438,0.16893437540522874,0.0004072799115832227
0.1676216057787872,0.0004048685175133438,0.16893437540522874,0.0004072799115832227
0.16755071048422135,0.0004211642465370203,0.16886310671506688,0.0004236314479346606
0.16755071048422135,0.0004211642465370203,0.16886310671506688,0.0004236314479346606
0.16747313392644322,0.0004559309617380466,0.1687850661037101,0.00045859369968252934
0.16747313392644322,0.0004559309617380466,0.1687850661037101,0.00045859369968252934
0.16735561005369526,0.00045836314890952023,0.1686668652065333,0.00046102120309462054
0.16735561005369526,0.00045836314890952023,0.1686668652065333,0.00046102120309462054
0.16731119464747674,0.0004883556840578438,0.16862219844087928,0.0004911574863145778
0.16731119464747674,0.0004883556840578438,0.16862219844087928,0.0004911574863145778
0.1672111862022308,0.0005182820737500149,0.16852162971167345,0.0005212901541997036
0.1672111862022308,0.0005182820737500149,0.16852162971167345,0.0005212901541997036
0.16716626339533766,0.0005097261861742835,0.16847646045774203,0.0005126726481199469
0.16716626339533766,0.0005097261861742835,0.16847646045774203,0.0005126726481199469
0.16710639902733665,0.0005491268724362137,0.16841626827067677,0.0005522424938503437
0.16710639902733665,0.0005491268724362137,0.16841626827067677,0.0005522424938503437
0.1670801587592017,0.0005708479249328407,0.16838987421898532,0.0005740994219826413
0.1670801587592017,0.0005708479249328407,0.16838987421898532,0.0005740994219826413
0.167001931761878,0.0006861739643808404,0.1683112063726307,0.00069001413139709
0.167001931761878,0.0006861739643808404,0.1683112063726307,0.00069001413139709
0.16696084126511768,0.0006910020311890444,0.16826989526645658,0.0006948773337817205
0.16696084126511768,0.0006910020311890444,0.16826989526645658,0.0006948773337817205
0.16687012384410277,0.0006720691626242595,0.16817864221598489,0.0006758443014581531
0.16687012384410277,0.0006720691626242595,0.16817864221598489,0.0006758443014581531
0.1667914580297168,0.0006764429888717525,0.16809950495355322,0.0006802894479158162
0.1667914580297168,0.0006764429888717525,0.16809950495355322,0.0006802894479158162
0.1667534893399945,0.0006744346001512895,0.16806133746476087,0.000678268816065883
0.1667534893399945,0.0006744346001512895,0.16806133746476087,0.000678268816065883
0.16666906116214858,0.0006672214234711591,0.1679764264462754,0.0006710501668389315
0.16666906116214858,0.0006672214234711591,0.1679764264462754,0.0006710501668389315
0.16659518573227017,0.0006787126024111501,0.16790212162786228,0.0006825833541164819
0.16659518573227017,0.0006787126024111501,0.16790212162786228,0.0006825833541164819
0.16653179068051044,0.0006299295429210732,0.16783834903199937,0.0006335065859572668
0.16653179068051044,0.0006299295429210732,0.16783834903199937,0.0006335065859572668
0.1664943062010104,0.0006192951502364895,0.16780063371493809,0.000622802722280528
0.1664943062010104,0.0006192951502364895,0.16780063371493809,0.000622802722280528
0.16635190682865822,0.0005630090590081796,0.16765739050655296,0.0005661970280727551
0.16635190682865822,0.0005630090590081796,0.16765739050655296,0.0005661970280727551
0.16626481402995177,0.0005630997005302269,0.16756979355952056,0.0005662946304829115
0.16626481402995177,0.0005630997005302269,0.16756979355952056,0.0005662946304829115
0.1662310478648945,0.0005927071109192824,0.16753581741494158,0.0005960712941403112
0.1662310478648945,0.0005927071109192824,0.16753581741494158,0.0005960712941403112
0.16616284755012684,0.0006449544824113341,0.16746721726475394,0.0006486136046146048
0.16616284755012684,0.0006449544824113341,0.16746721726475394,0.0006486136046146048
0.1660888341021278,0.0006847241207244381,0.16739275949762136,0.0006886563022443579
0.1660888341021278,0.0006847241207244381,0.16739275949762136,0.0006886563022443579
0.1660373983824935,0.0006892991548570011,0.16734102942847714,0.0006932514273017606
0.1660373983824935,0.0006892991548570011,0.16734102942847714,0.0006932514273017606
0.16595335973108238,0.0007488786161342608,0.16725643404234875,0.0007532914054341728
0.16595335973108238,0.0007488786161342608,0.16725643404234875,0.0007532914054341728
0.1659065388612631,0.0007491426515780396,0.16720935181160843,0.0007535664893809467
0.1659065388612631,0.0007491426515780396,0.16720935181160843,0.0007535664893809467
0.16584423904974682,0.0008066522598710388,0.16714670311714105,0.0008113875396757871
0.16584423904974682,0.0008066522598710388,0.16714670311714105,0.0008113875396757871
0.16582540853726774,0.0008019854798582013,0.16712775408256783,0.0008066909188491494
0.16582540853726774,0.0008019854798582013,0.16712775408256783,0.0008066909188491494
0.16581011944606322,0.0007882611286954126,0.1671123795176486,0.000792879003820286
0.16581011944606322,0.0007882611286954126,0.1671123795176486,0.000792879003820286
0.16575650430355912,0.0007993165841348284,0.16705842952970001,0.0008039728367475867
0.16575650430355912,0.0007993165841348284,0.16705842952970001,0.0008039728367475867
0.1657167159789963,0.0008036753350648536,0.16701841922663846,0.0008083764699716534
0.1657167159789963,0.0008036753350648536,0.16701841922663846,0.0008083764699716534
0.16565267304092166,0.0008260618052799019,0.1669540021763331,0.0008309138489525768
0.16565267304092166,0.0008260618052799019,0.1669540021763331,0.0008309138489525768
0.16562925141466756,0.0008214153853575594,0.16693044502146148,0.0008262491015186551
0.16562925141466756,0.0008214153853575594,0.16693044502146148,0.0008262491015186551
0.16548636994351623,0.0009890273165680222,0.1667867477213214,0.000994778693941912
0.16548636994351623,0.0009890273165680222,0.1667867477213214,0.000994778693941912
0.1654514453729923,0.0010047401529085032,0.1667516184523065,0.001010585490463057
0.1654514453729923,0.0010047401529085032,0.1667516184523065,0.001010585490463057
0.16540807087822929,0.0010130461438563906,0.16670796595573684,0.001018946894988605
0.16540807087822929,0.0010130461438563906,0.16670796595573684,0.001018946894988605
0.1653856847367347,0.0010040936502684766,0.1666854508578067,0.0010099401986172411
0.1653856847367347,0.0010040936502684766,0.1666854508578067,0.0010099401986172411
0.16530072701392484,0.0009507468874097272,0.16660000795494062,0.000956310465511751
0.16530072701392484,0.0009507468874097272,0.16660000795494062,0.000956310465511751
0.16523555236385784,0.0009392496431755567,0.16653446957567172,0.0009447587957492888
0.16523555236385784,0.0009392496431755567,0.16653446957567172,0.0009447587957492888
0.16515710893640334,0.00098742231639058,0.16645553159406698,0.0009932383217166425
0.16515710893640334,0.00098742231639058,0.16645553159406698,0.0009932383217166425
0.1651435487678424,0.000996794375047364,0.16644189605269466,0.001002661690675664
0.1651435487678424,0.000996794375047364,0.16644189605269466,0.001002661690675664
0.1650786009512245,0.0010416784329175801,0.16637656733659942,0.001047838553310391
0.1650786009512245,0.0010416784329175801,0.16637656733659942,0.001047838553310391
0.16505524883185213,0.0010397914098782956,0.1663530669845462,0.0010459346285203186
0.16505524883185213,0.0010397914098782956,0.1663530669845462,0.0010459346285203186
0.1649692248861956,0.0009886244429169848,0.1662665580075068,0.0009944468495350655
0.1649692248861956,0.0009886244429169848,0.1662665580075068,0.0009944468495350655
0.1649511415849319,0.001005509854318249,0.16624837004750007,0.0010114272420167598
0.1649511415849319,0.001005509854318249,0.16624837004750007,0.0010114272420167598
0.1649029126624109,0.0010026182503464964,0.1661998602212762,0.0010085046966565407
0.1649029126624109,0.0010026182503464964,0.1661998602212762,0.0010085046966565407
0.16485616087802518,0.001001869681859043,0.16615283901923011,0.0010077534602889512
0.16485616087802518,0.001001869681859043,0.16615283901923011,0.0010077534602889512
0.164826635363969,0.0009972890716539958,0.1661231479183896,0.0010031518440433824
0.164826635363969,0.0009972890716539958,0.1661231479183896,0.0010031518440433824
0.1648078335406353,0.0010025956479217675,0.16610424107234179,0.001008488037074308
0.1648078335406353,0.0010025956479217675,0.16610424107234179,0.001008488037074308
0.1647759332967757,0.0010205006532285918,0.16607213737967189,0.0010265374766167572
0.1647759332967757,0.0010205006532285918,0.16607213737967189,0.0010265374766167572
0.16475706111647964,0.0010127762040758033,0.16605316843037263,0.0010187773323910155
0.16475706111647964,0.0010127762040758033,0.16605316843037263,0.0010187773323910155
0.16472213384108741,0.0010151329138694723,0.16601804032734335,0.0010211381835796927
0.16472213384108741,0.0010151329138694723,0.16601804032734335,0.0010211381835796927
0.16469303103041338,0.0010175595861178824,0.16598876594809467,0.0010235672259268607
0.16469303103041338,0.0010175595861178824,0.16598876594809467,0.0010235672259268607
0.16464169307758644,0.0010374542787319173,0.1659371063115161,0.0010436369352042844
0.16464169307758644,0.0010374542787319173,0.1659371063115161,0.0010436369352042844
0.16455628171340944,0.0010245752515275716,0.165851179683196,0.001030667952495001
0.16455628171340944,0.0010245752515275716,0.165851179683196,0.001030667952495001
0.16449924885281736,0.0010240184638170386,0.1657938165557302,0.0010300914021884224
0.16449924885281736,0.0010240184638170386,0.1657938165557302,0.0010300914021884224
0.16447167010166497,0.0010082142520958309,0.16576608710285595,0.0010142009014667533
0.16447167010166497,0.0010082142520958309,0.16576608710285595,0.0010142009014667533
0.16445200890669862,0.00100473915159398,0.16574630988010114,0.0010106984661923683
0.16445200890669862,0.00100473915159398,0.16574630988010114,0.0010106984661923683
0.16442983482425216,0.0010371458102213448,0.16572400009853755,0.0010433111493695052
0.16442983482425216,0.0010371458102213448,0.16572400009853755,0.0010433111493695052
0.16435739107650144,0.001027207502990099,0.16565115038796374,0.0010332824639911475
0.16435739107650144,0.001027207502990099,0.16565115038796374,0.0010332824639911475
0.1643314321675829,0.0010312288291812542,0.16562504023462674,0.0010373207763051807
0.1643314321675829,0.0010312288291812542,0.16562504023462674,0.0010373207763051807
0.16424801315989404,0.0010623738458936988,0.16554110864679242,0.00106872571829189
0.16424801315989404,0.0010623738458936988,0.16554110864679242,0.00106872571829189
0.16422506024662234,0.001063235688801705,0.1655180125668866,0.0010695918332261117
0.16422506024662234,0.001063235688801705,0.1655180125668866,0.0010695918332261117
0.16418542480298065,0.001076362389619989,0.1654781310337938,0.0010828212854407976
0.16418542480298065,0.001076362389619989,0.1654781310337938,0.0010828212854407976
0.16409991130980284,0.0011091855175677735,0.16539210223316908,0.0011158157040179343
0.16409991130980284,0.0011091855175677735,0.16539210223316908,0.0011158157040179343
0.1640688365592697,0.0010957199072676028,0.16536085114845445,0.0011022711617771914
0.1640688365592697,0.0010957199072676028,0.16536085114845445,0.0011022711617771914
0.16400989942708158,0.0010700658913019687,0.1653015575816693,0.0010764461914396055
0.16400989942708158,0.0010700658913019687,0.1653015575816693,0.0010764461914396055
0.16396549680481046,0.0011152673284641112,0.16525690081203395,0.001121868254153681
0.16396549680481046,0.0011152673284641112,0.16525690081203395,0.001121868254153681
0.16389187473301528,0.0011114071757174168,0.16518284982883963,0.0011180029618244923
0.16389187473301528,0.0011114071757174168,0.16518284982883963,0.0011180029618244923
0.16384531843645675,0.0011029225566554603,0.16513602841680014,0.0011094761571918141
0.16384531843645675,0.0011029225566554603,0.16513602841680014,0.0011094761571918141
0.16379952754221067,0.0011143039408634224,0.1650899687701167,0.0011209150941232072
0.16379952754221067,0.0011143039408634224,0.1650899687701167,0.0011209150941232072
0.1637932739802694,0.001117567904988946,0.16508367931204096,0.0011241989639767904
0.1637932739802694,0.001117567904988946,0.16508367931204096,0.0011241989639767904
0.16373424437105705,0.0011514921137623967,0.16502428507688727,0.0011583533140742265
0.16373424437105705,0.0011514921137623967,0.16502428507688727,0.0011583533140742265
0.16361590855205077,0.001341634709590043,0.16490525259611322,0.001349578923159671
0.16361590855205077,0.001341634709590043,0.16490525259611322,0.001349578923159671
0.16356543575654617,0.001363042504299722,0.16485451423685518,0.0013711178714582131
0.16356543575654617,0.001363042504299722,0.16485451423685518,0.0013711178714582131
0.1635271915219902,0.0013677408489778955,0.1648160481592861,0.001375819689402328
0.1635271915219902,0.0013677408489778955,0.1648160481592861,0.001375819689402328
0.1634995054107234,0.0014245195281466863,0.16478819265876812,0.0014329430036992931
0.1634995054107234,0.0014245195281466863,0.16478819265876812,0.0014329430036992931
0.16345679323162643,0.00143524823378544,0.16474523952628067,0.0014437322796971518
0.16345679323162643,0.00143524823378544,0.16474523952628067,0.0014437322796971518
0.16341706472488382,0.0014648268392119643,0.1647052777533623,0.001473486417143648
0.16341706472488382,0.0014648268392119643,0.1647052777533623,0.001473486417143648
0.16338726327428835,0.0014691266984849219,0.16467530481768508,0.0014778102782365787
0.16338726327428835,0.0014691266984849219,0.16467530481768508,0.0014778102782365787
0.1633608883158514,0.0014683516634267633,0.16464877746262815,0.0014770309849870677
0.1633608883158514,0.0014683516634267633,0.16464877746262815,0.0014770309849870677
0.1633130897342325,0.0014437332815246927,0.16460068149473106,0.0014522593552258071
0.1633130897342325,0.0014437332815246927,0.16460068149473106,0.0014522593552258071
0.1632927394815686,0.0014388926962827567,0.16458021175522372,0.0014473879626292817
0.1632927394815686,0.0014388926962827567,0.16458021175522372,0.0014473879626292817
0.16326291963394274,0.0014403038363662492,0.16455021738991876,0.0014488026917609653
0.16326291963394274,0.0014403038363662492,0.16455021738991876,0.0014488026917609653
0.16320901774168,0.0014228087136839089,0.16449599679163918,0.001431195773100916
0.16320901774168,0.0014228087136839089,0.16449599679163918,0.001431195773100916
0.16316117297636754,0.0014453451287484984,0.16444786473114753,0.001453868862838193
0.16316117297636754,0.0014453451287484984,0.16444786473114753,0.001453868862838193
0.16312140675838233,0.0014286314179402673,0.1644078586949215,0.0014370494690056938
0.16312140675838233,0.0014286314179402673,0.1644078586949215,0.0014370494690056938
0.1629973428782397,0.0014791076835994129,0.16428307628491884,0.0014877834806385174
0.1629973428782397,0.0014791076835994129,0.16428307628491884,0.0014877834806385174
0.16295258003796953,0.0014530387093851598,0.16423806316278194,0.0014615699588153863
0.16295258003796953,0.0014530387093851598,0.16423806316278194,0.0014615699588153863
0.16291588543854135,0.001447728111381848,0.1642011541186965,0.0014562291606912015
0.16291588543854135,0.001447728111381848,0.1642011541186965,0.0014562291606912015
0.1628816092666424,0.0014637150882726524,0.16416667861828707,0.0014723235950534644
0.1628816092666424,0.0014637150882726524,0.16416667861828707,0.0014723235950534644
0.1628532031941224,0.0014621185738408042,0.1641381001603685,0.001470709446637773
0.1628532031941224,0.0014621185738408042,0.1641381001603685,0.001470709446637773
0.16284110452298955,0.0014657095064769768,0.16412593158353697,0.001474317949140395
0.16284110452298955,0.0014657095064769768,0.16412593158353697,0.001474317949140395
0.16281402682234494,0.0014540734773259175,0.1640987099862416,0.0014626257837814939
0.16281402682234494,0.0014540734773259175,0.1640987099862416,0.0014626257837814939
0.16275223697719693,0.0014298151703595091,0.16403656472960537,0.0014382160585218028
0.16275223697719693,0.0014298151703595091,0.16403656472960537,0.0014382160585218028
0.1626624919767838,0.0014291046527822706,0.1639463032868792,0.0014375176366812866
0.1626624919767838,0.0014291046527822706,0.1639463032868792,0.0014375176366812866
0.16260098644651347,0.001522574728904466,0.1638844286847362,0.001531555219092755
0.16260098644651347,0.001522574728904466,0.1638844286847362,0.001531555219092755
0.1625602552731501,0.0015341868146688806,0.1638434533659336,0.0015432426898152143
0.1625602552731501,0.0015341868146688806,0.1638434533659336,0.0015432426898152143
0.16253621159163134,0.0015400198121854939,0.1638192697355922,0.0015491171490365225
0.16253621159163134,0.0015400198121854939,0.1638192697355922,0.0015491171490365225
0.16250872824208032,0.001554348490022982,0.16379161931725297,0.0015635324759300279
0.16250872824208032,0.001554348490022982,0.16379161931725297,0.0015635324759300279
0.16244617840966882,0.001527815029446903,0.16372868116025044,0.0015368276429377297
0.16244617840966882,0.001527815029446903,0.16372868116025044,0.0015368276429377297
0.16235668429690606,0.001513781377559235,0.16363866868660887,0.0015227236231547
0.16235668429690606,0.001513781377559235,0.16363866868660887,0.0015227236231547
0.1622689336368775,0.0015078532876536277,0.16355040049200653,0.0015167382054146418
0.1622689336368775,0.0015078532876536277,0.16355040049200653,0.0015167382054146418
0.1621974247504248,0.0014691586089729005,0.16347847411786665,0.0014778185795950856
0.1621974247504248,0.0014691586089729005,0.16347847411786665,0.0014778185795950856
0.16218719542519336,0.0014691006699837784,0.1634681850225755,0.0014777592046262677
0.16218719542519336,0.0014691006699837784,0.1634681850225755,0.0014777592046262677
0.1621457931507376,0.0014912757574316177,0.16342653734430582,0.001500077945938538
0.1621457931507376,0.0014912757574316177,0.16342653734430582,0.001500077945938538
0.162134366395509,0.0014916691824287819,0.1634150440824294,0.0015004746029294938
0.162134366395509,0.0014916691824287819,0.1634150440824294,0.0015004746029294938
0.1620457147387604,0.0015483390826111288,0.16332586298356788,0.0015574787865631414
0.1620457147387604,0.0015483390826111288,0.16332586298356788,0.0015574787865631414
0.16200171165894547,0.001511564733575472,0.1632815935532057,0.0015204771256842713
0.16200171165894547,0.001511564733575472,0.1632815935532057,0.0015204771256842713
0.16197345698978882,0.0015069503967502066,0.16325317517412485,0.0015158434556580577
0.16197345698978882,0.0015069503967502066,0.16325317517412485,0.0015158434556580577
0.16191770474394593,0.0015517897650335283,0.1631970942863136,0.0015609492335160395
0.16191770474394593,0.0015517897650335283,0.1631970942863136,0.0015609492335160395
0.1618883431299684,0.0015658644132098378,0.16316754971207797,0.0015751120639060307
0.1618883431299684,0.0015658644132098378,0.16316754971207797,0.0015751120639060307
0.16184381595289135,0.0015669028500563981,0.16312275660491637,0.0015761384885273507
0.16184381595289135,0.0015669028500563981,0.16312275660491637,0.0015761384885273507
0.16180978282621492,0.0015726389616774084,0.16308851949179384,0.0015819062089138215
0.16180978282621492,0.0015726389616774084,0.16308851949179384,0.0015819062089138215
0.16177865850984613,0.0015812356842302268,0.16305721464681944,0.0015905460271578766
0.16177865850984613,0.0015812356842302268,0.16305721464681944,0.0015905460271578766
0.16172137989467456,0.0015711385711492764,0.16299960801113186,0.0015803903844130525
0.16172137989467456,0.0015711385711492764,0.16299960801113186,0.0015803903844130525
0.16164760883653811,0.0015531350591895502,0.16292539616855764,0.0015622772610893864
0.16164760883653811,0.0015531350591895502,0.16292539616855764,0.0015622772610893864
0.16158835066998645,0.0016047769524154213,0.16286580252130473,0.0016141957387493632
0.16158835066998645,0.0016047769524154213,0.16286580252130473,0.0016141957387493632
0.16147951575152988,0.0016035206875522452,0.16275634065486033,0.0016129830070477492
0.16147951575152988,0.0016035206875522452,0.16275634065486033,0.0016129830070477492
0.1614485931378046,0.0016137940741879284,0.16272522161283814,0.0016233110427777975
0.1614485931378046,0.0016137940741879284,0.16272522161283814,0.0016233110427777975
0.16138329511124622,0.0016848329648738163,0.16265952055964106,0.0016947801633414832
0.16138329511124622,0.0016848329648738163,0.16265952055964106,0.0016947801633414832
0.16130369732069505,0.0016987626950849004,0.16257943545488537,0.001708767124611118
0.16130369732069505,0.0016987626950849004,0.16257943545488537,0.001708767124611118
0.16128349683007775,0.0016917475498575058,0.16255911844779958,0.0017017103436723603
0.16128349683007775,0.0016917475498575058,0.16255911844779958,0.0017017103436723603
0.1612516700259792,0.0016758930560076839,0.1625270974147784,0.0016857652920864614
0.1612516700259792,0.0016758930560076839,0.1625270974147784,0.0016857652920864614
0.1612162029332686,0.001688140381674099,0.16249141518044455,0.0016981044757883267
0.1612162029332686,0.001688140381674099,0.16249141518044455,0.0016981044757883267
0.16117180616968513,0.0017002181171123522,0.1624467436552452,0.001710258082179768
0.16117180616968513,0.0017002181171123522,0.1624467436552452,0.001710258082179768
0.16113965016110754,0.0017165998833814401,0.16241439294494603,0.0017267366277963576
0.16113965016110754,0.0017165998833814401,0.16241439294494603,0.0017267366277963576
0.161121477819299,0.0017113971859467091,0.1623961083399274,0.001721501019799852
0.161121477819299,0.0017113971859467091,0.1623961083399274,0.001721501019799852
0.16108819172740557,0.001713359982484011,0.16236263200198464,0.001723472252777852
0.16108819172740557,0.001713359982484011,0.16236263200198464,0.001723472252777852
0.16097842547030566,0.001735098679800993,0.16225222638599202,0.0017452929002943027
0.16097842547030566,0.001735098679800993,0.16225222638599202,0.0017452929002943027
0.16095443597306933,0.001741023129118069,0.16222809771881685,0.0017512439046105555
0.16095443597306933,0.001741023129118069,0.16222809771881685,0.0017512439046105555
0.16089228681553625,0.001723487955532956,0.16216557656508668,0.0017336083704029344
0.16089228681553625,0.001723487955532956,0.16216557656508668,0.0017336083704029344
0.16086053011769658,0.0017287537349360267,0.1621336353434082,0.001738902601239276
0.16086053011769658,0.0017287537349360267,0.1621336353434082,0.001738902601239276
0.16083070706135189,0.001745173282477142,0.16210362973836434,0.0017554330531436486
0.16083070706135189,0.001745173282477142,0.16210362973836434,0.0017554330531436486
0.16082160829527128,0.001748093213609149,0.16209447207577365,0.001758377111034705
0.16082160829527128,0.001748093213609149,0.16209447207577365,0.001758377111034705
0.1607540871522024,0.0017225458682157502,0.16202653148133594,0.0017326657815198855
0.1607540871522024,0.0017225458682157502,0.16202653148133594,0.0017326657815198855
0.16071119886968052,0.0017185841406581334,0.16198339819624807,0.001728694719819327
0.16071119886968052,0.0017185841406581334,0.16198339819624807,0.001728694719819327
0.16069441574596569,0.001725766276637294,0.16196651561118874,0.0017359202203558412
0.16069441574596569,0.001725766276637294,0.16196651561118874,0.0017359202203558412
0.16063631560017091,0.001689319009225793,0.1619080440988528,0.0016992498161586863
0.16063631560017091,0.001689319009225793,0.1619080440988528,0.0016992498161586863
0.16059619386142984,0.0016958131711414261,0.16186768742040442,0.0017057829095522945
0.16059619386142984,0.0016958131711414261,0.16186768742040442,0.0017057829095522945
0.1605618908597466,0.001717241559633094,0.16183317837370398,0.001727342426098662
0.1605618908597466,0.001717241559633094,0.16183317837370398,0.001727342426098662
0.16054305480447179,0.001710025050936531,0.16181422938975812,0.00172008331039338
0.16054305480447179,0.001710025050936531,0.16181422938975812,0.00172008331039338
0.16046473608803896,0.0017664921303064088,0.16173542688443038,0.0017769249924023394
0.16046473608803896,0.0017664921303064088,0.16173542688443038,0.0017769249924023394
0.16042179706106915,0.001777652453153189,0.1616922367746169,0.001788152825291969
0.16042179706106915,0.001777652453153189,0.1616922367746169,0.001788152825291969
0.16036910990807432,0.0017947694525657398,0.16163923215011697,0.0018053989986139805
0.16036910990807432,0.0017947694525657398,0.16163923215011697,0.0018053989986139805
0.16033723055776153,0.0018007544148040996,0.1616071598195314,0.0018114231080822015
0.16033723055776153,0.0018007544148040996,0.1616071598195314,0.0018114231080822015
0.16026529556799077,0.0018245867978391303,0.16153482993618354,0.001835417754312673
0.16026529556799077,0.0018245867978391303,0.16153482993618354,0.001835417754312673
0.16025012359725999,0.0018264468589661137,0.16151955220259986,0.0018373001813334268
0.16025012359725999,0.0018264468589661137,0.16151955220259986,0.0018373001813334268
0.16018789571940123,0.0018196250463810885,0.1614569371082764,0.0018304480291455817
0.16018789571940123,0.0018196250463810885,0.1614569371082764,0.0018304480291455817
0.16016282211150396,0.001830133081521829,0.16143171713878698,0.0018410146137973727
0.16016282211150396,0.001830133081521829,0.16143171713878698,0.0018410146137973727
0.1601349703233863,0.001837014834692009,0.16140370348385796,0.001847932946409154
0.1601349703233863,0.001837014834692009,0.16140370348385796,0.001847932946409154
0.16009119882072526,0.001801719302027598,0.16135968419352048,0.0018124491252635075
0.16009119882072526,0.001801719302027598,0.16135968419352048,0.0018124491252635075
0.160065185010206,0.0018139296366388319,0.16133351021691522,0.0018247317549399177
0.160065185010206,0.0018139296366388319,0.16133351021691522,0.0018247317549399177
0.16003063464829914,0.0018191337419095333,0.16129875842221444,0.0018299689132609148
0.16003063464829914,0.0018191337419095333,0.16129875842221444,0.0018299689132609148
0.15998044081097096,0.0018508518313477566,0.16124826582415758,0.001861873263246854
0.15998044081097096,0.0018508518313477566,0.16124826582415758,0.001861873263246854
0.15993076401031933,0.0018702672892163819,0.16119829349219067,0.0018813981269481753
0.15993076401031933,0.0018702672892163819,0.16119829349219067,0.0018813981269481753
0.15989427707818277,0.0018779890942711402,0.16116159422285586,0.0018891584944066696
0.15989427707818277,0.0018779890942711402,0.16116159422285586,0.0018891584944066696
0.1598639820437418,0.0018735379392780544,0.16113111404012564,0.0018846891512609729
0.1598639820437418,0.0018735379392780544,0.16113111404012564,0.0018846891512609729
0.1598192340144901,0.0018988911656481345,0.16108609751143815,0.0019101817665903038
0.1598192340144901,0.0018988911656481345,0.16108609751143815,0.0019101817665903038
0.15978477475154856,0.0019016143006218608,0.16105142068281497,0.0019129210467505897
0.15978477475154856,0.0019016143006218608,0.16105142068281497,0.0019129210467505897
0.15975795918029453,0.0019008718582087085,0.16102444092380602,0.0019121696210864308
0.15975795918029453,0.0019008718582087085,0.16102444092380602,0.0019121696210864308
0.1597413701358091,0.001902291790753057,0.1610077453370619,0.001913590546217603
0.1597413701358091,0.001902291790753057,0.1610077453370619,0.001913590546217603
0.15970987179456234,0.0018918760749080151,0.16097605878754867,0.0019031216526349101
0.15970987179456234,0.0018918760749080151,0.16097605878754867,0.0019031216526349101
0.15970272392874857,0.0018881014209622495,0.16096887014715736,0.001899325326633791
0.15970272392874857,0.0018881014209622495,0.16096887014715736,0.001899325326633791
0.15968403315533214,0.0018895200468186017,0.16095005853634956,0.001900747854732439
0.15968403315533214,0.0018895200468186017,0.16095005853634956,0.001900747854732439
0.15962153833468168,0.0018872937568480113,0.1608871884076809,0.001898535312806076
0.15962153833468168,0.0018872937568480113,0.1608871884076809,0.001898535312806076
0.15959054711801882,0.0018970377066894644,0.16085600769545302,0.001908332027486751
0.15959054711801882,0.0018970377066894644,0.16085600769545302,0.001908332027486751
0.1595604022698705,0.0019164280607583415,0.16082567682803184,0.0019278564668389296
0.1595604022698705,0.0019164280607583415,0.16082567682803184,0.0019278564668389296
0.1595248301711004,0.0019229305356939178,0.16078988111552686,0.0019344090958869108
0.1595248301711004,0.0019229305356939178,0.16078988111552686,0.0019344090958869108
0.15949510064544756,0.0019299231773021275,0.16075997152623336,0.0019414474800428397
0.15949510064544756,0.0019299231773021275,0.16075997152623336,0.0019414474800428397
0.15946093348844886,0.0019095352433991116,0.16072559686717627,0.001920942933805881
0.15946093348844886,0.0019095352433991116,0.16072559686717627,0.001920942933805881
0.15942184779173135,0.0019131570317301727,0.1606862700612248,0.0019245858066152292
0.15942184779173135,0.0019131570317301727,0.1606862700612248,0.0019245858066152292
0.15939157007616211,0.0019054744565420991,0.1606558130819566,0.001916846203197932
0.15939157007616211,0.0019054744565420991,0.1606558130819566,0.001916846203197932
0.15937526216974138,0.0019159308525354697,0.16063941040435833,0.0019273629985249734
0.15937526216974138,0.0019159308525354697,0.16063941040435833,0.0019273629985249734
0.15932913942488985,0.0019395910761712083,0.16059301591050484,0.0019511671630212829
0.15932913942488985,0.0019395910761712083,0.16059301591050484,0.0019511671630212829
0.159288929815249,0.0019497632569774532,0.16055255973053142,0.0019614153662417234
0.159288929815249,0.0019497632569774532,0.16055255973053142,0.0019614153662417234
0.15924014364344974,0.0019689501036684446,0.16050348043003618,0.0019807205368640784
0.15924014364344974,0.0019689501036684446,0.16050348043003618,0.0019807205368640784
0.15922651098073293,0.001976796339931512,0.16048976713257473,0.001988618439817058
0.15922651098073293,0.001976796339931512,0.16048976713257473,0.001988618439817058
0.1591727181990878,0.0019869190438088703,0.16043565157595469,0.001998822262626781
0.1591727181990878,0.0019869190438088703,0.16043565157595469,0.001998822262626781
0.1591297058811647,0.002001677862212766,0.16039238524489743,0.002013683881151411
0.1591297058811647,0.002001677862212766,0.16039238524489743,0.002013683881151411
0.15905147117258672,0.0019521076860288292,0.1603136866791573,0.001963833178562835
0.15905147117258672,0.0019521076860288292,0.1603136866791573,0.001963833178562835
0.15901213236964312,0.0019493093675259734,0.1602741101710932,0.0019610131044515526
0.15901213236964312,0.0019493093675259734,0.1602741101710932,0.0019610131044515526
0.15897477370719182,0.001969684283118534,0.16023652787691778,0.001981506482734255
0.15897477370719182,0.001969684283118534,0.16023652787691778,0.001981506482734255
0.15895347898438744,0.001969782138071561,0.160215107065606,0.001981602405503727
0.15895347898438744,0.001969782138071561,0.160215107065606,0.001981602405503727
0.15891664913466846,0.0019730647837298723,0.16017804367323532,0.0019849007114434375
0.15891664913466846,0.0019730647837298723,0.16017804367323532,0.0019849007114434375
0.1588997090645589,0.001973029241967527,0.1601610044300545,0.001984869185237851
0.1588997090645589,0.001973029241967527,0.1601610044300545,0.001984869185237851
0.15887424557015134,0.001956139818108033,0.16013538783948617,0.0019678814066571085
0.15887424557015134,0.001956139818108033,0.16013538783948617,0.0019678814066571085
0.15884851946045966,0.001961044228225013,0.1601095163598199,0.001972809088419543
0.15884851946045966,0.001961044228225013,0.1601095163598199,0.001972809088419543
0.15880408572185384,0.0019750299236945042,0.16006481640347986,0.0019868754454470017
0.15880408572185384,0.0019750299236945042,0.16006481640347986,0.0019868754454470017
0.15877986068101754,0.001975402304841355,0.16004044605745085,0.0019872530126038572
0.15877986068101754,0.001975402304841355,0.16004044605745085,0.0019872530126038572
0.1586852207802857,0.0020401193390423887,0.15994525806652207,0.0020523653216911472
0.1586852207802857,0.0020401193390423887,0.15994525806652207,0.0020523653216911472
0.15866494539443085,0.00204167767645804,0.15992485382062996,0.0020539342141109597
0.15866494539443085,0.00204167767645804,0.15992485382062996,0.0020539342141109597
0.15861833213480264,0.0020707619982952307,0.15987796100508883,0.002083205497558345
0.15861833213480264,0.0020707619982952307,0.15987796100508883,0.002083205497558345
0.1586010844892766,0.0020730640170192527,0.15986061216741967,0.0020855258750857504
0.1586010844892766,0.0020730640170192527,0.15986061216741967,0.0020855258750857504
0.15856987994473098,0.002065784496996733,0.15982922641888214,0.00207820411307225
0.15856987994473098,0.002065784496996733,0.15982922641888214,0.00207820411307225
0.1585316340681313,0.002070651831773769,0.15979074576308933,0.002083098643097005
0.1585316340681313,0.002070651831773769,0.15979074576308933,0.002083098643097005
0.15849634589515427,0.002102373706143472,0.15975524497975419,0.002115008129901876
0.15849634589515427,0.002102373706143472,0.15975524497975419,0.002115008129901876
0.15848082496303673,0.0021047470187129055,0.15973963159002377,0.0021174000830141903
0.15848082496303673,0.0021047470187129055,0.15973963159002377,0.0021174000830141903
0.158476008688205,0.002101192582330192,0.15973478308734682,0.0021138259853628804
0.158476008688205,0.002101192582330192,0.15973478308734682,0.0021138259853628804
0.15844332480899953,0.0021065311441413903,0.15970190299208348,0.0021191930611000544
0.15844332480899953,0.0021065311441413903,0.15970190299208348,0.0021191930611000544
0.15840767441820375,0.00210081551391756,0.15966603860429732,0.0021134477983296303
0.15840767441820375,0.00210081551391756,0.15966603860429732,0.0021134477983296303
0.1583809471951128,0.0021015304181726184,0.1596391480340087,0.0021141750033333755
0.1583809471951128,0.0021015304181726184,0.1596391480340087,0.0021141750033333755
0.1583569623984938,0.0020853389067600546,0.15961502291749033,0.0020978959564575475
0.1583569623984938,0.0020853389067600546,0.15961502291749033,0.0020978959564575475
0.15832873313407198,0.00208519828816744,0.15958662055716166,0.0020977596668449636
0.15832873313407198,0.00208519828816744,0.15958662055716166,0.0020977596668449636
0.15829481215386598,0.002094959856602951,0.15955250166312507,0.002107581105795425
0.15829481215386598,0.002094959856602951,0.15955250166312507,0.002107581105795425
0.15827230708106513,0.0021062154963816917,0.15952985866135502,0.002118908551541195
0.15827230708106513,0.0021062154963816917,0.15952985866135502,0.002118908551541195
0.15825474426283886,0.0021113280816619363,0.1595121872458582,0.002124060868154964
0.15825474426283886,0.0021113280816619363,0.1595121872458582,0.002124060868154964
0.15822271464747822,0.002118389343928616,0.1594799703358284,0.0021311734005423576
0.15822271464747822,0.002118389343928616,0.1594799703358284,0.0021311734005423576
0.15818847295744995,0.0021287838398095205,0.15944551731936027,0.002141639346263675
0.15818847295744995,0.0021287838398095205,0.15944551731936027,0.002141639346263675
0.1580924741024717,0.0021006999477988426,0.1593489545307614,0.0021134053401462736
0.1580924741024717,0.0021006999477988426,0.1593489545307614,0.0021134053401462736
0.15804724667573997,0.002115481460651604,0.1593034622913751,0.002128279118970476
0.15804724667573997,0.002115481460651604,0.1593034622913751,0.002128279118970476
0.1580288203734972,0.0021129094886105323,0.1592849224003486,0.0021256945784531456
0.1580288203734972,0.0021129094886105323,0.1592849224003486,0.0021256945784531456
0.1579929008704486,0.002109073803214775,0.15924878494939973,0.002121843721740905
0.1579929008704486,0.002109073803214775,0.15924878494939973,0.002121843721740905
0.157875635649754,0.0019585056171241367,0.15913083287933377,0.0019703947497992018
0.157875635649754,0.0019585056171241367,0.15913083287933377,0.0019703947497992018
0.1578302291807339,0.0019121305940330896,0.15908515774795856,0.0019237541893990793
0.1578302291807339,0.0019121305940330896,0.15908515774795856,0.0019237541893990793
0.1577849467966978,0.001894288041648908,0.15903959573178064,0.0019057924548032503
0.1577849467966978,0.001894288041648908,0.15903959573178064,0.0019057924548032503
0.15777174851071726,0.0019058105814123007,0.15902631699303846,0.001917383127289106
0.15777174851071726,0.0019058105814123007,0.15902631699303846,0.001917383127289106
0.1577653596579991,0.0019052926000671423,0.15901989350866613,0.001916858213406889
0.1577653596579991,0.0019052926000671423,0.15901989350866613,0.001916858213406889
0.15768971790914854,0.001931659229139072,0.1589437937107202,0.0019433707746796722
0.15768971790914854,0.001931659229139072,0.1589437937107202,0.0019433707746796722
0.15761877232211635,0.0019155550785909957,0.15887242070999913,0.0019271721762564504
0.15761877232211635,0.0019155550785909957,0.15887242070999913,0.0019271721762564504
0.15754543664155193,0.0019042825114682774,0.15879864887756495,0.0019158335336190394
0.15754543664155193,0.0019042825114682774,0.15879864887756495,0.0019158335336190394
0.15751369319565003,0.0019066609390159155,0.15876671898184172,0.001918215586164346
0.15751369319565003,0.0019066609390159155,0.15876671898184172,0.001918215586164346
0.1574739702322387,0.001925986394629178,0.15872675512607548,0.001937650454517361
0.1574739702322387,0.001925986394629178,0.15872675512607548,0.001937650454517361
0.1574185692755914,0.0019216617601958267,0.15867100839688214,0.001933288634815122
0.1574185692755914,0.0019216617601958267,0.15867100839688214,0.001933288634815122
0.15740528709450202,0.0019172678146276874,0.15865764077880157,0.001928866732411288
0.15740528709450202,0.0019172678146276874,0.15865764077880157,0.001928866732411288
0.15738082844658358,0.0019142223170745731,0.15863303497954523,0.0019258100713637127
0.15738082844658358,0.0019142223170745731,0.15863303497954523,0.0019258100713637127
0.15733116936176633,0.0019158046421202109,0.15858306780847065,0.0019274031462293026
0.15733116936176633,0.0019158046421202109,0.15858306780847065,0.0019274031462293026
0.15727764452638499,0.0018952227144449125,0.15852921106697462,0.0019067143605219332
0.15727764452638499,0.0018952227144449125,0.15852921106697462,0.0019067143605219332
0.15724860280315703,0.0018847934900092821,0.158499978482797,0.0018962231134929013
0.15724860280315703,0.0018847934900092821,0.158499978482797,0.0018962231134929013
0.15715677119923394,0.0019055621677325804,0.1584075929449446,0.00191711588608272
0.15715677119923394,0.0019055621677325804,0.1584075929449446,0.00191711588608272
0.15705484968192956,0.001979128204111484,0.15830506837056754,0.0019911001273721445
0.15705484968192956,0.001979128204111484,0.15830506837056754,0.0019911001273721445
0.15698319753369133,0.0019993225311683285,0.15823297007952475,0.0020114297319321025
0.15698319753369133,0.0019993225311683285,0.15823297007952475,0.0020114297319321025
0.1569640130861058,0.002001963249789165,0.15821366970666775,0.0020140940418699993
0.1569640130861058,0.002001963249789165,0.15821366970666775,0.0020140940418699993
0.1569505136093125,0.0019978027277338085,0.15820008246898826,0.002009908121743274
0.1569505136093125,0.0019978027277338085,0.15820008246898826,0.002009908121743274
0.15693653484849274,0.001999889298049816,0.15818601743264005,0.0020120075356911634
0.15693653484849274,0.001999889298049816,0.15818601743264005,0.0020120075356911634
0.15684240362230079,0.002090814353393754,0.15809128464164096,0.002103533793957657
0.15684240362230079,0.002090814353393754,0.15809128464164096,0.002103533793957657
0.15681171500038163,0.002088974385612284,0.1580603985216627,0.0021016854904675917
0.15681171500038163,0.002088974385612284,0.1580603985216627,0.0021016854904675917
0.15674096393285644,0.002096039278492568,0.15798921280732256,0.002108809601516876
0.15674096393285644,0.002096039278492568,0.15798921280732256,0.002108809601516876
0.1567243286889398,0.0020987466342417414,0.15797247858423247,0.0021115355282654426
0.1567243286889398,0.0020987466342417414,0.15797247858423247,0.0021115355282654426
0.15670778184453088,0.002100875299132441,0.15795583504426336,0.002113677184725675
0.15670778184453088,0.002100875299132441,0.15795583504426336,0.002113677184725675
0.1566752478713587,0.0021127352282721596,0.15792310302364293,0.002125613931434526
0.1566752478713587,0.0021127352282721596,0.15792310302364293,0.002125613931434526
0.15665806391210016,0.0021098223926667345,0.15790581163958342,0.0021226733186575438
0.15665806391210016,0.0021098223926667345,0.15790581163958342,0.0021226733186575438
0.15660801810944758,0.0020987005867680953,0.15785545031705103,0.002111486228677859
0.15660801810944758,0.0020987005867680953,0.15785545031705103,0.002111486228677859
