0.16852632666379574,0.0,0.16984423167839144,0.0
0.1672793608855283,0.0007121294795374373,0.1685901785594004,0.0007162508793431368
0.1672793608855283,0.0007121294795374373,0.1685901785594004,0.0007162508793431368
0.1672793608855283,0.0007121294795374373,0.1685901785594004,0.0007162508793431368
0.1672793608855283,0.0007121294795374373,0.1685901785594004,0.0007162508793431368
0.1672793608855283,0.0007121294795374373,0.1685901785594004,0.0007162508793431368
0.1672793608855283,0.0007121294795374373,0.1685901785594004,0.0007162508793431368
0.1672793608855283,0.0007121294795374373,0.1685901785594004,0.0007162508793431368
0.1672793608855283,0.0007121294795374373,0.1685901785594004,0.0007162508793431368
0.1672793608855283,0.0007121294795374373,0.1685901785594004,0.0007162508793431368
0.1672793608855283,0.0007121294795374373,0.1685901785594004,0.0007162508793431368
0.16527159757367074,0.0021393403131993623,0.16657089426569743,0.0021515925596929534
0.16527159757367074,0.0021393403131993623,0.16657089426569743,0.0021515925596929534
0.16527159757367074,0.0021393403131993623,0.16657089426569743,0.0021515925596929534
0.16527159757367074,0.0021393403131993623,0.16657089426569743,0.0021515925596929534
0.16527159757367074,0.0021393403131993623,0.16657089426569743,0.0021515925596929534
0.16527159757367074,0.0021393403131993623,0.16657089426569743,0.0021515925596929534
0.16527159757367074,0.0021393403131993623,0.16657089426569743,0.0021515925596929534
0.16527159757367074,0.0021393403131993623,0.16657089426569743,0.0021515925596929534
0.16527159757367074,0.0021393403131993623,0.16657089426569743,0.0021515925596929534
0.16527159757367074,0.0021393403131993623,0.16657089426569743,0.0021515925596929534
0.1637659527537492,0.002743710176665638,0.16505652978828597,0.0027598818857169677
0.1637659527537492,0.002743710176665638,0.16505652978828597,0.0027598818857169677
0.1637659527537492,0.002743710176665638,0.16505652978828597,0.0027598818857169677
0.1637659527537492,0.002743710176665638,0.16505652978828597,0.0027598818857169677
0.1637659527537492,0.002743710176665638,0.16505652978828597,0.0027598818857169677
0.1637659527537492,0.002743710176665638,0.16505652978828597,0.0027598818857169677
0.1637659527537492,0.002743710176665638,0.16505652978828597,0.0027598818857169677
0.1637659527537492,0.002743710176665638,0.16505652978828597,0.0027598818857169677
0.1637659527537492,0.002743710176665638,0.16505652978828597,0.0027598818857169677
0.1637659527537492,0.002743710176665638,0.16505652978828597,0.0027598818857169677
0.16277774544268334,0.002882541087965881,0.16406255967402233,0.002899452012471966
0.16277774544268334,0.002882541087965881,0.16406255967402233,0.002899452012471966
0.16277774544268334,0.002882541087965881,0.16406255967402233,0.002899452012471966
0.16277774544268334,0.002882541087965881,0.16406255967402233,0.002899452012471966
0.16277774544268334,0.002882541087965881,0.16406255967402233,0.002899452012471966
0.16277774544268334,0.002882541087965881,0.16406255967402233,0.002899452012471966
0.16277774544268334,0.002882541087965881,0.16406255967402233,0.002899452012471966
0.16277774544268334,0.002882541087965881,0.16406255967402233,0.002899452012471966
0.16277774544268334,0.002882541087965881,0.16406255967402233,0.002899452012471966
0.16277774544268334,0.002882541087965881,0.16406255967402233,0.002899452012471966
0.16173582774151415,0.002783350498058054,0.16301445465197792,0.002799861647176266
0.16173582774151415,0.002783350498058054,0.16301445465197792,0.002799861647176266
0.16173582774151415,0.002783350498058054,0.16301445465197792,0.002799861647176266
0.16173582774151415,0.002783350498058054,0.16301445465197792,0.002799861647176266
0.16173582774151415,0.002783350498058054,0.16301445465197792,0.002799861647176266
0.16173582774151415,0.002783350498058054,0.16301445465197792,0.002799861647176266
0.16173582774151415,0.002783350498058054,0.16301445465197792,0.002799861647176266
0.16173582774151415,0.002783350498058054,0.16301445465197792,0.002799861647176266
0.16173582774151415,0.002783350498058054,0.16301445465197792,0.002799861647176266
0.16173582774151415,0.002783350498058054,0.16301445465197792,0.002799861647176266
0.1598704476119538,0.003337722394619249,0.16113782116136002,0.0033577692821975796
0.1598704476119538,0.003337722394619249,0.16113782116136002,0.0033577692821975796
0.1598704476119538,0.003337722394619249,0.16113782116136002,0.0033577692821975796
0.1598704476119538,0.003337722394619249,0.16113782116136002,0.0033577692821975796
0.1598704476119538,0.003337722394619249,0.16113782116136002,0.0033577692821975796
0.1598704476119538,0.003337722394619249,0.16113782116136002,0.0033577692821975796
0.1598704476119538,0.003337722394619249,0.16113782116136002,0.0033577692821975796
0.1598704476119538,0.003337722394619249,0.16113782116136002,0.0033577692821975796
0.1598704476119538,0.003337722394619249,0.16113782116136002,0.0033577692821975796
0.1598704476119538,0.003337722394619249,0.16113782116136002,0.0033577692821975796
0.15859487617321488,0.0034724500198282486,0.15985455543896535,0.003493442774808609
0.15859487617321488,0.0034724500198282486,0.15985455543896535,0.003493442774808609
0.15859487617321488,0.0034724500198282486,0.15985455543896535,0.003493442774808609
0.15859487617321488,0.0034724500198282486,0.15985455543896535,0.003493442774808609
0.15859487617321488,0.0034724500198282486,0.15985455543896535,0.003493442774808609
0.15859487617321488,0.0034724500198282486,0.15985455543896535,0.003493442774808609
0.15859487617321488,0.0034724500198282486,0.15985455543896535,0.003493442774808609
0.15859487617321488,0.0034724500198282486,0.15985455543896535,0.003493442774808609
0.15859487617321488,0.0034724500198282486,0.15985455543896535,0.003493442774808609
0.15859487617321488,0.0034724500198282486,0.15985455543896535,0.003493442774808609
0.1569654732777871,0.0041519880588745,0.1582151660253043,0.004177364889960416
0.1569654732777871,0.0041519880588745,0.1582151660253043,0.004177364889960416
0.1569654732777871,0.0041519880588745,0.1582151660253043,0.004177364889960416
0.1569654732777871,0.0041519880588745,0.1582151660253043,0.004177364889960416
0.1569654732777871,0.0041519880588745,0.1582151660253043,0.004177364889960416
0.1569654732777871,0.0041519880588745,0.1582151660253043,0.004177364889960416
0.1569654732777871,0.0041519880588745,0.1582151660253043,0.004177364889960416
0.1569654732777871,0.0041519880588745,0.1582151660253043,0.004177364889960416
0.1569654732777871,0.0041519880588745,0.1582151660253043,0.004177364889960416
0.1569654732777871,0.0041519880588745,0.1582151660253043,0.004177364889960416
0.15479977688933028,0.004387740613019901,0.15603608340264064,0.00441470024955391
0.15479977688933028,0.004387740613019901,0.15603608340264064,0.00441470024955391
0.15479977688933028,0.004387740613019901,0.15603608340264064,0.00441470024955391
0.15479977688933028,0.004387740613019901,0.15603608340264064,0.00441470024955391
0.15479977688933028,0.004387740613019901,0.15603608340264064,0.00441470024955391
0.15479977688933028,0.004387740613019901,0.15603608340264064,0.00441470024955391
0.15479977688933028,0.004387740613019901,0.15603608340264064,0.00441470024955391
0.15479977688933028,0.004387740613019901,0.15603608340264064,0.00441470024955391
0.15479977688933028,0.004387740613019901,0.15603608340264064,0.00441470024955391
0.15479977688933028,0.004387740613019901,0.15603608340264064,0.00441470024955391
0.15296050337027867,0.004697658739703538,0.15418543411214194,0.004726695261501311
0.15296050337027867,0.004697658739703538,0.15418543411214194,0.004726695261501311
0.15296050337027867,0.004697658739703538,0.15418543411214194,0.004726695261501311
0.15296050337027867,0.004697658739703538,0.15418543411214194,0.004726695261501311
0.15296050337027867,0.004697658739703538,0.15418543411214194,0.004726695261501311
0.15296050337027867,0.004697658739703538,0.15418543411214194,0.004726695261501311
0.15296050337027867,0.004697658739703538,0.15418543411214194,0.004726695261501311
0.15296050337027867,0.004697658739703538,0.15418543411214194,0.004726695261501311
0.15296050337027867,0.004697658739703538,0.15418543411214194,0.004726695261501311
0.15296050337027867,0.004697658739703538,0.15418543411214194,0.004726695261501311
0.1508965412543662,0.005036571380616221,0.15210809159270275,0.005068428685247878
0.1508965412543662,0.005036571380616221,0.15210809159270275,0.005068428685247878
0.1508965412543662,0.005036571380616221,0.15210809159270275,0.005068428685247878
0.1508965412543662,0.005036571380616221,0.15210809159270275,0.005068428685247878
0.1508965412543662,0.005036571380616221,0.15210809159270275,0.005068428685247878
0.1508965412543662,0.005036571380616221,0.15210809159270275,0.005068428685247878
0.1508965412543662,0.005036571380616221,0.15210809159270275,0.005068428685247878
0.1508965412543662,0.005036571380616221,0.15210809159270275,0.005068428685247878
0.1508965412543662,0.005036571380616221,0.15210809159270275,0.005068428685247878
0.1508965412543662,0.005036571380616221,0.15210809159270275,0.005068428685247878
0.149126014141105,0.005333331386440516,0.1503262743331867,0.005367196247249146
0.149126014141105,0.005333331386440516,0.1503262743331867,0.005367196247249146
0.149126014141105,0.005333331386440516,0.1503262743331867,0.005367196247249146
0.149126014141105,0.005333331386440516,0.1503262743331867,0.005367196247249146
0.149126014141105,0.005333331386440516,0.1503262743331867,0.005367196247249146
0.149126014141105,0.005333331386440516,0.1503262743331867,0.005367196247249146
0.149126014141105,0.005333331386440516,0.1503262743331867,0.005367196247249146
0.149126014141105,0.005333331386440516,0.1503262743331867,0.005367196247249146
0.149126014141105,0.005333331386440516,0.1503262743331867,0.005367196247249146
0.149126014141105,0.005333331386440516,0.1503262743331867,0.005367196247249146
0.146053015348728,0.00669435898735155,0.14723337239071263,0.006737785732731367
0.146053015348728,0.00669435898735155,0.14723337239071263,0.006737785732731367
0.146053015348728,0.00669435898735155,0.14723337239071263,0.006737785732731367
0.146053015348728,0.00669435898735155,0.14723337239071263,0.006737785732731367
0.146053015348728,0.00669435898735155,0.14723337239071263,0.006737785732731367
0.146053015348728,0.00669435898735155,0.14723337239071263,0.006737785732731367
0.146053015348728,0.00669435898735155,0.14723337239071263,0.006737785732731367
0.146053015348728,0.00669435898735155,0.14723337239071263,0.006737785732731367
0.146053015348728,0.00669435898735155,0.14723337239071263,0.006737785732731367
0.146053015348728,0.00669435898735155,0.14723337239071263,0.006737785732731367
0.14353651256549632,0.007763187144405813,0.14470006569221627,0.007814449488973016
0.14353651256549632,0.007763187144405813,0.14470006569221627,0.007814449488973016
0.14353651256549632,0.007763187144405813,0.14470006569221627,0.007814449488973016
0.14353651256549632,0.007763187144405813,0.14470006569221627,0.007814449488973016
0.14353651256549632,0.007763187144405813,0.14470006569221627,0.007814449488973016
0.14353651256549632,0.007763187144405813,0.14470006569221627,0.007814449488973016
0.14353651256549632,0.007763187144405813,0.14470006569221627,0.007814449488973016
0.14353651256549632,0.007763187144405813,0.14470006569221627,0.007814449488973016
0.14353651256549632,0.007763187144405813,0.14470006569221627,0.007814449488973016
0.14353651256549632,0.007763187144405813,0.14470006569221627,0.007814449488973016
0.14052197055385324,0.008243730523181335,0.14166528610421292,0.008298943565144911
0.14052197055385324,0.008243730523181335,0.14166528610421292,0.008298943565144911
0.14052197055385324,0.008243730523181335,0.14166528610421292,0.008298943565144911
0.14052197055385324,0.008243730523181335,0.14166528610421292,0.008298943565144911
0.14052197055385324,0.008243730523181335,0.14166528610421292,0.008298943565144911
0.14052197055385324,0.008243730523181335,0.14166528610421292,0.008298943565144911
0.14052197055385324,0.008243730523181335,0.14166528610421292,0.008298943565144911
0.14052197055385324,0.008243730523181335,0.14166528610421292,0.008298943565144911
0.14052197055385324,0.008243730523181335,0.14166528610421292,0.008298943565144911
0.14052197055385324,0.008243730523181335,0.14166528610421292,0.008298943565144911
0.13712878395896758,0.007892023616285397,0.13824902127482924,0.007946728612464326
0.13712878395896758,0.007892023616285397,0.13824902127482924,0.007946728612464326
0.13712878395896758,0.007892023616285397,0.13824902127482924,0.007946728612464326
0.13712878395896758,0.007892023616285397,0.13824902127482924,0.007946728612464326
0.13712878395896758,0.007892023616285397,0.13824902127482924,0.007946728612464326
0.13712878395896758,0.007892023616285397,0.13824902127482924,0.007946728612464326
0.13712878395896758,0.007892023616285397,0.13824902127482924,0.007946728612464326
0.13712878395896758,0.007892023616285397,0.13824902127482924,0.007946728612464326
0.13712878395896758,0.007892023616285397,0.13824902127482924,0.007946728612464326
0.13712878395896758,0.007892023616285397,0.13824902127482924,0.007946728612464326
0.13060554704043806,0.011007459377903692,0.13167828657784889,0.01108789767819551
0.13060554704043806,0.011007459377903692,0.13167828657784889,0.01108789767819551
0.13060554704043806,0.011007459377903692,0.13167828657784889,0.01108789767819551
0.13060554704043806,0.011007459377903692,0.13167828657784889,0.01108789767819551
0.13060554704043806,0.011007459377903692,0.13167828657784889,0.01108789767819551
0.13060554704043806,0.011007459377903692,0.13167828657784889,0.01108789767819551
0.13060554704043806,0.011007459377903692,0.13167828657784889,0.01108789767819551
0.13060554704043806,0.011007459377903692,0.13167828657784889,0.01108789767819551
0.13060554704043806,0.011007459377903692,0.13167828657784889,0.01108789767819551
0.13060554704043806,0.011007459377903692,0.13167828657784889,0.01108789767819551
0.12736039297358537,0.011071256524009433,0.1284092578342359,0.01115350366636071
0.12736039297358537,0.011071256524009433,0.1284092578342359,0.01115350366636071
0.12736039297358537,0.011071256524009433,0.1284092578342359,0.01115350366636071
0.12736039297358537,0.011071256524009433,0.1284092578342359,0.01115350366636071
0.12736039297358537,0.011071256524009433,0.1284092578342359,0.01115350366636071
0.12736039297358537,0.011071256524009433,0.1284092578342359,0.01115350366636071
0.12736039297358537,0.011071256524009433,0.1284092578342359,0.01115350366636071
0.12736039297358537,0.011071256524009433,0.1284092578342359,0.01115350366636071
0.12736039297358537,0.011071256524009433,0.1284092578342359,0.01115350366636071
0.12736039297358537,0.011071256524009433,0.1284092578342359,0.01115350366636071
0.12340184542467318,0.013087652783148149,0.12441939546271788,0.013188497639747908
0.12340184542467318,0.013087652783148149,0.12441939546271788,0.013188497639747908
0.12340184542467318,0.013087652783148149,0.12441939546271788,0.013188497639747908
0.12340184542467318,0.013087652783148149,0.12441939546271788,0.013188497639747908
0.12340184542467318,0.013087652783148149,0.12441939546271788,0.013188497639747908
0.12340184542467318,0.013087652783148149,0.12441939546271788,0.013188497639747908
0.12340184542467318,0.013087652783148149,0.12441939546271788,0.013188497639747908
0.12340184542467318,0.013087652783148149,0.12441939546271788,0.013188497639747908
0.12340184542467318,0.013087652783148149,0.12441939546271788,0.013188497639747908
0.12340184542467318,0.013087652783148149,0.12441939546271788,0.013188497639747908
0.1179569252828943,0.0129705739033992,0.11893209806214777,0.013071158931317769
0.1179569252828943,0.0129705739033992,0.11893209806214777,0.013071158931317769
0.1179569252828943,0.0129705739033992,0.11893209806214777,0.013071158931317769
0.1179569252828943,0.0129705739033992,0.11893209806214777,0.013071158931317769
0.1179569252828943,0.0129705739033992,0.11893209806214777,0.013071158931317769
0.1179569252828943,0.0129705739033992,0.11893209806214777,0.013071158931317769
0.1179569252828943,0.0129705739033992,0.11893209806214777,0.013071158931317769
0.1179569252828943,0.0129705739033992,0.11893209806214777,0.013071158931317769
0.1179569252828943,0.0129705739033992,0.11893209806214777,0.013071158931317769
0.1179569252828943,0.0129705739033992,0.11893209806214777,0.013071158931317769
0.11106914309070397,0.017751198582079845,0.11197801388851128,0.017911492551833746
0.11106914309070397,0.017751198582079845,0.11197801388851128,0.017911492551833746
0.11106914309070397,0.017751198582079845,0.11197801388851128,0.017911492551833746
0.11106914309070397,0.017751198582079845,0.11197801388851128,0.017911492551833746
0.11106914309070397,0.017751198582079845,0.11197801388851128,0.017911492551833746
0.11106914309070397,0.017751198582079845,0.11197801388851128,0.017911492551833746
0.11106914309070397,0.017751198582079845,0.11197801388851128,0.017911492551833746
0.11106914309070397,0.017751198582079845,0.11197801388851128,0.017911492551833746
0.11106914309070397,0.017751198582079845,0.11197801388851128,0.017911492551833746
0.11106914309070397,0.017751198582079845,0.11197801388851128,0.017911492551833746
0.10767145576999618,0.01689421990748226,0.10855290571863283,0.01704317227892563
0.10767145576999618,0.01689421990748226,0.10855290571863283,0.01704317227892563
0.10767145576999618,0.01689421990748226,0.10855290571863283,0.01704317227892563
0.10767145576999618,0.01689421990748226,0.10855290571863283,0.01704317227892563
0.10767145576999618,0.01689421990748226,0.10855290571863283,0.01704317227892563
0.10767145576999618,0.01689421990748226,0.10855290571863283,0.01704317227892563
0.10767145576999618,0.01689421990748226,0.10855290571863283,0.01704317227892563
0.10767145576999618,0.01689421990748226,0.10855290571863283,0.01704317227892563
0.10767145576999618,0.01689421990748226,0.10855290571863283,0.01704317227892563
0.10767145576999618,0.01689421990748226,0.10855290571863283,0.01704317227892563
0.1038172880460623,0.016987695725374247,0.10466303350294706,0.017140178968659936
0.1038172880460623,0.016987695725374247,0.10466303350294706,0.017140178968659936
0.1038172880460623,0.016987695725374247,0.10466303350294706,0.017140178968659936
0.1038172880460623,0.016987695725374247,0.10466303350294706,0.017140178968659936
0.1038172880460623,0.016987695725374247,0.10466303350294706,0.017140178968659936
0.1038172880460623,0.016987695725374247,0.10466303350294706,0.017140178968659936
0.1038172880460623,0.016987695725374247,0.10466303350294706,0.017140178968659936
0.1038172880460623,0.016987695725374247,0.10466303350294706,0.017140178968659936
0.1038172880460623,0.016987695725374247,0.10466303350294706,0.017140178968659936
0.1038172880460623,0.016987695725374247,0.10466303350294706,0.017140178968659936
0.09868672164833406,0.017935213606226057,0.09948046246294581,0.01810142702265575
0.09868672164833406,0.017935213606226057,0.09948046246294581,0.01810142702265575
0.09868672164833406,0.017935213606226057,0.09948046246294581,0.01810142702265575
0.09868672164833406,0.017935213606226057,0.09948046246294581,0.01810142702265575
0.09868672164833406,0.017935213606226057,0.09948046246294581,0.01810142702265575
0.09868672164833406,0.017935213606226057,0.09948046246294581,0.01810142702265575
0.09868672164833406,0.017935213606226057,0.09948046246294581,0.01810142702265575
0.09868672164833406,0.017935213606226057,0.09948046246294581,0.01810142702265575
0.09868672164833406,0.017935213606226057,0.09948046246294581,0.01810142702265575
0.09868672164833406,0.017935213606226057,0.09948046246294581,0.01810142702265575
0.09635926423636647,0.01799295834259031,0.09712786948890272,0.018165953108211216
0.09635926423636647,0.01799295834259031,0.09712786948890272,0.018165953108211216
0.09635926423636647,0.01799295834259031,0.09712786948890272,0.018165953108211216
0.09635926423636647,0.01799295834259031,0.09712786948890272,0.018165953108211216
0.09635926423636647,0.01799295834259031,0.09712786948890272,0.018165953108211216
0.09635926423636647,0.01799295834259031,0.09712786948890272,0.018165953108211216
0.09635926423636647,0.01799295834259031,0.09712786948890272,0.018165953108211216
0.09635926423636647,0.01799295834259031,0.09712786948890272,0.018165953108211216
0.09635926423636647,0.01799295834259031,0.09712786948890272,0.018165953108211216
0.09635926423636647,0.01799295834259031,0.09712786948890272,0.018165953108211216
0.09166391310367805,0.01883655569580185,0.09237852780263753,0.019025677464887973
0.09166391310367805,0.01883655569580185,0.09237852780263753,0.019025677464887973
0.09166391310367805,0.01883655569580185,0.09237852780263753,0.019025677464887973
0.09166391310367805,0.01883655569580185,0.09237852780263753,0.019025677464887973
0.09166391310367805,0.01883655569580185,0.09237852780263753,0.019025677464887973
0.09166391310367805,0.01883655569580185,0.09237852780263753,0.019025677464887973
0.09166391310367805,0.01883655569580185,0.09237852780263753,0.019025677464887973
0.09166391310367805,0.01883655569580185,0.09237852780263753,0.019025677464887973
0.09166391310367805,0.01883655569580185,0.09237852780263753,0.019025677464887973
0.09166391310367805,0.01883655569580185,0.09237852780263753,0.019025677464887973
0.08791555745491604,0.019443346555497815,0.0885791157863306,0.01965578092719564
0.08791555745491604,0.019443346555497815,0.0885791157863306,0.01965578092719564
0.08791555745491604,0.019443346555497815,0.0885791157863306,0.01965578092719564
0.08791555745491604,0.019443346555497815,0.0885791157863306,0.01965578092719564
0.08791555745491604,0.019443346555497815,0.0885791157863306,0.01965578092719564
0.08791555745491604,0.019443346555497815,0.0885791157863306,0.01965578092719564
0.08791555745491604,0.019443346555497815,0.0885791157863306,0.01965578092719564
0.08791555745491604,0.019443346555497815,0.0885791157863306,0.01965578092719564
0.08791555745491604,0.019443346555497815,0.0885791157863306,0.01965578092719564
0.08791555745491604,0.019443346555497815,0.0885791157863306,0.01965578092719564
0.08591326373396282,0.01923407729137798,0.08654553595016817,0.01946403709046641
0.08591326373396282,0.01923407729137798,0.08654553595016817,0.01946403709046641
0.08591326373396282,0.01923407729137798,0.08654553595016817,0.01946403709046641
0.08591326373396282,0.01923407729137798,0.08654553595016817,0.01946403709046641
0.08591326373396282,0.01923407729137798,0.08654553595016817,0.01946403709046641
0.08591326373396282,0.01923407729137798,0.08654553595016817,0.01946403709046641
0.08591326373396282,0.01923407729137798,0.08654553595016817,0.01946403709046641
0.08591326373396282,0.01923407729137798,0.08654553595016817,0.01946403709046641
0.08591326373396282,0.01923407729137798,0.08654553595016817,0.01946403709046641
0.08591326373396282,0.01923407729137798,0.08654553595016817,0.01946403709046641
0.08208964677806575,0.01705694335167486,0.08267399584496651,0.01728236426717342
0.08208964677806575,0.01705694335167486,0.08267399584496651,0.01728236426717342
0.08208964677806575,0.01705694335167486,0.08267399584496651,0.01728236426717342
0.08208964677806575,0.01705694335167486,0.08267399584496651,0.01728236426717342
0.08208964677806575,0.01705694335167486,0.08267399584496651,0.01728236426717342
0.08208964677806575,0.01705694335167486,0.08267399584496651,0.01728236426717342
0.08208964677806575,0.01705694335167486,0.08267399584496651,0.01728236426717342
0.08208964677806575,0.01705694335167486,0.08267399584496651,0.01728236426717342
0.08208964677806575,0.01705694335167486,0.08267399584496651,0.01728236426717342
0.08208964677806575,0.01705694335167486,0.08267399584496651,0.01728236426717342
0.08139658537140324,0.01546329578567205,0.08197792147631802,0.015671137355370623
0.08139658537140324,0.01546329578567205,0.08197792147631802,0.015671137355370623
0.08139658537140324,0.01546329578567205,0.08197792147631802,0.015671137355370623
0.08139658537140324,0.01546329578567205,0.08197792147631802,0.015671137355370623
0.08139658537140324,0.01546329578567205,0.08197792147631802,0.015671137355370623
0.08139658537140324,0.01546329578567205,0.08197792147631802,0.015671137355370623
0.08139658537140324,0.01546329578567205,0.08197792147631802,0.015671137355370623
0.08139658537140324,0.01546329578567205,0.08197792147631802,0.015671137355370623
0.08139658537140324,0.01546329578567205,0.08197792147631802,0.015671137355370623
0.08139658537140324,0.01546329578567205,0.08197792147631802,0.015671137355370623
0.0783589799042145,0.015388035058278486,0.0788974686557847,0.015593611010693778
0.0783589799042145,0.015388035058278486,0.0788974686557847,0.015593611010693778
0.0783589799042145,0.015388035058278486,0.0788974686557847,0.015593611010693778
0.0783589799042145,0.015388035058278486,0.0788974686557847,0.015593611010693778
0.0783589799042145,0.015388035058278486,0.0788974686557847,0.015593611010693778
0.0783589799042145,0.015388035058278486,0.0788974686557847,0.015593611010693778
0.0783589799042145,0.015388035058278486,0.0788974686557847,0.015593611010693778
0.0783589799042145,0.015388035058278486,0.0788974686557847,0.015593611010693778
0.0783589799042145,0.015388035058278486,0.0788974686557847,0.015593611010693778
0.0783589799042145,0.015388035058278486,0.0788974686557847,0.015593611010693778
0.07659450937219502,0.013862814548323272,0.07711098696768055,0.014056896078967318
0.07659450937219502,0.013862814548323272,0.07711098696768055,0.014056896078967318
0.07659450937219502,0.013862814548323272,0.07711098696768055,0.014056896078967318
0.07659450937219502,0.013862814548323272,0.07711098696768055,0.014056896078967318
0.07659450937219502,0.013862814548323272,0.07711098696768055,0.014056896078967318
0.07659450937219502,0.013862814548323272,0.07711098696768055,0.014056896078967318
0.07659450937219502,0.013862814548323272,0.07711098696768055,0.014056896078967318
0.07659450937219502,0.013862814548323272,0.07711098696768055,0.014056896078967318
0.07659450937219502,0.013862814548323272,0.07711098696768055,0.014056896078967318
0.07659450937219502,0.013862814548323272,0.07711098696768055,0.014056896078967318
0.07436095217308145,0.013753241955789332,0.07483441109424857,0.01396407150831304
0.07436095217308145,0.013753241955789332,0.07483441109424857,0.01396407150831304
0.07436095217308145,0.013753241955789332,0.07483441109424857,0.01396407150831304
0.07436095217308145,0.013753241955789332,0.07483441109424857,0.01396407150831304
0.07436095217308145,0.013753241955789332,0.07483441109424857,0.01396407150831304
0.07436095217308145,0.013753241955789332,0.07483441109424857,0.01396407150831304
0.07436095217308145,0.013753241955789332,0.07483441109424857,0.01396407150831304
0.07436095217308145,0.013753241955789332,0.07483441109424857,0.01396407150831304
0.07436095217308145,0.013753241955789332,0.07483441109424857,0.01396407150831304
0.07436095217308145,0.013753241955789332,0.07483441109424857,0.01396407150831304
0.07097853715816616,0.010959930448545697,0.07139564143651293,0.011160881355416175
0.07097853715816616,0.010959930448545697,0.07139564143651293,0.011160881355416175
0.07097853715816616,0.010959930448545697,0.07139564143651293,0.011160881355416175
0.07097853715816616,0.010959930448545697,0.07139564143651293,0.011160881355416175
0.07097853715816616,0.010959930448545697,0.07139564143651293,0.011160881355416175
0.07097853715816616,0.010959930448545697,0.07139564143651293,0.011160881355416175
0.07097853715816616,0.010959930448545697,0.07139564143651293,0.011160881355416175
0.07097853715816616,0.010959930448545697,0.07139564143651293,0.011160881355416175
0.07097853715816616,0.010959930448545697,0.07139564143651293,0.011160881355416175
0.07097853715816616,0.010959930448545697,0.07139564143651293,0.011160881355416175
0.07001785678199378,0.010251900208657197,0.07042288414115162,0.010438026550178198
0.07001785678199378,0.010251900208657197,0.07042288414115162,0.010438026550178198
0.07001785678199378,0.010251900208657197,0.07042288414115162,0.010438026550178198
0.07001785678199378,0.010251900208657197,0.07042288414115162,0.010438026550178198
0.07001785678199378,0.010251900208657197,0.07042288414115162,0.010438026550178198
0.07001785678199378,0.010251900208657197,0.07042288414115162,0.010438026550178198
0.07001785678199378,0.010251900208657197,0.07042288414115162,0.010438026550178198
0.07001785678199378,0.010251900208657197,0.07042288414115162,0.010438026550178198
0.07001785678199378,0.010251900208657197,0.07042288414115162,0.010438026550178198
0.07001785678199378,0.010251900208657197,0.07042288414115162,0.010438026550178198
0.06855223396618812,0.009430262706510907,0.068931031734942,0.009609259256251855
0.06855223396618812,0.009430262706510907,0.068931031734942,0.009609259256251855
0.06855223396618812,0.009430262706510907,0.068931031734942,0.009609259256251855
0.06855223396618812,0.009430262706510907,0.068931031734942,0.009609259256251855
0.06855223396618812,0.009430262706510907,0.068931031734942,0.009609259256251855
0.06855223396618812,0.009430262706510907,0.068931031734942,0.009609259256251855
0.06855223396618812,0.009430262706510907,0.068931031734942,0.009609259256251855
0.06855223396618812,0.009430262706510907,0.068931031734942,0.009609259256251855
0.06855223396618812,0.009430262706510907,0.068931031734942,0.009609259256251855
0.06855223396618812,0.009430262706510907,0.068931031734942,0.009609259256251855
0.06660947098430883,0.008872229909140359,0.0669459469685045,0.009045745550795696
0.06660947098430883,0.008872229909140359,0.0669459469685045,0.009045745550795696
0.06660947098430883,0.008872229909140359,0.0669459469685045,0.009045745550795696
0.06660947098430883,0.008872229909140359,0.0669459469685045,0.009045745550795696
0.06660947098430883,0.008872229909140359,0.0669459469685045,0.009045745550795696
0.06660947098430883,0.008872229909140359,0.0669459469685045,0.009045745550795696
0.06660947098430883,0.008872229909140359,0.0669459469685045,0.009045745550795696
0.06660947098430883,0.008872229909140359,0.0669459469685045,0.009045745550795696
0.06660947098430883,0.008872229909140359,0.0669459469685045,0.009045745550795696
0.06660947098430883,0.008872229909140359,0.0669459469685045,0.009045745550795696
0.06539235489680627,0.008569079939167877,0.0657006791552989,0.008738240111365743
0.06539235489680627,0.008569079939167877,0.0657006791552989,0.008738240111365743
0.06539235489680627,0.008569079939167877,0.0657006791552989,0.008738240111365743
0.06539235489680627,0.008569079939167877,0.0657006791552989,0.008738240111365743
0.06539235489680627,0.008569079939167877,0.0657006791552989,0.008738240111365743
0.06539235489680627,0.008569079939167877,0.0657006791552989,0.008738240111365743
0.06539235489680627,0.008569079939167877,0.0657006791552989,0.008738240111365743
0.06539235489680627,0.008569079939167877,0.0657006791552989,0.008738240111365743
0.06539235489680627,0.008569079939167877,0.0657006791552989,0.008738240111365743
0.06539235489680627,0.008569079939167877,0.0657006791552989,0.008738240111365743
0.06517968913059688,0.008302176276425132,0.0654793583093636,0.008477748994737463
0.06517968913059688,0.008302176276425132,0.0654793583093636,0.008477748994737463
0.06517968913059688,0.008302176276425132,0.0654793583093636,0.008477748994737463
0.06517968913059688,0.008302176276425132,0.0654793583093636,0.008477748994737463
0.06517968913059688,0.008302176276425132,0.0654793583093636,0.008477748994737463
0.06517968913059688,0.008302176276425132,0.0654793583093636,0.008477748994737463
0.06517968913059688,0.008302176276425132,0.0654793583093636,0.008477748994737463
0.06517968913059688,0.008302176276425132,0.0654793583093636,0.008477748994737463
0.06517968913059688,0.008302176276425132,0.0654793583093636,0.008477748994737463
0.06517968913059688,0.008302176276425132,0.0654793583093636,0.008477748994737463
0.06443773723274064,0.007563954326553926,0.0647236780777852,0.007728783407948294
0.06443773723274064,0.007563954326553926,0.0647236780777852,0.007728783407948294
0.06443773723274064,0.007563954326553926,0.0647236780777852,0.007728783407948294
0.06443773723274064,0.007563954326553926,0.0647236780777852,0.007728783407948294
0.06443773723274064,0.007563954326553926,0.0647236780777852,0.007728783407948294
0.06443773723274064,0.007563954326553926,0.0647236780777852,0.007728783407948294
0.06443773723274064,0.007563954326553926,0.0647236780777852,0.007728783407948294
0.06443773723274064,0.007563954326553926,0.0647236780777852,0.007728783407948294
0.06443773723274064,0.007563954326553926,0.0647236780777852,0.007728783407948294
0.06443773723274064,0.007563954326553926,0.0647236780777852,0.007728783407948294
0.0644847734250736,0.0074341486595078735,0.0647717274394308,0.0075992306119696765
0.0644847734250736,0.0074341486595078735,0.0647717274394308,0.0075992306119696765
0.0644847734250736,0.0074341486595078735,0.0647717274394308,0.0075992306119696765
0.0644847734250736,0.0074341486595078735,0.0647717274394308,0.0075992306119696765
0.0644847734250736,0.0074341486595078735,0.0647717274394308,0.0075992306119696765
0.0644847734250736,0.0074341486595078735,0.0647717274394308,0.0075992306119696765
0.0644847734250736,0.0074341486595078735,0.0647717274394308,0.0075992306119696765
0.0644847734250736,0.0074341486595078735,0.0647717274394308,0.0075992306119696765
0.0644847734250736,0.0074341486595078735,0.0647717274394308,0.0075992306119696765
0.0644847734250736,0.0074341486595078735,0.0647717274394308,0.0075992306119696765
0.06158473869180252,0.0030170236563271924,0.06181739223354469,0.003113445613134329
0.06158473869180252,0.0030170236563271924,0.06181739223354469,0.003113445613134329
0.06158473869180252,0.0030170236563271924,0.06181739223354469,0.003113445613134329
0.06158473869180252,0.0030170236563271924,0.06181739223354469,0.003113445613134329
0.06158473869180252,0.0030170236563271924,0.06181739223354469,0.003113445613134329
0.06158473869180252,0.0030170236563271924,0.06181739223354469,0.003113445613134329
0.06158473869180252,0.0030170236563271924,0.06181739223354469,0.003113445613134329
0.06158473869180252,0.0030170236563271924,0.06181739223354469,0.003113445613134329
0.06158473869180252,0.0030170236563271924,0.06181739223354469,0.003113445613134329
0.06158473869180252,0.0030170236563271924,0.06181739223354469,0.003113445613134329
0.061260194688242585,0.0025486795620459756,0.06148537465860647,0.0026348735585523106
0.061260194688242585,0.0025486795620459756,0.06148537465860647,0.0026348735585523106
0.061260194688242585,0.0025486795620459756,0.06148537465860647,0.0026348735585523106
0.061260194688242585,0.0025486795620459756,0.06148537465860647,0.0026348735585523106
0.061260194688242585,0.0025486795620459756,0.06148537465860647,0.0026348735585523106
0.061260194688242585,0.0025486795620459756,0.06148537465860647,0.0026348735585523106
0.061260194688242585,0.0025486795620459756,0.06148537465860647,0.0026348735585523106
0.061260194688242585,0.0025486795620459756,0.06148537465860647,0.0026348735585523106
0.061260194688242585,0.0025486795620459756,0.06148537465860647,0.0026348735585523106
0.061260194688242585,0.0025486795620459756,0.06148537465860647,0.0026348735585523106
0.061651109875478595,0.0030732235475137556,0.06188491925067254,0.00317232666470114
0.061651109875478595,0.0030732235475137556,0.06188491925067254,0.00317232666470114
0.061651109875478595,0.0030732235475137556,0.06188491925067254,0.00317232666470114
0.061651109875478595,0.0030732235475137556,0.06188491925067254,0.00317232666470114
0.061651109875478595,0.0030732235475137556,0.06188491925067254,0.00317232666470114
0.061651109875478595,0.0030732235475137556,0.06188491925067254,0.00317232666470114
0.061651109875478595,0.0030732235475137556,0.06188491925067254,0.00317232666470114
0.061651109875478595,0.0030732235475137556,0.06188491925067254,0.00317232666470114
0.061651109875478595,0.0030732235475137556,0.06188491925067254,0.00317232666470114
0.061651109875478595,0.0030732235475137556,0.06188491925067254,0.00317232666470114
0.06060376042624893,0.0021153275708611003,0.06080912644237095,0.0021898801734229426
0.06060376042624893,0.0021153275708611003,0.06080912644237095,0.0021898801734229426
0.06060376042624893,0.0021153275708611003,0.06080912644237095,0.0021898801734229426
0.06060376042624893,0.0021153275708611003,0.06080912644237095,0.0021898801734229426
0.06060376042624893,0.0021153275708611003,0.06080912644237095,0.0021898801734229426
0.06060376042624893,0.0021153275708611003,0.06080912644237095,0.0021898801734229426
0.06060376042624893,0.0021153275708611003,0.06080912644237095,0.0021898801734229426
0.06060376042624893,0.0021153275708611003,0.06080912644237095,0.0021898801734229426
0.06060376042624893,0.0021153275708611003,0.06080912644237095,0.0021898801734229426
0.06060376042624893,0.0021153275708611003,0.06080912644237095,0.0021898801734229426
0.06017564784313566,0.001414522954562744,0.060369289699785764,0.0014725188657179037
0.06017564784313566,0.001414522954562744,0.060369289699785764,0.0014725188657179037
0.06017564784313566,0.001414522954562744,0.060369289699785764,0.0014725188657179037
0.06017564784313566,0.001414522954562744,0.060369289699785764,0.0014725188657179037
0.06017564784313566,0.001414522954562744,0.060369289699785764,0.0014725188657179037
0.06017564784313566,0.001414522954562744,0.060369289699785764,0.0014725188657179037
0.06017564784313566,0.001414522954562744,0.060369289699785764,0.0014725188657179037
0.06017564784313566,0.001414522954562744,0.060369289699785764,0.0014725188657179037
0.06017564784313566,0.001414522954562744,0.060369289699785764,0.0014725188657179037
0.06017564784313566,0.001414522954562744,0.060369289699785764,0.0014725188657179037
0.06012126115192823,0.0013925221172217067,0.06031281132031541,0.0014487307495441146
0.06012126115192823,0.0013925221172217067,0.06031281132031541,0.0014487307495441146
0.06012126115192823,0.0013925221172217067,0.06031281132031541,0.0014487307495441146
0.06012126115192823,0.0013925221172217067,0.06031281132031541,0.0014487307495441146
0.06012126115192823,0.0013925221172217067,0.06031281132031541,0.0014487307495441146
0.06012126115192823,0.0013925221172217067,0.06031281132031541,0.0014487307495441146
0.06012126115192823,0.0013925221172217067,0.06031281132031541,0.0014487307495441146
0.06012126115192823,0.0013925221172217067,0.06031281132031541,0.0014487307495441146
0.06012126115192823,0.0013925221172217067,0.06031281132031541,0.0014487307495441146
0.06012126115192823,0.0013925221172217067,0.06031281132031541,0.0014487307495441146
0.059918898038370215,0.0014729642370146844,0.0601003484714858,0.0015296476899406071
0.059918898038370215,0.0014729642370146844,0.0601003484714858,0.0015296476899406071
0.059918898038370215,0.0014729642370146844,0.0601003484714858,0.0015296476899406071
0.059918898038370215,0.0014729642370146844,0.0601003484714858,0.0015296476899406071
0.059918898038370215,0.0014729642370146844,0.0601003484714858,0.0015296476899406071
0.059918898038370215,0.0014729642370146844,0.0601003484714858,0.0015296476899406071
0.059918898038370215,0.0014729642370146844,0.0601003484714858,0.0015296476899406071
0.059918898038370215,0.0014729642370146844,0.0601003484714858,0.0015296476899406071
0.059918898038370215,0.0014729642370146844,0.0601003484714858,0.0015296476899406071
0.059918898038370215,0.0014729642370146844,0.0601003484714858,0.0015296476899406071
0.05973330854524983,0.0015160863717678685,0.05990550768286444,0.001579139605440063
0.05973330854524983,0.0015160863717678685,0.05990550768286444,0.001579139605440063
0.05973330854524983,0.0015160863717678685,0.05990550768286444,0.001579139605440063
0.05973330854524983,0.0015160863717678685,0.05990550768286444,0.001579139605440063
0.05973330854524983,0.0015160863717678685,0.05990550768286444,0.001579139605440063
0.05973330854524983,0.0015160863717678685,0.05990550768286444,0.001579139605440063
0.05973330854524983,0.0015160863717678685,0.05990550768286444,0.001579139605440063
0.05973330854524983,0.0015160863717678685,0.05990550768286444,0.001579139605440063
0.05973330854524983,0.0015160863717678685,0.05990550768286444,0.001579139605440063
0.05973330854524983,0.0015160863717678685,0.05990550768286444,0.001579139605440063
0.059741785529656644,0.0012545607124887087,0.05991629087646142,0.0013117333261200804
0.059741785529656644,0.0012545607124887087,0.05991629087646142,0.0013117333261200804
0.059741785529656644,0.0012545607124887087,0.05991629087646142,0.0013117333261200804
0.059741785529656644,0.0012545607124887087,0.05991629087646142,0.0013117333261200804
0.059741785529656644,0.0012545607124887087,0.05991629087646142,0.0013117333261200804
0.059741785529656644,0.0012545607124887087,0.05991629087646142,0.0013117333261200804
0.059741785529656644,0.0012545607124887087,0.05991629087646142,0.0013117333261200804
0.059741785529656644,0.0012545607124887087,0.05991629087646142,0.0013117333261200804
0.059741785529656644,0.0012545607124887087,0.05991629087646142,0.0013117333261200804
0.059741785529656644,0.0012545607124887087,0.05991629087646142,0.0013117333261200804
