0.1328744228579168,0.0,0.13378314680023023,2.7755575615628914e-17
0.12711866204552358,0.007541415121616766,0.12797263928549543,0.007608999350020463
0.12653000143147744,0.007643178257111292,0.1273792867225398,0.007711674115477736
0.12376981767486075,0.00701716205297494,0.12459271176528257,0.007079967831133881
0.12338882047579798,0.007058230182954178,0.12420899872829316,0.0071214403519979435
0.1212063908464391,0.007290911000176974,0.12200688830501813,0.007356463768206933
0.1183514898195587,0.01328641772453697,0.11912528691957355,0.013411478384428055
0.1151765979927305,0.014140833565752305,0.11593037876331387,0.014263865356109687
0.11415979102130627,0.01367443859413325,0.11490368550365448,0.013793963703159221
0.11073725990186571,0.017275647352064927,0.1114484036988284,0.017437240361615425
0.10892927121225612,0.017577537116079216,0.10962205873592297,0.01774482207844455
0.10892927121225612,0.017577537116079216,0.10962205873592297,0.01774482207844455
0.1041461378515317,0.020298847993891752,0.10479051158617243,0.02048391514684293
0.1041461378515317,0.020298847993891752,0.10479051158617243,0.02048391514684293
0.1034923094927415,0.020593203313835327,0.1041296058787187,0.020782562194105254
0.1024323483158273,0.019926652954128696,0.10306048698127117,0.02011200040184035
0.1024323483158273,0.019926652954128696,0.10306048698127117,0.02011200040184035
0.10149870513902567,0.018786118298469552,0.10211910439972131,0.018962031744925997
0.10149870513902567,0.018786118298469552,0.10211910439972131,0.018962031744925997
0.10149870513902567,0.018786118298469552,0.10211910439972131,0.018962031744925997
0.10090115937090552,0.018347325870862203,0.10151563670306243,0.018519295891263696
0.09723297378069898,0.01713469039575089,0.09780902186260551,0.017296612041887288
0.09570731550448328,0.015565433576921734,0.0962674595343637,0.015711649457042117
0.09570731550448328,0.015565433576921734,0.0962674595343637,0.015711649457042117
0.09570731550448328,0.015565433576921734,0.0962674595343637,0.015711649457042117
0.09570731550448328,0.015565433576921734,0.0962674595343637,0.015711649457042117
0.0910712369285239,0.014275267685883641,0.09158001879448793,0.014409087995805286
0.0910712369285239,0.014275267685883641,0.09158001879448793,0.014409087995805286
0.0910712369285239,0.014275267685883641,0.09158001879448793,0.014409087995805286
0.0897999156762451,0.015040878671088002,0.0902966935472321,0.015184003606127504
0.0897999156762451,0.015040878671088002,0.0902966935472321,0.015184003606127504
0.08660746392065559,0.016664020276535893,0.08707155134562468,0.016822912701404503
0.08604023572452457,0.015873029218111404,0.08649836635860016,0.016023747311988086
0.08453828013201045,0.016010002347251417,0.08498852948505338,0.01616080082176719
0.08453828013201045,0.016010002347251417,0.08498852948505338,0.01616080082176719
0.08360766458629798,0.016774956934571192,0.08405004580688961,0.016933531225716038
0.08202863246033384,0.017856989493185562,0.08246075185952795,0.0180225786097363
0.07883806574280992,0.014767911174489936,0.07924223009080858,0.014910001632710678
0.07831106064819095,0.015048410740357844,0.07871203308833355,0.015193210897662797
0.07831106064819095,0.015048410740357844,0.07871203308833355,0.015193210897662797
0.07831106064819095,0.015048410740357844,0.07871203308833355,0.015193210897662797
0.07663023378048392,0.01344553572494106,0.07700616232561827,0.01356911307810857
0.07646364910368833,0.013621831780923617,0.07683550714353544,0.013749544691523435
0.07646364910368833,0.013621831780923617,0.07683550714353544,0.013749544691523435
0.0757221499844612,0.0121013392992009,0.07608655003714701,0.012214262901293816
0.0757221499844612,0.0121013392992009,0.07608655003714701,0.012214262901293816
0.0757221499844612,0.0121013392992009,0.07608655003714701,0.012214262901293816
0.07537587294771203,0.012470528058115568,0.07574146583825102,0.012582039408340698
0.07537587294771203,0.012470528058115568,0.07574146583825102,0.012582039408340698
0.0740271934847769,0.011063059246143881,0.07437860552134898,0.011162972975212765
0.07319971294159941,0.011633409903114183,0.07354365129543688,0.011741404309558619
0.0718072988459674,0.01098115679278626,0.07213608013755345,0.011082748247490089
0.07066522416673869,0.010633352385787878,0.07098634583999258,0.010735160770408194
0.07040178675241299,0.010728213848534,0.07072203574844882,0.010830501629671417
0.07040178675241299,0.010728213848534,0.07072203574844882,0.010830501629671417
0.07040178675241299,0.010728213848534,0.07072203574844882,0.010830501629671417
0.07040178675241299,0.010728213848534,0.07072203574844882,0.010830501629671417
0.07040178675241299,0.010728213848534,0.07072203574844882,0.010830501629671417
0.07040178675241299,0.010728213848534,0.07072203574844882,0.010830501629671417
0.07040178675241299,0.010728213848534,0.07072203574844882,0.010830501629671417
0.07038475038283147,0.010735409782586459,0.07070616880944755,0.010837225763152361
0.0696102549712584,0.008961550226272817,0.06992482301830913,0.009048856042102984
0.0696102549712584,0.008961550226272817,0.06992482301830913,0.009048856042102984
0.0696102549712584,0.008961550226272817,0.06992482301830913,0.009048856042102984
0.0696102549712584,0.008961550226272817,0.06992482301830913,0.009048856042102984
0.06862613436636131,0.007854688725042207,0.06893297226930684,0.007937967124263779
0.06862613436636131,0.007854688725042207,0.06893297226930684,0.007937967124263779
0.0687677302952143,0.00797867592766534,0.06907876422976632,0.00806532292191068
0.06867443485107655,0.008077095154030378,0.0689839941548398,0.00816493886239195
0.06867443485107655,0.008077095154030378,0.0689839941548398,0.00816493886239195
0.06840685707632722,0.008225089206822273,0.06871427278957365,0.008314035931463088
0.06840685707632722,0.008225089206822273,0.06871427278957365,0.008314035931463088
0.06840685707632722,0.008225089206822273,0.06871427278957365,0.008314035931463088
0.06809420990041283,0.00826288712457074,0.06839771028706935,0.008353096220131938
0.06809420990041283,0.00826288712457074,0.06839771028706935,0.008353096220131938
0.06809420990041283,0.00826288712457074,0.06839771028706935,0.008353096220131938
0.06809420990041283,0.00826288712457074,0.06839771028706935,0.008353096220131938
0.06809420990041283,0.00826288712457074,0.06839771028706935,0.008353096220131938
0.06862116747574512,0.008707970834507599,0.06893331341009673,0.008811812014474217
0.06862116747574512,0.008707970834507599,0.06893331341009673,0.008811812014474217
0.06862116747574512,0.008707970834507599,0.06893331341009673,0.008811812014474217
0.06862116747574512,0.008707970834507599,0.06893331341009673,0.008811812014474217
0.06904888740211794,0.008586711255179435,0.06936758749018296,0.008687778275446511
0.06887830123358425,0.008396164882306024,0.06919358677317287,0.008491431055257919
0.06887830123358425,0.008396164882306024,0.06919358677317287,0.008491431055257919
0.06887830123358425,0.008396164882306024,0.06919358677317287,0.008491431055257919
0.06887830123358425,0.008396164882306024,0.06919358677317287,0.008491431055257919
0.06887830123358425,0.008396164882306024,0.06919358677317287,0.008491431055257919
0.06875656577009406,0.008493205501112417,0.06907122931794706,0.008588832784205623
0.06862045026691002,0.008550609940587702,0.06893514435343978,0.008646314826580946
0.06825779978852355,0.008288527436306271,0.06856617336582678,0.008380682147190049
0.06825779978852355,0.008288527436306271,0.06856617336582678,0.008380682147190049
0.06825779978852355,0.008288527436306271,0.06856617336582678,0.008380682147190049
0.06825779978852355,0.008288527436306271,0.06856617336582678,0.008380682147190049
0.06825779978852355,0.008288527436306271,0.06856617336582678,0.008380682147190049
0.06812569866097348,0.008226804309331006,0.06843006175559146,0.0083178167750433
0.06761203513740541,0.007980380427380722,0.0679053781531557,0.008061923414561467
0.06653166162205786,0.005578683239583961,0.06681731419225007,0.005643493267648382
0.06653166162205786,0.005578683239583961,0.06681731419225007,0.005643493267648382
0.06647215821203445,0.0056529967911796266,0.06675468723689496,0.005721431007414575
0.06635968069233833,0.005761413882994159,0.06664250184330453,0.005828993100027946
0.06635968069233833,0.005761413882994159,0.06664250184330453,0.005828993100027946
0.06537720067751174,0.004971201356144406,0.06564554924578789,0.0050196018053794925
0.0650731493223788,0.0051312437634013705,0.06533783580530451,0.005183209322797522
0.0649065378907975,0.00525810903420799,0.06516680112695501,0.005313662105151477
0.0649065378907975,0.00525810903420799,0.06516680112695501,0.005313662105151477
0.0649065378907975,0.00525810903420799,0.06516680112695501,0.005313662105151477
0.06387422757386388,0.004246476249578989,0.06412704228426229,0.004300720679079226
0.06393264995188137,0.00420140058700528,0.06418726027629788,0.004254892092841023
0.06393264995188137,0.00420140058700528,0.06418726027629788,0.004254892092841023
0.06385519637274696,0.0042759520996057095,0.06410708124831846,0.004332463651299174
0.06385519637274696,0.0042759520996057095,0.06410708124831846,0.004332463651299174
0.06359234564146168,0.004285191611258548,0.06384069651157416,0.004343355603116154
0.0635459167814025,0.004314939649820345,0.06379302365922135,0.004374138093696487
0.06303598576083119,0.00427051883605723,0.06327198309383783,0.004327957492417125
0.0629904781867047,0.004313460354690557,0.06322365862089663,0.00437336741366502
0.0629904781867047,0.004313460354690557,0.06322365862089663,0.00437336741366502
0.0629904781867047,0.004313460354690557,0.06322365862089663,0.00437336741366502
0.06275462267649684,0.004248378924321899,0.06298986553630681,0.004308672236104801
0.06275462267649684,0.004248378924321899,0.06298986553630681,0.004308672236104801
0.06275462267649684,0.004248378924321899,0.06298986553630681,0.004308672236104801
0.06268877677209093,0.004278275079184446,0.06292303407455441,0.004339239236724988
0.06268877677209093,0.004278275079184446,0.06292303407455441,0.004339239236724988
0.0626405567249703,0.004317308186869406,0.06287196334168729,0.004380945590859712
0.06203919218263958,0.002742925707679944,0.06226442635052713,0.0027916845444672838
0.06203919218263958,0.002742925707679944,0.06226442635052713,0.0027916845444672838
0.06203919218263958,0.002742925707679944,0.06226442635052713,0.0027916845444672838
0.06203919218263958,0.002742925707679944,0.06226442635052713,0.0027916845444672838
0.06150640801379772,0.0027509457427590846,0.0617237515629135,0.0028014744440414924
0.06150640801379772,0.0027509457427590846,0.0617237515629135,0.0028014744440414924
0.06150640801379772,0.0027509457427590846,0.0617237515629135,0.0028014744440414924
0.06102751852041906,0.0016916296532136286,0.06123889932211959,0.0017301837617578078
0.06102751852041906,0.0016916296532136286,0.06123889932211959,0.0017301837617578078
0.06098734620081431,0.0017493624674246875,0.06119302534032055,0.0017959452984307551
0.06115018393972475,0.0019477240567072906,0.06135534422097102,0.0019962351525026722
0.06115018393972475,0.0019477240567072906,0.06135534422097102,0.0019962351525026722
0.06115018393972475,0.0019477240567072906,0.06135534422097102,0.0019962351525026722
0.06115018393972475,0.0019477240567072906,0.06135534422097102,0.0019962351525026722
0.06115018393972475,0.0019477240567072906,0.06135534422097102,0.0019962351525026722
0.06115018393972475,0.0019477240567072906,0.06135534422097102,0.0019962351525026722
0.06113714216307312,0.0019628268863018427,0.061341740220134756,0.0020120851187545442
0.06113714216307312,0.0019628268863018427,0.061341740220134756,0.0020120851187545442
0.06102421639877849,0.002023085810277419,0.06122512297437851,0.0020749993061053946
0.06077695444181443,0.001753552574008406,0.06097578270459094,0.0017999825964443905
0.06077695444181443,0.001753552574008406,0.06097578270459094,0.0017999825964443905
0.06079018732329576,0.0017709903119734747,0.060989298531579375,0.001817503179616485
0.060810425721375336,0.0018037070694210554,0.06100843980779129,0.0018542773060812392
0.060802398758390816,0.0018148541283578667,0.061000063521282746,0.001865926637157146
0.060802398758390816,0.0018148541283578667,0.061000063521282746,0.001865926637157146
0.06102622500273454,0.0021041451123234843,0.061226059108979755,0.002154377938825411
0.06102622500273454,0.0021041451123234843,0.061226059108979755,0.002154377938825411
0.06098723657600693,0.0020557003919201688,0.06118497497900569,0.002103185978988598
0.06098723657600693,0.0020557003919201688,0.06118497497900569,0.002103185978988598
0.06098723657600693,0.0020557003919201688,0.06118497497900569,0.002103185978988598
0.06116242813650422,0.002077563673042326,0.0613639312902462,0.0021256109038519026
0.06110156419164255,0.002069157429579882,0.0613048058784984,0.002115552169293381
0.06110156419164255,0.002069157429579882,0.0613048058784984,0.002115552169293381
0.06110156419164255,0.002069157429579882,0.0613048058784984,0.002115552169293381
0.06110156419164255,0.002069157429579882,0.0613048058784984,0.002115552169293381
0.06110156419164255,0.002069157429579882,0.0613048058784984,0.002115552169293381
0.06110156419164255,0.002069157429579882,0.0613048058784984,0.002115552169293381
0.06092974606319977,0.0018481098693106787,0.061131249289545865,0.0018956632083818698
0.06092974606319977,0.0018481098693106787,0.061131249289545865,0.0018956632083818698
0.06092974606319977,0.0018481098693106787,0.061131249289545865,0.0018956632083818698
0.06092974606319977,0.0018481098693106787,0.061131249289545865,0.0018956632083818698
0.06086027497984424,0.0018427055312047666,0.06105923661075,0.001887717271603813
0.06084742474337686,0.00186119299752268,0.061044838396292746,0.0019085665538697053
0.06074630246707239,0.0018112870048333212,0.06094193952690809,0.0018579544387355288
0.06074630246707239,0.0018112870048333212,0.06094193952690809,0.0018579544387355288
0.06072296556163198,0.0018354203911694243,0.06091698420267659,0.0018839440925278552
0.06072296556163198,0.0018354203911694243,0.06091698420267659,0.0018839440925278552
0.060606816594372025,0.0016938717537543916,0.06079876783371493,0.001740180470527445
0.060814722456597047,0.0022814350557037095,0.06100717636234162,0.0023279144302146186
0.060814722456597047,0.0022814350557037095,0.06100717636234162,0.0023279144302146186
0.060814722456597047,0.0022814350557037095,0.06100717636234162,0.0023279144302146186
0.060803980771991395,0.0022910615042311265,0.06099573024327667,0.0023382817375728
0.06068407079430853,0.0021709195836285135,0.060874636314403555,0.002216846227390122
0.06068407079430853,0.0021709195836285135,0.060874636314403555,0.002216846227390122
0.06081814511534327,0.0022731424498723513,0.06101047858391597,0.002319537188846755
0.06090669037540023,0.0022422240745271567,0.061103490271720975,0.0022893802443946882
0.06087959244638501,0.0023404849165450346,0.061072674238410715,0.0023930882181640444
0.061090467641891875,0.0028212985524958753,0.061285421885472854,0.002874453061364301
0.061090467641891875,0.0028212985524958753,0.061285421885472854,0.002874453061364301
0.061090467641891875,0.0028212985524958753,0.061285421885472854,0.002874453061364301
0.061090467641891875,0.0028212985524958753,0.061285421885472854,0.002874453061364301
0.06109538324782711,0.002816166019369066,0.06129091496562382,0.0028686583154364847
0.06109538324782711,0.002816166019369066,0.06129091496562382,0.0028686583154364847
0.06109538324782711,0.002816166019369066,0.06129091496562382,0.0028686583154364847
0.06106652185507344,0.002805801846792828,0.06126070017330396,0.0028576455156824514
0.06106652185507344,0.002805801846792828,0.06126070017330396,0.0028576455156824514
0.06106652185507344,0.002805801846792828,0.06126070017330396,0.0028576455156824514
0.061103564471399606,0.0028007404955151557,0.0612998978840408,0.0028533978856245925
0.061103564471399606,0.0028007404955151557,0.0612998978840408,0.0028533978856245925
0.060984023549101055,0.0028116729664381303,0.06117766028225462,0.002863965696717653
0.060984023549101055,0.0028116729664381303,0.06117766028225462,0.002863965696717653
0.060984023549101055,0.0028116729664381303,0.06117766028225462,0.002863965696717653
0.060984023549101055,0.0028116729664381303,0.06117766028225462,0.002863965696717653
0.060984023549101055,0.0028116729664381303,0.06117766028225462,0.002863965696717653
0.06099550250790906,0.002802571953005757,0.061190118460138776,0.002853984354851481
0.06096003628964516,0.0028319487929216493,0.06115254611517751,0.002885453816574997
0.060930667823603554,0.0028483239070540853,0.061121889796951726,0.0029027751349711165
0.060922684391477064,0.0028545792498591194,0.061113272842973874,0.0029096079818879163
0.060913972360332955,0.0028621837361705294,0.06110380719267625,0.0029179762519638886
0.060913972360332955,0.0028621837361705294,0.06110380719267625,0.0029179762519638886
0.06048317977220374,0.002163645601823595,0.06066653184633147,0.002214582104014982
0.06048317977220374,0.002163645601823595,0.06066653184633147,0.002214582104014982
0.06048317977220374,0.002163645601823595,0.06066653184633147,0.002214582104014982
0.060343488604552006,0.0021528481261684457,0.06052399102940258,0.002203817805251314
0.060343488604552006,0.0021528481261684457,0.06052399102940258,0.002203817805251314
0.060343488604552006,0.0021528481261684457,0.06052399102940258,0.002203817805251314
0.060343488604552006,0.0021528481261684457,0.06052399102940258,0.002203817805251314
0.06030943427057454,0.002173029575295403,0.060488258471409574,0.00222537536727163
0.06014632116674096,0.0021565776720127335,0.06032238794418239,0.0022081818065452096
0.06014632116674096,0.0021565776720127335,0.06032238794418239,0.0022081818065452096
0.06014632116674096,0.0021565776720127335,0.06032238794418239,0.0022081818065452096
0.06091249411152925,0.004253976273675029,0.06109466249351565,0.004308439479625
0.06091249411152925,0.004253976273675029,0.06109466249351565,0.004308439479625
0.06105450475340102,0.00436643253695749,0.06123205136613621,0.004424117136098393
0.060160984473959844,0.002254816467630396,0.06033430597993199,0.0023120365532190122
0.060160984473959844,0.002254816467630396,0.06033430597993199,0.0023120365532190122
0.060160984473959844,0.002254816467630396,0.06033430597993199,0.0023120365532190122
0.06098460387860607,0.004261584480723266,0.061157979111034634,0.004322624387956128
0.06098460387860607,0.004261584480723266,0.061157979111034634,0.004322624387956128
0.06098460387860607,0.004261584480723266,0.061157979111034634,0.004322624387956128
0.060975853804389,0.0042672182107192265,0.0611483952103963,0.0043288217748854085
0.060975853804389,0.0042672182107192265,0.0611483952103963,0.0043288217748854085
0.061245787846386866,0.0049623237338265215,0.06142117133069055,0.005029417486710052
0.061253934741689955,0.0049581246658886025,0.06142981355405358,0.00502492674340996
0.06126733165934274,0.004951854001495415,0.061443889442294106,0.005018269220588314
0.06126733165934274,0.004951854001495415,0.061443889442294106,0.005018269220588314
0.0612770566096608,0.004945894447758453,0.06145429069804872,0.005011862575446089
0.06131507487785964,0.004924893965059144,0.061495164766591615,0.004989096812942467
0.06131507487785964,0.004924893965059144,0.061495164766591615,0.004989096812942467
0.06134583710414702,0.0049211457733965005,0.061526616571336824,0.004985984101673161
0.06137819979672119,0.004905787330999783,0.061560507321178314,0.004969712738090946
0.06137819979672119,0.004905787330999783,0.061560507321178314,0.004969712738090946
0.06137819979672119,0.004905787330999783,0.061560507321178314,0.004969712738090946
0.06138960594516257,0.004899815502057544,0.06157304929106998,0.004963121297458294
0.06138960594516257,0.004899815502057544,0.06157304929106998,0.004963121297458294
0.06138960594516257,0.004899815502057544,0.06157304929106998,0.004963121297458294
0.06138960594516257,0.004899815502057544,0.06157304929106998,0.004963121297458294
0.06138960594516257,0.004899815502057544,0.06157304929106998,0.004963121297458294
0.061378384699303054,0.0049060089295441265,0.06156133819512606,0.004969651520552876
0.061378384699303054,0.0049060089295441265,0.06156133819512606,0.004969651520552876
0.061378384699303054,0.0049060089295441265,0.06156133819512606,0.004969651520552876
0.061346781902993995,0.0049221653632361565,0.06152816929440078,0.004986831154328313
0.06131923074842931,0.004937692828907999,0.06149883712048353,0.005003623457089791
0.06131923074842931,0.004937692828907999,0.06149883712048353,0.005003623457089791
0.061407221007446985,0.004937000509363995,0.06158653912426661,0.005004856666528635
0.061407221007446985,0.004937000509363995,0.06158653912426661,0.005004856666528635
0.06139070027747993,0.004945718488867069,0.061568917345248594,0.0050141659987946825
0.06139070027747993,0.004945718488867069,0.061568917345248594,0.0050141659987946825
0.061391987676957735,0.004944999180381499,0.06157054365590926,0.0050132505321254265
0.06139118140661627,0.004945505828187532,0.06156986886799939,0.005013676056035351
0.06107983160457674,0.004155091591497334,0.061255988470604594,0.004219253674622594
0.06091589300298561,0.004170434849200448,0.06108902261987148,0.004232632307660951
0.06091589300298561,0.004170434849200448,0.06108902261987148,0.004232632307660951
0.06091589300298561,0.004170434849200448,0.06108902261987148,0.004232632307660951
0.06091589300298561,0.004170434849200448,0.06108902261987148,0.004232632307660951
0.06091589300298561,0.004170434849200448,0.06108902261987148,0.004232632307660951
0.06091589300298561,0.004170434849200448,0.06108902261987148,0.004232632307660951
0.06066411695071115,0.003890688519112783,0.06083336133323425,0.003947419379104511
0.06002901948572288,0.0024730961515535407,0.06019297835797879,0.0025287884976486793
0.06001459089018661,0.0024828616823821164,0.0601775024845187,0.00253950910994892
0.06001459089018661,0.0024828616823821164,0.0601775024845187,0.00253950910994892
0.06001459089018661,0.0024828616823821164,0.0601775024845187,0.00253950910994892
0.06001459089018661,0.0024828616823821164,0.0601775024845187,0.00253950910994892
0.06001459089018661,0.0024828616823821164,0.0601775024845187,0.00253950910994892
0.0599676433140242,0.0025147556406538143,0.060126640761730375,0.00257460641987285
0.0599676433140242,0.0025147556406538143,0.060126640761730375,0.00257460641987285
0.0599676433140242,0.0025147556406538143,0.060126640761730375,0.00257460641987285
0.059953892627449004,0.002521986326037113,0.06011271311052809,0.0025818057983216917
0.05995067294661945,0.002524142950988684,0.06010915470899554,0.0025841711823501538
0.0599284759802994,0.0025202936930158125,0.060088143091936386,0.002579920389118806
0.0599284759802994,0.0025202936930158125,0.060088143091936386,0.002579920389118806
0.0599284759802994,0.0025202936930158125,0.060088143091936386,0.002579920389118806
0.05996740336379018,0.0025851966235783896,0.06013008234115712,0.0026496314329787674
0.05963176695880481,0.0019570232418017986,0.05979432039158626,0.0020198906590300557
0.05963176695880481,0.0019570232418017986,0.05979432039158626,0.0020198906590300557
0.059661139354461844,0.0019477852038590504,0.05982436251674644,0.0020103300150977493
0.059661139354461844,0.0019477852038590504,0.05982436251674644,0.0020103300150977493
0.05957048431555293,0.0019278927347359449,0.05973055987103363,0.0019850437132519455
0.05954920771195347,0.0019399207130006942,0.05970751163305007,0.0019981993809007276
0.05954920771195347,0.0019399207130006942,0.05970751163305007,0.0019981993809007276
0.05951321268441571,0.0019148620417883074,0.05966990463904128,0.0019725695214919633
0.059507248117050084,0.0019185615636711274,0.05966345830005014,0.0019765141037977117
0.059507248117050084,0.0019185615636711274,0.05966345830005014,0.0019765141037977117
0.059507248117050084,0.0019185615636711274,0.05966345830005014,0.0019765141037977117
0.059507248117050084,0.0019185615636711274,0.05966345830005014,0.0019765141037977117
0.05946187243318994,0.0019288016933263728,0.05961751550612565,0.0019870482459620796
0.05971898677011783,0.00261799849296897,0.05988176625780352,0.0026915525089508665
0.05971898677011783,0.00261799849296897,0.05988176625780352,0.0026915525089508665
0.05971898677011783,0.00261799849296897,0.05988176625780352,0.0026915525089508665
0.05971898677011783,0.00261799849296897,0.05988176625780352,0.0026915525089508665
0.05968277332715903,0.0026325719311807785,0.059843050974970224,0.002707509818628118
0.05964761722014095,0.002638977881513916,0.059803672261656005,0.0027135129945419028
0.05964798824577501,0.0026388719831869846,0.05980386293629175,0.002713459056162047
0.05964798824577501,0.0026388719831869846,0.05980386293629175,0.002713459056162047
0.05964041393826384,0.002643317123033669,0.05979530537831009,0.0027184895629428635
0.059627679587570634,0.0026478758736538824,0.05978147723570153,0.002723548019306799
0.059627679587570634,0.0026478758736538824,0.05978147723570153,0.002723548019306799
0.06007876719658933,0.003861805148098035,0.06024263570232159,0.003956944386185129
0.06007876719658933,0.003861805148098035,0.06024263570232159,0.003956944386185129
0.06007876719658933,0.003861805148098035,0.06024263570232159,0.003956944386185129
0.060073990870143,0.003863778128399551,0.06023752299928801,0.003959020561429675
0.060073990870143,0.003863778128399551,0.06023752299928801,0.003959020561429675
0.060073990870143,0.003863778128399551,0.06023752299928801,0.003959020561429675
0.06001355871275958,0.0038865687736144554,0.06017100098302156,0.003983796042653481
0.06002584580459565,0.0038812131553070096,0.06018428367580427,0.003977907115821578
0.06002584580459565,0.0038812131553070096,0.06018428367580427,0.003977907115821578
0.06002584580459565,0.0038812131553070096,0.06018428367580427,0.003977907115821578
0.06002584580459565,0.0038812131553070096,0.06018428367580427,0.003977907115821578
0.060021405187690946,0.0038838816063736913,0.06017932027400193,0.00398096519188508
0.06119392406561612,0.00733693801354871,0.061363876030344364,0.007465894441349217
0.06119392406561612,0.00733693801354871,0.061363876030344364,0.007465894441349217
0.06115376819251896,0.007353872235649755,0.06131992523145911,0.007484606628005853
0.06115376819251896,0.007353872235649755,0.06131992523145911,0.007484606628005853
0.06115376819251896,0.007353872235649755,0.06131992523145911,0.007484606628005853
0.06115376819251896,0.007353872235649755,0.06131992523145911,0.007484606628005853
0.06115376819251896,0.007353872235649755,0.06131992523145911,0.007484606628005853
0.06114849799447124,0.007356238299881583,0.061314042520369635,0.007487283855973187
0.06114849799447124,0.007356238299881583,0.061314042520369635,0.007487283855973187
0.06113771319940564,0.007360254474415964,0.06130215291096862,0.007491665848199661
0.06113771319940564,0.007360254474415964,0.06130215291096862,0.007491665848199661
0.06112242233369765,0.007366107078742043,0.06128585582985955,0.007497963826532856
0.06112242233369765,0.007366107078742043,0.06128585582985955,0.007497963826532856
0.06112242233369765,0.007366107078742043,0.06128585582985955,0.007497963826532856
0.06112242233369765,0.007366107078742043,0.06128585582985955,0.007497963826532856
0.06112242233369765,0.007366107078742043,0.06128585582985955,0.007497963826532856
0.06032085410444887,0.004997024840256961,0.06047733829542519,0.005114034648977075
0.060300662430400866,0.005004246220277377,0.060456117082069674,0.005121701334718331
0.060335100500193396,0.004991082335503634,0.06049283275186523,0.0051075255339971815
0.060359587239663726,0.004994353888316676,0.06051909471439491,0.005111414671230228
0.06035652879328694,0.0049951980618129655,0.06051487261975018,0.005112533096767566
0.06035652879328694,0.0049951980618129655,0.06051487261975018,0.005112533096767566
0.06035652879328694,0.0049951980618129655,0.06051487261975018,0.005112533096767566
0.06035652879328694,0.0049951980618129655,0.06051487261975018,0.005112533096767566
0.060331182246098326,0.005004783453389438,0.06048738978414564,0.005123032800021104
0.060331182246098326,0.005004783453389438,0.06048738978414564,0.005123032800021104
0.059778959711554,0.0030739454625328426,0.059922839141324215,0.0031638435049004023
0.05968213091460317,0.0029852140552490184,0.05982410629188678,0.0030755638848047537
0.05968213091460317,0.0029852140552490184,0.05982410629188678,0.0030755638848047537
0.05968213091460317,0.0029852140552490184,0.05982410629188678,0.0030755638848047537
0.05968213091460317,0.0029852140552490184,0.05982410629188678,0.0030755638848047537
0.05968213091460317,0.0029852140552490184,0.05982410629188678,0.0030755638848047537
0.05968213091460317,0.0029852140552490184,0.05982410629188678,0.0030755638848047537
0.05968213091460317,0.0029852140552490184,0.05982410629188678,0.0030755638848047537
0.059697031172947536,0.002978774148866003,0.059840145845295664,0.0030685496388498145
0.059697031172947536,0.002978774148866003,0.059840145845295664,0.0030685496388498145
0.059694192865736004,0.0029792007928513818,0.05983802417840143,0.0030686858112112347
0.05975546690387505,0.0029676837313172316,0.05990237081153116,0.0030571185190967896
0.05972944388384773,0.002971191442629167,0.05987460920665796,0.0030606215028680574
0.05972944388384773,0.002971191442629167,0.05987460920665796,0.0030606215028680574
0.05972944388384773,0.002971191442629167,0.05987460920665796,0.0030606215028680574
0.059726767837701436,0.0029730382899148203,0.059871595305342994,0.003062743770327712
0.059726767837701436,0.0029730382899148203,0.059871595305342994,0.003062743770327712
0.05896429492676192,0.001454201257901718,0.05909148223741521,0.0015142198017382873
0.05896429492676192,0.001454201257901718,0.05909148223741521,0.0015142198017382873
0.0589649139929303,0.001453650634279238,0.059092409415559786,0.0015133732519900913
0.0589649139929303,0.001453650634279238,0.059092409415559786,0.0015133732519900913
0.05899803339787674,0.0016916969495844602,0.0591220714335461,0.0017490728855698947
0.05899803339787674,0.0016916969495844602,0.0591220714335461,0.0017490728855698947
0.05899803339787674,0.0016916969495844602,0.0591220714335461,0.0017490728855698947
0.05899803339787674,0.0016916969495844602,0.0591220714335461,0.0017490728855698947
0.05899803339787674,0.0016916969495844602,0.0591220714335461,0.0017490728855698947
0.059008334761366,0.001688721689824318,0.05913304835075909,0.001746180281331196
0.059038627213132966,0.0016820385947675645,0.059166557100969595,0.0017395139503276718
0.059038627213132966,0.0016820385947675645,0.059166557100969595,0.0017395139503276718
0.059038627213132966,0.0016820385947675645,0.059166557100969595,0.0017395139503276718
0.059038627213132966,0.0016820385947675645,0.059166557100969595,0.0017395139503276718
0.059060815325795366,0.0016759892504465016,0.05919007354273938,0.0017329182670084613
0.059060815325795366,0.0016759892504465016,0.05919007354273938,0.0017329182670084613
0.059060815325795366,0.0016759892504465016,0.05919007354273938,0.0017329182670084613
0.05904845615982315,0.0016807107488732516,0.059176919770364114,0.0017380750460187693
0.059056012940905345,0.0016932557052401645,0.05918558441871062,0.0017529210465149752
0.059052993724798,0.0016957609563517612,0.05918221109030373,0.0017558026760839099
0.059052993724798,0.0016957609563517612,0.05918221109030373,0.0017558026760839099
0.059052993724798,0.0016957609563517612,0.05918221109030373,0.0017558026760839099
0.059052993724798,0.0016957609563517612,0.05918221109030373,0.0017558026760839099
0.05903613402523744,0.0016949333631588025,0.059164833816453086,0.0017547799903218995
0.05901488444305046,0.0016353890931948445,0.059144038005499076,0.0016968815722346276
0.05913462609131905,0.0019648229597548023,0.05926592523938081,0.002025885549781243
0.05913462609131905,0.0019648229597548023,0.05926592523938081,0.002025885549781243
0.05913462609131905,0.0019648229597548023,0.05926592523938081,0.002025885549781243
0.05913462609131905,0.0019648229597548023,0.05926592523938081,0.002025885549781243
0.05913462609131905,0.0019648229597548023,0.05926592523938081,0.002025885549781243
0.05910782577866025,0.0019639747875750007,0.05923753542549899,0.002024960084697715
0.05910782577866025,0.0019639747875750007,0.05923753542549899,0.002024960084697715
0.05909665142229527,0.001974250475490398,0.059225087757349845,0.0020369204558727374
0.05910554967643912,0.0019695549471892104,0.05923541213857898,0.00203146084439747
0.05910554967643912,0.0019695549471892104,0.05923541213857898,0.00203146084439747
0.05910554967643912,0.0019695549471892104,0.05923541213857898,0.00203146084439747
0.05910046428023261,0.001967684750678592,0.05923009196905201,0.002029307326625578
0.05910046428023261,0.001967684750678592,0.05923009196905201,0.002029307326625578
0.05910046428023261,0.001967684750678592,0.05923009196905201,0.002029307326625578
0.05910046428023261,0.001967684750678592,0.05923009196905201,0.002029307326625578
0.05909504557989333,0.001971787809534864,0.0592238075295999,0.0020342252978865273
0.06010431827452069,0.004949991156909831,0.06023987577785135,0.0050256860168199505
0.06010431827452069,0.004949991156909831,0.06023987577785135,0.0050256860168199505
0.06010431827452069,0.004949991156909831,0.06023987577785135,0.0050256860168199505
0.06196098051732275,0.010455872508166078,0.06212462332499088,0.010610802607482723
0.061966570733141366,0.010453809614356534,0.06213074894900209,0.010608543197289093
0.061966570733141366,0.010453809614356534,0.06213074894900209,0.010608543197289093
0.061966570733141366,0.010453809614356534,0.06213074894900209,0.010608543197289093
0.06195899463097687,0.01045701347508448,0.06212225063040505,0.010612198267246246
0.06196814960232518,0.010453700021152663,0.06213259735699909,0.010608462729141897
0.06196814960232518,0.010453700021152663,0.06213259735699909,0.010608462729141897
0.062001960046045676,0.010442803936186146,0.06216879762434584,0.01059675146894188
0.06197590627885574,0.010451077086935922,0.06214141947105538,0.01060546709463249
0.061945363164956836,0.010458468387227221,0.062110567815584036,0.010612608316405158
0.061945363164956836,0.010458468387227221,0.062110567815584036,0.010612608316405158
0.061945363164956836,0.010458468387227221,0.062110567815584036,0.010612608316405158
0.06193028765380917,0.01046292576888931,0.06209554901146306,0.0106170192233934
0.061944803480673195,0.010458630407623454,0.062110850100492096,0.010612527225437597
0.061944803480673195,0.010458630407623454,0.062110850100492096,0.010612527225437597
0.061942323165954806,0.010459686299412007,0.062108008898451215,0.010613759496654369
0.0619463521344795,0.010457459872395936,0.06211262256108391,0.01061122194734708
0.06193898237691816,0.010459788140116891,0.06210521823862569,0.0106135319154399
0.05969220540791044,0.003700760989623289,0.05982505897595114,0.0037577766688294406
0.059694028150295245,0.003699747762536168,0.05982747589022697,0.003756394218038921
0.059694028150295245,0.003699747762536168,0.05982747589022697,0.003756394218038921
0.059694028150295245,0.003699747762536168,0.05982747589022697,0.003756394218038921
0.059694028150295245,0.003699747762536168,0.05982747589022697,0.003756394218038921
0.059694028150295245,0.003699747762536168,0.05982747589022697,0.003756394218038921
0.059682098501897665,0.0037036356428410003,0.059814934217074164,0.003760533586189798
0.059682098501897665,0.0037036356428410003,0.059814934217074164,0.003760533586189798
0.059682098501897665,0.0037036356428410003,0.059814934217074164,0.003760533586189798
0.0593721201732178,0.0025315954965496497,0.059507709811168964,0.002586872172382102
0.0593721201732178,0.0025315954965496497,0.059507709811168964,0.002586872172382102
0.0593721201732178,0.0025315954965496497,0.059507709811168964,0.002586872172382102
0.0593721201732178,0.0025315954965496497,0.059507709811168964,0.002586872172382102
0.0593721201732178,0.0025315954965496497,0.059507709811168964,0.002586872172382102
0.0593721201732178,0.0025315954965496497,0.059507709811168964,0.002586872172382102
0.05937654030809555,0.0025281529281174315,0.05951273053607137,0.002582858270474323
0.05937654030809555,0.0025281529281174315,0.05951273053607137,0.002582858270474323
0.05929856376798397,0.0025088221665965213,0.059431654758311046,0.002561773540676152
0.05929856376798397,0.0025088221665965213,0.059431654758311046,0.002561773540676152
0.0592948141850649,0.0025115659184366144,0.05942744141085911,0.0025649926095018096
0.05927208510679037,0.002521026384108014,0.0594031215139364,0.00257542924448503
0.059263890671259534,0.002523324207424025,0.05939514711575448,0.002577527429185235
0.059252437649167655,0.0025273759650965852,0.059382710578067086,0.0025820256639468644
0.059252437649167655,0.0025273759650965852,0.059382710578067086,0.0025820256639468644
0.05924694904142367,0.002529882305474022,0.05937681648695938,0.002584805757390206
0.05934757792846609,0.0025602579863234715,0.059481763608772685,0.002618081923829956
0.05934757792846609,0.0025602579863234715,0.059481763608772685,0.002618081923829956
0.05934757792846609,0.0025602579863234715,0.059481763608772685,0.002618081923829956
0.05886957840511468,0.001247557110229347,0.059005800320883116,0.0013154529801113171
0.05886224305461446,0.0012525124540034322,0.058997409020445354,0.0013210544673362965
0.05887370764472153,0.0012569565581977047,0.05900885383659458,0.0013256465721710126
0.05887370764472153,0.0012569565581977047,0.05900885383659458,0.0013256465721710126
0.058825753954454316,0.0012563909468025149,0.058957453173368576,0.0013248871764923978
0.058825753954454316,0.0012563909468025149,0.058957453173368576,0.0013248871764923978
0.058788501191015884,0.0011734702264372568,0.05892017812282827,0.001242626928658089
0.058788501191015884,0.0011734702264372568,0.05892017812282827,0.001242626928658089
0.058794770754150974,0.0011701742933139133,0.058927112439598896,0.001239101503371397
0.058794770754150974,0.0011701742933139133,0.058927112439598896,0.001239101503371397
0.058794770754150974,0.0011701742933139133,0.058927112439598896,0.001239101503371397
0.058794770754150974,0.0011701742933139133,0.058927112439598896,0.001239101503371397
0.058794770754150974,0.0011701742933139133,0.058927112439598896,0.001239101503371397
0.05879398232719237,0.0011705049441875367,0.05892612292887965,0.001239530989642413
0.05879686028856128,0.0011682092846853208,0.05892909897098877,0.0012371356987370902
0.05879686028856128,0.0011682092846853208,0.05892909897098877,0.0012371356987370902
0.05885508265023102,0.0011841413217962087,0.058990846677972206,0.0012568710470631866
0.05885508265023102,0.0011841413217962087,0.058990846677972206,0.0012568710470631866
0.05885508265023102,0.0011841413217962087,0.058990846677972206,0.0012568710470631866
0.05885508265023102,0.0011841413217962087,0.058990846677972206,0.0012568710470631866
0.05885508265023102,0.0011841413217962087,0.058990846677972206,0.0012568710470631866
0.05885508265023102,0.0011841413217962087,0.058990846677972206,0.0012568710470631866
0.05885508265023102,0.0011841413217962087,0.058990846677972206,0.0012568710470631866
0.05885508265023102,0.0011841413217962087,0.058990846677972206,0.0012568710470631866
0.05893155316908912,0.0012486494708303757,0.05907042684907016,0.0013283987376042632
0.05891623940916192,0.0012600388345057158,0.05905368129055828,0.0013411203846286782
0.05890997464665644,0.0012625206033242907,0.059047087879563434,0.0013434968149623788
0.058888170187160506,0.0012399765689930322,0.059025578200497406,0.0013201350244581125
0.058888170187160506,0.0012399765689930322,0.059025578200497406,0.0013201350244581125
0.058912237542784164,0.0012230634835608788,0.05905156133145153,0.0013014154712292219
0.0588648790962667,0.0011658381555108134,0.059001579922403055,0.0012423758966687683
0.0588648790962667,0.0011658381555108134,0.059001579922403055,0.0012423758966687683
0.0588648790962667,0.0011658381555108134,0.059001579922403055,0.0012423758966687683
0.058832457136440995,0.001135283475669626,0.05896719670487205,0.0012109044427548836
0.05882954524524725,0.0011389185745842832,0.05896383489947661,0.001215197557563946
0.05882954524524725,0.0011389185745842832,0.05896383489947661,0.001215197557563946
0.05882206501803393,0.0011420895115501829,0.05895533785127767,0.0012190332671418275
0.05882206501803393,0.0011420895115501829,0.05895533785127767,0.0012190332671418275
0.05880992362869301,0.0011488369672359383,0.05894245697225461,0.0012263644266029038
0.05880992362869301,0.0011488369672359383,0.05894245697225461,0.0012263644266029038
0.05880992362869301,0.0011488369672359383,0.05894245697225461,0.0012263644266029038
0.058785706583539564,0.001144455844191807,0.05891690771723733,0.0012210367472683353
0.058928641669632444,0.0014898356518489484,0.059059272376729186,0.0015598603883610633
0.058898093935019546,0.0015092618858692194,0.05902622455911707,0.0015815412669193743
0.058898093935019546,0.0015092618858692194,0.05902622455911707,0.0015815412669193743
0.058898093935019546,0.0015092618858692194,0.05902622455911707,0.0015815412669193743
0.058898093935019546,0.0015092618858692194,0.05902622455911707,0.0015815412669193743
0.058898093935019546,0.0015092618858692194,0.05902622455911707,0.0015815412669193743
0.058898093935019546,0.0015092618858692194,0.05902622455911707,0.0015815412669193743
0.058898093935019546,0.0015092618858692194,0.05902622455911707,0.0015815412669193743
0.058898093935019546,0.0015092618858692194,0.05902622455911707,0.0015815412669193743
0.058898093935019546,0.0015092618858692194,0.05902622455911707,0.0015815412669193743
0.058898093935019546,0.0015092618858692194,0.05902622455911707,0.0015815412669193743
0.058898093935019546,0.0015092618858692194,0.05902622455911707,0.0015815412669193743
0.058898093935019546,0.0015092618858692194,0.05902622455911707,0.0015815412669193743
