0.16852632666379574,0.0,0.16984423167839144,0.0
0.16700499586422957,0.000765392276040465,0.1683141944478061,0.0007697720215316592
0.16700499586422957,0.000765392276040465,0.1683141944478061,0.0007697720215316592
0.16700499586422957,0.000765392276040465,0.1683141944478061,0.0007697720215316592
0.16700499586422957,0.000765392276040465,0.1683141944478061,0.0007697720215316592
0.16700499586422957,0.000765392276040465,0.1683141944478061,0.0007697720215316592
0.16700499586422957,0.000765392276040465,0.1683141944478061,0.0007697720215316592
0.16700499586422957,0.000765392276040465,0.1683141944478061,0.0007697720215316592
0.16700499586422957,0.000765392276040465,0.1683141944478061,0.0007697720215316592
0.16700499586422957,0.000765392276040465,0.1683141944478061,0.0007697720215316592
0.16700499586422957,0.000765392276040465,0.1683141944478061,0.0007697720215316592
0.1647201088867195,0.002355241304878442,0.1660161900547534,0.0023686983304420416
0.1647201088867195,0.002355241304878442,0.1660161900547534,0.0023686983304420416
0.1647201088867195,0.002355241304878442,0.1660161900547534,0.0023686983304420416
0.1647201088867195,0.002355241304878442,0.1660161900547534,0.0023686983304420416
0.1647201088867195,0.002355241304878442,0.1660161900547534,0.0023686983304420416
0.1647201088867195,0.002355241304878442,0.1660161900547534,0.0023686983304420416
0.1647201088867195,0.002355241304878442,0.1660161900547534,0.0023686983304420416
0.1647201088867195,0.002355241304878442,0.1660161900547534,0.0023686983304420416
0.1647201088867195,0.002355241304878442,0.1660161900547534,0.0023686983304420416
0.1647201088867195,0.002355241304878442,0.1660161900547534,0.0023686983304420416
0.16280201039392078,0.0030138263537194173,0.16408690364179973,0.003031448891413292
0.16280201039392078,0.0030138263537194173,0.16408690364179973,0.003031448891413292
0.16280201039392078,0.0030138263537194173,0.16408690364179973,0.003031448891413292
0.16280201039392078,0.0030138263537194173,0.16408690364179973,0.003031448891413292
0.16280201039392078,0.0030138263537194173,0.16408690364179973,0.003031448891413292
0.16280201039392078,0.0030138263537194173,0.16408690364179973,0.003031448891413292
0.16280201039392078,0.0030138263537194173,0.16408690364179973,0.003031448891413292
0.16280201039392078,0.0030138263537194173,0.16408690364179973,0.003031448891413292
0.16280201039392078,0.0030138263537194173,0.16408690364179973,0.003031448891413292
0.16280201039392078,0.0030138263537194173,0.16408690364179973,0.003031448891413292
0.1616571113686416,0.0033023386923792504,0.16293525298160225,0.0033216585651843662
0.1616571113686416,0.0033023386923792504,0.16293525298160225,0.0033216585651843662
0.1616571113686416,0.0033023386923792504,0.16293525298160225,0.0033216585651843662
0.1616571113686416,0.0033023386923792504,0.16293525298160225,0.0033216585651843662
0.1616571113686416,0.0033023386923792504,0.16293525298160225,0.0033216585651843662
0.1616571113686416,0.0033023386923792504,0.16293525298160225,0.0033216585651843662
0.1616571113686416,0.0033023386923792504,0.16293525298160225,0.0033216585651843662
0.1616571113686416,0.0033023386923792504,0.16293525298160225,0.0033216585651843662
0.1616571113686416,0.0033023386923792504,0.16293525298160225,0.0033216585651843662
0.1616571113686416,0.0033023386923792504,0.16293525298160225,0.0033216585651843662
0.1604258462675569,0.003297864127019362,0.16169660548529913,0.003317307380636789
0.1604258462675569,0.003297864127019362,0.16169660548529913,0.003317307380636789
0.1604258462675569,0.003297864127019362,0.16169660548529913,0.003317307380636789
0.1604258462675569,0.003297864127019362,0.16169660548529913,0.003317307380636789
0.1604258462675569,0.003297864127019362,0.16169660548529913,0.003317307380636789
0.1604258462675569,0.003297864127019362,0.16169660548529913,0.003317307380636789
0.1604258462675569,0.003297864127019362,0.16169660548529913,0.003317307380636789
0.1604258462675569,0.003297864127019362,0.16169660548529913,0.003317307380636789
0.1604258462675569,0.003297864127019362,0.16169660548529913,0.003317307380636789
0.1604258462675569,0.003297864127019362,0.16169660548529913,0.003317307380636789
0.15761966949932307,0.0048956128363839705,0.15887326724010237,0.004925372819114058
0.15761966949932307,0.0048956128363839705,0.15887326724010237,0.004925372819114058
0.15761966949932307,0.0048956128363839705,0.15887326724010237,0.004925372819114058
0.15761966949932307,0.0048956128363839705,0.15887326724010237,0.004925372819114058
0.15761966949932307,0.0048956128363839705,0.15887326724010237,0.004925372819114058
0.15761966949932307,0.0048956128363839705,0.15887326724010237,0.004925372819114058
0.15761966949932307,0.0048956128363839705,0.15887326724010237,0.004925372819114058
0.15761966949932307,0.0048956128363839705,0.15887326724010237,0.004925372819114058
0.15761966949932307,0.0048956128363839705,0.15887326724010237,0.004925372819114058
0.15761966949932307,0.0048956128363839705,0.15887326724010237,0.004925372819114058
0.1558708227873215,0.00552790270720652,0.15711366110538091,0.00556201136483509
0.1558708227873215,0.00552790270720652,0.15711366110538091,0.00556201136483509
0.1558708227873215,0.00552790270720652,0.15711366110538091,0.00556201136483509
0.1558708227873215,0.00552790270720652,0.15711366110538091,0.00556201136483509
0.1558708227873215,0.00552790270720652,0.15711366110538091,0.00556201136483509
0.1558708227873215,0.00552790270720652,0.15711366110538091,0.00556201136483509
0.1558708227873215,0.00552790270720652,0.15711366110538091,0.00556201136483509
0.1558708227873215,0.00552790270720652,0.15711366110538091,0.00556201136483509
0.1558708227873215,0.00552790270720652,0.15711366110538091,0.00556201136483509
0.1558708227873215,0.00552790270720652,0.15711366110538091,0.00556201136483509
0.1536026375138746,0.006950033863749327,0.15483112168271856,0.006993941003335695
0.1536026375138746,0.006950033863749327,0.15483112168271856,0.006993941003335695
0.1536026375138746,0.006950033863749327,0.15483112168271856,0.006993941003335695
0.1536026375138746,0.006950033863749327,0.15483112168271856,0.006993941003335695
0.1536026375138746,0.006950033863749327,0.15483112168271856,0.006993941003335695
0.1536026375138746,0.006950033863749327,0.15483112168271856,0.006993941003335695
0.1536026375138746,0.006950033863749327,0.15483112168271856,0.006993941003335695
0.1536026375138746,0.006950033863749327,0.15483112168271856,0.006993941003335695
0.1536026375138746,0.006950033863749327,0.15483112168271856,0.006993941003335695
0.1536026375138746,0.006950033863749327,0.15483112168271856,0.006993941003335695
0.1505634854304659,0.007762823281091151,0.15177267951557555,0.0078123430641471505
0.1505634854304659,0.007762823281091151,0.15177267951557555,0.0078123430641471505
0.1505634854304659,0.007762823281091151,0.15177267951557555,0.0078123430641471505
0.1505634854304659,0.007762823281091151,0.15177267951557555,0.0078123430641471505
0.1505634854304659,0.007762823281091151,0.15177267951557555,0.0078123430641471505
0.1505634854304659,0.007762823281091151,0.15177267951557555,0.0078123430641471505
0.1505634854304659,0.007762823281091151,0.15177267951557555,0.0078123430641471505
0.1505634854304659,0.007762823281091151,0.15177267951557555,0.0078123430641471505
0.1505634854304659,0.007762823281091151,0.15177267951557555,0.0078123430641471505
0.1505634854304659,0.007762823281091151,0.15177267951557555,0.0078123430641471505
0.14777937775288533,0.008769932617582792,0.14897051806839318,0.008826942711630871
0.14777937775288533,0.008769932617582792,0.14897051806839318,0.008826942711630871
0.14777937775288533,0.008769932617582792,0.14897051806839318,0.008826942711630871
0.14777937775288533,0.008769932617582792,0.14897051806839318,0.008826942711630871
0.14777937775288533,0.008769932617582792,0.14897051806839318,0.008826942711630871
0.14777937775288533,0.008769932617582792,0.14897051806839318,0.008826942711630871
0.14777937775288533,0.008769932617582792,0.14897051806839318,0.008826942711630871
0.14777937775288533,0.008769932617582792,0.14897051806839318,0.008826942711630871
0.14777937775288533,0.008769932617582792,0.14897051806839318,0.008826942711630871
0.14777937775288533,0.008769932617582792,0.14897051806839318,0.008826942711630871
0.14500316191307228,0.00911734150740924,0.1461756474276636,0.009177451571041518
0.14500316191307228,0.00911734150740924,0.1461756474276636,0.009177451571041518
0.14500316191307228,0.00911734150740924,0.1461756474276636,0.009177451571041518
0.14500316191307228,0.00911734150740924,0.1461756474276636,0.009177451571041518
0.14500316191307228,0.00911734150740924,0.1461756474276636,0.009177451571041518
0.14500316191307228,0.00911734150740924,0.1461756474276636,0.009177451571041518
0.14500316191307228,0.00911734150740924,0.1461756474276636,0.009177451571041518
0.14500316191307228,0.00911734150740924,0.1461756474276636,0.009177451571041518
0.14500316191307228,0.00911734150740924,0.1461756474276636,0.009177451571041518
0.14500316191307228,0.00911734150740924,0.1461756474276636,0.009177451571041518
0.142085495117822,0.010105814902819551,0.14323819915921485,0.01017367184344025
0.142085495117822,0.010105814902819551,0.14323819915921485,0.01017367184344025
0.142085495117822,0.010105814902819551,0.14323819915921485,0.01017367184344025
0.142085495117822,0.010105814902819551,0.14323819915921485,0.01017367184344025
0.142085495117822,0.010105814902819551,0.14323819915921485,0.01017367184344025
0.142085495117822,0.010105814902819551,0.14323819915921485,0.01017367184344025
0.142085495117822,0.010105814902819551,0.14323819915921485,0.01017367184344025
0.142085495117822,0.010105814902819551,0.14323819915921485,0.01017367184344025
0.142085495117822,0.010105814902819551,0.14323819915921485,0.01017367184344025
0.142085495117822,0.010105814902819551,0.14323819915921485,0.01017367184344025
0.137773574772918,0.012173760840842861,0.13889600119186155,0.012258193572800993
0.137773574772918,0.012173760840842861,0.13889600119186155,0.012258193572800993
0.137773574772918,0.012173760840842861,0.13889600119186155,0.012258193572800993
0.137773574772918,0.012173760840842861,0.13889600119186155,0.012258193572800993
0.137773574772918,0.012173760840842861,0.13889600119186155,0.012258193572800993
0.137773574772918,0.012173760840842861,0.13889600119186155,0.012258193572800993
0.137773574772918,0.012173760840842861,0.13889600119186155,0.012258193572800993
0.137773574772918,0.012173760840842861,0.13889600119186155,0.012258193572800993
0.137773574772918,0.012173760840842861,0.13889600119186155,0.012258193572800993
0.137773574772918,0.012173760840842861,0.13889600119186155,0.012258193572800993
0.13371504847996574,0.015076974925087567,0.13480686518368884,0.015186997350597442
0.13371504847996574,0.015076974925087567,0.13480686518368884,0.015186997350597442
0.13371504847996574,0.015076974925087567,0.13480686518368884,0.015186997350597442
0.13371504847996574,0.015076974925087567,0.13480686518368884,0.015186997350597442
0.13371504847996574,0.015076974925087567,0.13480686518368884,0.015186997350597442
0.13371504847996574,0.015076974925087567,0.13480686518368884,0.015186997350597442
0.13371504847996574,0.015076974925087567,0.13480686518368884,0.015186997350597442
0.13371504847996574,0.015076974925087567,0.13480686518368884,0.015186997350597442
0.13371504847996574,0.015076974925087567,0.13480686518368884,0.015186997350597442
0.13371504847996574,0.015076974925087567,0.13480686518368884,0.015186997350597442
0.12943321413426795,0.015604897585920884,0.13049372453951466,0.015720851990503087
0.12943321413426795,0.015604897585920884,0.13049372453951466,0.015720851990503087
0.12943321413426795,0.015604897585920884,0.13049372453951466,0.015720851990503087
0.12943321413426795,0.015604897585920884,0.13049372453951466,0.015720851990503087
0.12943321413426795,0.015604897585920884,0.13049372453951466,0.015720851990503087
0.12943321413426795,0.015604897585920884,0.13049372453951466,0.015720851990503087
0.12943321413426795,0.015604897585920884,0.13049372453951466,0.015720851990503087
0.12943321413426795,0.015604897585920884,0.13049372453951466,0.015720851990503087
0.12943321413426795,0.015604897585920884,0.13049372453951466,0.015720851990503087
0.12943321413426795,0.015604897585920884,0.13049372453951466,0.015720851990503087
0.1246899083078283,0.014558204529049365,0.12571550151365174,0.014671187445680897
0.1246899083078283,0.014558204529049365,0.12571550151365174,0.014671187445680897
0.1246899083078283,0.014558204529049365,0.12571550151365174,0.014671187445680897
0.1246899083078283,0.014558204529049365,0.12571550151365174,0.014671187445680897
0.1246899083078283,0.014558204529049365,0.12571550151365174,0.014671187445680897
0.1246899083078283,0.014558204529049365,0.12571550151365174,0.014671187445680897
0.1246899083078283,0.014558204529049365,0.12571550151365174,0.014671187445680897
0.1246899083078283,0.014558204529049365,0.12571550151365174,0.014671187445680897
0.1246899083078283,0.014558204529049365,0.12571550151365174,0.014671187445680897
0.1246899083078283,0.014558204529049365,0.12571550151365174,0.014671187445680897
0.11574914561408509,0.017311716697420185,0.11669901093380577,0.017462673454771985
0.11574914561408509,0.017311716697420185,0.11669901093380577,0.017462673454771985
0.11574914561408509,0.017311716697420185,0.11669901093380577,0.017462673454771985
0.11574914561408509,0.017311716697420185,0.11669901093380577,0.017462673454771985
0.11574914561408509,0.017311716697420185,0.11669901093380577,0.017462673454771985
0.11574914561408509,0.017311716697420185,0.11669901093380577,0.017462673454771985
0.11574914561408509,0.017311716697420185,0.11669901093380577,0.017462673454771985
0.11574914561408509,0.017311716697420185,0.11669901093380577,0.017462673454771985
0.11574914561408509,0.017311716697420185,0.11669901093380577,0.017462673454771985
0.11574914561408509,0.017311716697420185,0.11669901093380577,0.017462673454771985
0.11128407046659752,0.015718223469297084,0.11219852472413035,0.015857158731068077
0.11128407046659752,0.015718223469297084,0.11219852472413035,0.015857158731068077
0.11128407046659752,0.015718223469297084,0.11219852472413035,0.015857158731068077
0.11128407046659752,0.015718223469297084,0.11219852472413035,0.015857158731068077
0.11128407046659752,0.015718223469297084,0.11219852472413035,0.015857158731068077
0.11128407046659752,0.015718223469297084,0.11219852472413035,0.015857158731068077
0.11128407046659752,0.015718223469297084,0.11219852472413035,0.015857158731068077
0.11128407046659752,0.015718223469297084,0.11219852472413035,0.015857158731068077
0.11128407046659752,0.015718223469297084,0.11219852472413035,0.015857158731068077
0.11128407046659752,0.015718223469297084,0.11219852472413035,0.015857158731068077
0.10712798955825135,0.01679982981883302,0.10800241427725646,0.01695930415650189
0.10712798955825135,0.01679982981883302,0.10800241427725646,0.01695930415650189
0.10712798955825135,0.01679982981883302,0.10800241427725646,0.01695930415650189
0.10712798955825135,0.01679982981883302,0.10800241427725646,0.01695930415650189
0.10712798955825135,0.01679982981883302,0.10800241427725646,0.01695930415650189
0.10712798955825135,0.01679982981883302,0.10800241427725646,0.01695930415650189
0.10712798955825135,0.01679982981883302,0.10800241427725646,0.01695930415650189
0.10712798955825135,0.01679982981883302,0.10800241427725646,0.01695930415650189
0.10712798955825135,0.01679982981883302,0.10800241427725646,0.01695930415650189
0.10712798955825135,0.01679982981883302,0.10800241427725646,0.01695930415650189
0.09918922514914111,0.018838454758075305,0.09998189162152618,0.01902885306099072
0.09918922514914111,0.018838454758075305,0.09998189162152618,0.01902885306099072
0.09918922514914111,0.018838454758075305,0.09998189162152618,0.01902885306099072
0.09918922514914111,0.018838454758075305,0.09998189162152618,0.01902885306099072
0.09918922514914111,0.018838454758075305,0.09998189162152618,0.01902885306099072
0.09918922514914111,0.018838454758075305,0.09998189162152618,0.01902885306099072
0.09918922514914111,0.018838454758075305,0.09998189162152618,0.01902885306099072
0.09918922514914111,0.018838454758075305,0.09998189162152618,0.01902885306099072
0.09918922514914111,0.018838454758075305,0.09998189162152618,0.01902885306099072
0.09918922514914111,0.018838454758075305,0.09998189162152618,0.01902885306099072
0.09283329382846706,0.02211873192415256,0.09353815485114955,0.022373502490710684
0.09283329382846706,0.02211873192415256,0.09353815485114955,0.022373502490710684
0.09283329382846706,0.02211873192415256,0.09353815485114955,0.022373502490710684
0.09283329382846706,0.02211873192415256,0.09353815485114955,0.022373502490710684
0.09283329382846706,0.02211873192415256,0.09353815485114955,0.022373502490710684
0.09283329382846706,0.02211873192415256,0.09353815485114955,0.022373502490710684
0.09283329382846706,0.02211873192415256,0.09353815485114955,0.022373502490710684
0.09283329382846706,0.02211873192415256,0.09353815485114955,0.022373502490710684
0.09283329382846706,0.02211873192415256,0.09353815485114955,0.022373502490710684
0.09283329382846706,0.02211873192415256,0.09353815485114955,0.022373502490710684
0.08915224216601307,0.019966173668205255,0.08982322318002257,0.020199268099705778
0.08915224216601307,0.019966173668205255,0.08982322318002257,0.020199268099705778
0.08915224216601307,0.019966173668205255,0.08982322318002257,0.020199268099705778
0.08915224216601307,0.019966173668205255,0.08982322318002257,0.020199268099705778
0.08915224216601307,0.019966173668205255,0.08982322318002257,0.020199268099705778
0.08915224216601307,0.019966173668205255,0.08982322318002257,0.020199268099705778
0.08915224216601307,0.019966173668205255,0.08982322318002257,0.020199268099705778
0.08915224216601307,0.019966173668205255,0.08982322318002257,0.020199268099705778
0.08915224216601307,0.019966173668205255,0.08982322318002257,0.020199268099705778
0.08915224216601307,0.019966173668205255,0.08982322318002257,0.020199268099705778
0.0869114895886579,0.01932642463161524,0.08755514641879389,0.019559852477172276
0.0869114895886579,0.01932642463161524,0.08755514641879389,0.019559852477172276
0.0869114895886579,0.01932642463161524,0.08755514641879389,0.019559852477172276
0.0869114895886579,0.01932642463161524,0.08755514641879389,0.019559852477172276
0.0869114895886579,0.01932642463161524,0.08755514641879389,0.019559852477172276
0.0869114895886579,0.01932642463161524,0.08755514641879389,0.019559852477172276
0.0869114895886579,0.01932642463161524,0.08755514641879389,0.019559852477172276
0.0869114895886579,0.01932642463161524,0.08755514641879389,0.019559852477172276
0.0869114895886579,0.01932642463161524,0.08755514641879389,0.019559852477172276
0.0869114895886579,0.01932642463161524,0.08755514641879389,0.019559852477172276
0.08245658835567903,0.01888863673127264,0.08304232352834415,0.01912121305015817
0.08245658835567903,0.01888863673127264,0.08304232352834415,0.01912121305015817
0.08245658835567903,0.01888863673127264,0.08304232352834415,0.01912121305015817
0.08245658835567903,0.01888863673127264,0.08304232352834415,0.01912121305015817
0.08245658835567903,0.01888863673127264,0.08304232352834415,0.01912121305015817
0.08245658835567903,0.01888863673127264,0.08304232352834415,0.01912121305015817
0.08245658835567903,0.01888863673127264,0.08304232352834415,0.01912121305015817
0.08245658835567903,0.01888863673127264,0.08304232352834415,0.01912121305015817
0.08245658835567903,0.01888863673127264,0.08304232352834415,0.01912121305015817
0.08245658835567903,0.01888863673127264,0.08304232352834415,0.01912121305015817
0.08055273562854318,0.01821926223246977,0.0811164992970694,0.018440674883993792
0.08055273562854318,0.01821926223246977,0.0811164992970694,0.018440674883993792
0.08055273562854318,0.01821926223246977,0.0811164992970694,0.018440674883993792
0.08055273562854318,0.01821926223246977,0.0811164992970694,0.018440674883993792
0.08055273562854318,0.01821926223246977,0.0811164992970694,0.018440674883993792
0.08055273562854318,0.01821926223246977,0.0811164992970694,0.018440674883993792
0.08055273562854318,0.01821926223246977,0.0811164992970694,0.018440674883993792
0.08055273562854318,0.01821926223246977,0.0811164992970694,0.018440674883993792
0.08055273562854318,0.01821926223246977,0.0811164992970694,0.018440674883993792
0.08055273562854318,0.01821926223246977,0.0811164992970694,0.018440674883993792
0.07839586520426359,0.018010775159568594,0.07892299841042569,0.018242522147315667
0.07839586520426359,0.018010775159568594,0.07892299841042569,0.018242522147315667
0.07839586520426359,0.018010775159568594,0.07892299841042569,0.018242522147315667
0.07839586520426359,0.018010775159568594,0.07892299841042569,0.018242522147315667
0.07839586520426359,0.018010775159568594,0.07892299841042569,0.018242522147315667
0.07839586520426359,0.018010775159568594,0.07892299841042569,0.018242522147315667
0.07839586520426359,0.018010775159568594,0.07892299841042569,0.018242522147315667
0.07839586520426359,0.018010775159568594,0.07892299841042569,0.018242522147315667
0.07839586520426359,0.018010775159568594,0.07892299841042569,0.018242522147315667
0.07839586520426359,0.018010775159568594,0.07892299841042569,0.018242522147315667
0.07622781252410435,0.017204914715379417,0.0767160103128004,0.01744374795682222
0.07622781252410435,0.017204914715379417,0.0767160103128004,0.01744374795682222
0.07622781252410435,0.017204914715379417,0.0767160103128004,0.01744374795682222
0.07622781252410435,0.017204914715379417,0.0767160103128004,0.01744374795682222
0.07622781252410435,0.017204914715379417,0.0767160103128004,0.01744374795682222
0.07622781252410435,0.017204914715379417,0.0767160103128004,0.01744374795682222
0.07622781252410435,0.017204914715379417,0.0767160103128004,0.01744374795682222
0.07622781252410435,0.017204914715379417,0.0767160103128004,0.01744374795682222
0.07622781252410435,0.017204914715379417,0.0767160103128004,0.01744374795682222
0.07622781252410435,0.017204914715379417,0.0767160103128004,0.01744374795682222
0.07468953878388022,0.01492698754850196,0.07515732925926455,0.015157221323521802
0.07468953878388022,0.01492698754850196,0.07515732925926455,0.015157221323521802
0.07468953878388022,0.01492698754850196,0.07515732925926455,0.015157221323521802
0.07468953878388022,0.01492698754850196,0.07515732925926455,0.015157221323521802
0.07468953878388022,0.01492698754850196,0.07515732925926455,0.015157221323521802
0.07468953878388022,0.01492698754850196,0.07515732925926455,0.015157221323521802
0.07468953878388022,0.01492698754850196,0.07515732925926455,0.015157221323521802
0.07468953878388022,0.01492698754850196,0.07515732925926455,0.015157221323521802
0.07468953878388022,0.01492698754850196,0.07515732925926455,0.015157221323521802
0.07468953878388022,0.01492698754850196,0.07515732925926455,0.015157221323521802
0.07201834609149972,0.012207066715960951,0.07244789014798238,0.012421150619253618
0.07201834609149972,0.012207066715960951,0.07244789014798238,0.012421150619253618
0.07201834609149972,0.012207066715960951,0.07244789014798238,0.012421150619253618
0.07201834609149972,0.012207066715960951,0.07244789014798238,0.012421150619253618
0.07201834609149972,0.012207066715960951,0.07244789014798238,0.012421150619253618
0.07201834609149972,0.012207066715960951,0.07244789014798238,0.012421150619253618
0.07201834609149972,0.012207066715960951,0.07244789014798238,0.012421150619253618
0.07201834609149972,0.012207066715960951,0.07244789014798238,0.012421150619253618
0.07201834609149972,0.012207066715960951,0.07244789014798238,0.012421150619253618
0.07201834609149972,0.012207066715960951,0.07244789014798238,0.012421150619253618
0.07104855375652779,0.010433600925762556,0.07147098778956985,0.01062538978970888
0.07104855375652779,0.010433600925762556,0.07147098778956985,0.01062538978970888
0.07104855375652779,0.010433600925762556,0.07147098778956985,0.01062538978970888
0.07104855375652779,0.010433600925762556,0.07147098778956985,0.01062538978970888
0.07104855375652779,0.010433600925762556,0.07147098778956985,0.01062538978970888
0.07104855375652779,0.010433600925762556,0.07147098778956985,0.01062538978970888
0.07104855375652779,0.010433600925762556,0.07147098778956985,0.01062538978970888
0.07104855375652779,0.010433600925762556,0.07147098778956985,0.01062538978970888
0.07104855375652779,0.010433600925762556,0.07147098778956985,0.01062538978970888
0.07104855375652779,0.010433600925762556,0.07147098778956985,0.01062538978970888
0.069005377995062,0.010921455235897977,0.06938512006787145,0.011116130034239289
0.069005377995062,0.010921455235897977,0.06938512006787145,0.011116130034239289
0.069005377995062,0.010921455235897977,0.06938512006787145,0.011116130034239289
0.069005377995062,0.010921455235897977,0.06938512006787145,0.011116130034239289
0.069005377995062,0.010921455235897977,0.06938512006787145,0.011116130034239289
0.069005377995062,0.010921455235897977,0.06938512006787145,0.011116130034239289
0.069005377995062,0.010921455235897977,0.06938512006787145,0.011116130034239289
0.069005377995062,0.010921455235897977,0.06938512006787145,0.011116130034239289
0.069005377995062,0.010921455235897977,0.06938512006787145,0.011116130034239289
0.069005377995062,0.010921455235897977,0.06938512006787145,0.011116130034239289
0.06790865082616748,0.008852572811766837,0.06827491399533377,0.0090284615274724
0.06790865082616748,0.008852572811766837,0.06827491399533377,0.0090284615274724
0.06790865082616748,0.008852572811766837,0.06827491399533377,0.0090284615274724
0.06790865082616748,0.008852572811766837,0.06827491399533377,0.0090284615274724
0.06790865082616748,0.008852572811766837,0.06827491399533377,0.0090284615274724
0.06790865082616748,0.008852572811766837,0.06827491399533377,0.0090284615274724
0.06790865082616748,0.008852572811766837,0.06827491399533377,0.0090284615274724
0.06790865082616748,0.008852572811766837,0.06827491399533377,0.0090284615274724
0.06790865082616748,0.008852572811766837,0.06827491399533377,0.0090284615274724
0.06790865082616748,0.008852572811766837,0.06827491399533377,0.0090284615274724
0.0671791580800177,0.008469013075100711,0.06752609923951577,0.008652051051488814
0.0671791580800177,0.008469013075100711,0.06752609923951577,0.008652051051488814
0.0671791580800177,0.008469013075100711,0.06752609923951577,0.008652051051488814
0.0671791580800177,0.008469013075100711,0.06752609923951577,0.008652051051488814
0.0671791580800177,0.008469013075100711,0.06752609923951577,0.008652051051488814
0.0671791580800177,0.008469013075100711,0.06752609923951577,0.008652051051488814
0.0671791580800177,0.008469013075100711,0.06752609923951577,0.008652051051488814
0.0671791580800177,0.008469013075100711,0.06752609923951577,0.008652051051488814
0.0671791580800177,0.008469013075100711,0.06752609923951577,0.008652051051488814
0.0671791580800177,0.008469013075100711,0.06752609923951577,0.008652051051488814
0.0654588133116711,0.006535724672064409,0.06576971353787513,0.006708131700849754
0.0654588133116711,0.006535724672064409,0.06576971353787513,0.006708131700849754
0.0654588133116711,0.006535724672064409,0.06576971353787513,0.006708131700849754
0.0654588133116711,0.006535724672064409,0.06576971353787513,0.006708131700849754
0.0654588133116711,0.006535724672064409,0.06576971353787513,0.006708131700849754
0.0654588133116711,0.006535724672064409,0.06576971353787513,0.006708131700849754
0.0654588133116711,0.006535724672064409,0.06576971353787513,0.006708131700849754
0.0654588133116711,0.006535724672064409,0.06576971353787513,0.006708131700849754
0.0654588133116711,0.006535724672064409,0.06576971353787513,0.006708131700849754
0.0654588133116711,0.006535724672064409,0.06576971353787513,0.006708131700849754
0.06527036304575065,0.0065285839056289305,0.06557916881739562,0.006694495978607075
0.06527036304575065,0.0065285839056289305,0.06557916881739562,0.006694495978607075
0.06527036304575065,0.0065285839056289305,0.06557916881739562,0.006694495978607075
0.06527036304575065,0.0065285839056289305,0.06557916881739562,0.006694495978607075
0.06527036304575065,0.0065285839056289305,0.06557916881739562,0.006694495978607075
0.06527036304575065,0.0065285839056289305,0.06557916881739562,0.006694495978607075
0.06527036304575065,0.0065285839056289305,0.06557916881739562,0.006694495978607075
0.06527036304575065,0.0065285839056289305,0.06557916881739562,0.006694495978607075
0.06527036304575065,0.0065285839056289305,0.06557916881739562,0.006694495978607075
0.06527036304575065,0.0065285839056289305,0.06557916881739562,0.006694495978607075
0.06434649078260797,0.0058931387462342845,0.06463441707487047,0.006052229887709981
0.06434649078260797,0.0058931387462342845,0.06463441707487047,0.006052229887709981
0.06434649078260797,0.0058931387462342845,0.06463441707487047,0.006052229887709981
0.06434649078260797,0.0058931387462342845,0.06463441707487047,0.006052229887709981
0.06434649078260797,0.0058931387462342845,0.06463441707487047,0.006052229887709981
0.06434649078260797,0.0058931387462342845,0.06463441707487047,0.006052229887709981
0.06434649078260797,0.0058931387462342845,0.06463441707487047,0.006052229887709981
0.06434649078260797,0.0058931387462342845,0.06463441707487047,0.006052229887709981
0.06434649078260797,0.0058931387462342845,0.06463441707487047,0.006052229887709981
0.06434649078260797,0.0058931387462342845,0.06463441707487047,0.006052229887709981
0.06299286757431448,0.005231498961492656,0.06324653727154461,0.005377047214460528
0.06299286757431448,0.005231498961492656,0.06324653727154461,0.005377047214460528
0.06299286757431448,0.005231498961492656,0.06324653727154461,0.005377047214460528
0.06299286757431448,0.005231498961492656,0.06324653727154461,0.005377047214460528
0.06299286757431448,0.005231498961492656,0.06324653727154461,0.005377047214460528
0.06299286757431448,0.005231498961492656,0.06324653727154461,0.005377047214460528
0.06299286757431448,0.005231498961492656,0.06324653727154461,0.005377047214460528
0.06299286757431448,0.005231498961492656,0.06324653727154461,0.005377047214460528
0.06299286757431448,0.005231498961492656,0.06324653727154461,0.005377047214460528
0.06299286757431448,0.005231498961492656,0.06324653727154461,0.005377047214460528
0.062249351195655375,0.005119484352886978,0.062480587499099106,0.005260995940098229
0.062249351195655375,0.005119484352886978,0.062480587499099106,0.005260995940098229
0.062249351195655375,0.005119484352886978,0.062480587499099106,0.005260995940098229
0.062249351195655375,0.005119484352886978,0.062480587499099106,0.005260995940098229
0.062249351195655375,0.005119484352886978,0.062480587499099106,0.005260995940098229
0.062249351195655375,0.005119484352886978,0.062480587499099106,0.005260995940098229
0.062249351195655375,0.005119484352886978,0.062480587499099106,0.005260995940098229
0.062249351195655375,0.005119484352886978,0.062480587499099106,0.005260995940098229
0.062249351195655375,0.005119484352886978,0.062480587499099106,0.005260995940098229
0.062249351195655375,0.005119484352886978,0.062480587499099106,0.005260995940098229
0.06234424713256942,0.005300787196160164,0.0625733188486079,0.005452229033830523
0.06234424713256942,0.005300787196160164,0.0625733188486079,0.005452229033830523
0.06234424713256942,0.005300787196160164,0.0625733188486079,0.005452229033830523
0.06234424713256942,0.005300787196160164,0.0625733188486079,0.005452229033830523
0.06234424713256942,0.005300787196160164,0.0625733188486079,0.005452229033830523
0.06234424713256942,0.005300787196160164,0.0625733188486079,0.005452229033830523
0.06234424713256942,0.005300787196160164,0.0625733188486079,0.005452229033830523
0.06234424713256942,0.005300787196160164,0.0625733188486079,0.005452229033830523
0.06234424713256942,0.005300787196160164,0.0625733188486079,0.005452229033830523
0.06234424713256942,0.005300787196160164,0.0625733188486079,0.005452229033830523
0.06186859931726226,0.004679821485800331,0.0620881688770943,0.004820224894420845
0.06186859931726226,0.004679821485800331,0.0620881688770943,0.004820224894420845
0.06186859931726226,0.004679821485800331,0.0620881688770943,0.004820224894420845
0.06186859931726226,0.004679821485800331,0.0620881688770943,0.004820224894420845
0.06186859931726226,0.004679821485800331,0.0620881688770943,0.004820224894420845
0.06186859931726226,0.004679821485800331,0.0620881688770943,0.004820224894420845
0.06186859931726226,0.004679821485800331,0.0620881688770943,0.004820224894420845
0.06186859931726226,0.004679821485800331,0.0620881688770943,0.004820224894420845
0.06186859931726226,0.004679821485800331,0.0620881688770943,0.004820224894420845
0.06186859931726226,0.004679821485800331,0.0620881688770943,0.004820224894420845
0.062027822347106666,0.004692871285542495,0.062251858710632824,0.004835072698055556
0.062027822347106666,0.004692871285542495,0.062251858710632824,0.004835072698055556
0.062027822347106666,0.004692871285542495,0.062251858710632824,0.004835072698055556
0.062027822347106666,0.004692871285542495,0.062251858710632824,0.004835072698055556
0.062027822347106666,0.004692871285542495,0.062251858710632824,0.004835072698055556
0.062027822347106666,0.004692871285542495,0.062251858710632824,0.004835072698055556
0.062027822347106666,0.004692871285542495,0.062251858710632824,0.004835072698055556
0.062027822347106666,0.004692871285542495,0.062251858710632824,0.004835072698055556
0.062027822347106666,0.004692871285542495,0.062251858710632824,0.004835072698055556
0.062027822347106666,0.004692871285542495,0.062251858710632824,0.004835072698055556
0.06012699142125842,0.002213237086683193,0.06030318426743322,0.0023053138509961735
0.06012699142125842,0.002213237086683193,0.06030318426743322,0.0023053138509961735
0.06012699142125842,0.002213237086683193,0.06030318426743322,0.0023053138509961735
0.06012699142125842,0.002213237086683193,0.06030318426743322,0.0023053138509961735
0.06012699142125842,0.002213237086683193,0.06030318426743322,0.0023053138509961735
0.06012699142125842,0.002213237086683193,0.06030318426743322,0.0023053138509961735
0.06012699142125842,0.002213237086683193,0.06030318426743322,0.0023053138509961735
0.06012699142125842,0.002213237086683193,0.06030318426743322,0.0023053138509961735
0.06012699142125842,0.002213237086683193,0.06030318426743322,0.0023053138509961735
0.06012699142125842,0.002213237086683193,0.06030318426743322,0.0023053138509961735
0.059857139780477506,0.001909681308979256,0.060025563889962365,0.00199097862574983
0.059857139780477506,0.001909681308979256,0.060025563889962365,0.00199097862574983
0.059857139780477506,0.001909681308979256,0.060025563889962365,0.00199097862574983
0.059857139780477506,0.001909681308979256,0.060025563889962365,0.00199097862574983
0.059857139780477506,0.001909681308979256,0.060025563889962365,0.00199097862574983
0.059857139780477506,0.001909681308979256,0.060025563889962365,0.00199097862574983
0.059857139780477506,0.001909681308979256,0.060025563889962365,0.00199097862574983
0.059857139780477506,0.001909681308979256,0.060025563889962365,0.00199097862574983
0.059857139780477506,0.001909681308979256,0.060025563889962365,0.00199097862574983
0.059857139780477506,0.001909681308979256,0.060025563889962365,0.00199097862574983
0.060106625465486965,0.0022109787088173366,0.06028223796831873,0.0023019108216659756
0.060106625465486965,0.0022109787088173366,0.06028223796831873,0.0023019108216659756
0.060106625465486965,0.0022109787088173366,0.06028223796831873,0.0023019108216659756
0.060106625465486965,0.0022109787088173366,0.06028223796831873,0.0023019108216659756
0.060106625465486965,0.0022109787088173366,0.06028223796831873,0.0023019108216659756
0.060106625465486965,0.0022109787088173366,0.06028223796831873,0.0023019108216659756
0.060106625465486965,0.0022109787088173366,0.06028223796831873,0.0023019108216659756
0.060106625465486965,0.0022109787088173366,0.06028223796831873,0.0023019108216659756
0.060106625465486965,0.0022109787088173366,0.06028223796831873,0.0023019108216659756
0.060106625465486965,0.0022109787088173366,0.06028223796831873,0.0023019108216659756
0.059497775555408285,0.0016503189057230033,0.059653434784740125,0.0017221379330752706
0.059497775555408285,0.0016503189057230033,0.059653434784740125,0.0017221379330752706
0.059497775555408285,0.0016503189057230033,0.059653434784740125,0.0017221379330752706
0.059497775555408285,0.0016503189057230033,0.059653434784740125,0.0017221379330752706
0.059497775555408285,0.0016503189057230033,0.059653434784740125,0.0017221379330752706
0.059497775555408285,0.0016503189057230033,0.059653434784740125,0.0017221379330752706
0.059497775555408285,0.0016503189057230033,0.059653434784740125,0.0017221379330752706
0.059497775555408285,0.0016503189057230033,0.059653434784740125,0.0017221379330752706
0.059497775555408285,0.0016503189057230033,0.059653434784740125,0.0017221379330752706
0.059497775555408285,0.0016503189057230033,0.059653434784740125,0.0017221379330752706
0.05924887262027713,0.0011005351749638459,0.05939758462605169,0.0011571538870652149
0.05924887262027713,0.0011005351749638459,0.05939758462605169,0.0011571538870652149
0.05924887262027713,0.0011005351749638459,0.05939758462605169,0.0011571538870652149
0.05924887262027713,0.0011005351749638459,0.05939758462605169,0.0011571538870652149
0.05924887262027713,0.0011005351749638459,0.05939758462605169,0.0011571538870652149
0.05924887262027713,0.0011005351749638459,0.05939758462605169,0.0011571538870652149
0.05924887262027713,0.0011005351749638459,0.05939758462605169,0.0011571538870652149
0.05924887262027713,0.0011005351749638459,0.05939758462605169,0.0011571538870652149
0.05924887262027713,0.0011005351749638459,0.05939758462605169,0.0011571538870652149
0.05924887262027713,0.0011005351749638459,0.05939758462605169,0.0011571538870652149
0.059192645526896806,0.0009641592592214633,0.05933965256833269,0.0010168216700549668
0.059192645526896806,0.0009641592592214633,0.05933965256833269,0.0010168216700549668
0.059192645526896806,0.0009641592592214633,0.05933965256833269,0.0010168216700549668
0.059192645526896806,0.0009641592592214633,0.05933965256833269,0.0010168216700549668
0.059192645526896806,0.0009641592592214633,0.05933965256833269,0.0010168216700549668
0.059192645526896806,0.0009641592592214633,0.05933965256833269,0.0010168216700549668
0.059192645526896806,0.0009641592592214633,0.05933965256833269,0.0010168216700549668
0.059192645526896806,0.0009641592592214633,0.05933965256833269,0.0010168216700549668
0.059192645526896806,0.0009641592592214633,0.05933965256833269,0.0010168216700549668
0.059192645526896806,0.0009641592592214633,0.05933965256833269,0.0010168216700549668
0.059054081183173776,0.0008441356693096477,0.05919398968402647,0.0008915933402009035
0.059054081183173776,0.0008441356693096477,0.05919398968402647,0.0008915933402009035
0.059054081183173776,0.0008441356693096477,0.05919398968402647,0.0008915933402009035
0.059054081183173776,0.0008441356693096477,0.05919398968402647,0.0008915933402009035
0.059054081183173776,0.0008441356693096477,0.05919398968402647,0.0008915933402009035
0.059054081183173776,0.0008441356693096477,0.05919398968402647,0.0008915933402009035
0.059054081183173776,0.0008441356693096477,0.05919398968402647,0.0008915933402009035
0.059054081183173776,0.0008441356693096477,0.05919398968402647,0.0008915933402009035
0.059054081183173776,0.0008441356693096477,0.05919398968402647,0.0008915933402009035
0.059054081183173776,0.0008441356693096477,0.05919398968402647,0.0008915933402009035
0.058959256277120356,0.0008984979316602231,0.05909311128199853,0.0009523725823716132
0.058959256277120356,0.0008984979316602231,0.05909311128199853,0.0009523725823716132
0.058959256277120356,0.0008984979316602231,0.05909311128199853,0.0009523725823716132
0.058959256277120356,0.0008984979316602231,0.05909311128199853,0.0009523725823716132
0.058959256277120356,0.0008984979316602231,0.05909311128199853,0.0009523725823716132
0.058959256277120356,0.0008984979316602231,0.05909311128199853,0.0009523725823716132
0.058959256277120356,0.0008984979316602231,0.05909311128199853,0.0009523725823716132
0.058959256277120356,0.0008984979316602231,0.05909311128199853,0.0009523725823716132
0.058959256277120356,0.0008984979316602231,0.05909311128199853,0.0009523725823716132
0.058959256277120356,0.0008984979316602231,0.05909311128199853,0.0009523725823716132
0.05901469765650964,0.000923200896540275,0.059151545303289144,0.000976886320148372
0.05901469765650964,0.000923200896540275,0.059151545303289144,0.000976886320148372
0.05901469765650964,0.000923200896540275,0.059151545303289144,0.000976886320148372
0.05901469765650964,0.000923200896540275,0.059151545303289144,0.000976886320148372
0.05901469765650964,0.000923200896540275,0.059151545303289144,0.000976886320148372
0.05901469765650964,0.000923200896540275,0.059151545303289144,0.000976886320148372
0.05901469765650964,0.000923200896540275,0.059151545303289144,0.000976886320148372
0.05901469765650964,0.000923200896540275,0.059151545303289144,0.000976886320148372
0.05901469765650964,0.000923200896540275,0.059151545303289144,0.000976886320148372
0.05901469765650964,0.000923200896540275,0.059151545303289144,0.000976886320148372
