0.16852632666379574,0.0,0.16984423167839144,0.0
0.1664446549211235,0.0014152112390428866,0.16775018825878768,0.0014232247653304861
0.1664446549211235,0.0014152112390428866,0.16775018825878768,0.0014232247653304861
0.1664446549211235,0.0014152112390428866,0.16775018825878768,0.0014232247653304861
0.16557501407162092,0.0013990450012971668,0.16687592837219442,0.001407425579954398
0.16557501407162092,0.0013990450012971668,0.16687592837219442,0.001407425579954398
0.16557501407162092,0.0013990450012971668,0.16687592837219442,0.001407425579954398
0.16399541018018055,0.0016188020792462967,0.16528671566880476,0.001627682542985703
0.16399541018018055,0.0016188020792462967,0.16528671566880476,0.001627682542985703
0.16399541018018055,0.0016188020792462967,0.16528671566880476,0.001627682542985703
0.16277946773153612,0.002080387002723453,0.1640632744994887,0.0020918708174202487
0.16277946773153612,0.002080387002723453,0.1640632744994887,0.0020918708174202487
0.16277946773153612,0.002080387002723453,0.1640632744994887,0.0020918708174202487
0.16202052249620055,0.002474033854419179,0.16330011193195704,0.0024884619150865187
0.16202052249620055,0.002474033854419179,0.16330011193195704,0.0024884619150865187
0.16202052249620055,0.002474033854419179,0.16330011193195704,0.0024884619150865187
0.1610065931176834,0.0025943068020274226,0.16228027010717533,0.00260937840227524
0.1610065931176834,0.0025943068020274226,0.16228027010717533,0.00260937840227524
0.1610065931176834,0.0025943068020274226,0.16228027010717533,0.00260937840227524
0.16058549584789003,0.0027279957696283792,0.16185677946613586,0.00274412119534748
0.16058549584789003,0.0027279957696283792,0.16185677946613586,0.00274412119534748
0.16058549584789003,0.0027279957696283792,0.16185677946613586,0.00274412119534748
0.15938025967310138,0.0028449471774653727,0.16064443862986727,0.002861631516351185
0.15938025967310138,0.0028449471774653727,0.16064443862986727,0.002861631516351185
0.15938025967310138,0.0028449471774653727,0.16064443862986727,0.002861631516351185
0.15827043411560565,0.0029057154701051208,0.1595278723707692,0.0029234305805210217
0.15827043411560565,0.0029057154701051208,0.1595278723707692,0.0029234305805210217
0.15827043411560565,0.0029057154701051208,0.1595278723707692,0.0029234305805210217
0.15741602444463781,0.003180915826000324,0.15866828686565665,0.003200241488699612
0.15741602444463781,0.003180915826000324,0.15866828686565665,0.003200241488699612
0.15741602444463781,0.003180915826000324,0.15866828686565665,0.003200241488699612
0.15676855621043395,0.00342710395049941,0.15801675963415335,0.00344809520200575
0.15676855621043395,0.00342710395049941,0.15801675963415335,0.00344809520200575
0.15676855621043395,0.00342710395049941,0.15801675963415335,0.00344809520200575
0.15595628730342687,0.0037160548717039736,0.15719917743557926,0.0037388956911505386
0.15595628730342687,0.0037160548717039736,0.15719917743557926,0.0037388956911505386
0.15595628730342687,0.0037160548717039736,0.15719917743557926,0.0037388956911505386
0.15498943657922912,0.003972712467804944,0.15622651184473685,0.003997236864719404
0.15498943657922912,0.003972712467804944,0.15622651184473685,0.003997236864719404
0.15498943657922912,0.003972712467804944,0.15622651184473685,0.003997236864719404
0.15457844292764608,0.0038561711310342874,0.15581314940675411,0.0038799532592206547
0.15457844292764608,0.0038561711310342874,0.15581314940675411,0.0038799532592206547
0.15457844292764608,0.0038561711310342874,0.15581314940675411,0.0038799532592206547
0.1536527412705813,0.003969331785594101,0.15488150747410379,0.003993929514847059
0.1536527412705813,0.003969331785594101,0.15488150747410379,0.003993929514847059
0.1536527412705813,0.003969331785594101,0.15488150747410379,0.003993929514847059
0.15305356668501366,0.004278148334716755,0.15427828415634062,0.0043045925778220865
0.15305356668501366,0.004278148334716755,0.15427828415634062,0.0043045925778220865
0.15305356668501366,0.004278148334716755,0.15427828415634062,0.0043045925778220865
0.1525471069358126,0.004051048363314874,0.15376888945260006,0.004076149484334239
0.1525471069358126,0.004051048363314874,0.15376888945260006,0.004076149484334239
0.1525471069358126,0.004051048363314874,0.15376888945260006,0.004076149484334239
0.1517753271858414,0.0043296805316747474,0.15299222491923747,0.004356346415095953
0.1517753271858414,0.0043296805316747474,0.15299222491923747,0.004356346415095953
0.1517753271858414,0.0043296805316747474,0.15299222491923747,0.004356346415095953
0.15073711397820908,0.00443454883424079,0.15194712684063313,0.004461923241132298
0.15073711397820908,0.00443454883424079,0.15194712684063313,0.004461923241132298
0.15073711397820908,0.00443454883424079,0.15194712684063313,0.004461923241132298
0.14981392689463877,0.004706687405746097,0.1510180453848641,0.004735831646385742
0.14981392689463877,0.004706687405746097,0.1510180453848641,0.004735831646385742
0.14981392689463877,0.004706687405746097,0.1510180453848641,0.004735831646385742
0.14888180119806327,0.004781659237990877,0.15008013769323889,0.004811465757645367
0.14888180119806327,0.004781659237990877,0.15008013769323889,0.004811465757645367
0.14888180119806327,0.004781659237990877,0.15008013769323889,0.004811465757645367
0.14806652957166466,0.005001842919273964,0.14925958497015285,0.005033309112399554
0.14806652957166466,0.005001842919273964,0.14925958497015285,0.005033309112399554
0.14806652957166466,0.005001842919273964,0.14925958497015285,0.005033309112399554
0.14713217125851236,0.0053652261702163565,0.14831915523532738,0.005399418314254772
0.14713217125851236,0.0053652261702163565,0.14831915523532738,0.005399418314254772
0.14713217125851236,0.0053652261702163565,0.14831915523532738,0.005399418314254772
0.14609693333591503,0.005451662685843332,0.14727713149915145,0.005486615951516128
0.14609693333591503,0.005451662685843332,0.14727713149915145,0.005486615951516128
0.14609693333591503,0.005451662685843332,0.14727713149915145,0.005486615951516128
0.14528083257099642,0.00561851854981775,0.14645557534219966,0.005654929907127694
0.14528083257099642,0.00561851854981775,0.14645557534219966,0.005654929907127694
0.14528083257099642,0.00561851854981775,0.14645557534219966,0.005654929907127694
0.144440487800694,0.0060824085909174245,0.14560963350796363,0.006122042454407595
0.144440487800694,0.0060824085909174245,0.14560963350796363,0.006122042454407595
0.144440487800694,0.0060824085909174245,0.14560963350796363,0.006122042454407595
0.14345368220150495,0.006425050332194316,0.14461603948957197,0.006467166304069952
0.14345368220150495,0.006425050332194316,0.14461603948957197,0.006467166304069952
0.14345368220150495,0.006425050332194316,0.14461603948957197,0.006467166304069952
0.1424032520484111,0.006588563784043367,0.1435587756551595,0.006632277891307522
0.1424032520484111,0.006588563784043367,0.1435587756551595,0.006632277891307522
0.1424032520484111,0.006588563784043367,0.1435587756551595,0.006632277891307522
0.14150122897936282,0.006884559672338388,0.14265070381619457,0.006930460955866664
0.14150122897936282,0.006884559672338388,0.14265070381619457,0.006930460955866664
0.14150122897936282,0.006884559672338388,0.14265070381619457,0.006930460955866664
0.14066063417434738,0.007376121200531304,0.14180433688118899,0.007425867038221378
0.14066063417434738,0.007376121200531304,0.14180433688118899,0.007425867038221378
0.14066063417434738,0.007376121200531304,0.14180433688118899,0.007425867038221378
0.1401305812679392,0.007508824541226021,0.14127079218728072,0.007559591720883847
0.1401305812679392,0.007508824541226021,0.14127079218728072,0.007559591720883847
0.1401305812679392,0.007508824541226021,0.14127079218728072,0.007559591720883847
0.13977467006335628,0.007664894142297443,0.14091242651358055,0.007717258101487967
0.13977467006335628,0.007664894142297443,0.14091242651358055,0.007717258101487967
0.13977467006335628,0.007664894142297443,0.14091242651358055,0.007717258101487967
0.13892067971824246,0.00778224794870743,0.14005249546089227,0.007835568412590262
0.13892067971824246,0.00778224794870743,0.14005249546089227,0.007835568412590262
0.13892067971824246,0.00778224794870743,0.14005249546089227,0.007835568412590262
0.13812343256152965,0.007993629293203746,0.13924969654609828,0.008048667747695531
0.13812343256152965,0.007993629293203746,0.13924969654609828,0.008048667747695531
0.13812343256152965,0.007993629293203746,0.13924969654609828,0.008048667747695531
0.1372831751836348,0.008043606393237354,0.13840361330912154,0.00809949113271392
0.1372831751836348,0.008043606393237354,0.13840361330912154,0.00809949113271392
0.1372831751836348,0.008043606393237354,0.13840361330912154,0.00809949113271392
0.13608463216636796,0.008465422709430464,0.1371967079417881,0.00852463753228067
0.13608463216636796,0.008465422709430464,0.1371967079417881,0.00852463753228067
0.13608463216636796,0.008465422709430464,0.1371967079417881,0.00852463753228067
0.13538010135096837,0.008692790280564829,0.13648706050609669,0.008753867174298026
0.13538010135096837,0.008692790280564829,0.13648706050609669,0.008753867174298026
0.13538010135096837,0.008692790280564829,0.13648706050609669,0.008753867174298026
0.13454876774288557,0.008918674237429898,0.13564968642456982,0.008981488968111056
0.13454876774288557,0.008918674237429898,0.13564968642456982,0.008981488968111056
0.13454876774288557,0.008918674237429898,0.13564968642456982,0.008981488968111056
0.13378226800375953,0.0093964561433517,0.1348777372297676,0.009463221919972441
0.13378226800375953,0.0093964561433517,0.1348777372297676,0.009463221919972441
0.13378226800375953,0.0093964561433517,0.1348777372297676,0.009463221919972441
0.13279318858752376,0.009711799552590886,0.13388142016294224,0.009781574456516489
0.13279318858752376,0.009711799552590886,0.13388142016294224,0.009781574456516489
0.13279318858752376,0.009711799552590886,0.13388142016294224,0.009781574456516489
0.1321538866181938,0.00995919152729348,0.133237743405561,0.010030774558653945
0.1321538866181938,0.00995919152729348,0.133237743405561,0.010030774558653945
0.1321538866181938,0.00995919152729348,0.133237743405561,0.010030774558653945
0.13157991650947382,0.010150105271228744,0.13265951399645062,0.01022331037046168
0.13157991650947382,0.010150105271228744,0.13265951399645062,0.01022331037046168
0.13157991650947382,0.010150105271228744,0.13265951399645062,0.01022331037046168
0.13076516342265032,0.010834467197492209,0.13183848932395886,0.01091319925646931
0.13076516342265032,0.010834467197492209,0.13183848932395886,0.01091319925646931
0.13076516342265032,0.010834467197492209,0.13183848932395886,0.01091319925646931
0.1301294639255981,0.010670800147793591,0.13119822781786347,0.010748768241477358
0.1301294639255981,0.010670800147793591,0.13119822781786347,0.010748768241477358
0.1301294639255981,0.010670800147793591,0.13119822781786347,0.010748768241477358
0.12918932254811322,0.010720683599390556,0.13025133454696491,0.01079938646591204
0.12918932254811322,0.010720683599390556,0.13025133454696491,0.01079938646591204
0.12918932254811322,0.010720683599390556,0.13025133454696491,0.01079938646591204
0.12856532495310505,0.01054319594687148,0.12962289346932637,0.010620713846383715
0.12856532495310505,0.01054319594687148,0.12962289346932637,0.010620713846383715
0.12856532495310505,0.01054319594687148,0.12962289346932637,0.010620713846383715
0.12805935874142305,0.010608247404625768,0.1291131413302431,0.010686387845920221
0.12805935874142305,0.010608247404625768,0.1291131413302431,0.010686387845920221
0.12805935874142305,0.010608247404625768,0.1291131413302431,0.010686387845920221
0.1275245395246963,0.010566233108028029,0.12857446492972766,0.010644515137921607
0.1275245395246963,0.010566233108028029,0.12857446492972766,0.010644515137921607
0.1275245395246963,0.010566233108028029,0.12857446492972766,0.010644515137921607
0.12686438289789737,0.010469433500145953,0.12790936753251575,0.01054706496180947
0.12686438289789737,0.010469433500145953,0.12790936753251575,0.01054706496180947
0.12686438289789737,0.010469433500145953,0.12790936753251575,0.01054706496180947
0.1262265893614689,0.010304635478424626,0.12726691012946154,0.010381145986937311
0.1262265893614689,0.010304635478424626,0.12726691012946154,0.010381145986937311
0.1262265893614689,0.010304635478424626,0.12726691012946154,0.010381145986937311
0.12560094588795662,0.01027116758192578,0.12663664240942632,0.010347760678964825
0.12560094588795662,0.01027116758192578,0.12663664240942632,0.010347760678964825
0.12560094588795662,0.01027116758192578,0.12663664240942632,0.010347760678964825
0.12478666158919707,0.010643837446850428,0.12581613055666557,0.01072360439178801
0.12478666158919707,0.010643837446850428,0.12581613055666557,0.01072360439178801
0.12478666158919707,0.010643837446850428,0.12581613055666557,0.01072360439178801
0.12397483986840992,0.010803841324249521,0.12499805191191027,0.01088473576290169
0.12397483986840992,0.010803841324249521,0.12499805191191027,0.01088473576290169
0.12397483986840992,0.010803841324249521,0.12499805191191027,0.01088473576290169
0.12338766968792288,0.011032071433309063,0.12440620929885075,0.011115158916663231
0.12338766968792288,0.011032071433309063,0.12440620929885075,0.011115158916663231
0.12338766968792288,0.011032071433309063,0.12440620929885075,0.011115158916663231
0.12279579192066523,0.01105766026454206,0.12380973358377982,0.011141324110591384
0.12279579192066523,0.01105766026454206,0.12380973358377982,0.011141324110591384
0.12279579192066523,0.01105766026454206,0.12380973358377982,0.011141324110591384
0.12223295280031228,0.010971825735636117,0.12324263208778767,0.011055498083179533
0.12223295280031228,0.010971825735636117,0.12324263208778767,0.011055498083179533
0.12223295280031228,0.010971825735636117,0.12324263208778767,0.011055498083179533
0.12183269277213968,0.010836216435111417,0.12283937829130265,0.010918819154753567
0.12183269277213968,0.010836216435111417,0.12283937829130265,0.010918819154753567
0.12183269277213968,0.010836216435111417,0.12283937829130265,0.010918819154753567
0.1212858721063449,0.010693125137452268,0.12228836051369833,0.010774674717017471
0.1212858721063449,0.010693125137452268,0.12228836051369833,0.010774674717017471
0.1212858721063449,0.010693125137452268,0.12228836051369833,0.010774674717017471
0.12036294389812949,0.010348219834710204,0.12135844724617599,0.010427697800739981
0.12036294389812949,0.010348219834710204,0.12135844724617599,0.010427697800739981
0.12036294389812949,0.010348219834710204,0.12135844724617599,0.010427697800739981
0.11969363022964419,0.010301368758088205,0.12068388692501256,0.010381253129089728
0.11969363022964419,0.010301368758088205,0.12068388692501256,0.010381253129089728
0.11969363022964419,0.010301368758088205,0.12068388692501256,0.010381253129089728
0.11938531685946663,0.010642812628149496,0.1203728655872657,0.010725488832237428
0.11938531685946663,0.010642812628149496,0.1203728655872657,0.010725488832237428
0.11938531685946663,0.010642812628149496,0.1203728655872657,0.010725488832237428
0.11930818430177215,0.010701644149767067,0.12029504805792812,0.010785568893289833
0.11930818430177215,0.010701644149767067,0.12029504805792812,0.010785568893289833
0.11930818430177215,0.010701644149767067,0.12029504805792812,0.010785568893289833
0.11880231188362378,0.010697994864912725,0.11978520700710948,0.010782315412379048
0.11880231188362378,0.010697994864912725,0.11978520700710948,0.010782315412379048
0.11880231188362378,0.010697994864912725,0.11978520700710948,0.010782315412379048
0.11835825707000065,0.010887351292781068,0.1193374264963325,0.01097330649392367
0.11835825707000065,0.010887351292781068,0.1193374264963325,0.01097330649392367
0.11835825707000065,0.010887351292781068,0.1193374264963325,0.01097330649392367
0.1178873666561198,0.011112553194722607,0.11886262036520576,0.011201206914959636
0.1178873666561198,0.011112553194722607,0.11886262036520576,0.011201206914959636
0.1178873666561198,0.011112553194722607,0.11886262036520576,0.011201206914959636
0.1173940598962886,0.011086032325235244,0.1183653922184442,0.011174229154303989
0.1173940598962886,0.011086032325235244,0.1183653922184442,0.011174229154303989
0.1173940598962886,0.011086032325235244,0.1183653922184442,0.011174229154303989
0.11647111166693772,0.010854414837198343,0.11743513982685846,0.01094109269729366
0.11647111166693772,0.010854414837198343,0.11743513982685846,0.01094109269729366
0.11647111166693772,0.010854414837198343,0.11743513982685846,0.01094109269729366
0.11589932266058442,0.010899313075891244,0.11685845410821127,0.010986782882007079
0.11589932266058442,0.010899313075891244,0.11685845410821127,0.010986782882007079
0.11589932266058442,0.010899313075891244,0.11685845410821127,0.010986782882007079
0.11506972963933222,0.011052382337990847,0.11602185980803807,0.011142094313496213
0.11506972963933222,0.011052382337990847,0.11602185980803807,0.011142094313496213
0.11506972963933222,0.011052382337990847,0.11602185980803807,0.011142094313496213
0.11439176119847531,0.011074609777757278,0.11533844942590492,0.011164698558113667
0.11439176119847531,0.011074609777757278,0.11533844942590492,0.011164698558113667
0.11439176119847531,0.011074609777757278,0.11533844942590492,0.011164698558113667
0.11367777831225945,0.01073230716658479,0.11461886717867484,0.010820283315780312
0.11367777831225945,0.01073230716658479,0.11461886717867484,0.010820283315780312
0.11367777831225945,0.01073230716658479,0.11461886717867484,0.010820283315780312
0.11249931921845893,0.011082920763167869,0.11343019824553964,0.011175220638676493
0.11249931921845893,0.011082920763167869,0.11343019824553964,0.011175220638676493
0.11249931921845893,0.011082920763167869,0.11343019824553964,0.011175220638676493
0.11196085205330697,0.011028487739500995,0.11288721826989163,0.011120728826474361
0.11196085205330697,0.011028487739500995,0.11288721826989163,0.011120728826474361
0.11196085205330697,0.011028487739500995,0.11288721826989163,0.011120728826474361
0.1116115953261495,0.010829708291389411,0.11253520595894176,0.010920146407352902
0.1116115953261495,0.010829708291389411,0.11253520595894176,0.010920146407352902
0.1116115953261495,0.010829708291389411,0.11253520595894176,0.010920146407352902
0.11077544059452178,0.011225153582897855,0.11169164144404542,0.011319487665238945
0.11077544059452178,0.011225153582897855,0.11169164144404542,0.011319487665238945
0.11077544059452178,0.011225153582897855,0.11169164144404542,0.011319487665238945
0.11027029901867573,0.0113237286607648,0.11118212676725307,0.011419651135433856
0.11027029901867573,0.0113237286607648,0.11118212676725307,0.011419651135433856
0.11027029901867573,0.0113237286607648,0.11118212676725307,0.011419651135433856
0.10943624007641051,0.011618030799860226,0.1103405002351457,0.011717630399273976
0.10943624007641051,0.011618030799860226,0.1103405002351457,0.011717630399273976
0.10943624007641051,0.011618030799860226,0.1103405002351457,0.011717630399273976
0.10916784145176672,0.011180778459822448,0.11007024649796426,0.011276611685368008
0.10916784145176672,0.011180778459822448,0.11007024649796426,0.011276611685368008
0.10916784145176672,0.011180778459822448,0.11007024649796426,0.011276611685368008
0.10873818785360441,0.011293014168980726,0.10963674364354196,0.01139055027681027
0.10873818785360441,0.011293014168980726,0.10963674364354196,0.01139055027681027
0.10873818785360441,0.011293014168980726,0.10963674364354196,0.01139055027681027
0.10813223373163594,0.010858339074769447,0.10902599613597148,0.010952069245310773
0.10813223373163594,0.010858339074769447,0.10902599613597148,0.010952069245310773
0.10813223373163594,0.010858339074769447,0.10902599613597148,0.010952069245310773
0.10760751184231403,0.011143339482700774,0.10849647755132577,0.0112398075938074
0.10760751184231403,0.011143339482700774,0.10849647755132577,0.0112398075938074
0.10760751184231403,0.011143339482700774,0.10849647755132577,0.0112398075938074
0.1068479643893433,0.011338120395796436,0.10772989346362676,0.011437191476035152
0.1068479643893433,0.011338120395796436,0.10772989346362676,0.011437191476035152
0.1068479643893433,0.011338120395796436,0.10772989346362676,0.011437191476035152
0.10634129255430062,0.011271603586739138,0.10721886832432974,0.011370634473170743
0.10634129255430062,0.011271603586739138,0.10721886832432974,0.011370634473170743
0.10634129255430062,0.011271603586739138,0.10721886832432974,0.011370634473170743
0.10585836358882483,0.01107853176457388,0.10673176852849078,0.0111755897353471
0.10585836358882483,0.01107853176457388,0.10673176852849078,0.0111755897353471
0.10585836358882483,0.01107853176457388,0.10673176852849078,0.0111755897353471
0.10560009522927298,0.011026004763026037,0.10647115725818361,0.011122594207691409
0.10560009522927298,0.011026004763026037,0.10647115725818361,0.011122594207691409
0.10560009522927298,0.011026004763026037,0.10647115725818361,0.011122594207691409
0.1053734311193355,0.010962971227607216,0.10624262318106996,0.011058850300287845
0.1053734311193355,0.010962971227607216,0.10624262318106996,0.011058850300287845
0.1053734311193355,0.010962971227607216,0.10624262318106996,0.011058850300287845
0.10467466196344843,0.01077425617005169,0.10553771502909245,0.010868951378812873
0.10467466196344843,0.01077425617005169,0.10553771502909245,0.010868951378812873
0.10467466196344843,0.01077425617005169,0.10553771502909245,0.010868951378812873
0.1043116726019784,0.010582634413018923,0.10517160763997006,0.010675803672636798
0.1043116726019784,0.010582634413018923,0.10517160763997006,0.010675803672636798
0.1043116726019784,0.010582634413018923,0.10517160763997006,0.010675803672636798
0.10360467851814996,0.010574070468917474,0.10445815983560562,0.010667873211298725
0.10360467851814996,0.010574070468917474,0.10445815983560562,0.010667873211298725
0.10360467851814996,0.010574070468917474,0.10445815983560562,0.010667873211298725
0.10316845273804356,0.010495214678285496,0.10401793675716653,0.010588634403985135
0.10316845273804356,0.010495214678285496,0.10401793675716653,0.010588634403985135
0.10316845273804356,0.010495214678285496,0.10401793675716653,0.010588634403985135
0.10268019737954115,0.010628401456096013,0.10352498211470469,0.010723497186339704
0.10268019737954115,0.010628401456096013,0.10352498211470469,0.010723497186339704
0.10268019737954115,0.010628401456096013,0.10352498211470469,0.010723497186339704
0.1022588557876786,0.010786450960169674,0.1030994239980005,0.010883893114391316
0.1022588557876786,0.010786450960169674,0.1030994239980005,0.010883893114391316
0.1022588557876786,0.010786450960169674,0.1030994239980005,0.010883893114391316
0.10156784644381753,0.010681352928403455,0.10240192454885595,0.01077867362019246
0.10156784644381753,0.010681352928403455,0.10240192454885595,0.01077867362019246
0.10156784644381753,0.010681352928403455,0.10240192454885595,0.01077867362019246
0.10108775496750921,0.010755909329578964,0.10191711224506414,0.010854985617883459
0.10108775496750921,0.010755909329578964,0.10191711224506414,0.010854985617883459
0.10108775496750921,0.010755909329578964,0.10191711224506414,0.010854985617883459
0.10063940170500829,0.010729603012804633,0.10146452901936631,0.010829153205517587
0.10063940170500829,0.010729603012804633,0.10146452901936631,0.010829153205517587
0.10063940170500829,0.010729603012804633,0.10146452901936631,0.010829153205517587
0.10027947585293746,0.010575717878255779,0.10110134862131877,0.010673872023581844
0.10027947585293746,0.010575717878255779,0.10110134862131877,0.010673872023581844
0.10027947585293746,0.010575717878255779,0.10110134862131877,0.010673872023581844
0.09972574454972134,0.010835840190097888,0.10054186687141457,0.010937048831842535
0.09972574454972134,0.010835840190097888,0.10054186687141457,0.010937048831842535
0.09972574454972134,0.010835840190097888,0.10054186687141457,0.010937048831842535
0.09937661195251499,0.011135124997838272,0.10018908339696371,0.011239261095752304
0.09937661195251499,0.011135124997838272,0.10018908339696371,0.011239261095752304
0.09937661195251499,0.011135124997838272,0.10018908339696371,0.011239261095752304
0.09916559195305205,0.01092201459342807,0.09997631557305622,0.011023864856538229
0.09916559195305205,0.01092201459342807,0.09997631557305622,0.011023864856538229
0.09916559195305205,0.01092201459342807,0.09997631557305622,0.011023864856538229
0.09877264375127272,0.01079865873309619,0.09957970715151034,0.010899610955780825
0.09877264375127272,0.01079865873309619,0.09957970715151034,0.010899610955780825
0.09877264375127272,0.01079865873309619,0.09957970715151034,0.010899610955780825
0.09811812784330712,0.010929415695897646,0.09891863122640492,0.011032194953691348
0.09811812784330712,0.010929415695897646,0.09891863122640492,0.011032194953691348
0.09811812784330712,0.010929415695897646,0.09891863122640492,0.011032194953691348
0.0979601405139435,0.010793159972747383,0.0987593260679737,0.01089470762284618
0.0979601405139435,0.010793159972747383,0.0987593260679737,0.01089470762284618
0.0979601405139435,0.010793159972747383,0.0987593260679737,0.01089470762284618
0.09736873627871503,0.011017959371688474,0.09816174643670442,0.011122320345203834
0.09736873627871503,0.011017959371688474,0.09816174643670442,0.011122320345203834
0.09736873627871503,0.011017959371688474,0.09816174643670442,0.011122320345203834
0.09696665725282212,0.01117253463430439,0.09775546717966495,0.011278903918606078
0.09696665725282212,0.01117253463430439,0.09775546717966495,0.011278903918606078
0.09696665725282212,0.01117253463430439,0.09775546717966495,0.011278903918606078
0.09669681183741595,0.011027609404516664,0.09748306903804219,0.01113346899908284
0.09669681183741595,0.011027609404516664,0.09748306903804219,0.01113346899908284
0.09669681183741595,0.011027609404516664,0.09748306903804219,0.01113346899908284
0.09613458815707368,0.010761214820900937,0.09691548672986348,0.010865269689933642
0.09613458815707368,0.010761214820900937,0.09691548672986348,0.010865269689933642
0.09613458815707368,0.010761214820900937,0.09691548672986348,0.010865269689933642
0.09548444822796534,0.01073386068523199,0.0962586962818509,0.01083860556911851
0.09548444822796534,0.01073386068523199,0.0962586962818509,0.01083860556911851
0.09548444822796534,0.01073386068523199,0.0962586962818509,0.01083860556911851
0.09494592480898159,0.010259747032804691,0.09571514924938146,0.010361032583310935
0.09494592480898159,0.010259747032804691,0.09571514924938146,0.010361032583310935
0.09494592480898159,0.010259747032804691,0.09571514924938146,0.010361032583310935
0.09452461522331057,0.010279017463746399,0.09528945797869408,0.010380954880813092
0.09452461522331057,0.010279017463746399,0.09528945797869408,0.010380954880813092
0.09452461522331057,0.010279017463746399,0.09528945797869408,0.010380954880813092
0.09422033438286546,0.010188138819558148,0.09498207151267088,0.010289709778049319
0.09422033438286546,0.010188138819558148,0.09498207151267088,0.010289709778049319
0.09422033438286546,0.010188138819558148,0.09498207151267088,0.010289709778049319
0.09421501499609665,0.009937465970816134,0.0949768812070836,0.010037261609641773
0.09421501499609665,0.009937465970816134,0.0949768812070836,0.010037261609641773
0.09421501499609665,0.009937465970816134,0.0949768812070836,0.010037261609641773
0.09375751965013401,0.010079262960809125,0.09451447954487419,0.010180778230931354
0.09375751965013401,0.010079262960809125,0.09451447954487419,0.010180778230931354
0.09375751965013401,0.010079262960809125,0.09451447954487419,0.010180778230931354
0.09340784365809013,0.009865443500002073,0.09416143606882145,0.009965307515540997
0.09340784365809013,0.009865443500002073,0.09416143606882145,0.009965307515540997
0.09340784365809013,0.009865443500002073,0.09416143606882145,0.009965307515540997
0.09303055444670442,0.01006869979626961,0.09377993829944291,0.010170671943506428
0.09303055444670442,0.01006869979626961,0.09377993829944291,0.010170671943506428
0.09303055444670442,0.01006869979626961,0.09377993829944291,0.010170671943506428
0.09266393472996924,0.00984432026458056,0.09340991250985556,0.009943414094679562
0.09266393472996924,0.00984432026458056,0.09340991250985556,0.009943414094679562
0.09266393472996924,0.00984432026458056,0.09340991250985556,0.009943414094679562
0.09255823398288657,0.009623459053900094,0.09330337167200713,0.00972059217669047
0.09255823398288657,0.009623459053900094,0.09330337167200713,0.00972059217669047
0.09255823398288657,0.009623459053900094,0.09330337167200713,0.00972059217669047
0.09252977515444619,0.009521543828134539,0.09327471295688403,0.009617992343430463
0.09252977515444619,0.009521543828134539,0.09327471295688403,0.009617992343430463
0.09252977515444619,0.009521543828134539,0.09327471295688403,0.009617992343430463
0.092079765551719,0.009544015453984459,0.09281977006004985,0.009641298790679253
0.092079765551719,0.009544015453984459,0.09281977006004985,0.009641298790679253
0.092079765551719,0.009544015453984459,0.09281977006004985,0.009641298790679253
0.09164457226345694,0.009178350745061983,0.09238021013145316,0.009273184894734127
0.09164457226345694,0.009178350745061983,0.09238021013145316,0.009273184894734127
0.09164457226345694,0.009178350745061983,0.09238021013145316,0.009273184894734127
0.09140529265002417,0.009068637404059877,0.09213838874396642,0.009163057532210929
0.09140529265002417,0.009068637404059877,0.09213838874396642,0.009163057532210929
0.09140529265002417,0.009068637404059877,0.09213838874396642,0.009163057532210929
0.09114006742032209,0.00895050874611107,0.0918703948856355,0.009043859909159527
0.09114006742032209,0.00895050874611107,0.0918703948856355,0.009043859909159527
0.09114006742032209,0.00895050874611107,0.0918703948856355,0.009043859909159527
0.09104692663854176,0.009110902611654275,0.09177609580601527,0.00920589683507093
0.09104692663854176,0.009110902611654275,0.09177609580601527,0.00920589683507093
0.09104692663854176,0.009110902611654275,0.09177609580601527,0.00920589683507093
0.090762838117107,0.008708183988480316,0.09148951350841251,0.008799057950701634
0.090762838117107,0.008708183988480316,0.09148951350841251,0.008799057950701634
0.090762838117107,0.008708183988480316,0.09148951350841251,0.008799057950701634
0.090687657876265,0.008970398545233654,0.0914131999064033,0.00906390000681858
0.090687657876265,0.008970398545233654,0.0914131999064033,0.00906390000681858
0.090687657876265,0.008970398545233654,0.0914131999064033,0.00906390000681858
0.09029920864689092,0.009063375144492406,0.09102027135200874,0.009158523003502912
0.09029920864689092,0.009063375144492406,0.09102027135200874,0.009158523003502912
0.09029920864689092,0.009063375144492406,0.09102027135200874,0.009158523003502912
0.09024803971594325,0.009134245127592543,0.09096850962567549,0.009230031191092199
0.09024803971594325,0.009134245127592543,0.09096850962567549,0.009230031191092199
0.09024803971594325,0.009134245127592543,0.09096850962567549,0.009230031191092199
0.08991063741740205,0.009301230603621142,0.09062699713083885,0.009399625883498457
0.08991063741740205,0.009301230603621142,0.09062699713083885,0.009399625883498457
0.08991063741740205,0.009301230603621142,0.09062699713083885,0.009399625883498457
0.08967988985826102,0.009198486996546556,0.0903937718449834,0.009296736983334842
0.08967988985826102,0.009198486996546556,0.0903937718449834,0.009296736983334842
0.08967988985826102,0.009198486996546556,0.0903937718449834,0.009296736983334842
0.0891845831536621,0.009212728071033034,0.08989287675099375,0.009311541879571571
0.0891845831536621,0.009212728071033034,0.08989287675099375,0.009311541879571571
0.0891845831536621,0.009212728071033034,0.08989287675099375,0.009311541879571571
0.08875433444291117,0.008992564039376951,0.089458191755769,0.009089374507413326
0.08875433444291117,0.008992564039376951,0.089458191755769,0.009089374507413326
0.08875433444291117,0.008992564039376951,0.089458191755769,0.009089374507413326
0.08868933796087405,0.008728678472757136,0.0893928994563875,0.008822952327365206
0.08868933796087405,0.008728678472757136,0.0893928994563875,0.008822952327365206
0.08868933796087405,0.008728678472757136,0.0893928994563875,0.008822952327365206
0.08814360423032895,0.008710348142191168,0.0888409510845578,0.008805181801297088
0.08814360423032895,0.008710348142191168,0.0888409510845578,0.008805181801297088
0.08814360423032895,0.008710348142191168,0.0888409510845578,0.008805181801297088
0.08780652566024835,0.008390175656085432,0.08850033170541276,0.008482833648887377
0.08780652566024835,0.008390175656085432,0.08850033170541276,0.008482833648887377
0.08780652566024835,0.008390175656085432,0.08850033170541276,0.008482833648887377
0.08759047935093679,0.008477821961137182,0.08828150794142102,0.008572734714283624
0.08759047935093679,0.008477821961137182,0.08828150794142102,0.008572734714283624
0.08759047935093679,0.008477821961137182,0.08828150794142102,0.008572734714283624
0.08743223227291876,0.008147452568873588,0.0881219048942137,0.008238903985381298
0.08743223227291876,0.008147452568873588,0.0881219048942137,0.008238903985381298
0.08743223227291876,0.008147452568873588,0.0881219048942137,0.008238903985381298
0.08724048254246347,0.008094930834465535,0.0879279096766746,0.00818679453674004
0.08724048254246347,0.008094930834465535,0.0879279096766746,0.00818679453674004
0.08724048254246347,0.008094930834465535,0.0879279096766746,0.00818679453674004
0.08715222553303956,0.007901680951614838,0.08783897530019487,0.00799103271908491
0.08715222553303956,0.007901680951614838,0.08783897530019487,0.00799103271908491
0.08715222553303956,0.007901680951614838,0.08783897530019487,0.00799103271908491
0.0869936164212872,0.007790724101898419,0.08767857368748105,0.007879659294045148
0.0869936164212872,0.007790724101898419,0.08767857368748105,0.007879659294045148
0.0869936164212872,0.007790724101898419,0.08767857368748105,0.007879659294045148
0.08687840190792029,0.00768083343767052,0.08756208264929272,0.00776897346816519
0.08687840190792029,0.00768083343767052,0.08756208264929272,0.00776897346816519
0.08687840190792029,0.00768083343767052,0.08756208264929272,0.00776897346816519
0.08672705224404588,0.0077256276385025725,0.0874088541739855,0.007814942365342107
0.08672705224404588,0.0077256276385025725,0.0874088541739855,0.007814942365342107
0.08672705224404588,0.0077256276385025725,0.0874088541739855,0.007814942365342107
0.0863556638440204,0.007832158718874388,0.08703283082136318,0.007923540518989436
0.0863556638440204,0.007832158718874388,0.08703283082136318,0.007923540518989436
0.0863556638440204,0.007832158718874388,0.08703283082136318,0.007923540518989436
0.0865510811431351,0.007672049236906179,0.08723074240709032,0.007761932013995701
0.0865510811431351,0.007672049236906179,0.08723074240709032,0.007761932013995701
0.0865510811431351,0.007672049236906179,0.08723074240709032,0.007761932013995701
0.08656534836204906,0.007297239649215369,0.08724569269428006,0.0073828240763885306
0.08656534836204906,0.007297239649215369,0.08724569269428006,0.0073828240763885306
0.08656534836204906,0.007297239649215369,0.08724569269428006,0.0073828240763885306
0.08590071456707501,0.0070877509025218605,0.08657347608428419,0.007171661245548553
0.08590071456707501,0.0070877509025218605,0.08657347608428419,0.007171661245548553
0.08590071456707501,0.0070877509025218605,0.08657347608428419,0.007171661245548553
0.08551357561082026,0.006808928629937558,0.08618213741554157,0.006889800204013954
0.08551357561082026,0.006808928629937558,0.08618213741554157,0.006889800204013954
0.08551357561082026,0.006808928629937558,0.08618213741554157,0.006889800204013954
0.08557963523837762,0.0067583032746671556,0.0862490412357337,0.006838337084955124
0.08557963523837762,0.0067583032746671556,0.0862490412357337,0.006838337084955124
0.08557963523837762,0.0067583032746671556,0.0862490412357337,0.006838337084955124
0.08552805881625991,0.0061814296666629675,0.08619764350711817,0.006254962287077744
0.08552805881625991,0.0061814296666629675,0.08619764350711817,0.006254962287077744
0.08552805881625991,0.0061814296666629675,0.08619764350711817,0.006254962287077744
0.08562207702117033,0.0061489699814140705,0.0862927848498489,0.006222551830248595
0.08562207702117033,0.0061489699814140705,0.0862927848498489,0.006222551830248595
0.08562207702117033,0.0061489699814140705,0.0862927848498489,0.006222551830248595
0.08521144993703196,0.006214220591583414,0.08587705080398983,0.006289716434540804
0.08521144993703196,0.006214220591583414,0.08587705080398983,0.006289716434540804
0.08521144993703196,0.006214220591583414,0.08587705080398983,0.006289716434540804
0.08473639909282153,0.0061434316376775995,0.08539640005473284,0.006218597856792803
0.08473639909282153,0.0061434316376775995,0.08539640005473284,0.006218597856792803
0.08473639909282153,0.0061434316376775995,0.08539640005473284,0.006218597856792803
0.0843317736452622,0.0060949373000489145,0.08498688069891674,0.006170066985882315
0.0843317736452622,0.0060949373000489145,0.08498688069891674,0.006170066985882315
0.0843317736452622,0.0060949373000489145,0.08498688069891674,0.006170066985882315
0.08387848296978803,0.006179673429405344,0.08452796814913326,0.006256001221878182
0.08387848296978803,0.006179673429405344,0.08452796814913326,0.006256001221878182
0.08387848296978803,0.006179673429405344,0.08452796814913326,0.006256001221878182
0.0835556839650042,0.006269572059644102,0.08420096426027032,0.006347520230958033
0.0835556839650042,0.006269572059644102,0.08420096426027032,0.006347520230958033
0.0835556839650042,0.006269572059644102,0.08420096426027032,0.006347520230958033
0.08331394382218367,0.006500428480790217,0.08395585935792213,0.0065812413024085355
0.08331394382218367,0.006500428480790217,0.08395585935792213,0.0065812413024085355
0.08331394382218367,0.006500428480790217,0.08395585935792213,0.0065812413024085355
0.08333389037936935,0.006470158937732686,0.08397601898969184,0.0065512905109574885
0.08333389037936935,0.006470158937732686,0.08397601898969184,0.0065512905109574885
0.08333389037936935,0.006470158937732686,0.08397601898969184,0.0065512905109574885
0.08298676777317197,0.00634050489074179,0.08362472856254341,0.006420583432970279
0.08298676777317197,0.00634050489074179,0.08362472856254341,0.006420583432970279
0.08298676777317197,0.00634050489074179,0.08362472856254341,0.006420583432970279
0.08260625516213756,0.0064083770871011395,0.08323925277569266,0.006489783257936541
0.08260625516213756,0.0064083770871011395,0.08323925277569266,0.006489783257936541
0.08260625516213756,0.0064083770871011395,0.08323925277569266,0.006489783257936541
0.08242301479898914,0.006170977212285384,0.08305402638268311,0.006249691972534429
0.08242301479898914,0.006170977212285384,0.08305402638268311,0.006249691972534429
0.08242301479898914,0.006170977212285384,0.08305402638268311,0.006249691972534429
0.08215601639862595,0.006039362253688349,0.08278385608540453,0.006116569075394945
0.08215601639862595,0.006039362253688349,0.08278385608540453,0.006116569075394945
0.08215601639862595,0.006039362253688349,0.08278385608540453,0.006116569075394945
0.0820741438914093,0.005889459402079421,0.08270121870259316,0.0059651695996733485
0.0820741438914093,0.005889459402079421,0.08270121870259316,0.0059651695996733485
0.0820741438914093,0.005889459402079421,0.08270121870259316,0.0059651695996733485
0.0816240442244599,0.005765098804511895,0.08224543281772936,0.005840029994521279
0.0816240442244599,0.005765098804511895,0.08224543281772936,0.005840029994521279
0.0816240442244599,0.005765098804511895,0.08224543281772936,0.005840029994521279
0.08135585244767618,0.005652373744800541,0.08197400173842809,0.005725778686564952
0.08135585244767618,0.005652373744800541,0.08197400173842809,0.005725778686564952
0.08135585244767618,0.005652373744800541,0.08197400173842809,0.005725778686564952
0.08111116794800328,0.005708719573476445,0.08172595290185568,0.005783023099316643
0.08111116794800328,0.005708719573476445,0.08172595290185568,0.005783023099316643
0.08111116794800328,0.005708719573476445,0.08172595290185568,0.005783023099316643
0.08128392619599249,0.005844756395674862,0.08190078341187582,0.005920553351330842
0.08128392619599249,0.005844756395674862,0.08190078341187582,0.005920553351330842
0.08128392619599249,0.005844756395674862,0.08190078341187582,0.005920553351330842
0.081254495573801,0.00569687613062319,0.08187129665354038,0.00577072678518351
0.081254495573801,0.00569687613062319,0.08187129665354038,0.00577072678518351
0.081254495573801,0.00569687613062319,0.08187129665354038,0.00577072678518351
0.08132713782896892,0.0057756946366097255,0.08194475657584692,0.005850546059728483
0.08132713782896892,0.0057756946366097255,0.08194475657584692,0.005850546059728483
0.08132713782896892,0.0057756946366097255,0.08194475657584692,0.005850546059728483
0.08108457604672265,0.005622248748134615,0.08169924312309872,0.005695945313441288
0.08108457604672265,0.005622248748134615,0.08169924312309872,0.005695945313441288
0.08108457604672265,0.005622248748134615,0.08169924312309872,0.005695945313441288
