0.1328744228579168,0.0,0.13378314680023023,2.7755575615628914e-17
0.13268434167634485,0.0005702412007305357,0.13359079945875227,0.0005770396729082458
0.13268434167634485,0.0005702412007305357,0.13359079945875227,0.0005770396729082458
0.12862970489344489,0.009712382733240117,0.12949622989039836,0.00980877587624517
0.12862970489344489,0.009712382733240117,0.12949622989039836,0.00980877587624517
0.12637307770441614,0.010319607187581037,0.12721738607080119,0.010421343271736912
0.12637307770441614,0.010319607187581037,0.12721738607080119,0.010421343271736912
0.12280353765443237,0.012206699127975132,0.12361306070846027,0.012327802293816312
0.12280353765443237,0.012206699127975132,0.12361306070846027,0.012327802293816312
0.12181891307728954,0.01355033138775275,0.12262704560863472,0.0136670590638321
0.12181891307728954,0.01355033138775275,0.12262704560863472,0.0136670590638321
0.12003123711743627,0.012482563923328784,0.12082246128008882,0.012591952105499852
0.12003123711743627,0.012482563923328784,0.12082246128008882,0.012591952105499852
0.11942575872204668,0.012554501967824443,0.12021236312039825,0.012662129096073917
0.11942575872204668,0.012554501967824443,0.12021236312039825,0.012662129096073917
0.11890262347376228,0.012083361025374911,0.11968432078756874,0.012186347901685081
0.11890262347376228,0.012083361025374911,0.11968432078756874,0.012186347901685081
0.11870361804965238,0.011953461545494929,0.1194829343444533,0.012054885465795272
0.11870361804965238,0.011953461545494929,0.1194829343444533,0.012054885465795272
0.11824508855913948,0.011853550789792392,0.11902023215837891,0.011954273280903375
0.11824508855913948,0.011853550789792392,0.11902023215837891,0.011954273280903375
0.11761568676770857,0.011593082560490266,0.11838733959422723,0.011689950105295138
0.11761568676770857,0.011593082560490266,0.11838733959422723,0.011689950105295138
0.11746232865745929,0.011465728900401942,0.11823316361489969,0.011561873942914086
0.11746232865745929,0.011465728900401942,0.11823316361489969,0.011561873942914086
0.11295860583575286,0.015495281618184122,0.11368385444569422,0.015643202017117445
0.11295860583575286,0.015495281618184122,0.11368385444569422,0.015643202017117445
0.11270669439824015,0.015306180163241017,0.11342963900797876,0.015452538230789589
0.11270669439824015,0.015306180163241017,0.11342963900797876,0.015452538230789589
0.11213271113744125,0.015208595239779396,0.11285043213487637,0.015353933652117171
0.11213271113744125,0.015208595239779396,0.11285043213487637,0.015353933652117171
0.11202501951983761,0.01521765011606162,0.11274138249054688,0.015363191293495974
0.11202501951983761,0.01521765011606162,0.11274138249054688,0.015363191293495974
0.11129257181889565,0.015459267121322435,0.1120046466405239,0.015606311056461781
0.11129257181889565,0.015459267121322435,0.1120046466405239,0.015606311056461781
0.10849933789613923,0.016327016365130696,0.10918297353278876,0.016482672890560473
0.10849933789613923,0.016327016365130696,0.10918297353278876,0.016482672890560473
0.10849933802587124,0.016327016129340167,0.10918297366492062,0.016482672649700807
0.10849933802587124,0.016327016129340167,0.10918297366492062,0.016482672649700807
0.10580166282575072,0.020216433085563857,0.10646071835810458,0.020410115128663833
0.10580166282575072,0.020216433085563857,0.10646071835810458,0.020410115128663833
0.10479346610845272,0.021340197304746674,0.10544262273577838,0.021548074746005955
0.10479346610845272,0.021340197304746674,0.10544262273577838,0.021548074746005955
0.10253964405820777,0.020960713743170042,0.10316686718258124,0.021165674455873966
0.10253964405820777,0.020960713743170042,0.10316686718258124,0.021165674455873966
0.09932723983720201,0.021129030545578235,0.09992112913499823,0.021339952475261832
0.09932723983720201,0.021129030545578235,0.09992112913499823,0.021339952475261832
0.0961309553071146,0.021651483970270346,0.09669618651639,0.02186716266878149
0.0961309553071146,0.021651483970270346,0.09669618651639,0.02186716266878149
0.09606382665959856,0.02161917054030676,0.09662880212766267,0.021834761887478536
0.09606382665959856,0.02161917054030676,0.09662880212766267,0.021834761887478536
0.09602327167533155,0.021664124477159607,0.09658816774277124,0.02187985918699596
0.09602327167533155,0.021664124477159607,0.09658816774277124,0.02187985918699596
0.09422102416147357,0.02031431274172622,0.09477067162279797,0.020519650047143397
0.09422102416147357,0.02031431274172622,0.09477067162279797,0.020519650047143397
0.09425963273124228,0.020140988104410975,0.09481069251021419,0.02034503535603551
0.09425963273124228,0.020140988104410975,0.09481069251021419,0.02034503535603551
0.0939340776367131,0.019959637976216492,0.094483485797119,0.02016144130318057
0.0939340776367131,0.019959637976216492,0.094483485797119,0.02016144130318057
0.09391125914809964,0.01949167875374724,0.09445933467610775,0.019690151346638252
0.09391125914809964,0.01949167875374724,0.09445933467610775,0.019690151346638252
0.09431734507202827,0.01960966497990432,0.09486962867781452,0.019809002356638305
0.09431734507202827,0.01960966497990432,0.09486962867781452,0.019809002356638305
0.09416508800207327,0.019556620096508694,0.0947171923174708,0.01975597789360114
0.09416508800207327,0.019556620096508694,0.0947171923174708,0.01975597789360114
0.0938671752999039,0.019165870764355233,0.09441689814241619,0.019361532237796727
0.0938671752999039,0.019165870764355233,0.09441689814241619,0.019361532237796727
0.09253751410218806,0.019324136990228637,0.09307405963685984,0.01951554822469984
0.09253751410218806,0.019324136990228637,0.09307405963685984,0.01951554822469984
0.09135273296120577,0.02004800336250914,0.09187556170358598,0.020244665069628305
0.09135273296120577,0.02004800336250914,0.09187556170358598,0.020244665069628305
0.09071218682721835,0.019838309735712573,0.09122833918302657,0.02003333154996882
0.09071218682721835,0.019838309735712573,0.09122833918302657,0.02003333154996882
0.09069866445580406,0.0198345571370166,0.09121495133575164,0.020029538061247465
0.09069866445580406,0.0198345571370166,0.09121495133575164,0.020029538061247465
0.09018385063464272,0.01899461402950414,0.09069565049081123,0.01918187158767093
0.09018385063464272,0.01899461402950414,0.09069565049081123,0.01918187158767093
0.08947029136879084,0.019810774628900723,0.08997988181629017,0.0200018262618278
0.08947029136879084,0.019810774628900723,0.08997988181629017,0.0200018262618278
0.08707618639237509,0.018511341024123926,0.087561159814982,0.01868531933745365
0.08707618639237509,0.018511341024123926,0.087561159814982,0.01868531933745365
0.0858701415679414,0.016492306557726207,0.08634305700752073,0.016647372522834936
0.0858701415679414,0.016492306557726207,0.08634305700752073,0.016647372522834936
0.08561551484148658,0.01628369257013841,0.08608913901146927,0.01643845951660745
0.08561551484148658,0.01628369257013841,0.08608913901146927,0.01643845951660745
0.08553532211236166,0.016220117794983183,0.0860095487912209,0.01637546054595227
0.08553532211236166,0.016220117794983183,0.0860095487912209,0.01637546054595227
0.08554850931044794,0.016220122232831598,0.08602277045043001,0.016375434370889164
0.08554850931044794,0.016220122232831598,0.08602277045043001,0.016375434370889164
0.08550848818237675,0.01625229010668447,0.0859834195224621,0.016406917782349834
0.08550848818237675,0.01625229010668447,0.0859834195224621,0.016406917782349834
0.08554296790117319,0.016186268692706333,0.08601890347924619,0.016340257966475258
0.08554296790117319,0.016186268692706333,0.08601890347924619,0.016340257966475258
0.08549539653478358,0.01620073081232592,0.08597105741866087,0.016355069415358497
0.08549539653478358,0.01620073081232592,0.08597105741866087,0.016355069415358497
0.08545925766927817,0.016146877569409548,0.08593456091674176,0.016300745031135502
0.08545925766927817,0.016146877569409548,0.08593456091674176,0.016300745031135502
0.08528846174412871,0.01615113099917049,0.0857637638663058,0.016305546153367805
0.08528846174412871,0.01615113099917049,0.0857637638663058,0.016305546153367805
0.0843567785334978,0.01639327447829762,0.08482194284923066,0.016552869678501874
0.0843567785334978,0.01639327447829762,0.08482194284923066,0.016552869678501874
0.08407563526253273,0.016593673707606157,0.08453739613697911,0.016756104802166046
0.08407563526253273,0.016593673707606157,0.08453739613697911,0.016756104802166046
0.08409290740268918,0.016621296492884973,0.08455462444071468,0.016783664371885276
0.08409290740268918,0.016621296492884973,0.08455462444071468,0.016783664371885276
0.08390158419758789,0.016625736299245217,0.08436096935069991,0.016787976008692057
0.08390158419758789,0.016625736299245217,0.08436096935069991,0.016787976008692057
0.08390158415745128,0.01662573633040587,0.08436096931129815,0.016787976039065514
0.08390158415745128,0.01662573633040587,0.08436096931129815,0.016787976039065514
0.08287318346063641,0.016900516634817793,0.08332555971197861,0.01706392698639924
0.08287318346063641,0.016900516634817793,0.08332555971197861,0.01706392698639924
0.08270482241322533,0.01674185556828207,0.08315548105581018,0.016903531728792755
0.08270482241322533,0.01674185556828207,0.08315548105581018,0.016903531728792755
0.08270482241478608,0.01674185556755802,0.08315548105789554,0.016903531727750925
0.08270482241478608,0.01674185556755802,0.08315548105789554,0.016903531727750925
0.08200724334671486,0.017254700932369207,0.08244864259985785,0.017423694342333096
0.08200724334671486,0.017254700932369207,0.08244864259985785,0.017423694342333096
0.0820003752046161,0.017258665353197367,0.082441844417427,0.01742762277728269
0.0820003752046161,0.017258665353197367,0.082441844417427,0.01742762277728269
0.08138350454976499,0.01631907945212033,0.0818189698104895,0.01647850890936158
0.08138350454976499,0.01631907945212033,0.0818189698104895,0.01647850890936158
0.08137807082458523,0.016324360476197515,0.08181344864354914,0.016483877946906304
0.08137807082458523,0.016324360476197515,0.08181344864354914,0.016483877946906304
0.08139002825069203,0.016312701765100242,0.08182539735683861,0.016472206430311834
0.08139002825069203,0.016312701765100242,0.08182539735683861,0.016472206430311834
0.08135060102596459,0.016215476431102268,0.08178691229039976,0.01637507411759504
0.08135060102596459,0.016215476431102268,0.08178691229039976,0.01637507411759504
0.0804022260606396,0.015449682230286768,0.08082872401226832,0.015601545697220765
0.0804022260606396,0.015449682230286768,0.08082872401226832,0.015601545697220765
0.08019994538353559,0.015424348289884371,0.08062612636130881,0.015575928490653613
0.08019994538353559,0.015424348289884371,0.08062612636130881,0.015575928490653613
0.07961349933384457,0.01464975828205182,0.08003384272637967,0.014793120038543245
0.07961349933384457,0.01464975828205182,0.08003384272637967,0.014793120038543245
0.07963102192843168,0.014663138692479677,0.08005124484741565,0.014806421520087824
0.07963102192843168,0.014663138692479677,0.08005124484741565,0.014806421520087824
0.07963102189326587,0.014663138711193372,0.08005124481259543,0.014806421538610174
0.07963102189326587,0.014663138711193372,0.08005124481259543,0.014806421538610174
0.07935720185067476,0.014369731895783286,0.07977472578089755,0.014511703869308081
0.07935720185067476,0.014369731895783286,0.07977472578089755,0.014511703869308081
0.07891029329718345,0.013928240132765779,0.07932613894895238,0.014071013246690666
0.07891029329718345,0.013928240132765779,0.07932613894895238,0.014071013246690666
0.07891029317911595,0.013928240034165668,0.0793261388316732,0.014071013147316923
0.07891029317911595,0.013928240034165668,0.0793261388316732,0.014071013147316923
0.07918771770539838,0.013804323058269131,0.07960647727796281,0.013947435544881693
0.07918771770539838,0.013804323058269131,0.07960647727796281,0.013947435544881693
0.07906088653724888,0.013944567912462296,0.07947790457531625,0.014089864213942436
0.07906088653724888,0.013944567912462296,0.07947790457531625,0.014089864213942436
0.0787848202313947,0.014157325309872055,0.0791980653626401,0.014305626213596736
0.0787848202313947,0.014157325309872055,0.0791980653626401,0.014305626213596736
0.07870023368157407,0.014341953212785386,0.07911236874965286,0.01449432587265699
0.07870023368157407,0.014341953212785386,0.07911236874965286,0.01449432587265699
0.0787221909018415,0.014317231889869402,0.07913463164131318,0.014469218591011336
0.0787221909018415,0.014317231889869402,0.07913463164131318,0.014469218591011336
0.07853331233224714,0.014191567283595092,0.07894402366086863,0.014341905218869506
0.07853331233224714,0.014191567283595092,0.07894402366086863,0.014341905218869506
0.07853464471338825,0.014190080079947907,0.07894536610163058,0.014340404204718563
0.07853464471338825,0.014190080079947907,0.07894536610163058,0.014340404204718563
0.07850674927262088,0.014221419017896923,0.07891708578294396,0.014372230519477277
0.07850674927262088,0.014221419017896923,0.07891708578294396,0.014372230519477277
0.07840289409139392,0.01428486363088898,0.07881211364224508,0.014436532873411116
0.07840289409139392,0.01428486363088898,0.07881211364224508,0.014436532873411116
0.07841738498671641,0.014273497999036747,0.07882649201338654,0.014425238232867572
0.07841738498671641,0.014273497999036747,0.07882649201338654,0.014425238232867572
0.07865340089326496,0.014396770554421326,0.07906525491906677,0.014550110495313554
0.07865340089326496,0.014396770554421326,0.07906525491906677,0.014550110495313554
0.07756560978198226,0.014045957621028298,0.07796504881992174,0.014196391713665872
0.07756560978198226,0.014045957621028298,0.07796504881992174,0.014196391713665872
0.0775205421630701,0.013796063064875666,0.07791976445287638,0.013943577543820182
0.0775205421630701,0.013796063064875666,0.07791976445287638,0.013943577543820182
0.07743609618147128,0.013878574729083172,0.07783358992995397,0.014027855732324172
0.07743609618147128,0.013878574729083172,0.07783358992995397,0.014027855732324172
0.07741578829729671,0.013898826436176301,0.0778128467368832,0.014048565919328147
0.07741578829729671,0.013898826436176301,0.0778128467368832,0.014048565919328147
0.07742486864064621,0.013891099136460902,0.07782205616937182,0.014040733358845953
0.07742486864064621,0.013891099136460902,0.07782205616937182,0.014040733358845953
0.07699787553958551,0.013613498270775026,0.07739033171017831,0.013760395520709607
0.07699787553958551,0.013613498270775026,0.07739033171017831,0.013760395520709607
0.07680452887143265,0.01378411354577442,0.07719672609247603,0.013931125857103946
0.07680452887143265,0.01378411354577442,0.07719672609247603,0.013931125857103946
0.07680500578467267,0.013783672401209188,0.07719721056467879,0.013930678517702688
0.07680500578467267,0.013783672401209188,0.07719721056467879,0.013930678517702688
0.07675891811620954,0.013782052902460283,0.07715052714276452,0.01392874859845941
0.07675891811620954,0.013782052902460283,0.07715052714276452,0.01392874859845941
0.07639215694891005,0.013079360451202195,0.07678002790662794,0.013220030761537866
0.07639215694891005,0.013079360451202195,0.07678002790662794,0.013220030761537866
0.07638553823743703,0.013074676757577638,0.07677346419889462,0.013215404264901314
0.07638553823743703,0.013074676757577638,0.07677346419889462,0.013215404264901314
0.07664252187431404,0.0130816905189629,0.07703371709658843,0.013223949162364359
0.07664252187431404,0.0130816905189629,0.07703371709658843,0.013223949162364359
0.0764191458069644,0.012689757657677153,0.0768080947944398,0.012828793794200027
0.0764191458069644,0.012689757657677153,0.0768080947944398,0.012828793794200027
0.07642045923131684,0.012690531152066779,0.07680937463680207,0.012829578223370023
0.07642045923131684,0.012690531152066779,0.07680937463680207,0.012829578223370023
0.07639071531263063,0.012642234230761802,0.07677960395157948,0.01278044736900381
0.07639071531263063,0.012642234230761802,0.07677960395157948,0.01278044736900381
0.0763896671862009,0.012642614204870775,0.07677856729888932,0.012780823196507318
0.0763896671862009,0.012642614204870775,0.07677856729888932,0.012780823196507318
0.07598698360676093,0.012379247937315877,0.07637105576439199,0.01251530783811946
0.07598698360676093,0.012379247937315877,0.07637105576439199,0.01251530783811946
0.07590050797366968,0.012461227772832623,0.07628340213264855,0.01259846798049921
0.07590050797366968,0.012461227772832623,0.07628340213264855,0.01259846798049921
0.07590050797149141,0.012461227773957926,0.0762834021294804,0.012598467982478963
0.07590050797149141,0.012461227773957926,0.0762834021294804,0.012598467982478963
0.07589955105606605,0.012462240914665823,0.07628243805365273,0.01259949039508846
0.07589955105606605,0.012462240914665823,0.07628243805365273,0.01259949039508846
0.07575137330141522,0.012483601334535473,0.07613506005604129,0.012621306576602464
0.07575137330141522,0.012483601334535473,0.07613506005604129,0.012621306576602464
0.07574355645877295,0.01247710774207073,0.07612737243495826,0.01261489193893396
0.07574355645877295,0.01247710774207073,0.07612737243495826,0.01261489193893396
0.07573107183755126,0.012489920136337337,0.07611457095073773,0.012628045931919664
0.07573107183755126,0.012489920136337337,0.07611457095073773,0.012628045931919664
0.07458022328106326,0.01158413188226065,0.07495142662941237,0.011713127916758118
0.07458022328106326,0.01158413188226065,0.07495142662941237,0.011713127916758118
0.07438550447451152,0.011395577806902663,0.07475452634983086,0.011522092504700557
0.07438550447451152,0.011395577806902663,0.07475452634983086,0.011522092504700557
0.0743011726167477,0.011361307279225347,0.07466920740605099,0.011487529410693698
0.0743011726167477,0.011361307279225347,0.07466920740605099,0.011487529410693698
0.07431567434635968,0.01134601462476536,0.07468379998467838,0.011472022339721133
0.07431567434635968,0.01134601462476536,0.07468379998467838,0.011472022339721133
0.07428073181970588,0.011272465882467848,0.07464884232589052,0.011398599382005818
0.07428073181970588,0.011272465882467848,0.07464884232589052,0.011398599382005818
0.07422676782349227,0.011328877427163786,0.07459463957820703,0.011455362822756453
0.07422676782349227,0.011328877427163786,0.07459463957820703,0.011455362822756453
0.074230954762424,0.011327085468957176,0.074598781453951,0.011453587097534138
0.074230954762424,0.011327085468957176,0.074598781453951,0.011453587097534138
0.07423126893187583,0.011326792695939046,0.0745991023180618,0.01145328843209496
0.07423126893187583,0.011326792695939046,0.0745991023180618,0.01145328843209496
0.07398329907719739,0.0106001905831188,0.07434861233011392,0.010720854155323594
0.07398329907719739,0.0106001905831188,0.07434861233011392,0.010720854155323594
0.07361079171859138,0.01056377638314653,0.07397231139735336,0.010684408328648313
0.07361079171859138,0.01056377638314653,0.07397231139735336,0.010684408328648313
0.07347838026147056,0.01064957193231003,0.07383864929387324,0.010770998562376496
0.07347838026147056,0.01064957193231003,0.07383864929387324,0.010770998562376496
0.07341640441155788,0.010704375892618724,0.07377672422805187,0.010826810048053687
0.07341640441155788,0.010704375892618724,0.07377672422805187,0.010826810048053687
0.07323195344244103,0.010646618720873547,0.07359333583945274,0.010770627311765342
0.07323195344244103,0.010646618720873547,0.07359333583945274,0.010770627311765342
0.07323146470170185,0.010647126583542095,0.07359284626151986,0.010771136923305905
0.07323146470170185,0.010647126583542095,0.07359284626151986,0.010771136923305905
0.07324302965735488,0.010652728490879426,0.07360426114405583,0.010776677944081237
0.07324302965735488,0.010652728490879426,0.07360426114405583,0.010776677944081237
0.07328106619833197,0.010663520333727321,0.0736428244621471,0.010787545112684652
0.07328106619833197,0.010663520333727321,0.0736428244621471,0.010787545112684652
0.07327989668091213,0.010664743704030874,0.07364161500877538,0.010788811533196958
0.07327989668091213,0.010664743704030874,0.07364161500877538,0.010788811533196958
0.0732798965842856,0.010664743792121647,0.0736416149016778,0.010788811632377453
0.0732798965842856,0.010664743792121647,0.0736416149016778,0.010788811632377453
0.07322925966787715,0.010693106280466583,0.0735914601907862,0.010816980071145324
0.07322925966787715,0.010693106280466583,0.0735914601907862,0.010816980071145324
0.07326086434532872,0.010665732798324062,0.07362301156323876,0.010789698007684563
0.07326086434532872,0.010665732798324062,0.07362301156323876,0.010789698007684563
0.07317479931055014,0.010624181146712219,0.07353579128910473,0.010747810923494947
0.07317479931055014,0.010624181146712219,0.07353579128910473,0.010747810923494947
0.0731438981732464,0.010556853863178934,0.07350493323977868,0.010680746248199677
0.0731438981732464,0.010556853863178934,0.07350493323977868,0.010680746248199677
0.0731438981729485,0.010556853863006302,0.07350493323955322,0.010680746247883819
0.0731438981729485,0.010556853863006302,0.07350493323955322,0.010680746247883819
0.07292051708296521,0.010530829268854795,0.07327883320209252,0.010654811954789671
0.07292051708296521,0.010530829268854795,0.07327883320209252,0.010654811954789671
0.07224952888474032,0.009359597761373881,0.07260060332799345,0.009475053135962478
0.07224952888474032,0.009359597761373881,0.07260060332799345,0.009475053135962478
0.07221322420032569,0.009303861849650447,0.07256389945330452,0.00941894011670631
0.07221322420032569,0.009303861849650447,0.07256389945330452,0.00941894011670631
0.0722037596792928,0.00931357334372714,0.072554278076112,0.00942882750376048
0.0722037596792928,0.00931357334372714,0.072554278076112,0.00942882750376048
0.07230438224525967,0.009234942990948328,0.07265679436422393,0.009349725885444839
0.07230438224525967,0.009234942990948328,0.07265679436422393,0.009349725885444839
0.07221658095980857,0.009104108560143471,0.0725680246267483,0.009218040970159212
0.07221658095980857,0.009104108560143471,0.0725680246267483,0.009218040970159212
0.07218770393893548,0.009136442185942738,0.07253856440375243,0.009251069009836159
0.07218770393893548,0.009136442185942738,0.07253856440375243,0.009251069009836159
0.07172998953458964,0.008906600011186289,0.07207523713231692,0.009018964160061831
0.07172998953458964,0.008906600011186289,0.07207523713231692,0.009018964160061831
0.0713221872909197,0.008931097781650922,0.07166225194136104,0.00904503187831433
0.0713221872909197,0.008931097781650922,0.07166225194136104,0.00904503187831433
0.07130355772493492,0.008941467251914208,0.07164375645512264,0.009055353590673446
0.07130355772493492,0.008941467251914208,0.07164375645512264,0.009055353590673446
0.07076135818947236,0.00818334886722517,0.07109795141976234,0.00829334474155372
0.07076135818947236,0.00818334886722517,0.07109795141976234,0.00829334474155372
0.07050784189379447,0.007781017565331935,0.07084162978577863,0.007885211432177939
0.07050784189379447,0.007781017565331935,0.07084162978577863,0.007885211432177939
0.07054465327903932,0.007772138959411591,0.07087898521385441,0.007876222391540318
0.07054465327903932,0.007772138959411591,0.07087898521385441,0.007876222391540318
0.07076063885662819,0.00802201071519861,0.07109763560320659,0.008130937178398672
0.07076063885662819,0.00802201071519861,0.07109763560320659,0.008130937178398672
0.07066609983604154,0.008363450388952764,0.07100131160649512,0.008476511653997773
0.07066609983604154,0.008363450388952764,0.07100131160649512,0.008476511653997773
0.07067945838663355,0.008351080152953104,0.07101488841358304,0.008463925877911525
0.07067945838663355,0.008351080152953104,0.07101488841358304,0.008463925877911525
0.07068736244945298,0.008345105450493722,0.07102286700290675,0.00845785713766713
0.07068736244945298,0.008345105450493722,0.07102286700290675,0.00845785713766713
0.07069944697230626,0.008337484498471968,0.07103511607838804,0.008450129640189229
0.07069944697230626,0.008337484498471968,0.07103511607838804,0.008450129640189229
0.07069832509846036,0.008336535137402073,0.07103400990103916,0.008449193245888576
0.07069832509846036,0.008336535137402073,0.07103400990103916,0.008449193245888576
0.07069294653656423,0.008331946331089206,0.07102843551489652,0.008444222320172225
0.07069294653656423,0.008331946331089206,0.07102843551489652,0.008444222320172225
0.07056802059306436,0.008396063142148065,0.07090179714697652,0.008509380490772725
0.07056802059306436,0.008396063142148065,0.07090179714697652,0.008509380490772725
0.07061139179779069,0.008364468001846995,0.0709459384885484,0.008477460761865454
0.07061139179779069,0.008364468001846995,0.0709459384885484,0.008477460761865454
0.07063349638135887,0.008311934488946682,0.07096876485373149,0.008424887534278985
0.07063349638135887,0.008311934488946682,0.07096876485373149,0.008424887534278985
0.07063226066131291,0.008312567294274245,0.07096754163545993,0.00842551464782874
0.07063226066131291,0.008312567294274245,0.07096754163545993,0.00842551464782874
0.07067529855529178,0.008362032118756019,0.07101110924741108,0.00847531441312754
0.07067529855529178,0.008362032118756019,0.07101110924741108,0.00847531441312754
0.07067181939658553,0.008363810649409675,0.07100766557290294,0.008477076525471921
0.07067181939658553,0.008363810649409675,0.07100766557290294,0.008477076525471921
0.07066147660551246,0.008374105559610346,0.07099728538959492,0.008487406238498663
0.07066147660551246,0.008374105559610346,0.07099728538959492,0.008487406238498663
0.07048905041089465,0.00818160060004243,0.0708230032750045,0.008291504196292787
0.07048905041089465,0.00818160060004243,0.0708230032750045,0.008291504196292787
0.0705377917067386,0.008134949319294595,0.07087180542992542,0.008245046421196209
0.0705377917067386,0.008134949319294595,0.07087180542992542,0.008245046421196209
0.07000438104688303,0.007674040966653185,0.07033150347948491,0.007774599014689151
0.07000438104688303,0.007674040966653185,0.07033150347948491,0.007774599014689151
0.07000445067343739,0.007673971021410982,0.07033157545798706,0.007774526697392144
0.07000445067343739,0.007673971021410982,0.07033157545798706,0.007774526697392144
0.07000498436802882,0.007673612909603785,0.07033211815585726,0.007774163438984898
0.07000498436802882,0.007673612909603785,0.07033211815585726,0.007774163438984898
0.06999526326276477,0.00769319957190061,0.07032246534471218,0.007793576112494825
0.06999526326276477,0.00769319957190061,0.07032246534471218,0.007793576112494825
0.06997442851743327,0.007717948673578043,0.07030116877193253,0.007818828025833752
0.06997442851743327,0.007717948673578043,0.07030116877193253,0.007818828025833752
0.06997442858410877,0.007717948630724207,0.07030116884226557,0.00781882798083229
0.06997442858410877,0.007717948630724207,0.07030116884226557,0.00781882798083229
0.07001175765456788,0.007685774388792645,0.0703385707017435,0.007786594530626447
0.07001175765456788,0.007685774388792645,0.0703385707017435,0.007786594530626447
0.07016553306340148,0.007745764588185986,0.0704939055755747,0.007848853602228619
0.07016553306340148,0.007745764588185986,0.0704939055755747,0.007848853602228619
0.07016553304345627,0.00774576461122201,0.07049390555477611,0.007848853626502965
0.07016553304345627,0.00774576461122201,0.07049390555477611,0.007848853626502965
0.07027530756359375,0.007773342450837898,0.07060520015600365,0.007876724226201592
0.07027530756359375,0.007773342450837898,0.07060520015600365,0.007876724226201592
0.0698713970522324,0.007178244583250806,0.07019655250924348,0.007276289770648681
0.0698713970522324,0.007178244583250806,0.07019655250924348,0.007276289770648681
0.06989772048420367,0.007151666301762128,0.07022297395971067,0.0072496124048024736
0.06989772048420367,0.007151666301762128,0.07022297395971067,0.0072496124048024736
0.0698928507150883,0.0071552195021742995,0.07021781739251257,0.007253328694606686
0.0698928507150883,0.0071552195021742995,0.07021781739251257,0.007253328694606686
0.06989285071397801,0.007155219499858664,0.07021781739174883,0.0072533286919140355
0.06989285071397801,0.007155219499858664,0.07021781739174883,0.0072533286919140355
0.06988641546660723,0.007161145848103623,0.07021127805911567,0.007259356555779737
0.06988641546660723,0.007161145848103623,0.07021127805911567,0.007259356555779737
0.06982183272626426,0.007053690691932305,0.07014742676146743,0.007153183463376402
0.06982183272626426,0.007053690691932305,0.07014742676146743,0.007153183463376402
0.0698070198265462,0.00695476365152517,0.07013247771682951,0.007052103289331112
0.0698070198265462,0.00695476365152517,0.07013247771682951,0.007052103289331112
0.06991710905069501,0.007256270196405312,0.07024364133833405,0.007357739551923728
0.06991710905069501,0.007256270196405312,0.07024364133833405,0.007357739551923728
0.06995838324914723,0.007330715549021959,0.07028526015207086,0.007433197209680351
0.06995838324914723,0.007330715549021959,0.07028526015207086,0.007433197209680351
0.06986010301704262,0.007091403478201851,0.07018583908401241,0.0071918034948200435
0.06986010301704262,0.007091403478201851,0.07018583908401241,0.0071918034948200435
0.0694577456860974,0.006825146621626415,0.06977767935456075,0.006917341304618549
0.0694577456860974,0.006825146621626415,0.06977767935456075,0.006917341304618549
0.06951944879703657,0.006871854744502603,0.06984018157747816,0.006964608410649458
0.06951944879703657,0.006871854744502603,0.06984018157747816,0.006964608410649458
0.06930891741697785,0.006754376053115521,0.06962658789235542,0.006844471121207752
0.06930891741697785,0.006754376053115521,0.06962658789235542,0.006844471121207752
0.06930891740248286,0.006754376074596603,0.06962658787684724,0.006844471143755266
0.06930891740248286,0.006754376074596603,0.06962658787684724,0.006844471143755266
0.06930772019121127,0.006754965325943519,0.06962540120067535,0.006845056681453101
0.06930772019121127,0.006754965325943519,0.06962540120067535,0.006845056681453101
0.06930001003697886,0.0067565649950155115,0.0696177820744026,0.006846642810440249
0.06930001003697886,0.0067565649950155115,0.0696177820744026,0.006846642810440249
0.0693000100474291,0.006756564983913888,0.06961778214461997,0.006846642786733181
0.0693000100474291,0.006756564983913888,0.06961778214461997,0.006846642786733181
0.06930369673808164,0.006751466283716708,0.069621440631785,0.006841592426032549
0.06930369673808164,0.006751466283716708,0.069621440631785,0.006841592426032549
0.06929938322516385,0.0067460626355151975,0.0696171842009743,0.006836259083695853
0.06929938322516385,0.0067460626355151975,0.0696171842009743,0.006836259083695853
0.06921290188772283,0.0066310875171523885,0.06952965311705474,0.0067199603485623045
0.06921290188772283,0.0066310875171523885,0.06952965311705474,0.0067199603485623045
0.06906262873057348,0.00637323583168782,0.06937729337467088,0.0064597597337599615
0.06906262873057348,0.00637323583168782,0.06937729337467088,0.0064597597337599615
0.06903754735782686,0.006353770843800849,0.06935157169431774,0.006439742753473599
0.06903754735782686,0.006353770843800849,0.06935157169431774,0.006439742753473599
0.06899539003526722,0.0063868532774763245,0.06930927685451425,0.006473111673935431
0.06899539003526722,0.0063868532774763245,0.06930927685451425,0.006473111673935431
0.06876427971548593,0.006033489383617391,0.06907532970152082,0.0061152430549064095
0.06876427971548593,0.006033489383617391,0.06907532970152082,0.0061152430549064095
0.06876339496476434,0.006020748855979577,0.0690746091435098,0.006102514915046622
0.06876339496476434,0.006020748855979577,0.0690746091435098,0.006102514915046622
0.06877888853888582,0.006011510117037411,0.0690903550221903,0.006093171098512232
0.06877888853888582,0.006011510117037411,0.0690903550221903,0.006093171098512232
0.06876525446518743,0.005992010766276414,0.0690769253584075,0.0060739380125418825
0.06876525446518743,0.005992010766276414,0.0690769253584075,0.0060739380125418825
0.06868874996363374,0.00611906537567971,0.06899987599229992,0.006202321148963157
0.06868874996363374,0.00611906537567971,0.06899987599229992,0.006202321148963157
0.06869535056315948,0.006128177001778526,0.06900639875854916,0.006211294123632165
0.06869535056315948,0.006128177001778526,0.06900639875854916,0.006211294123632165
0.06867136497793488,0.006082766223869637,0.06898213292281923,0.006165239383406129
0.06867136497793488,0.006082766223869637,0.06898213292281923,0.006165239383406129
0.06854010956531847,0.00609841352151494,0.06884866156081473,0.006180130052475952
0.06854010956531847,0.00609841352151494,0.06884866156081473,0.006180130052475952
0.06868877389392052,0.0063263940826113925,0.06899988320144175,0.00641118720668065
0.06868877389392052,0.0063263940826113925,0.06899988320144175,0.00641118720668065
0.0687299154719346,0.006306601483918212,0.06904160983206838,0.006391039162881118
0.0687299154719346,0.006306601483918212,0.06904160983206838,0.006391039162881118
0.06873170966967199,0.006308836904456423,0.06904337643503193,0.006393244914179963
0.06873170966967199,0.006308836904456423,0.06904337643503193,0.006393244914179963
0.06873583723286801,0.0063066003288674,0.0690475260649758,0.006390980235123483
0.06873583723286801,0.0063066003288674,0.0690475260649758,0.006390980235123483
0.06867669047436344,0.006318886140460461,0.06898750305475553,0.0064034598026412645
0.06867669047436344,0.006318886140460461,0.06898750305475553,0.0064034598026412645
0.0686766904735278,0.006318886143827169,0.06898750305343933,0.006403459806911017
0.0686766904735278,0.006318886143827169,0.06898750305343933,0.006403459806911017
0.06863792570295399,0.006248570368170511,0.06894928161652376,0.006334124026153087
0.06863792570295399,0.006248570368170511,0.06894928161652376,0.006334124026153087
0.06853223354277076,0.006303123545038906,0.06884209554243832,0.006389648496160482
0.06853223354277076,0.006303123545038906,0.06884209554243832,0.006389648496160482
0.06853927727028215,0.00631468740432452,0.06884906302086653,0.00640105450857402
0.06853927727028215,0.00631468740432452,0.06884906302086653,0.00640105450857402
0.06807806396011709,0.0057657991554288515,0.06838209454990077,0.005845239700152192
0.06807806396011709,0.0057657991554288515,0.06838209454990077,0.005845239700152192
0.0680635333198814,0.005766771908033866,0.06836778072284685,0.005846074509962866
0.0680635333198814,0.005766771908033866,0.06836778072284685,0.005846074509962866
0.06819870165778893,0.005977200045723092,0.06850464296288727,0.006059463302914012
0.06819870165778893,0.005977200045723092,0.06850464296288727,0.006059463302914012
0.06806463504846642,0.006013650580519878,0.06836857810254773,0.006096575457159507
0.06806463504846642,0.006013650580519878,0.06836857810254773,0.006096575457159507
0.06811256650025577,0.00598934266455758,0.06841719895767155,0.006071822473272728
0.06811256650025577,0.00598934266455758,0.06841719895767155,0.006071822473272728
0.06811256650322944,0.0059893426747807945,0.06841719896084256,0.006071822484853486
0.06811256650322944,0.0059893426747807945,0.06841719896084256,0.006071822484853486
0.06811273895221877,0.005989173530261306,0.06841737204036481,0.006071652392864459
0.06811273895221877,0.005989173530261306,0.06841737204036481,0.006071652392864459
0.06819284931377526,0.005961947895448035,0.06849868570129472,0.006043959370075944
0.06819284931377526,0.005961947895448035,0.06849868570129472,0.006043959370075944
0.06825778021975445,0.005955161966793908,0.06856467416972405,0.006037372377420616
0.06825778021975445,0.005955161966793908,0.06856467416972405,0.006037372377420616
0.0682013173985715,0.005959338035000934,0.06850721695704573,0.006041085397684666
0.0682013173985715,0.005959338035000934,0.06850721695704573,0.006041085397684666
0.06804092834326617,0.005843598208501621,0.06834435026836984,0.00592424534562513
0.06804092834326617,0.005843598208501621,0.06834435026836984,0.00592424534562513
0.0680153004338476,0.0058664346903445005,0.0683181845925619,0.005947875949710827
0.0680153004338476,0.0058664346903445005,0.0683181845925619,0.005947875949710827
0.06756509241854855,0.00526894010175147,0.06786203491284251,0.00534118267314998
0.06756509241854855,0.00526894010175147,0.06786203491284251,0.00534118267314998
0.06756206749841911,0.005273322627220407,0.06785898878819316,0.005345577020210957
0.06756206749841911,0.005273322627220407,0.06785898878819316,0.005345577020210957
0.06746331886483777,0.005280562278780724,0.06775848508921345,0.005352115613241977
0.06746331886483777,0.005280562278780724,0.06775848508921345,0.005352115613241977
0.06745250281584285,0.005287394423378968,0.06774776380196136,0.005359840350598386
0.06745250281584285,0.005287394423378968,0.06774776380196136,0.005359840350598386
0.06740778786868387,0.005326006373387129,0.06770232744816376,0.00539919730121458
0.06740778786868387,0.005326006373387129,0.06770232744816376,0.00539919730121458
0.06740739699566374,0.005326387857034984,0.06770193524655077,0.0053995808754221065
0.06740739699566374,0.005326387857034984,0.06770193524655077,0.0053995808754221065
0.06738260591435771,0.005339394210987744,0.06767635628836628,0.00541142685172334
0.06738260591435771,0.005339394210987744,0.06767635628836628,0.00541142685172334
0.06737410432865756,0.005343591788803101,0.06766779486114831,0.005415649478051081
0.06737410432865756,0.005343591788803101,0.06766779486114831,0.005415649478051081
0.06735073390995974,0.0053645026806616,0.06764404330116403,0.005436931990956367
0.06735073390995974,0.0053645026806616,0.06764404330116403,0.005436931990956367
0.06743183006094797,0.00542153815821168,0.06772630700261481,0.005494902275949223
0.06743183006094797,0.00542153815821168,0.06772630700261481,0.005494902275949223
0.0674175596507128,0.005428795463218273,0.0677120586722314,0.005502225957711402
0.0674175596507128,0.005428795463218273,0.0677120586722314,0.005502225957711402
0.06735414032160796,0.005445206332196965,0.06764740185586054,0.00551837535208119
0.06735414032160796,0.005445206332196965,0.06764740185586054,0.00551837535208119
0.06735247301345988,0.0054467639352358335,0.06764570503973474,0.00551996511685951
0.06735247301345988,0.0054467639352358335,0.06764570503973474,0.00551996511685951
0.06736706564239225,0.00544425575325343,0.06766049894363187,0.005517367082146774
0.06736706564239225,0.00544425575325343,0.06766049894363187,0.005517367082146774
0.06731155977952061,0.005489570587392536,0.06760367871988748,0.005563722186048918
0.06731155977952061,0.005489570587392536,0.06760367871988748,0.005563722186048918
0.06731659294001482,0.005484541385009646,0.06760880733697174,0.005558585623326607
0.06731659294001482,0.005484541385009646,0.06760880733697174,0.005558585623326607
0.06726776059963469,0.005507035494571912,0.06755895587979235,0.005581194055372944
0.06726776059963469,0.005507035494571912,0.06755895587979235,0.005581194055372944
0.06726776060255514,0.005507035489094447,0.06755895588344601,0.0055811940487693786
0.06726776060255514,0.005507035489094447,0.06755895588344601,0.0055811940487693786
0.06728189836224878,0.005494604188217269,0.06757324798622434,0.005568590722835285
0.06728189836224878,0.005494604188217269,0.06757324798622434,0.005568590722835285
0.06706903903836844,0.005096643027424838,0.06735809585812556,0.005166504794418567
0.06706903903836844,0.005096643027424838,0.06735809585812556,0.005166504794418567
0.06705196376652849,0.005111666933467447,0.06734094870274229,0.005181628253709096
0.06705196376652849,0.005111666933467447,0.06734094870274229,0.005181628253709096
0.06695512956097688,0.005013422153063651,0.06724277374279468,0.005081715273272611
0.06695512956097688,0.005013422153063651,0.06724277374279468,0.005081715273272611
0.06683135888469746,0.005132901211808858,0.06711816402635934,0.005202139543748672
0.06683135888469746,0.005132901211808858,0.06711816402635934,0.005202139543748672
0.06655143180133807,0.004947231883441616,0.06683458412404392,0.00501374094355993
0.06655143180133807,0.004947231883441616,0.06683458412404392,0.00501374094355993
0.06655818120862056,0.00495351392747848,0.06684123382758733,0.005019937798116194
0.06655818120862056,0.00495351392747848,0.06684123382758733,0.005019937798116194
0.06637793085765781,0.004966304032127336,0.06665827419939059,0.005033122688674389
0.06637793085765781,0.004966304032127336,0.06665827419939059,0.005033122688674389
0.06622297413780195,0.005008654755124321,0.06650125044146706,0.005076676296541955
0.06622297413780195,0.005008654755124321,0.06650125044146706,0.005076676296541955
0.06622141788848365,0.0050050735843175246,0.06649971306086815,0.00507314231516547
0.06622141788848365,0.0050050735843175246,0.06649971306086815,0.00507314231516547
0.06616674383052099,0.0050130471178554065,0.06644526995614908,0.0050809523355150035
0.06616674383052099,0.0050130471178554065,0.06644526995614908,0.0050809523355150035
0.06612643387848464,0.005031437737580592,0.06640505684392667,0.005099026401011965
0.06612643387848464,0.005031437737580592,0.06640505684392667,0.005099026401011965
0.0661230543699253,0.005034429674731303,0.06640164909059323,0.005102054379918704
0.0661230543699253,0.005034429674731303,0.06640164909059323,0.005102054379918704
