0.1328744228579168,0.0,0.13378314680023023,2.7755575615628914e-17
0.11377424320070322,0.01457115757894842,0.11450960583634755,0.014693527387044124
0.11377424320070322,0.01457115757894842,0.11450960583634755,0.014693527387044124
0.11377424320070322,0.01457115757894842,0.11450960583634755,0.014693527387044124
0.11377424320070322,0.01457115757894842,0.11450960583634755,0.014693527387044124
0.11377424320070322,0.01457115757894842,0.11450960583634755,0.014693527387044124
0.11377424320070322,0.01457115757894842,0.11450960583634755,0.014693527387044124
0.11377424320070322,0.01457115757894842,0.11450960583634755,0.014693527387044124
0.11377424320070322,0.01457115757894842,0.11450960583634755,0.014693527387044124
0.11377424320070322,0.01457115757894842,0.11450960583634755,0.014693527387044124
0.11377424320070322,0.01457115757894842,0.11450960583634755,0.014693527387044124
0.0970987881862482,0.026361423503478483,0.09766209801090567,0.026634656096195152
0.0970987881862482,0.026361423503478483,0.09766209801090567,0.026634656096195152
0.0970987881862482,0.026361423503478483,0.09766209801090567,0.026634656096195152
0.0970987881862482,0.026361423503478483,0.09766209801090567,0.026634656096195152
0.0970987881862482,0.026361423503478483,0.09766209801090567,0.026634656096195152
0.0970987881862482,0.026361423503478483,0.09766209801090567,0.026634656096195152
0.0970987881862482,0.026361423503478483,0.09766209801090567,0.026634656096195152
0.0970987881862482,0.026361423503478483,0.09766209801090567,0.026634656096195152
0.0970987881862482,0.026361423503478483,0.09766209801090567,0.026634656096195152
0.0970987881862482,0.026361423503478483,0.09766209801090567,0.026634656096195152
0.08862235230805328,0.024817596821736527,0.08911198220002428,0.02507620612804599
0.08862235230805328,0.024817596821736527,0.08911198220002428,0.02507620612804599
0.08862235230805328,0.024817596821736527,0.08911198220002428,0.02507620612804599
0.08862235230805328,0.024817596821736527,0.08911198220002428,0.02507620612804599
0.08862235230805328,0.024817596821736527,0.08911198220002428,0.02507620612804599
0.08862235230805328,0.024817596821736527,0.08911198220002428,0.02507620612804599
0.08862235230805328,0.024817596821736527,0.08911198220002428,0.02507620612804599
0.08862235230805328,0.024817596821736527,0.08911198220002428,0.02507620612804599
0.08862235230805328,0.024817596821736527,0.08911198220002428,0.02507620612804599
0.08862235230805328,0.024817596821736527,0.08911198220002428,0.02507620612804599
0.0849002873736105,0.01970051984969688,0.08535967170038009,0.019913466919041282
0.0849002873736105,0.01970051984969688,0.08535967170038009,0.019913466919041282
0.0849002873736105,0.01970051984969688,0.08535967170038009,0.019913466919041282
0.0849002873736105,0.01970051984969688,0.08535967170038009,0.019913466919041282
0.0849002873736105,0.01970051984969688,0.08535967170038009,0.019913466919041282
0.0849002873736105,0.01970051984969688,0.08535967170038009,0.019913466919041282
0.0849002873736105,0.01970051984969688,0.08535967170038009,0.019913466919041282
0.0849002873736105,0.01970051984969688,0.08535967170038009,0.019913466919041282
0.0849002873736105,0.01970051984969688,0.08535967170038009,0.019913466919041282
0.0849002873736105,0.01970051984969688,0.08535967170038009,0.019913466919041282
0.078559033341111,0.017483523398445177,0.07895744202541953,0.01767328366621162
0.078559033341111,0.017483523398445177,0.07895744202541953,0.01767328366621162
0.078559033341111,0.017483523398445177,0.07895744202541953,0.01767328366621162
0.078559033341111,0.017483523398445177,0.07895744202541953,0.01767328366621162
0.078559033341111,0.017483523398445177,0.07895744202541953,0.01767328366621162
0.078559033341111,0.017483523398445177,0.07895744202541953,0.01767328366621162
0.078559033341111,0.017483523398445177,0.07895744202541953,0.01767328366621162
0.078559033341111,0.017483523398445177,0.07895744202541953,0.01767328366621162
0.078559033341111,0.017483523398445177,0.07895744202541953,0.01767328366621162
0.078559033341111,0.017483523398445177,0.07895744202541953,0.01767328366621162
0.06994489200424646,0.00820893241185714,0.07025892752198289,0.008330020348134902
0.06994489200424646,0.00820893241185714,0.07025892752198289,0.008330020348134902
0.06994489200424646,0.00820893241185714,0.07025892752198289,0.008330020348134902
0.06994489200424646,0.00820893241185714,0.07025892752198289,0.008330020348134902
0.06994489200424646,0.00820893241185714,0.07025892752198289,0.008330020348134902
0.06994489200424646,0.00820893241185714,0.07025892752198289,0.008330020348134902
0.06994489200424646,0.00820893241185714,0.07025892752198289,0.008330020348134902
0.06994489200424646,0.00820893241185714,0.07025892752198289,0.008330020348134902
0.06994489200424646,0.00820893241185714,0.07025892752198289,0.008330020348134902
0.06994489200424646,0.00820893241185714,0.07025892752198289,0.008330020348134902
0.06751341322784972,0.006638506632457548,0.06780429489792114,0.006737064219185116
0.06751341322784972,0.006638506632457548,0.06780429489792114,0.006737064219185116
0.06751341322784972,0.006638506632457548,0.06780429489792114,0.006737064219185116
0.06751341322784972,0.006638506632457548,0.06780429489792114,0.006737064219185116
0.06751341322784972,0.006638506632457548,0.06780429489792114,0.006737064219185116
0.06751341322784972,0.006638506632457548,0.06780429489792114,0.006737064219185116
0.06751341322784972,0.006638506632457548,0.06780429489792114,0.006737064219185116
0.06751341322784972,0.006638506632457548,0.06780429489792114,0.006737064219185116
0.06751341322784972,0.006638506632457548,0.06780429489792114,0.006737064219185116
0.06751341322784972,0.006638506632457548,0.06780429489792114,0.006737064219185116
0.06601625257705045,0.004033052587341282,0.06629305485022952,0.004090459019171464
0.06601625257705045,0.004033052587341282,0.06629305485022952,0.004090459019171464
0.06601625257705045,0.004033052587341282,0.06629305485022952,0.004090459019171464
0.06601625257705045,0.004033052587341282,0.06629305485022952,0.004090459019171464
0.06601625257705045,0.004033052587341282,0.06629305485022952,0.004090459019171464
0.06601625257705045,0.004033052587341282,0.06629305485022952,0.004090459019171464
0.06601625257705045,0.004033052587341282,0.06629305485022952,0.004090459019171464
0.06601625257705045,0.004033052587341282,0.06629305485022952,0.004090459019171464
0.06601625257705045,0.004033052587341282,0.06629305485022952,0.004090459019171464
0.06601625257705045,0.004033052587341282,0.06629305485022952,0.004090459019171464
0.06594976287891563,0.006109241576422053,0.06622205836490799,0.00619511742625247
0.06594976287891563,0.006109241576422053,0.06622205836490799,0.00619511742625247
0.06594976287891563,0.006109241576422053,0.06622205836490799,0.00619511742625247
0.06594976287891563,0.006109241576422053,0.06622205836490799,0.00619511742625247
0.06594976287891563,0.006109241576422053,0.06622205836490799,0.00619511742625247
0.06594976287891563,0.006109241576422053,0.06622205836490799,0.00619511742625247
0.06594976287891563,0.006109241576422053,0.06622205836490799,0.00619511742625247
0.06594976287891563,0.006109241576422053,0.06622205836490799,0.00619511742625247
0.06594976287891563,0.006109241576422053,0.06622205836490799,0.00619511742625247
0.06594976287891563,0.006109241576422053,0.06622205836490799,0.00619511742625247
0.06416700870040845,0.003776950118694559,0.06441539669745652,0.003852209277342815
0.06416700870040845,0.003776950118694559,0.06441539669745652,0.003852209277342815
0.06416700870040845,0.003776950118694559,0.06441539669745652,0.003852209277342815
0.06416700870040845,0.003776950118694559,0.06441539669745652,0.003852209277342815
0.06416700870040845,0.003776950118694559,0.06441539669745652,0.003852209277342815
0.06416700870040845,0.003776950118694559,0.06441539669745652,0.003852209277342815
0.06416700870040845,0.003776950118694559,0.06441539669745652,0.003852209277342815
0.06416700870040845,0.003776950118694559,0.06441539669745652,0.003852209277342815
0.06416700870040845,0.003776950118694559,0.06441539669745652,0.003852209277342815
0.06416700870040845,0.003776950118694559,0.06441539669745652,0.003852209277342815
0.0638330306127014,0.005580254966932702,0.06407902988076303,0.005683602141715802
0.0638330306127014,0.005580254966932702,0.06407902988076303,0.005683602141715802
0.0638330306127014,0.005580254966932702,0.06407902988076303,0.005683602141715802
0.0638330306127014,0.005580254966932702,0.06407902988076303,0.005683602141715802
0.0638330306127014,0.005580254966932702,0.06407902988076303,0.005683602141715802
0.0638330306127014,0.005580254966932702,0.06407902988076303,0.005683602141715802
0.0638330306127014,0.005580254966932702,0.06407902988076303,0.005683602141715802
0.0638330306127014,0.005580254966932702,0.06407902988076303,0.005683602141715802
0.0638330306127014,0.005580254966932702,0.06407902988076303,0.005683602141715802
0.0638330306127014,0.005580254966932702,0.06407902988076303,0.005683602141715802
0.06302107654645203,0.005172480051144168,0.0632536787983216,0.005269069976311311
0.06302107654645203,0.005172480051144168,0.0632536787983216,0.005269069976311311
0.06302107654645203,0.005172480051144168,0.0632536787983216,0.005269069976311311
0.06302107654645203,0.005172480051144168,0.0632536787983216,0.005269069976311311
0.06302107654645203,0.005172480051144168,0.0632536787983216,0.005269069976311311
0.06302107654645203,0.005172480051144168,0.0632536787983216,0.005269069976311311
0.06302107654645203,0.005172480051144168,0.0632536787983216,0.005269069976311311
0.06302107654645203,0.005172480051144168,0.0632536787983216,0.005269069976311311
0.06302107654645203,0.005172480051144168,0.0632536787983216,0.005269069976311311
0.06302107654645203,0.005172480051144168,0.0632536787983216,0.005269069976311311
0.062317245750964444,0.004626650963873687,0.0625324498328104,0.004718142022478102
0.062317245750964444,0.004626650963873687,0.0625324498328104,0.004718142022478102
0.062317245750964444,0.004626650963873687,0.0625324498328104,0.004718142022478102
0.062317245750964444,0.004626650963873687,0.0625324498328104,0.004718142022478102
0.062317245750964444,0.004626650963873687,0.0625324498328104,0.004718142022478102
0.062317245750964444,0.004626650963873687,0.0625324498328104,0.004718142022478102
0.062317245750964444,0.004626650963873687,0.0625324498328104,0.004718142022478102
0.062317245750964444,0.004626650963873687,0.0625324498328104,0.004718142022478102
0.062317245750964444,0.004626650963873687,0.0625324498328104,0.004718142022478102
0.062317245750964444,0.004626650963873687,0.0625324498328104,0.004718142022478102
0.06222205525009852,0.005012760041243569,0.06243591423618052,0.005109977828670188
0.06222205525009852,0.005012760041243569,0.06243591423618052,0.005109977828670188
0.06222205525009852,0.005012760041243569,0.06243591423618052,0.005109977828670188
0.06222205525009852,0.005012760041243569,0.06243591423618052,0.005109977828670188
0.06222205525009852,0.005012760041243569,0.06243591423618052,0.005109977828670188
0.06222205525009852,0.005012760041243569,0.06243591423618052,0.005109977828670188
0.06222205525009852,0.005012760041243569,0.06243591423618052,0.005109977828670188
0.06222205525009852,0.005012760041243569,0.06243591423618052,0.005109977828670188
0.06222205525009852,0.005012760041243569,0.06243591423618052,0.005109977828670188
0.06222205525009852,0.005012760041243569,0.06243591423618052,0.005109977828670188
0.06115720534570945,0.00310966034352285,0.061350272683331986,0.0031793692967256736
0.06115720534570945,0.00310966034352285,0.061350272683331986,0.0031793692967256736
0.06115720534570945,0.00310966034352285,0.061350272683331986,0.0031793692967256736
0.06115720534570945,0.00310966034352285,0.061350272683331986,0.0031793692967256736
0.06115720534570945,0.00310966034352285,0.061350272683331986,0.0031793692967256736
0.06115720534570945,0.00310966034352285,0.061350272683331986,0.0031793692967256736
0.06115720534570945,0.00310966034352285,0.061350272683331986,0.0031793692967256736
0.06115720534570945,0.00310966034352285,0.061350272683331986,0.0031793692967256736
0.06115720534570945,0.00310966034352285,0.061350272683331986,0.0031793692967256736
0.06115720534570945,0.00310966034352285,0.061350272683331986,0.0031793692967256736
0.05995952925788176,0.0008504493850363578,0.06013363262447498,0.0008777630373423135
0.05995952925788176,0.0008504493850363578,0.06013363262447498,0.0008777630373423135
0.05995952925788176,0.0008504493850363578,0.06013363262447498,0.0008777630373423135
0.05995952925788176,0.0008504493850363578,0.06013363262447498,0.0008777630373423135
0.05995952925788176,0.0008504493850363578,0.06013363262447498,0.0008777630373423135
0.05995952925788176,0.0008504493850363578,0.06013363262447498,0.0008777630373423135
0.05995952925788176,0.0008504493850363578,0.06013363262447498,0.0008777630373423135
0.05995952925788176,0.0008504493850363578,0.06013363262447498,0.0008777630373423135
0.05995952925788176,0.0008504493850363578,0.06013363262447498,0.0008777630373423135
0.05995952925788176,0.0008504493850363578,0.06013363262447498,0.0008777630373423135
0.05975949757536163,0.0007611031597274064,0.05992787505796624,0.0007949114155457169
0.05975949757536163,0.0007611031597274064,0.05992787505796624,0.0007949114155457169
0.05975949757536163,0.0007611031597274064,0.05992787505796624,0.0007949114155457169
0.05975949757536163,0.0007611031597274064,0.05992787505796624,0.0007949114155457169
0.05975949757536163,0.0007611031597274064,0.05992787505796624,0.0007949114155457169
0.05975949757536163,0.0007611031597274064,0.05992787505796624,0.0007949114155457169
0.05975949757536163,0.0007611031597274064,0.05992787505796624,0.0007949114155457169
0.05975949757536163,0.0007611031597274064,0.05992787505796624,0.0007949114155457169
0.05975949757536163,0.0007611031597274064,0.05992787505796624,0.0007949114155457169
0.05975949757536163,0.0007611031597274064,0.05992787505796624,0.0007949114155457169
0.05974711102319512,0.000682830410344371,0.05991667814795516,0.0007176308818930053
0.05974711102319512,0.000682830410344371,0.05991667814795516,0.0007176308818930053
0.05974711102319512,0.000682830410344371,0.05991667814795516,0.0007176308818930053
0.05974711102319512,0.000682830410344371,0.05991667814795516,0.0007176308818930053
0.05974711102319512,0.000682830410344371,0.05991667814795516,0.0007176308818930053
0.05974711102319512,0.000682830410344371,0.05991667814795516,0.0007176308818930053
0.05974711102319512,0.000682830410344371,0.05991667814795516,0.0007176308818930053
0.05974711102319512,0.000682830410344371,0.05991667814795516,0.0007176308818930053
0.05974711102319512,0.000682830410344371,0.05991667814795516,0.0007176308818930053
0.05974711102319512,0.000682830410344371,0.05991667814795516,0.0007176308818930053
0.05991535208262949,0.0008432711421764779,0.060090750935533274,0.0008799553344017534
0.05991535208262949,0.0008432711421764779,0.060090750935533274,0.0008799553344017534
0.05991535208262949,0.0008432711421764779,0.060090750935533274,0.0008799553344017534
0.05991535208262949,0.0008432711421764779,0.060090750935533274,0.0008799553344017534
0.05991535208262949,0.0008432711421764779,0.060090750935533274,0.0008799553344017534
0.05991535208262949,0.0008432711421764779,0.060090750935533274,0.0008799553344017534
0.05991535208262949,0.0008432711421764779,0.060090750935533274,0.0008799553344017534
0.05991535208262949,0.0008432711421764779,0.060090750935533274,0.0008799553344017534
0.05991535208262949,0.0008432711421764779,0.060090750935533274,0.0008799553344017534
0.05991535208262949,0.0008432711421764779,0.060090750935533274,0.0008799553344017534
0.05970659817541531,0.0009483650033469391,0.0598733048289378,0.0009959367360323076
0.05970659817541531,0.0009483650033469391,0.0598733048289378,0.0009959367360323076
0.05970659817541531,0.0009483650033469391,0.0598733048289378,0.0009959367360323076
0.05970659817541531,0.0009483650033469391,0.0598733048289378,0.0009959367360323076
0.05970659817541531,0.0009483650033469391,0.0598733048289378,0.0009959367360323076
0.05970659817541531,0.0009483650033469391,0.0598733048289378,0.0009959367360323076
0.05970659817541531,0.0009483650033469391,0.0598733048289378,0.0009959367360323076
0.05970659817541531,0.0009483650033469391,0.0598733048289378,0.0009959367360323076
0.05970659817541531,0.0009483650033469391,0.0598733048289378,0.0009959367360323076
0.05970659817541531,0.0009483650033469391,0.0598733048289378,0.0009959367360323076
0.059760951968218755,0.0015789203172612814,0.05992427337687498,0.001646446956405778
0.059760951968218755,0.0015789203172612814,0.05992427337687498,0.001646446956405778
0.059760951968218755,0.0015789203172612814,0.05992427337687498,0.001646446956405778
0.059760951968218755,0.0015789203172612814,0.05992427337687498,0.001646446956405778
0.059760951968218755,0.0015789203172612814,0.05992427337687498,0.001646446956405778
0.059760951968218755,0.0015789203172612814,0.05992427337687498,0.001646446956405778
0.059760951968218755,0.0015789203172612814,0.05992427337687498,0.001646446956405778
0.059760951968218755,0.0015789203172612814,0.05992427337687498,0.001646446956405778
0.059760951968218755,0.0015789203172612814,0.05992427337687498,0.001646446956405778
0.059760951968218755,0.0015789203172612814,0.05992427337687498,0.001646446956405778
0.059702025276131464,0.0016211855488476564,0.059861082959399556,0.001691886842366032
0.059702025276131464,0.0016211855488476564,0.059861082959399556,0.001691886842366032
0.059702025276131464,0.0016211855488476564,0.059861082959399556,0.001691886842366032
0.059702025276131464,0.0016211855488476564,0.059861082959399556,0.001691886842366032
0.059702025276131464,0.0016211855488476564,0.059861082959399556,0.001691886842366032
0.059702025276131464,0.0016211855488476564,0.059861082959399556,0.001691886842366032
0.059702025276131464,0.0016211855488476564,0.059861082959399556,0.001691886842366032
0.059702025276131464,0.0016211855488476564,0.059861082959399556,0.001691886842366032
0.059702025276131464,0.0016211855488476564,0.059861082959399556,0.001691886842366032
0.059702025276131464,0.0016211855488476564,0.059861082959399556,0.001691886842366032
0.05964440277315031,0.0013389096501085901,0.05980252542951803,0.001403828236846297
0.05964440277315031,0.0013389096501085901,0.05980252542951803,0.001403828236846297
0.05964440277315031,0.0013389096501085901,0.05980252542951803,0.001403828236846297
0.05964440277315031,0.0013389096501085901,0.05980252542951803,0.001403828236846297
0.05964440277315031,0.0013389096501085901,0.05980252542951803,0.001403828236846297
0.05964440277315031,0.0013389096501085901,0.05980252542951803,0.001403828236846297
0.05964440277315031,0.0013389096501085901,0.05980252542951803,0.001403828236846297
0.05964440277315031,0.0013389096501085901,0.05980252542951803,0.001403828236846297
0.05964440277315031,0.0013389096501085901,0.05980252542951803,0.001403828236846297
0.05964440277315031,0.0013389096501085901,0.05980252542951803,0.001403828236846297
0.05948127767951254,0.0012285253970426488,0.05963292494993029,0.0012915649771178587
0.05948127767951254,0.0012285253970426488,0.05963292494993029,0.0012915649771178587
0.05948127767951254,0.0012285253970426488,0.05963292494993029,0.0012915649771178587
0.05948127767951254,0.0012285253970426488,0.05963292494993029,0.0012915649771178587
0.05948127767951254,0.0012285253970426488,0.05963292494993029,0.0012915649771178587
0.05948127767951254,0.0012285253970426488,0.05963292494993029,0.0012915649771178587
0.05948127767951254,0.0012285253970426488,0.05963292494993029,0.0012915649771178587
0.05948127767951254,0.0012285253970426488,0.05963292494993029,0.0012915649771178587
0.05948127767951254,0.0012285253970426488,0.05963292494993029,0.0012915649771178587
0.05948127767951254,0.0012285253970426488,0.05963292494993029,0.0012915649771178587
0.05948405790971476,0.0011612982694477621,0.05963683761483357,0.0012214679998522441
0.05948405790971476,0.0011612982694477621,0.05963683761483357,0.0012214679998522441
0.05948405790971476,0.0011612982694477621,0.05963683761483357,0.0012214679998522441
0.05948405790971476,0.0011612982694477621,0.05963683761483357,0.0012214679998522441
0.05948405790971476,0.0011612982694477621,0.05963683761483357,0.0012214679998522441
0.05948405790971476,0.0011612982694477621,0.05963683761483357,0.0012214679998522441
0.05948405790971476,0.0011612982694477621,0.05963683761483357,0.0012214679998522441
0.05948405790971476,0.0011612982694477621,0.05963683761483357,0.0012214679998522441
0.05948405790971476,0.0011612982694477621,0.05963683761483357,0.0012214679998522441
0.05948405790971476,0.0011612982694477621,0.05963683761483357,0.0012214679998522441
0.0594856670028243,0.001228585654704654,0.059637098306048617,0.0012900143622323011
0.0594856670028243,0.001228585654704654,0.059637098306048617,0.0012900143622323011
0.0594856670028243,0.001228585654704654,0.059637098306048617,0.0012900143622323011
0.0594856670028243,0.001228585654704654,0.059637098306048617,0.0012900143622323011
0.0594856670028243,0.001228585654704654,0.059637098306048617,0.0012900143622323011
0.0594856670028243,0.001228585654704654,0.059637098306048617,0.0012900143622323011
0.0594856670028243,0.001228585654704654,0.059637098306048617,0.0012900143622323011
0.0594856670028243,0.001228585654704654,0.059637098306048617,0.0012900143622323011
0.0594856670028243,0.001228585654704654,0.059637098306048617,0.0012900143622323011
0.0594856670028243,0.001228585654704654,0.059637098306048617,0.0012900143622323011
0.05950906593462015,0.0013465313470191946,0.05966038560742609,0.0014125318469107436
0.05950906593462015,0.0013465313470191946,0.05966038560742609,0.0014125318469107436
0.05950906593462015,0.0013465313470191946,0.05966038560742609,0.0014125318469107436
0.05950906593462015,0.0013465313470191946,0.05966038560742609,0.0014125318469107436
0.05950906593462015,0.0013465313470191946,0.05966038560742609,0.0014125318469107436
0.05950906593462015,0.0013465313470191946,0.05966038560742609,0.0014125318469107436
0.05950906593462015,0.0013465313470191946,0.05966038560742609,0.0014125318469107436
0.05950906593462015,0.0013465313470191946,0.05966038560742609,0.0014125318469107436
0.05950906593462015,0.0013465313470191946,0.05966038560742609,0.0014125318469107436
0.05950906593462015,0.0013465313470191946,0.05966038560742609,0.0014125318469107436
0.05950682605539488,0.0014113956962623212,0.05965768345760534,0.0014797754227466166
0.05950682605539488,0.0014113956962623212,0.05965768345760534,0.0014797754227466166
0.05950682605539488,0.0014113956962623212,0.05965768345760534,0.0014797754227466166
0.05950682605539488,0.0014113956962623212,0.05965768345760534,0.0014797754227466166
0.05950682605539488,0.0014113956962623212,0.05965768345760534,0.0014797754227466166
0.05950682605539488,0.0014113956962623212,0.05965768345760534,0.0014797754227466166
0.05950682605539488,0.0014113956962623212,0.05965768345760534,0.0014797754227466166
0.05950682605539488,0.0014113956962623212,0.05965768345760534,0.0014797754227466166
0.05950682605539488,0.0014113956962623212,0.05965768345760534,0.0014797754227466166
0.05950682605539488,0.0014113956962623212,0.05965768345760534,0.0014797754227466166
0.05948799351614957,0.0015213878995917573,0.05963724110817196,0.0015932893490239177
0.05948799351614957,0.0015213878995917573,0.05963724110817196,0.0015932893490239177
0.05948799351614957,0.0015213878995917573,0.05963724110817196,0.0015932893490239177
0.05948799351614957,0.0015213878995917573,0.05963724110817196,0.0015932893490239177
0.05948799351614957,0.0015213878995917573,0.05963724110817196,0.0015932893490239177
0.05948799351614957,0.0015213878995917573,0.05963724110817196,0.0015932893490239177
0.05948799351614957,0.0015213878995917573,0.05963724110817196,0.0015932893490239177
0.05948799351614957,0.0015213878995917573,0.05963724110817196,0.0015932893490239177
0.05948799351614957,0.0015213878995917573,0.05963724110817196,0.0015932893490239177
0.05948799351614957,0.0015213878995917573,0.05963724110817196,0.0015932893490239177
0.05938517851086186,0.0012599662874648828,0.059531998361423324,0.0013239854011467623
0.05938517851086186,0.0012599662874648828,0.059531998361423324,0.0013239854011467623
0.05938517851086186,0.0012599662874648828,0.059531998361423324,0.0013239854011467623
0.05938517851086186,0.0012599662874648828,0.059531998361423324,0.0013239854011467623
0.05938517851086186,0.0012599662874648828,0.059531998361423324,0.0013239854011467623
0.05938517851086186,0.0012599662874648828,0.059531998361423324,0.0013239854011467623
0.05938517851086186,0.0012599662874648828,0.059531998361423324,0.0013239854011467623
0.05938517851086186,0.0012599662874648828,0.059531998361423324,0.0013239854011467623
0.05938517851086186,0.0012599662874648828,0.059531998361423324,0.0013239854011467623
0.05938517851086186,0.0012599662874648828,0.059531998361423324,0.0013239854011467623
0.05940553165706637,0.0013972102951931183,0.059551150179289844,0.001466632928382813
0.05940553165706637,0.0013972102951931183,0.059551150179289844,0.001466632928382813
0.05940553165706637,0.0013972102951931183,0.059551150179289844,0.001466632928382813
0.05940553165706637,0.0013972102951931183,0.059551150179289844,0.001466632928382813
0.05940553165706637,0.0013972102951931183,0.059551150179289844,0.001466632928382813
0.05940553165706637,0.0013972102951931183,0.059551150179289844,0.001466632928382813
0.05940553165706637,0.0013972102951931183,0.059551150179289844,0.001466632928382813
0.05940553165706637,0.0013972102951931183,0.059551150179289844,0.001466632928382813
0.05940553165706637,0.0013972102951931183,0.059551150179289844,0.001466632928382813
0.05940553165706637,0.0013972102951931183,0.059551150179289844,0.001466632928382813
0.0594228978494767,0.0013757061110966755,0.05956968387866805,0.0014446500911183906
0.0594228978494767,0.0013757061110966755,0.05956968387866805,0.0014446500911183906
0.0594228978494767,0.0013757061110966755,0.05956968387866805,0.0014446500911183906
0.0594228978494767,0.0013757061110966755,0.05956968387866805,0.0014446500911183906
0.0594228978494767,0.0013757061110966755,0.05956968387866805,0.0014446500911183906
0.0594228978494767,0.0013757061110966755,0.05956968387866805,0.0014446500911183906
0.0594228978494767,0.0013757061110966755,0.05956968387866805,0.0014446500911183906
0.0594228978494767,0.0013757061110966755,0.05956968387866805,0.0014446500911183906
0.0594228978494767,0.0013757061110966755,0.05956968387866805,0.0014446500911183906
0.0594228978494767,0.0013757061110966755,0.05956968387866805,0.0014446500911183906
0.05953862013949187,0.001670131005409941,0.05968913082321731,0.0017470892198688617
0.05953862013949187,0.001670131005409941,0.05968913082321731,0.0017470892198688617
0.05953862013949187,0.001670131005409941,0.05968913082321731,0.0017470892198688617
0.05953862013949187,0.001670131005409941,0.05968913082321731,0.0017470892198688617
0.05953862013949187,0.001670131005409941,0.05968913082321731,0.0017470892198688617
0.05953862013949187,0.001670131005409941,0.05968913082321731,0.0017470892198688617
0.05953862013949187,0.001670131005409941,0.05968913082321731,0.0017470892198688617
0.05953862013949187,0.001670131005409941,0.05968913082321731,0.0017470892198688617
0.05953862013949187,0.001670131005409941,0.05968913082321731,0.0017470892198688617
0.05953862013949187,0.001670131005409941,0.05968913082321731,0.0017470892198688617
0.0593949507509041,0.0013473054897568696,0.05954303696196047,0.0014178457856634313
0.0593949507509041,0.0013473054897568696,0.05954303696196047,0.0014178457856634313
0.0593949507509041,0.0013473054897568696,0.05954303696196047,0.0014178457856634313
0.0593949507509041,0.0013473054897568696,0.05954303696196047,0.0014178457856634313
0.0593949507509041,0.0013473054897568696,0.05954303696196047,0.0014178457856634313
0.0593949507509041,0.0013473054897568696,0.05954303696196047,0.0014178457856634313
0.0593949507509041,0.0013473054897568696,0.05954303696196047,0.0014178457856634313
0.0593949507509041,0.0013473054897568696,0.05954303696196047,0.0014178457856634313
0.0593949507509041,0.0013473054897568696,0.05954303696196047,0.0014178457856634313
0.0593949507509041,0.0013473054897568696,0.05954303696196047,0.0014178457856634313
0.059331762397342516,0.0011543418664418511,0.059478034652481394,0.0012199908755051547
0.059331762397342516,0.0011543418664418511,0.059478034652481394,0.0012199908755051547
0.059331762397342516,0.0011543418664418511,0.059478034652481394,0.0012199908755051547
0.059331762397342516,0.0011543418664418511,0.059478034652481394,0.0012199908755051547
0.059331762397342516,0.0011543418664418511,0.059478034652481394,0.0012199908755051547
0.059331762397342516,0.0011543418664418511,0.059478034652481394,0.0012199908755051547
0.059331762397342516,0.0011543418664418511,0.059478034652481394,0.0012199908755051547
0.059331762397342516,0.0011543418664418511,0.059478034652481394,0.0012199908755051547
0.059331762397342516,0.0011543418664418511,0.059478034652481394,0.0012199908755051547
0.059331762397342516,0.0011543418664418511,0.059478034652481394,0.0012199908755051547
0.059296562606180804,0.001144076075443398,0.05944156575660995,0.0012094349209499898
0.059296562606180804,0.001144076075443398,0.05944156575660995,0.0012094349209499898
0.059296562606180804,0.001144076075443398,0.05944156575660995,0.0012094349209499898
0.059296562606180804,0.001144076075443398,0.05944156575660995,0.0012094349209499898
0.059296562606180804,0.001144076075443398,0.05944156575660995,0.0012094349209499898
0.059296562606180804,0.001144076075443398,0.05944156575660995,0.0012094349209499898
0.059296562606180804,0.001144076075443398,0.05944156575660995,0.0012094349209499898
0.059296562606180804,0.001144076075443398,0.05944156575660995,0.0012094349209499898
0.059296562606180804,0.001144076075443398,0.05944156575660995,0.0012094349209499898
0.059296562606180804,0.001144076075443398,0.05944156575660995,0.0012094349209499898
0.05906864951746095,0.0009732093239774077,0.05920327250677041,0.0010299914328796625
0.05906864951746095,0.0009732093239774077,0.05920327250677041,0.0010299914328796625
0.05906864951746095,0.0009732093239774077,0.05920327250677041,0.0010299914328796625
0.05906864951746095,0.0009732093239774077,0.05920327250677041,0.0010299914328796625
0.05906864951746095,0.0009732093239774077,0.05920327250677041,0.0010299914328796625
0.05906864951746095,0.0009732093239774077,0.05920327250677041,0.0010299914328796625
0.05906864951746095,0.0009732093239774077,0.05920327250677041,0.0010299914328796625
0.05906864951746095,0.0009732093239774077,0.05920327250677041,0.0010299914328796625
0.05906864951746095,0.0009732093239774077,0.05920327250677041,0.0010299914328796625
0.05906864951746095,0.0009732093239774077,0.05920327250677041,0.0010299914328796625
0.05895462246109079,0.0008576333239827062,0.05908453337714412,0.0009099613404974333
0.05895462246109079,0.0008576333239827062,0.05908453337714412,0.0009099613404974333
0.05895462246109079,0.0008576333239827062,0.05908453337714412,0.0009099613404974333
0.05895462246109079,0.0008576333239827062,0.05908453337714412,0.0009099613404974333
0.05895462246109079,0.0008576333239827062,0.05908453337714412,0.0009099613404974333
0.05895462246109079,0.0008576333239827062,0.05908453337714412,0.0009099613404974333
0.05895462246109079,0.0008576333239827062,0.05908453337714412,0.0009099613404974333
0.05895462246109079,0.0008576333239827062,0.05908453337714412,0.0009099613404974333
0.05895462246109079,0.0008576333239827062,0.05908453337714412,0.0009099613404974333
0.05895462246109079,0.0008576333239827062,0.05908453337714412,0.0009099613404974333
0.058941817674950395,0.0008817019870863203,0.059069997528068394,0.000938529978924172
0.058941817674950395,0.0008817019870863203,0.059069997528068394,0.000938529978924172
0.058941817674950395,0.0008817019870863203,0.059069997528068394,0.000938529978924172
0.058941817674950395,0.0008817019870863203,0.059069997528068394,0.000938529978924172
0.058941817674950395,0.0008817019870863203,0.059069997528068394,0.000938529978924172
0.058941817674950395,0.0008817019870863203,0.059069997528068394,0.000938529978924172
0.058941817674950395,0.0008817019870863203,0.059069997528068394,0.000938529978924172
0.058941817674950395,0.0008817019870863203,0.059069997528068394,0.000938529978924172
0.058941817674950395,0.0008817019870863203,0.059069997528068394,0.000938529978924172
0.058941817674950395,0.0008817019870863203,0.059069997528068394,0.000938529978924172
0.058847344350152306,0.0008266635383773886,0.05897116855972887,0.00088143071803423
0.058847344350152306,0.0008266635383773886,0.05897116855972887,0.00088143071803423
0.058847344350152306,0.0008266635383773886,0.05897116855972887,0.00088143071803423
0.058847344350152306,0.0008266635383773886,0.05897116855972887,0.00088143071803423
0.058847344350152306,0.0008266635383773886,0.05897116855972887,0.00088143071803423
0.058847344350152306,0.0008266635383773886,0.05897116855972887,0.00088143071803423
0.058847344350152306,0.0008266635383773886,0.05897116855972887,0.00088143071803423
0.058847344350152306,0.0008266635383773886,0.05897116855972887,0.00088143071803423
0.058847344350152306,0.0008266635383773886,0.05897116855972887,0.00088143071803423
0.058847344350152306,0.0008266635383773886,0.05897116855972887,0.00088143071803423
0.058915326363466934,0.0009196166612172794,0.05904278381921683,0.0009772116900113145
0.058915326363466934,0.0009196166612172794,0.05904278381921683,0.0009772116900113145
0.058915326363466934,0.0009196166612172794,0.05904278381921683,0.0009772116900113145
0.058915326363466934,0.0009196166612172794,0.05904278381921683,0.0009772116900113145
0.058915326363466934,0.0009196166612172794,0.05904278381921683,0.0009772116900113145
0.058915326363466934,0.0009196166612172794,0.05904278381921683,0.0009772116900113145
0.058915326363466934,0.0009196166612172794,0.05904278381921683,0.0009772116900113145
0.058915326363466934,0.0009196166612172794,0.05904278381921683,0.0009772116900113145
0.058915326363466934,0.0009196166612172794,0.05904278381921683,0.0009772116900113145
0.058915326363466934,0.0009196166612172794,0.05904278381921683,0.0009772116900113145
0.05876236382217252,0.0008497306132199648,0.058883781341282124,0.0009053561936986366
0.05876236382217252,0.0008497306132199648,0.058883781341282124,0.0009053561936986366
0.05876236382217252,0.0008497306132199648,0.058883781341282124,0.0009053561936986366
0.05876236382217252,0.0008497306132199648,0.058883781341282124,0.0009053561936986366
0.05876236382217252,0.0008497306132199648,0.058883781341282124,0.0009053561936986366
0.05876236382217252,0.0008497306132199648,0.058883781341282124,0.0009053561936986366
0.05876236382217252,0.0008497306132199648,0.058883781341282124,0.0009053561936986366
0.05876236382217252,0.0008497306132199648,0.058883781341282124,0.0009053561936986366
0.05876236382217252,0.0008497306132199648,0.058883781341282124,0.0009053561936986366
0.05876236382217252,0.0008497306132199648,0.058883781341282124,0.0009053561936986366
0.05872113547945307,0.0007379014931517052,0.05884098978349215,0.0007890572322748544
0.05872113547945307,0.0007379014931517052,0.05884098978349215,0.0007890572322748544
0.05872113547945307,0.0007379014931517052,0.05884098978349215,0.0007890572322748544
0.05872113547945307,0.0007379014931517052,0.05884098978349215,0.0007890572322748544
0.05872113547945307,0.0007379014931517052,0.05884098978349215,0.0007890572322748544
0.05872113547945307,0.0007379014931517052,0.05884098978349215,0.0007890572322748544
0.05872113547945307,0.0007379014931517052,0.05884098978349215,0.0007890572322748544
0.05872113547945307,0.0007379014931517052,0.05884098978349215,0.0007890572322748544
0.05872113547945307,0.0007379014931517052,0.05884098978349215,0.0007890572322748544
0.05872113547945307,0.0007379014931517052,0.05884098978349215,0.0007890572322748544
0.058816284137936624,0.0009094569544972847,0.05893964411941197,0.0009659725258554749
0.058816284137936624,0.0009094569544972847,0.05893964411941197,0.0009659725258554749
0.058816284137936624,0.0009094569544972847,0.05893964411941197,0.0009659725258554749
0.058816284137936624,0.0009094569544972847,0.05893964411941197,0.0009659725258554749
0.058816284137936624,0.0009094569544972847,0.05893964411941197,0.0009659725258554749
0.058816284137936624,0.0009094569544972847,0.05893964411941197,0.0009659725258554749
0.058816284137936624,0.0009094569544972847,0.05893964411941197,0.0009659725258554749
0.058816284137936624,0.0009094569544972847,0.05893964411941197,0.0009659725258554749
0.058816284137936624,0.0009094569544972847,0.05893964411941197,0.0009659725258554749
0.058816284137936624,0.0009094569544972847,0.05893964411941197,0.0009659725258554749
0.05858368619270408,0.0005318183043769874,0.05869598879982567,0.0005737700490349521
0.05858368619270408,0.0005318183043769874,0.05869598879982567,0.0005737700490349521
0.05858368619270408,0.0005318183043769874,0.05869598879982567,0.0005737700490349521
0.05858368619270408,0.0005318183043769874,0.05869598879982567,0.0005737700490349521
0.05858368619270408,0.0005318183043769874,0.05869598879982567,0.0005737700490349521
0.05858368619270408,0.0005318183043769874,0.05869598879982567,0.0005737700490349521
0.05858368619270408,0.0005318183043769874,0.05869598879982567,0.0005737700490349521
0.05858368619270408,0.0005318183043769874,0.05869598879982567,0.0005737700490349521
0.05858368619270408,0.0005318183043769874,0.05869598879982567,0.0005737700490349521
0.05858368619270408,0.0005318183043769874,0.05869598879982567,0.0005737700490349521
0.05857532299859931,0.0005196205760463968,0.05868793474894336,0.0005617151894637605
0.05857532299859931,0.0005196205760463968,0.05868793474894336,0.0005617151894637605
0.05857532299859931,0.0005196205760463968,0.05868793474894336,0.0005617151894637605
0.05857532299859931,0.0005196205760463968,0.05868793474894336,0.0005617151894637605
0.05857532299859931,0.0005196205760463968,0.05868793474894336,0.0005617151894637605
0.05857532299859931,0.0005196205760463968,0.05868793474894336,0.0005617151894637605
0.05857532299859931,0.0005196205760463968,0.05868793474894336,0.0005617151894637605
0.05857532299859931,0.0005196205760463968,0.05868793474894336,0.0005617151894637605
0.05857532299859931,0.0005196205760463968,0.05868793474894336,0.0005617151894637605
0.05857532299859931,0.0005196205760463968,0.05868793474894336,0.0005617151894637605
0.05857265292811718,0.00052208296664387,0.058684888418850764,0.0005639799519050869
0.05857265292811718,0.00052208296664387,0.058684888418850764,0.0005639799519050869
0.05857265292811718,0.00052208296664387,0.058684888418850764,0.0005639799519050869
0.05857265292811718,0.00052208296664387,0.058684888418850764,0.0005639799519050869
0.05857265292811718,0.00052208296664387,0.058684888418850764,0.0005639799519050869
0.05857265292811718,0.00052208296664387,0.058684888418850764,0.0005639799519050869
0.05857265292811718,0.00052208296664387,0.058684888418850764,0.0005639799519050869
0.05857265292811718,0.00052208296664387,0.058684888418850764,0.0005639799519050869
0.05857265292811718,0.00052208296664387,0.058684888418850764,0.0005639799519050869
0.05857265292811718,0.00052208296664387,0.058684888418850764,0.0005639799519050869
0.058556234314344445,0.0005119657740649601,0.05866765061985494,0.0005523562388215279
0.058556234314344445,0.0005119657740649601,0.05866765061985494,0.0005523562388215279
0.058556234314344445,0.0005119657740649601,0.05866765061985494,0.0005523562388215279
0.058556234314344445,0.0005119657740649601,0.05866765061985494,0.0005523562388215279
0.058556234314344445,0.0005119657740649601,0.05866765061985494,0.0005523562388215279
0.058556234314344445,0.0005119657740649601,0.05866765061985494,0.0005523562388215279
0.058556234314344445,0.0005119657740649601,0.05866765061985494,0.0005523562388215279
0.058556234314344445,0.0005119657740649601,0.05866765061985494,0.0005523562388215279
0.058556234314344445,0.0005119657740649601,0.05866765061985494,0.0005523562388215279
0.058556234314344445,0.0005119657740649601,0.05866765061985494,0.0005523562388215279
0.05858950424441471,0.0005764083408549946,0.058702583696772545,0.0006215625354921223
0.05858950424441471,0.0005764083408549946,0.058702583696772545,0.0006215625354921223
0.05858950424441471,0.0005764083408549946,0.058702583696772545,0.0006215625354921223
0.05858950424441471,0.0005764083408549946,0.058702583696772545,0.0006215625354921223
0.05858950424441471,0.0005764083408549946,0.058702583696772545,0.0006215625354921223
0.05858950424441471,0.0005764083408549946,0.058702583696772545,0.0006215625354921223
0.05858950424441471,0.0005764083408549946,0.058702583696772545,0.0006215625354921223
0.05858950424441471,0.0005764083408549946,0.058702583696772545,0.0006215625354921223
0.05858950424441471,0.0005764083408549946,0.058702583696772545,0.0006215625354921223
0.05858950424441471,0.0005764083408549946,0.058702583696772545,0.0006215625354921223
0.05862775904073762,0.0006047970839909027,0.05874239436533655,0.0006517968146806354
0.05862775904073762,0.0006047970839909027,0.05874239436533655,0.0006517968146806354
0.05862775904073762,0.0006047970839909027,0.05874239436533655,0.0006517968146806354
0.05862775904073762,0.0006047970839909027,0.05874239436533655,0.0006517968146806354
0.05862775904073762,0.0006047970839909027,0.05874239436533655,0.0006517968146806354
0.05862775904073762,0.0006047970839909027,0.05874239436533655,0.0006517968146806354
0.05862775904073762,0.0006047970839909027,0.05874239436533655,0.0006517968146806354
0.05862775904073762,0.0006047970839909027,0.05874239436533655,0.0006517968146806354
0.05862775904073762,0.0006047970839909027,0.05874239436533655,0.0006517968146806354
0.05862775904073762,0.0006047970839909027,0.05874239436533655,0.0006517968146806354
