0.1328744228579168,0.0,0.13378314680023023,2.7755575615628914e-17
0.11201955711187375,0.013159941354254242,0.11273489248081665,0.013275922280316647
0.11201955711187375,0.013159941354254242,0.11273489248081665,0.013275922280316647
0.11201955711187375,0.013159941354254242,0.11273489248081665,0.013275922280316647
0.11201955711187375,0.013159941354254242,0.11273489248081665,0.013275922280316647
0.11201955711187375,0.013159941354254242,0.11273489248081665,0.013275922280316647
0.11201955711187375,0.013159941354254242,0.11273489248081665,0.013275922280316647
0.11201955711187375,0.013159941354254242,0.11273489248081665,0.013275922280316647
0.11201955711187375,0.013159941354254242,0.11273489248081665,0.013275922280316647
0.11201955711187375,0.013159941354254242,0.11273489248081665,0.013275922280316647
0.11201955711187375,0.013159941354254242,0.11273489248081665,0.013275922280316647
0.09502668620558907,0.02649262776648787,0.09556749322073717,0.026787645658793
0.09502668620558907,0.02649262776648787,0.09556749322073717,0.026787645658793
0.09502668620558907,0.02649262776648787,0.09556749322073717,0.026787645658793
0.09502668620558907,0.02649262776648787,0.09556749322073717,0.026787645658793
0.09502668620558907,0.02649262776648787,0.09556749322073717,0.026787645658793
0.09502668620558907,0.02649262776648787,0.09556749322073717,0.026787645658793
0.09502668620558907,0.02649262776648787,0.09556749322073717,0.026787645658793
0.09502668620558907,0.02649262776648787,0.09556749322073717,0.026787645658793
0.09502668620558907,0.02649262776648787,0.09556749322073717,0.026787645658793
0.09502668620558907,0.02649262776648787,0.09556749322073717,0.026787645658793
0.08513474274922565,0.023798821181595483,0.08558324794611294,0.02406127895168518
0.08513474274922565,0.023798821181595483,0.08558324794611294,0.02406127895168518
0.08513474274922565,0.023798821181595483,0.08558324794611294,0.02406127895168518
0.08513474274922565,0.023798821181595483,0.08558324794611294,0.02406127895168518
0.08513474274922565,0.023798821181595483,0.08558324794611294,0.02406127895168518
0.08513474274922565,0.023798821181595483,0.08558324794611294,0.02406127895168518
0.08513474274922565,0.023798821181595483,0.08558324794611294,0.02406127895168518
0.08513474274922565,0.023798821181595483,0.08558324794611294,0.02406127895168518
0.08513474274922565,0.023798821181595483,0.08558324794611294,0.02406127895168518
0.08513474274922565,0.023798821181595483,0.08558324794611294,0.02406127895168518
0.0805707988657755,0.01882315378866533,0.08098051580476,0.01903210101372684
0.0805707988657755,0.01882315378866533,0.08098051580476,0.01903210101372684
0.0805707988657755,0.01882315378866533,0.08098051580476,0.01903210101372684
0.0805707988657755,0.01882315378866533,0.08098051580476,0.01903210101372684
0.0805707988657755,0.01882315378866533,0.08098051580476,0.01903210101372684
0.0805707988657755,0.01882315378866533,0.08098051580476,0.01903210101372684
0.0805707988657755,0.01882315378866533,0.08098051580476,0.01903210101372684
0.0805707988657755,0.01882315378866533,0.08098051580476,0.01903210101372684
0.0805707988657755,0.01882315378866533,0.08098051580476,0.01903210101372684
0.0805707988657755,0.01882315378866533,0.08098051580476,0.01903210101372684
0.07549865763128656,0.017196638256140977,0.07585427721046463,0.01738333590887825
0.07549865763128656,0.017196638256140977,0.07585427721046463,0.01738333590887825
0.07549865763128656,0.017196638256140977,0.07585427721046463,0.01738333590887825
0.07549865763128656,0.017196638256140977,0.07585427721046463,0.01738333590887825
0.07549865763128656,0.017196638256140977,0.07585427721046463,0.01738333590887825
0.07549865763128656,0.017196638256140977,0.07585427721046463,0.01738333590887825
0.07549865763128656,0.017196638256140977,0.07585427721046463,0.01738333590887825
0.07549865763128656,0.017196638256140977,0.07585427721046463,0.01738333590887825
0.07549865763128656,0.017196638256140977,0.07585427721046463,0.01738333590887825
0.07549865763128656,0.017196638256140977,0.07585427721046463,0.01738333590887825
0.06752002035995162,0.00665773114389332,0.06779933203511723,0.006781111310231969
0.06752002035995162,0.00665773114389332,0.06779933203511723,0.006781111310231969
0.06752002035995162,0.00665773114389332,0.06779933203511723,0.006781111310231969
0.06752002035995162,0.00665773114389332,0.06779933203511723,0.006781111310231969
0.06752002035995162,0.00665773114389332,0.06779933203511723,0.006781111310231969
0.06752002035995162,0.00665773114389332,0.06779933203511723,0.006781111310231969
0.06752002035995162,0.00665773114389332,0.06779933203511723,0.006781111310231969
0.06752002035995162,0.00665773114389332,0.06779933203511723,0.006781111310231969
0.06752002035995162,0.00665773114389332,0.06779933203511723,0.006781111310231969
0.06752002035995162,0.00665773114389332,0.06779933203511723,0.006781111310231969
0.06567662467258623,0.005547534435909779,0.06593790615537654,0.005653193389526958
0.06567662467258623,0.005547534435909779,0.06593790615537654,0.005653193389526958
0.06567662467258623,0.005547534435909779,0.06593790615537654,0.005653193389526958
0.06567662467258623,0.005547534435909779,0.06593790615537654,0.005653193389526958
0.06567662467258623,0.005547534435909779,0.06593790615537654,0.005653193389526958
0.06567662467258623,0.005547534435909779,0.06593790615537654,0.005653193389526958
0.06567662467258623,0.005547534435909779,0.06593790615537654,0.005653193389526958
0.06567662467258623,0.005547534435909779,0.06593790615537654,0.005653193389526958
0.06567662467258623,0.005547534435909779,0.06593790615537654,0.005653193389526958
0.06567662467258623,0.005547534435909779,0.06593790615537654,0.005653193389526958
0.06462098852711666,0.004811671567479944,0.06486602157157098,0.0048869201459403105
0.06462098852711666,0.004811671567479944,0.06486602157157098,0.0048869201459403105
0.06462098852711666,0.004811671567479944,0.06486602157157098,0.0048869201459403105
0.06462098852711666,0.004811671567479944,0.06486602157157098,0.0048869201459403105
0.06462098852711666,0.004811671567479944,0.06486602157157098,0.0048869201459403105
0.06462098852711666,0.004811671567479944,0.06486602157157098,0.0048869201459403105
0.06462098852711666,0.004811671567479944,0.06486602157157098,0.0048869201459403105
0.06462098852711666,0.004811671567479944,0.06486602157157098,0.0048869201459403105
0.06462098852711666,0.004811671567479944,0.06486602157157098,0.0048869201459403105
0.06462098852711666,0.004811671567479944,0.06486602157157098,0.0048869201459403105
0.06402944670844465,0.0044933833084404105,0.06427141275768873,0.004590721637945142
0.06402944670844465,0.0044933833084404105,0.06427141275768873,0.004590721637945142
0.06402944670844465,0.0044933833084404105,0.06427141275768873,0.004590721637945142
0.06402944670844465,0.0044933833084404105,0.06427141275768873,0.004590721637945142
0.06402944670844465,0.0044933833084404105,0.06427141275768873,0.004590721637945142
0.06402944670844465,0.0044933833084404105,0.06427141275768873,0.004590721637945142
0.06402944670844465,0.0044933833084404105,0.06427141275768873,0.004590721637945142
0.06402944670844465,0.0044933833084404105,0.06427141275768873,0.004590721637945142
0.06402944670844465,0.0044933833084404105,0.06427141275768873,0.004590721637945142
0.06402944670844465,0.0044933833084404105,0.06427141275768873,0.004590721637945142
0.06270818865369401,0.0029936093343815827,0.06293094388944379,0.0030873759675503726
0.06270818865369401,0.0029936093343815827,0.06293094388944379,0.0030873759675503726
0.06270818865369401,0.0029936093343815827,0.06293094388944379,0.0030873759675503726
0.06270818865369401,0.0029936093343815827,0.06293094388944379,0.0030873759675503726
0.06270818865369401,0.0029936093343815827,0.06293094388944379,0.0030873759675503726
0.06270818865369401,0.0029936093343815827,0.06293094388944379,0.0030873759675503726
0.06270818865369401,0.0029936093343815827,0.06293094388944379,0.0030873759675503726
0.06270818865369401,0.0029936093343815827,0.06293094388944379,0.0030873759675503726
0.06270818865369401,0.0029936093343815827,0.06293094388944379,0.0030873759675503726
0.06270818865369401,0.0029936093343815827,0.06293094388944379,0.0030873759675503726
0.06256170171495443,0.0043493653921317,0.06278800961491267,0.004460961333660357
0.06256170171495443,0.0043493653921317,0.06278800961491267,0.004460961333660357
0.06256170171495443,0.0043493653921317,0.06278800961491267,0.004460961333660357
0.06256170171495443,0.0043493653921317,0.06278800961491267,0.004460961333660357
0.06256170171495443,0.0043493653921317,0.06278800961491267,0.004460961333660357
0.06256170171495443,0.0043493653921317,0.06278800961491267,0.004460961333660357
0.06256170171495443,0.0043493653921317,0.06278800961491267,0.004460961333660357
0.06256170171495443,0.0043493653921317,0.06278800961491267,0.004460961333660357
0.06256170171495443,0.0043493653921317,0.06278800961491267,0.004460961333660357
0.06256170171495443,0.0043493653921317,0.06278800961491267,0.004460961333660357
0.061774303382604104,0.004128683246246913,0.061983730919813615,0.004230837541584833
0.061774303382604104,0.004128683246246913,0.061983730919813615,0.004230837541584833
0.061774303382604104,0.004128683246246913,0.061983730919813615,0.004230837541584833
0.061774303382604104,0.004128683246246913,0.061983730919813615,0.004230837541584833
0.061774303382604104,0.004128683246246913,0.061983730919813615,0.004230837541584833
0.061774303382604104,0.004128683246246913,0.061983730919813615,0.004230837541584833
0.061774303382604104,0.004128683246246913,0.061983730919813615,0.004230837541584833
0.061774303382604104,0.004128683246246913,0.061983730919813615,0.004230837541584833
0.061774303382604104,0.004128683246246913,0.061983730919813615,0.004230837541584833
0.061774303382604104,0.004128683246246913,0.061983730919813615,0.004230837541584833
0.061262338996023666,0.0037883351781089745,0.06145594775599724,0.0038873572800815588
0.061262338996023666,0.0037883351781089745,0.06145594775599724,0.0038873572800815588
0.061262338996023666,0.0037883351781089745,0.06145594775599724,0.0038873572800815588
0.061262338996023666,0.0037883351781089745,0.06145594775599724,0.0038873572800815588
0.061262338996023666,0.0037883351781089745,0.06145594775599724,0.0038873572800815588
0.061262338996023666,0.0037883351781089745,0.06145594775599724,0.0038873572800815588
0.061262338996023666,0.0037883351781089745,0.06145594775599724,0.0038873572800815588
0.061262338996023666,0.0037883351781089745,0.06145594775599724,0.0038873572800815588
0.061262338996023666,0.0037883351781089745,0.06145594775599724,0.0038873572800815588
0.061262338996023666,0.0037883351781089745,0.06145594775599724,0.0038873572800815588
0.06142674631704963,0.004457982565442031,0.06162212852287372,0.00456331972253578
0.06142674631704963,0.004457982565442031,0.06162212852287372,0.00456331972253578
0.06142674631704963,0.004457982565442031,0.06162212852287372,0.00456331972253578
0.06142674631704963,0.004457982565442031,0.06162212852287372,0.00456331972253578
0.06142674631704963,0.004457982565442031,0.06162212852287372,0.00456331972253578
0.06142674631704963,0.004457982565442031,0.06162212852287372,0.00456331972253578
0.06142674631704963,0.004457982565442031,0.06162212852287372,0.00456331972253578
0.06142674631704963,0.004457982565442031,0.06162212852287372,0.00456331972253578
0.06142674631704963,0.004457982565442031,0.06162212852287372,0.00456331972253578
0.06142674631704963,0.004457982565442031,0.06162212852287372,0.00456331972253578
0.060607786120305554,0.002966578930622715,0.06078405011723187,0.003050719691292315
0.060607786120305554,0.002966578930622715,0.06078405011723187,0.003050719691292315
0.060607786120305554,0.002966578930622715,0.06078405011723187,0.003050719691292315
0.060607786120305554,0.002966578930622715,0.06078405011723187,0.003050719691292315
0.060607786120305554,0.002966578930622715,0.06078405011723187,0.003050719691292315
0.060607786120305554,0.002966578930622715,0.06078405011723187,0.003050719691292315
0.060607786120305554,0.002966578930622715,0.06078405011723187,0.003050719691292315
0.060607786120305554,0.002966578930622715,0.06078405011723187,0.003050719691292315
0.060607786120305554,0.002966578930622715,0.06078405011723187,0.003050719691292315
0.060607786120305554,0.002966578930622715,0.06078405011723187,0.003050719691292315
0.059442780219581846,0.000846587121956774,0.05959671486675966,0.0008953360032993396
0.059442780219581846,0.000846587121956774,0.05959671486675966,0.0008953360032993396
0.059442780219581846,0.000846587121956774,0.05959671486675966,0.0008953360032993396
0.059442780219581846,0.000846587121956774,0.05959671486675966,0.0008953360032993396
0.059442780219581846,0.000846587121956774,0.05959671486675966,0.0008953360032993396
0.059442780219581846,0.000846587121956774,0.05959671486675966,0.0008953360032993396
0.059442780219581846,0.000846587121956774,0.05959671486675966,0.0008953360032993396
0.059442780219581846,0.000846587121956774,0.05959671486675966,0.0008953360032993396
0.059442780219581846,0.000846587121956774,0.05959671486675966,0.0008953360032993396
0.059442780219581846,0.000846587121956774,0.05959671486675966,0.0008953360032993396
0.05921348766709017,0.000788342495210913,0.059358540218835645,0.0008376494087335207
0.05921348766709017,0.000788342495210913,0.059358540218835645,0.0008376494087335207
0.05921348766709017,0.000788342495210913,0.059358540218835645,0.0008376494087335207
0.05921348766709017,0.000788342495210913,0.059358540218835645,0.0008376494087335207
0.05921348766709017,0.000788342495210913,0.059358540218835645,0.0008376494087335207
0.05921348766709017,0.000788342495210913,0.059358540218835645,0.0008376494087335207
0.05921348766709017,0.000788342495210913,0.059358540218835645,0.0008376494087335207
0.05921348766709017,0.000788342495210913,0.059358540218835645,0.0008376494087335207
0.05921348766709017,0.000788342495210913,0.059358540218835645,0.0008376494087335207
0.05921348766709017,0.000788342495210913,0.059358540218835645,0.0008376494087335207
0.05918521948287372,0.0007338757763794947,0.05933032798709945,0.000781871955054094
0.05918521948287372,0.0007338757763794947,0.05933032798709945,0.000781871955054094
0.05918521948287372,0.0007338757763794947,0.05933032798709945,0.000781871955054094
0.05918521948287372,0.0007338757763794947,0.05933032798709945,0.000781871955054094
0.05918521948287372,0.0007338757763794947,0.05933032798709945,0.000781871955054094
0.05918521948287372,0.0007338757763794947,0.05933032798709945,0.000781871955054094
0.05918521948287372,0.0007338757763794947,0.05933032798709945,0.000781871955054094
0.05918521948287372,0.0007338757763794947,0.05933032798709945,0.000781871955054094
0.05918521948287372,0.0007338757763794947,0.05933032798709945,0.000781871955054094
0.05918521948287372,0.0007338757763794947,0.05933032798709945,0.000781871955054094
0.05930035315457875,0.0008332495813338974,0.05945065171809002,0.0008812844257745536
0.05930035315457875,0.0008332495813338974,0.05945065171809002,0.0008812844257745536
0.05930035315457875,0.0008332495813338974,0.05945065171809002,0.0008812844257745536
0.05930035315457875,0.0008332495813338974,0.05945065171809002,0.0008812844257745536
0.05930035315457875,0.0008332495813338974,0.05945065171809002,0.0008812844257745536
0.05930035315457875,0.0008332495813338974,0.05945065171809002,0.0008812844257745536
0.05930035315457875,0.0008332495813338974,0.05945065171809002,0.0008812844257745536
0.05930035315457875,0.0008332495813338974,0.05945065171809002,0.0008812844257745536
0.05930035315457875,0.0008332495813338974,0.05945065171809002,0.0008812844257745536
0.05930035315457875,0.0008332495813338974,0.05945065171809002,0.0008812844257745536
0.059044626114686624,0.0006978716915878178,0.05918270777418505,0.000740326686143899
0.059044626114686624,0.0006978716915878178,0.05918270777418505,0.000740326686143899
0.059044626114686624,0.0006978716915878178,0.05918270777418505,0.000740326686143899
0.059044626114686624,0.0006978716915878178,0.05918270777418505,0.000740326686143899
0.059044626114686624,0.0006978716915878178,0.05918270777418505,0.000740326686143899
0.059044626114686624,0.0006978716915878178,0.05918270777418505,0.000740326686143899
0.059044626114686624,0.0006978716915878178,0.05918270777418505,0.000740326686143899
0.059044626114686624,0.0006978716915878178,0.05918270777418505,0.000740326686143899
0.059044626114686624,0.0006978716915878178,0.05918270777418505,0.000740326686143899
0.059044626114686624,0.0006978716915878178,0.05918270777418505,0.000740326686143899
0.05892855135287769,0.000738025387457027,0.059059005070599725,0.0007820682225437331
0.05892855135287769,0.000738025387457027,0.059059005070599725,0.0007820682225437331
0.05892855135287769,0.000738025387457027,0.059059005070599725,0.0007820682225437331
0.05892855135287769,0.000738025387457027,0.059059005070599725,0.0007820682225437331
0.05892855135287769,0.000738025387457027,0.059059005070599725,0.0007820682225437331
0.05892855135287769,0.000738025387457027,0.059059005070599725,0.0007820682225437331
0.05892855135287769,0.000738025387457027,0.059059005070599725,0.0007820682225437331
0.05892855135287769,0.000738025387457027,0.059059005070599725,0.0007820682225437331
0.05892855135287769,0.000738025387457027,0.059059005070599725,0.0007820682225437331
0.05892855135287769,0.000738025387457027,0.059059005070599725,0.0007820682225437331
0.05888432229629963,0.0007318714928477398,0.05901143742115398,0.0007734935615902074
0.05888432229629963,0.0007318714928477398,0.05901143742115398,0.0007734935615902074
0.05888432229629963,0.0007318714928477398,0.05901143742115398,0.0007734935615902074
0.05888432229629963,0.0007318714928477398,0.05901143742115398,0.0007734935615902074
0.05888432229629963,0.0007318714928477398,0.05901143742115398,0.0007734935615902074
0.05888432229629963,0.0007318714928477398,0.05901143742115398,0.0007734935615902074
0.05888432229629963,0.0007318714928477398,0.05901143742115398,0.0007734935615902074
0.05888432229629963,0.0007318714928477398,0.05901143742115398,0.0007734935615902074
0.05888432229629963,0.0007318714928477398,0.05901143742115398,0.0007734935615902074
0.05888432229629963,0.0007318714928477398,0.05901143742115398,0.0007734935615902074
0.05894748243349999,0.0008066506368288093,0.059077085706602694,0.0008520048443640782
0.05894748243349999,0.0008066506368288093,0.059077085706602694,0.0008520048443640782
0.05894748243349999,0.0008066506368288093,0.059077085706602694,0.0008520048443640782
0.05894748243349999,0.0008066506368288093,0.059077085706602694,0.0008520048443640782
0.05894748243349999,0.0008066506368288093,0.059077085706602694,0.0008520048443640782
0.05894748243349999,0.0008066506368288093,0.059077085706602694,0.0008520048443640782
0.05894748243349999,0.0008066506368288093,0.059077085706602694,0.0008520048443640782
0.05894748243349999,0.0008066506368288093,0.059077085706602694,0.0008520048443640782
0.05894748243349999,0.0008066506368288093,0.059077085706602694,0.0008520048443640782
0.05894748243349999,0.0008066506368288093,0.059077085706602694,0.0008520048443640782
0.05889065400007182,0.000865848376586063,0.059016221353955955,0.0009145664972987963
0.05889065400007182,0.000865848376586063,0.059016221353955955,0.0009145664972987963
0.05889065400007182,0.000865848376586063,0.059016221353955955,0.0009145664972987963
0.05889065400007182,0.000865848376586063,0.059016221353955955,0.0009145664972987963
0.05889065400007182,0.000865848376586063,0.059016221353955955,0.0009145664972987963
0.05889065400007182,0.000865848376586063,0.059016221353955955,0.0009145664972987963
0.05889065400007182,0.000865848376586063,0.059016221353955955,0.0009145664972987963
0.05889065400007182,0.000865848376586063,0.059016221353955955,0.0009145664972987963
0.05889065400007182,0.000865848376586063,0.059016221353955955,0.0009145664972987963
0.05889065400007182,0.000865848376586063,0.059016221353955955,0.0009145664972987963
0.05893024292584732,0.0009510413688459503,0.05905733895491899,0.0010017893722989119
0.05893024292584732,0.0009510413688459503,0.05905733895491899,0.0010017893722989119
0.05893024292584732,0.0009510413688459503,0.05905733895491899,0.0010017893722989119
0.05893024292584732,0.0009510413688459503,0.05905733895491899,0.0010017893722989119
0.05893024292584732,0.0009510413688459503,0.05905733895491899,0.0010017893722989119
0.05893024292584732,0.0009510413688459503,0.05905733895491899,0.0010017893722989119
0.05893024292584732,0.0009510413688459503,0.05905733895491899,0.0010017893722989119
0.05893024292584732,0.0009510413688459503,0.05905733895491899,0.0010017893722989119
0.05893024292584732,0.0009510413688459503,0.05905733895491899,0.0010017893722989119
0.05893024292584732,0.0009510413688459503,0.05905733895491899,0.0010017893722989119
0.05891811961393175,0.000979159314640948,0.05904330847836917,0.0010287891881683008
0.05891811961393175,0.000979159314640948,0.05904330847836917,0.0010287891881683008
0.05891811961393175,0.000979159314640948,0.05904330847836917,0.0010287891881683008
0.05891811961393175,0.000979159314640948,0.05904330847836917,0.0010287891881683008
0.05891811961393175,0.000979159314640948,0.05904330847836917,0.0010287891881683008
0.05891811961393175,0.000979159314640948,0.05904330847836917,0.0010287891881683008
0.05891811961393175,0.000979159314640948,0.05904330847836917,0.0010287891881683008
0.05891811961393175,0.000979159314640948,0.05904330847836917,0.0010287891881683008
0.05891811961393175,0.000979159314640948,0.05904330847836917,0.0010287891881683008
0.05891811961393175,0.000979159314640948,0.05904330847836917,0.0010287891881683008
0.05890149757487854,0.0010410892185876762,0.059025999216163326,0.0010935564125889633
0.05890149757487854,0.0010410892185876762,0.059025999216163326,0.0010935564125889633
0.05890149757487854,0.0010410892185876762,0.059025999216163326,0.0010935564125889633
0.05890149757487854,0.0010410892185876762,0.059025999216163326,0.0010935564125889633
0.05890149757487854,0.0010410892185876762,0.059025999216163326,0.0010935564125889633
0.05890149757487854,0.0010410892185876762,0.059025999216163326,0.0010935564125889633
0.05890149757487854,0.0010410892185876762,0.059025999216163326,0.0010935564125889633
0.05890149757487854,0.0010410892185876762,0.059025999216163326,0.0010935564125889633
0.05890149757487854,0.0010410892185876762,0.059025999216163326,0.0010935564125889633
0.05890149757487854,0.0010410892185876762,0.059025999216163326,0.0010935564125889633
0.05886553250710795,0.0010012563428216771,0.058988465009259375,0.0010526426245420105
0.05886553250710795,0.0010012563428216771,0.058988465009259375,0.0010526426245420105
0.05886553250710795,0.0010012563428216771,0.058988465009259375,0.0010526426245420105
0.05886553250710795,0.0010012563428216771,0.058988465009259375,0.0010526426245420105
0.05886553250710795,0.0010012563428216771,0.058988465009259375,0.0010526426245420105
0.05886553250710795,0.0010012563428216771,0.058988465009259375,0.0010526426245420105
0.05886553250710795,0.0010012563428216771,0.058988465009259375,0.0010526426245420105
0.05886553250710795,0.0010012563428216771,0.058988465009259375,0.0010526426245420105
0.05886553250710795,0.0010012563428216771,0.058988465009259375,0.0010526426245420105
0.05886553250710795,0.0010012563428216771,0.058988465009259375,0.0010526426245420105
0.0588286116992181,0.00100990237874412,0.058949516450657505,0.001061593092458991
0.0588286116992181,0.00100990237874412,0.058949516450657505,0.001061593092458991
0.0588286116992181,0.00100990237874412,0.058949516450657505,0.001061593092458991
0.0588286116992181,0.00100990237874412,0.058949516450657505,0.001061593092458991
0.0588286116992181,0.00100990237874412,0.058949516450657505,0.001061593092458991
0.0588286116992181,0.00100990237874412,0.058949516450657505,0.001061593092458991
0.0588286116992181,0.00100990237874412,0.058949516450657505,0.001061593092458991
0.0588286116992181,0.00100990237874412,0.058949516450657505,0.001061593092458991
0.0588286116992181,0.00100990237874412,0.058949516450657505,0.001061593092458991
0.0588286116992181,0.00100990237874412,0.058949516450657505,0.001061593092458991
0.05879855689577675,0.0008920008468821814,0.058918948159231765,0.000941436587063369
0.05879855689577675,0.0008920008468821814,0.058918948159231765,0.000941436587063369
0.05879855689577675,0.0008920008468821814,0.058918948159231765,0.000941436587063369
0.05879855689577675,0.0008920008468821814,0.058918948159231765,0.000941436587063369
0.05879855689577675,0.0008920008468821814,0.058918948159231765,0.000941436587063369
0.05879855689577675,0.0008920008468821814,0.058918948159231765,0.000941436587063369
0.05879855689577675,0.0008920008468821814,0.058918948159231765,0.000941436587063369
0.05879855689577675,0.0008920008468821814,0.058918948159231765,0.000941436587063369
0.05879855689577675,0.0008920008468821814,0.058918948159231765,0.000941436587063369
0.05879855689577675,0.0008920008468821814,0.058918948159231765,0.000941436587063369
0.058783709391378426,0.0009498261682457245,0.05890186200375832,0.0010022053798537474
0.058783709391378426,0.0009498261682457245,0.05890186200375832,0.0010022053798537474
0.058783709391378426,0.0009498261682457245,0.05890186200375832,0.0010022053798537474
0.058783709391378426,0.0009498261682457245,0.05890186200375832,0.0010022053798537474
0.058783709391378426,0.0009498261682457245,0.05890186200375832,0.0010022053798537474
0.058783709391378426,0.0009498261682457245,0.05890186200375832,0.0010022053798537474
0.058783709391378426,0.0009498261682457245,0.05890186200375832,0.0010022053798537474
0.058783709391378426,0.0009498261682457245,0.05890186200375832,0.0010022053798537474
0.058783709391378426,0.0009498261682457245,0.05890186200375832,0.0010022053798537474
0.058783709391378426,0.0009498261682457245,0.05890186200375832,0.0010022053798537474
0.05880960910398555,0.0009672482791095471,0.05892936741377606,0.001020469524328275
0.05880960910398555,0.0009672482791095471,0.05892936741377606,0.001020469524328275
0.05880960910398555,0.0009672482791095471,0.05892936741377606,0.001020469524328275
0.05880960910398555,0.0009672482791095471,0.05892936741377606,0.001020469524328275
0.05880960910398555,0.0009672482791095471,0.05892936741377606,0.001020469524328275
0.05880960910398555,0.0009672482791095471,0.05892936741377606,0.001020469524328275
0.05880960910398555,0.0009672482791095471,0.05892936741377606,0.001020469524328275
0.05880960910398555,0.0009672482791095471,0.05892936741377606,0.001020469524328275
0.05880960910398555,0.0009672482791095471,0.05892936741377606,0.001020469524328275
0.05880960910398555,0.0009672482791095471,0.05892936741377606,0.001020469524328275
0.05882435259144551,0.0009668452140734128,0.058946121075228876,0.0010203535445420595
0.05882435259144551,0.0009668452140734128,0.058946121075228876,0.0010203535445420595
0.05882435259144551,0.0009668452140734128,0.058946121075228876,0.0010203535445420595
0.05882435259144551,0.0009668452140734128,0.058946121075228876,0.0010203535445420595
0.05882435259144551,0.0009668452140734128,0.058946121075228876,0.0010203535445420595
0.05882435259144551,0.0009668452140734128,0.058946121075228876,0.0010203535445420595
0.05882435259144551,0.0009668452140734128,0.058946121075228876,0.0010203535445420595
0.05882435259144551,0.0009668452140734128,0.058946121075228876,0.0010203535445420595
0.05882435259144551,0.0009668452140734128,0.058946121075228876,0.0010203535445420595
0.05882435259144551,0.0009668452140734128,0.058946121075228876,0.0010203535445420595
0.05880418890212524,0.0009146255834717708,0.05892679089761741,0.0009708587959223873
0.05880418890212524,0.0009146255834717708,0.05892679089761741,0.0009708587959223873
0.05880418890212524,0.0009146255834717708,0.05892679089761741,0.0009708587959223873
0.05880418890212524,0.0009146255834717708,0.05892679089761741,0.0009708587959223873
0.05880418890212524,0.0009146255834717708,0.05892679089761741,0.0009708587959223873
0.05880418890212524,0.0009146255834717708,0.05892679089761741,0.0009708587959223873
0.05880418890212524,0.0009146255834717708,0.05892679089761741,0.0009708587959223873
0.05880418890212524,0.0009146255834717708,0.05892679089761741,0.0009708587959223873
0.05880418890212524,0.0009146255834717708,0.05892679089761741,0.0009708587959223873
0.05880418890212524,0.0009146255834717708,0.05892679089761741,0.0009708587959223873
0.058849285266383625,0.0009750939911589424,0.05897350708746365,0.001033517991963917
0.058849285266383625,0.0009750939911589424,0.05897350708746365,0.001033517991963917
0.058849285266383625,0.0009750939911589424,0.05897350708746365,0.001033517991963917
0.058849285266383625,0.0009750939911589424,0.05897350708746365,0.001033517991963917
0.058849285266383625,0.0009750939911589424,0.05897350708746365,0.001033517991963917
0.058849285266383625,0.0009750939911589424,0.05897350708746365,0.001033517991963917
0.058849285266383625,0.0009750939911589424,0.05897350708746365,0.001033517991963917
0.058849285266383625,0.0009750939911589424,0.05897350708746365,0.001033517991963917
0.058849285266383625,0.0009750939911589424,0.05897350708746365,0.001033517991963917
0.058849285266383625,0.0009750939911589424,0.05897350708746365,0.001033517991963917
0.058822556344328404,0.0009635063477426899,0.05894570898243595,0.0010213438867046794
0.058822556344328404,0.0009635063477426899,0.05894570898243595,0.0010213438867046794
0.058822556344328404,0.0009635063477426899,0.05894570898243595,0.0010213438867046794
0.058822556344328404,0.0009635063477426899,0.05894570898243595,0.0010213438867046794
0.058822556344328404,0.0009635063477426899,0.05894570898243595,0.0010213438867046794
0.058822556344328404,0.0009635063477426899,0.05894570898243595,0.0010213438867046794
0.058822556344328404,0.0009635063477426899,0.05894570898243595,0.0010213438867046794
0.058822556344328404,0.0009635063477426899,0.05894570898243595,0.0010213438867046794
0.058822556344328404,0.0009635063477426899,0.05894570898243595,0.0010213438867046794
0.058822556344328404,0.0009635063477426899,0.05894570898243595,0.0010213438867046794
0.058635972450462294,0.0007483310308750605,0.05875012351893059,0.0007967048483432337
0.058635972450462294,0.0007483310308750605,0.05875012351893059,0.0007967048483432337
0.058635972450462294,0.0007483310308750605,0.05875012351893059,0.0007967048483432337
0.058635972450462294,0.0007483310308750605,0.05875012351893059,0.0007967048483432337
0.058635972450462294,0.0007483310308750605,0.05875012351893059,0.0007967048483432337
0.058635972450462294,0.0007483310308750605,0.05875012351893059,0.0007967048483432337
0.058635972450462294,0.0007483310308750605,0.05875012351893059,0.0007967048483432337
0.058635972450462294,0.0007483310308750605,0.05875012351893059,0.0007967048483432337
0.058635972450462294,0.0007483310308750605,0.05875012351893059,0.0007967048483432337
0.058635972450462294,0.0007483310308750605,0.05875012351893059,0.0007967048483432337
0.05856602880531523,0.0006829854642279294,0.05867650476630874,0.0007280045146408119
0.05856602880531523,0.0006829854642279294,0.05867650476630874,0.0007280045146408119
0.05856602880531523,0.0006829854642279294,0.05867650476630874,0.0007280045146408119
0.05856602880531523,0.0006829854642279294,0.05867650476630874,0.0007280045146408119
0.05856602880531523,0.0006829854642279294,0.05867650476630874,0.0007280045146408119
0.05856602880531523,0.0006829854642279294,0.05867650476630874,0.0007280045146408119
0.05856602880531523,0.0006829854642279294,0.05867650476630874,0.0007280045146408119
0.05856602880531523,0.0006829854642279294,0.05867650476630874,0.0007280045146408119
0.05856602880531523,0.0006829854642279294,0.05867650476630874,0.0007280045146408119
0.05856602880531523,0.0006829854642279294,0.05867650476630874,0.0007280045146408119
0.058565304092124196,0.0007278434685078888,0.058674231028457105,0.000777963154682934
0.058565304092124196,0.0007278434685078888,0.058674231028457105,0.000777963154682934
0.058565304092124196,0.0007278434685078888,0.058674231028457105,0.000777963154682934
0.058565304092124196,0.0007278434685078888,0.058674231028457105,0.000777963154682934
0.058565304092124196,0.0007278434685078888,0.058674231028457105,0.000777963154682934
0.058565304092124196,0.0007278434685078888,0.058674231028457105,0.000777963154682934
0.058565304092124196,0.0007278434685078888,0.058674231028457105,0.000777963154682934
0.058565304092124196,0.0007278434685078888,0.058674231028457105,0.000777963154682934
0.058565304092124196,0.0007278434685078888,0.058674231028457105,0.000777963154682934
0.058565304092124196,0.0007278434685078888,0.058674231028457105,0.000777963154682934
0.05850408767281695,0.0007070409747330353,0.05860966382656824,0.0007556402347405989
0.05850408767281695,0.0007070409747330353,0.05860966382656824,0.0007556402347405989
0.05850408767281695,0.0007070409747330353,0.05860966382656824,0.0007556402347405989
0.05850408767281695,0.0007070409747330353,0.05860966382656824,0.0007556402347405989
0.05850408767281695,0.0007070409747330353,0.05860966382656824,0.0007556402347405989
0.05850408767281695,0.0007070409747330353,0.05860966382656824,0.0007556402347405989
0.05850408767281695,0.0007070409747330353,0.05860966382656824,0.0007556402347405989
0.05850408767281695,0.0007070409747330353,0.05860966382656824,0.0007556402347405989
0.05850408767281695,0.0007070409747330353,0.05860966382656824,0.0007556402347405989
0.05850408767281695,0.0007070409747330353,0.05860966382656824,0.0007556402347405989
0.05853738326242617,0.0007245235549239846,0.05864563368959195,0.000773248299100465
0.05853738326242617,0.0007245235549239846,0.05864563368959195,0.000773248299100465
0.05853738326242617,0.0007245235549239846,0.05864563368959195,0.000773248299100465
0.05853738326242617,0.0007245235549239846,0.05864563368959195,0.000773248299100465
0.05853738326242617,0.0007245235549239846,0.05864563368959195,0.000773248299100465
0.05853738326242617,0.0007245235549239846,0.05864563368959195,0.000773248299100465
0.05853738326242617,0.0007245235549239846,0.05864563368959195,0.000773248299100465
0.05853738326242617,0.0007245235549239846,0.05864563368959195,0.000773248299100465
0.05853738326242617,0.0007245235549239846,0.05864563368959195,0.000773248299100465
0.05853738326242617,0.0007245235549239846,0.05864563368959195,0.000773248299100465
0.05836396919448704,0.0005165711724751256,0.058463998245446035,0.0005596747882650932
0.05836396919448704,0.0005165711724751256,0.058463998245446035,0.0005596747882650932
0.05836396919448704,0.0005165711724751256,0.058463998245446035,0.0005596747882650932
0.05836396919448704,0.0005165711724751256,0.058463998245446035,0.0005596747882650932
0.05836396919448704,0.0005165711724751256,0.058463998245446035,0.0005596747882650932
0.05836396919448704,0.0005165711724751256,0.058463998245446035,0.0005596747882650932
0.05836396919448704,0.0005165711724751256,0.058463998245446035,0.0005596747882650932
0.05836396919448704,0.0005165711724751256,0.058463998245446035,0.0005596747882650932
0.05836396919448704,0.0005165711724751256,0.058463998245446035,0.0005596747882650932
0.05836396919448704,0.0005165711724751256,0.058463998245446035,0.0005596747882650932
0.058352477393329404,0.00048237948916229374,0.058451588325288274,0.000522700921931284
0.058352477393329404,0.00048237948916229374,0.058451588325288274,0.000522700921931284
0.058352477393329404,0.00048237948916229374,0.058451588325288274,0.000522700921931284
0.058352477393329404,0.00048237948916229374,0.058451588325288274,0.000522700921931284
0.058352477393329404,0.00048237948916229374,0.058451588325288274,0.000522700921931284
0.058352477393329404,0.00048237948916229374,0.058451588325288274,0.000522700921931284
0.058352477393329404,0.00048237948916229374,0.058451588325288274,0.000522700921931284
0.058352477393329404,0.00048237948916229374,0.058451588325288274,0.000522700921931284
0.058352477393329404,0.00048237948916229374,0.058451588325288274,0.000522700921931284
0.058352477393329404,0.00048237948916229374,0.058451588325288274,0.000522700921931284
0.05838310305696025,0.0005059449165250874,0.05848385424347714,0.0005466885359169929
0.05838310305696025,0.0005059449165250874,0.05848385424347714,0.0005466885359169929
0.05838310305696025,0.0005059449165250874,0.05848385424347714,0.0005466885359169929
0.05838310305696025,0.0005059449165250874,0.05848385424347714,0.0005466885359169929
0.05838310305696025,0.0005059449165250874,0.05848385424347714,0.0005466885359169929
0.05838310305696025,0.0005059449165250874,0.05848385424347714,0.0005466885359169929
0.05838310305696025,0.0005059449165250874,0.05848385424347714,0.0005466885359169929
0.05838310305696025,0.0005059449165250874,0.05848385424347714,0.0005466885359169929
0.05838310305696025,0.0005059449165250874,0.05848385424347714,0.0005466885359169929
0.05838310305696025,0.0005059449165250874,0.05848385424347714,0.0005466885359169929
0.05834545766644931,0.0005270232029536906,0.058442562482126925,0.0005695633598239468
0.05834545766644931,0.0005270232029536906,0.058442562482126925,0.0005695633598239468
0.05834545766644931,0.0005270232029536906,0.058442562482126925,0.0005695633598239468
0.05834545766644931,0.0005270232029536906,0.058442562482126925,0.0005695633598239468
0.05834545766644931,0.0005270232029536906,0.058442562482126925,0.0005695633598239468
0.05834545766644931,0.0005270232029536906,0.058442562482126925,0.0005695633598239468
0.05834545766644931,0.0005270232029536906,0.058442562482126925,0.0005695633598239468
0.05834545766644931,0.0005270232029536906,0.058442562482126925,0.0005695633598239468
0.05834545766644931,0.0005270232029536906,0.058442562482126925,0.0005695633598239468
0.05834545766644931,0.0005270232029536906,0.058442562482126925,0.0005695633598239468
0.058338045185425125,0.0005105684526321968,0.058435581317627494,0.0005526206446039599
0.058338045185425125,0.0005105684526321968,0.058435581317627494,0.0005526206446039599
0.058338045185425125,0.0005105684526321968,0.058435581317627494,0.0005526206446039599
0.058338045185425125,0.0005105684526321968,0.058435581317627494,0.0005526206446039599
0.058338045185425125,0.0005105684526321968,0.058435581317627494,0.0005526206446039599
0.058338045185425125,0.0005105684526321968,0.058435581317627494,0.0005526206446039599
0.058338045185425125,0.0005105684526321968,0.058435581317627494,0.0005526206446039599
0.058338045185425125,0.0005105684526321968,0.058435581317627494,0.0005526206446039599
0.058338045185425125,0.0005105684526321968,0.058435581317627494,0.0005526206446039599
0.058338045185425125,0.0005105684526321968,0.058435581317627494,0.0005526206446039599
0.05834178681192591,0.0005211507156907694,0.058439249108748245,0.0005636579464897652
0.05834178681192591,0.0005211507156907694,0.058439249108748245,0.0005636579464897652
0.05834178681192591,0.0005211507156907694,0.058439249108748245,0.0005636579464897652
0.05834178681192591,0.0005211507156907694,0.058439249108748245,0.0005636579464897652
0.05834178681192591,0.0005211507156907694,0.058439249108748245,0.0005636579464897652
0.05834178681192591,0.0005211507156907694,0.058439249108748245,0.0005636579464897652
0.05834178681192591,0.0005211507156907694,0.058439249108748245,0.0005636579464897652
0.05834178681192591,0.0005211507156907694,0.058439249108748245,0.0005636579464897652
0.05834178681192591,0.0005211507156907694,0.058439249108748245,0.0005636579464897652
0.05834178681192591,0.0005211507156907694,0.058439249108748245,0.0005636579464897652
0.05833202894247974,0.0005193198866738707,0.0584288299794414,0.0005615754894572628
0.05833202894247974,0.0005193198866738707,0.0584288299794414,0.0005615754894572628
0.05833202894247974,0.0005193198866738707,0.0584288299794414,0.0005615754894572628
0.05833202894247974,0.0005193198866738707,0.0584288299794414,0.0005615754894572628
0.05833202894247974,0.0005193198866738707,0.0584288299794414,0.0005615754894572628
0.05833202894247974,0.0005193198866738707,0.0584288299794414,0.0005615754894572628
0.05833202894247974,0.0005193198866738707,0.0584288299794414,0.0005615754894572628
0.05833202894247974,0.0005193198866738707,0.0584288299794414,0.0005615754894572628
0.05833202894247974,0.0005193198866738707,0.0584288299794414,0.0005615754894572628
0.05833202894247974,0.0005193198866738707,0.0584288299794414,0.0005615754894572628
0.05832988450620952,0.0005198312362647887,0.058427072484412056,0.0005619925972371457
0.05832988450620952,0.0005198312362647887,0.058427072484412056,0.0005619925972371457
0.05832988450620952,0.0005198312362647887,0.058427072484412056,0.0005619925972371457
0.05832988450620952,0.0005198312362647887,0.058427072484412056,0.0005619925972371457
0.05832988450620952,0.0005198312362647887,0.058427072484412056,0.0005619925972371457
0.05832988450620952,0.0005198312362647887,0.058427072484412056,0.0005619925972371457
0.05832988450620952,0.0005198312362647887,0.058427072484412056,0.0005619925972371457
0.05832988450620952,0.0005198312362647887,0.058427072484412056,0.0005619925972371457
0.05832988450620952,0.0005198312362647887,0.058427072484412056,0.0005619925972371457
0.05832988450620952,0.0005198312362647887,0.058427072484412056,0.0005619925972371457
0.05835417135777969,0.0005253775531484304,0.058452590041134664,0.0005682751504158734
0.05835417135777969,0.0005253775531484304,0.058452590041134664,0.0005682751504158734
0.05835417135777969,0.0005253775531484304,0.058452590041134664,0.0005682751504158734
0.05835417135777969,0.0005253775531484304,0.058452590041134664,0.0005682751504158734
0.05835417135777969,0.0005253775531484304,0.058452590041134664,0.0005682751504158734
0.05835417135777969,0.0005253775531484304,0.058452590041134664,0.0005682751504158734
0.05835417135777969,0.0005253775531484304,0.058452590041134664,0.0005682751504158734
0.05835417135777969,0.0005253775531484304,0.058452590041134664,0.0005682751504158734
0.05835417135777969,0.0005253775531484304,0.058452590041134664,0.0005682751504158734
0.05835417135777969,0.0005253775531484304,0.058452590041134664,0.0005682751504158734
