0.8126894984310595,1.1102230246251565e-16,0.8126568354471491,0.0
0.8126775899380437,3.5622154234305454e-05,0.8126447939215685,3.6021377984143415e-05
0.8126775899380437,3.5622154234305454e-05,0.8126447939215685,3.6021377984143415e-05
0.8110610213496752,0.0032274164711579957,0.8110276603152407,0.0032284847750088386
0.8110610213496752,0.0032274164711579957,0.8110276603152407,0.0032284847750088386
0.8105280169490765,0.003392799158534772,0.810494622499389,0.0033942054772076557
0.8105280169490765,0.003392799158534772,0.810494622499389,0.0033942054772076557
0.8098935050001879,0.005505496902943801,0.809859870666747,0.005507553736643625
0.8098935050001879,0.005505496902943801,0.809859870666747,0.005507553736643625
0.8098835692023514,0.00550777713336802,0.8098498323820236,0.005509841277469999
0.8098835692023514,0.00550777713336802,0.8098498323820236,0.005509841277469999
0.8090183713189129,0.004877253376228993,0.8089843405686737,0.004879112817836952
0.8090183713189129,0.004877253376228993,0.8089843405686737,0.004879112817836952
0.8090183364243823,0.0048772305356553905,0.8089843036772141,0.004879088508516726
0.8090183364243823,0.0048772305356553905,0.8089843036772141,0.004879088508516726
0.8086056681616768,0.004730172482843772,0.8085713516933446,0.004732076712746024
0.8086056681616768,0.004730172482843772,0.8085713516933446,0.004732076712746024
0.8085936823697624,0.004717747649878695,0.8085592317250105,0.004719508494665368
0.8085936823697624,0.004717747649878695,0.8085592317250105,0.004719508494665368
0.8081955643278766,0.004894502773623785,0.808160870742571,0.004896199274829915
0.8081955643278766,0.004894502773623785,0.808160870742571,0.004896199274829915
0.8081955656988342,0.0048945031051074095,0.8081608721348497,0.0048961996017769715
0.8081955656988342,0.0048945031051074095,0.8081608721348497,0.0048961996017769715
0.8082033036562336,0.00490400334233315,0.8081686967867926,0.004905802981704331
0.8082033036562336,0.00490400334233315,0.8081686967867926,0.004905802981704331
0.8071810720944235,0.005436857387017676,0.807146157444917,0.005438927782735054
0.8071810720944235,0.005436857387017676,0.807146157444917,0.005438927782735054
0.8071811749357295,0.00543668475144113,0.8071462664313669,0.005438744865405591
0.8071811749357295,0.00543668475144113,0.8071462664313669,0.005438744865405591
0.8068599705528069,0.0055268206509717,0.8068250035988077,0.005528961101505267
0.8068599705528069,0.0055268206509717,0.8068250035988077,0.005528961101505267
0.8068621248479847,0.005530417476101922,0.8068271833611785,0.0055326030000431604
0.8068621248479847,0.005530417476101922,0.8068271833611785,0.0055326030000431604
0.8068526471395314,0.005531038447538824,0.8068175991936002,0.005533229754409498
0.8068526471395314,0.005531038447538824,0.8068175991936002,0.005533229754409498
0.8059361490924202,0.006242464690801159,0.8059007661932551,0.00624489045812918
0.8059361490924202,0.006242464690801159,0.8059007661932551,0.00624489045812918
0.8059271820142573,0.006235579211661908,0.8058916980426893,0.006237927570205544
0.8059271820142573,0.006235579211661908,0.8058916980426893,0.006237927570205544
0.805099688960005,0.006445026663903108,0.8050638764743695,0.00644748277960331
0.805099688960005,0.006445026663903108,0.8050638764743695,0.00644748277960331
0.80481785756704,0.0065438823156527895,0.8047818225236499,0.006546504325109023
0.80481785756704,0.0065438823156527895,0.8047818225236499,0.006546504325109023
0.8042708053540176,0.006667672789060263,0.8042345598044014,0.00667009884056041
0.8042708053540176,0.006667672789060263,0.8042345598044014,0.00667009884056041
0.8039972733036203,0.006608886185376544,0.8039608147525534,0.006611390401466496
0.8039972733036203,0.006608886185376544,0.8039608147525534,0.006611390401466496
0.8032062938144617,0.0069277697863917315,0.8031695063576858,0.006930482285445649
0.8032062938144617,0.0069277697863917315,0.8031695063576858,0.006930482285445649
0.803189235556186,0.0069298955292803905,0.8031522555680383,0.0069326341674591984
0.803189235556186,0.0069298955292803905,0.8031522555680383,0.0069326341674591984
0.8031845149822093,0.006937590068906933,0.8031474813519257,0.0069404154853310385
0.8031845149822093,0.006937590068906933,0.8031474813519257,0.0069404154853310385
0.8027145505788557,0.006653829583695725,0.8026772953056163,0.006656470768883469
0.8027145505788557,0.006653829583695725,0.8026772953056163,0.006656470768883469
0.8024553492466276,0.00674372564732074,0.8024179247115496,0.006746544978755378
0.8024553492466276,0.00674372564732074,0.8024179247115496,0.006746544978755378
0.8021964779173543,0.006738677148851467,0.802158856476367,0.00674155977829782
0.8021964779173543,0.006738677148851467,0.802158856476367,0.00674155977829782
0.8014458449178639,0.006786131540240609,0.8014078733417019,0.00678905612495221
0.8014458449178639,0.006786131540240609,0.8014078733417019,0.00678905612495221
0.8012014407776992,0.006740783304135336,0.8011633551753736,0.006743670558944006
0.8012014407776992,0.006740783304135336,0.8011633551753736,0.006743670558944006
0.8012012556964201,0.006740800513436059,0.8011631670858724,0.006743688852445148
0.8012012556964201,0.006740800513436059,0.8011631670858724,0.006743688852445148
0.8007199636554463,0.0067275427342737,0.8006817019148352,0.006730232856544227
0.8007199636554463,0.0067275427342737,0.8006817019148352,0.006730232856544227
0.8005356777333814,0.006374145134562731,0.8004973221417956,0.006376769525928514
0.8005356777333814,0.006374145134562731,0.8004973221417956,0.006376769525928514
0.8003615124272129,0.006070856063878562,0.8003230266120545,0.0060734099470773455
0.8003615124272129,0.006070856063878562,0.8003230266120545,0.0060734099470773455
0.8004103085377432,0.005907488704007047,0.800371680433121,0.0059098107761057835
0.8004103085377432,0.005907488704007047,0.800371680433121,0.0059098107761057835
0.8004063986520574,0.005909853011945853,0.8003677264058748,0.005912201963487635
0.8004063986520574,0.005909853011945853,0.8003677264058748,0.005912201963487635
0.799957756549092,0.00590264628158146,0.7999188875783262,0.005905008921283303
0.799957756549092,0.00590264628158146,0.7999188875783262,0.005905008921283303
0.7995013735505668,0.0059833226176897025,0.7994623562168905,0.005985687756510321
0.7995013735505668,0.0059833226176897025,0.7994623562168905,0.005985687756510321
0.7988894308427397,0.005683309492018564,0.7988501292925826,0.005685602467802656
0.7988894308427397,0.005683309492018564,0.7988501292925826,0.005685602467802656
0.7986854111383221,0.00544605637753527,0.7986459571713523,0.005448278407495402
0.7986854111383221,0.00544605637753527,0.7986459571713523,0.005448278407495402
0.7986831966754521,0.005447821670201202,0.7986437178441699,0.00545006416997435
0.7986831966754521,0.005447821670201202,0.7986437178441699,0.00545006416997435
0.7986809118366819,0.0054433853471446475,0.7986414108288794,0.005445575842195787
0.7986809118366819,0.0054433853471446475,0.7986414108288794,0.005445575842195787
0.7986786560243154,0.005445398459643795,0.7986391295827474,0.005447611645903403
0.7986786560243154,0.005445398459643795,0.7986391295827474,0.005447611645903403
0.7986787070869491,0.005445350017111441,0.7986391810871388,0.005447563283669496
0.7986787070869491,0.005445350017111441,0.7986391810871388,0.005447563283669496
0.7984352934653681,0.0056983821633019354,0.7983956377089422,0.005700612230758095
0.7984352934653681,0.0056983821633019354,0.7983956377089422,0.005700612230758095
0.7984328362975812,0.005695755305700515,0.7983931529378318,0.005697955879608468
0.7984328362975812,0.005695755305700515,0.7983931529378318,0.005697955879608468
0.7984358284597974,0.005705563093477144,0.7983961777658928,0.005707871290501096
0.7984358284597974,0.005705563093477144,0.7983961777658928,0.005707871290501096
0.7982066646198496,0.005905870985244089,0.7981669226548614,0.005908321204858903
0.7982066646198496,0.005905870985244089,0.7981669226548614,0.005908321204858903
0.7979749528397964,0.006170118891326723,0.797935119035061,0.006172671616399225
0.7979749528397964,0.006170118891326723,0.797935119035061,0.006172671616399225
0.7975035396539056,0.006762634102485678,0.797463487777437,0.006765368514686688
0.7975035396539056,0.006762634102485678,0.797463487777437,0.006765368514686688
0.7975035163722504,0.006762667876425148,0.7974634631000391,0.006765404343422953
0.7975035163722504,0.006762667876425148,0.7974634631000391,0.006765404343422953
0.7970907552925109,0.0068826434927053304,0.7970505408223568,0.006885479012751825
0.7970907552925109,0.0068826434927053304,0.7970505408223568,0.006885479012751825
0.7970907644763212,0.00688264360432139,0.7970505505815166,0.00688547913963057
0.7970907644763212,0.00688264360432139,0.7970505505815166,0.00688547913963057
0.7967437995260755,0.007120510079999501,0.7967033955880636,0.007123435685284996
0.7967437995260755,0.007120510079999501,0.7967033955880636,0.007123435685284996
0.796538984970865,0.007078637467059103,0.7964983973556701,0.007081513866461904
0.796538984970865,0.007078637467059103,0.7964983973556701,0.007081513866461904
0.796514806609385,0.007075258798526382,0.796473947154072,0.007078099044165122
0.796514806609385,0.007075258798526382,0.796473947154072,0.007078099044165122
0.7963122517633534,0.007131949071904727,0.7962712383678173,0.007134858106727672
0.7963122517633534,0.007131949071904727,0.7962712383678173,0.007134858106727672
0.7963106710324038,0.007130833808390216,0.7962696398956928,0.007133729551798645
0.7963106710324038,0.007130833808390216,0.7962696398956928,0.007133729551798645
0.7961313682235224,0.0070205655066354076,0.7960902710362696,0.007023366298021161
0.7961313682235224,0.0070205655066354076,0.7960902710362696,0.007023366298021161
0.7961303111231307,0.007020098584868592,0.7960892024312314,0.007022894092798718
0.7961303111231307,0.007020098584868592,0.7960892024312314,0.007022894092798718
0.7959335858559324,0.007159145075261164,0.7958923973025746,0.007162056013938295
0.7959335858559324,0.007159145075261164,0.7958923973025746,0.007162056013938295
0.7957082735015361,0.007452820462705,0.7956670354746094,0.007455859996483946
0.7957082735015361,0.007452820462705,0.7956670354746094,0.007455859996483946
0.7958329137249122,0.0069622865359936755,0.7957917093416136,0.006965239027002239
0.7958329137249122,0.0069622865359936755,0.7957917093416136,0.006965239027002239
0.7954378679250865,0.007093291389425308,0.7953965075043568,0.007096315336330069
0.7954378679250865,0.007093291389425308,0.7953965075043568,0.007096315336330069
0.79489377610304,0.007012835786161148,0.7948522255288503,0.007015836707667917
0.79489377610304,0.007012835786161148,0.7948522255288503,0.007015836707667917
0.7948907409748218,0.007014372796294822,0.7948491605081799,0.007017391063605993
0.7948907409748218,0.007014372796294822,0.7948491605081799,0.007017391063605993
0.794890733370183,0.007014378017394524,0.7948491528976206,0.007017396308097584
0.794890733370183,0.007014378017394524,0.7948491528976206,0.007017396308097584
0.7946930381442365,0.007075126640524327,0.7946513426074174,0.00707815573299952
0.7946930381442365,0.007075126640524327,0.7946513426074174,0.00707815573299952
0.7944956302237555,0.0071842194904407864,0.794453860891654,0.007187267286565048
0.7944956302237555,0.0071842194904407864,0.794453860891654,0.007187267286565048
0.7944917876439651,0.007186833429172351,0.7944499754502626,0.007189911237019472
0.7944917876439651,0.007186833429172351,0.7944499754502626,0.007189911237019472
0.7941409561447335,0.007071398066707596,0.7940989701376614,0.007074527438138956
0.7941409561447335,0.007071398066707596,0.7940989701376614,0.007074527438138956
0.7939352898579692,0.0072271405953923005,0.7938932201504373,0.0072303094507022644
0.7939352898579692,0.0072271405953923005,0.7938932201504373,0.0072303094507022644
0.7937332652805461,0.007419841733602462,0.7936911655882686,0.007423054119500076
0.7937332652805461,0.007419841733602462,0.7936911655882686,0.007423054119500076
0.7936370153166776,0.007183687807472431,0.7935948380931269,0.00718689819178705
0.7936370153166776,0.007183687807472431,0.7935948380931269,0.00718689819178705
0.7934173405939615,0.0074505471149004954,0.793375021840127,0.00745382847406369
0.7934173405939615,0.0074505471149004954,0.793375021840127,0.00745382847406369
0.7936702555064598,0.007452530329240487,0.7936279895134739,0.007455779612853693
0.7936702555064598,0.007452530329240487,0.7936279895134739,0.007455779612853693
0.7936614488057117,0.007458884026696674,0.7936190830016161,0.007462205793825897
0.7936614488057117,0.007458884026696674,0.7936190830016161,0.007462205793825897
0.7934207578928312,0.007790266427228141,0.7933780847891351,0.007793723250598192
0.7934207578928312,0.007790266427228141,0.7933780847891351,0.007793723250598192
0.7932256936217512,0.00790006113765591,0.7931829257168452,0.00790352409047139
0.7932256936217512,0.00790006113765591,0.7931829257168452,0.00790352409047139
0.7932241838118615,0.007901030668913475,0.7931813986177936,0.007904502956440821
0.7932241838118615,0.007901030668913475,0.7931813986177936,0.007904502956440821
0.7930465022910509,0.007925322071841526,0.7930036438843985,0.007928866651460923
0.7930465022910509,0.007925322071841526,0.7930036438843985,0.007928866651460923
0.7925026214762908,0.007998559948428111,0.792459514714016,0.008002079296883987
0.7925026214762908,0.007998559948428111,0.792459514714016,0.008002079296883987
0.7921341425243391,0.008077555311227235,0.7920908474904802,0.008081017166617304
0.7921341425243391,0.008077555311227235,0.7920908474904802,0.008081017166617304
0.7919188167449631,0.008390772697497013,0.7918754309648,0.008394332287195756
0.7919188167449631,0.008390772697497013,0.7918754309648,0.008394332287195756
0.7919188090250973,0.008390774550030344,0.7918754229720368,0.008394334212734755
0.7919188090250973,0.008390774550030344,0.7918754229720368,0.008394334212734755
0.7919189136788376,0.008390752504155398,0.7918755290547063,0.008394312107801753
0.7919189136788376,0.008390752504155398,0.7918755290547063,0.008394312107801753
0.7917567964911397,0.008311502715787294,0.7917133508520772,0.00831497769018619
0.7917567964911397,0.008311502715787294,0.7917133508520772,0.00831497769018619
0.7917514485123446,0.008438049178320422,0.7917078966494213,0.00844144475039447
0.7917514485123446,0.008438049178320422,0.7917078966494213,0.00844144475039447
0.791749348825067,0.008439982553258653,0.7917057732136702,0.008443399872188555
0.791749348825067,0.008439982553258653,0.7917057732136702,0.008443399872188555
0.7916326350756406,0.008227409251541954,0.7915889663305302,0.008230794272405653
0.7916326350756406,0.008227409251541954,0.7915889663305302,0.008230794272405653
0.7917710545987044,0.008448030362416547,0.7917272703279238,0.008451482290098601
0.7917710545987044,0.008448030362416547,0.7917272703279238,0.008451482290098601
0.7917603170845167,0.00845041259067483,0.791716416428128,0.008453895595623538
0.7917603170845167,0.00845041259067483,0.791716416428128,0.008453895595623538
0.7914654742577241,0.008399424032769784,0.7914213798102283,0.008402945262907757
0.7914654742577241,0.008399424032769784,0.7914213798102283,0.008402945262907757
0.7913347234034849,0.008202530315410687,0.7912905807619454,0.008205968973876153
0.7913347234034849,0.008202530315410687,0.7912905807619454,0.008205968973876153
0.791332867569846,0.008202081320005676,0.7912887039706961,0.00820551468408708
0.791332867569846,0.008202081320005676,0.7912887039706961,0.00820551468408708
0.7907788476357716,0.008554206889263838,0.7907344536571843,0.008557794023928955
0.7907788476357716,0.008554206889263838,0.7907344536571843,0.008557794023928955
0.7907763137267458,0.008556736726108384,0.7907318912948711,0.008560352936796514
0.7907763137267458,0.008556736726108384,0.7907318912948711,0.008560352936796514
0.7903231248889092,0.00870180932727418,0.7902785020671459,0.008705464878437924
0.7903231248889092,0.00870180932727418,0.7902785020671459,0.008705464878437924
0.7901213485416456,0.008871840909108543,0.7900765603718518,0.008875637987717325
0.7901213485416456,0.008871840909108543,0.7900765603718518,0.008875637987717325
0.7901166721598996,0.008863456993206186,0.7900718321593623,0.008867159933526537
0.7901166721598996,0.008863456993206186,0.7900718321593623,0.008867159933526537
0.7901150884412457,0.008863598996497545,0.7900702307608011,0.00886730386525874
0.7901150884412457,0.008863598996497545,0.7900702307608011,0.00886730386525874
0.7899458453600685,0.008916693121325177,0.7899009161938018,0.008920474158633925
0.7899458453600685,0.008916693121325177,0.7899009161938018,0.008920474158633925
0.7899354106173087,0.008899071988209642,0.7898903673988962,0.008902653379976165
0.7899354106173087,0.008899071988209642,0.7898903673988962,0.008902653379976165
0.7899327059835681,0.00889855304244817,0.7898876322153978,0.008902128284266522
0.7899327059835681,0.00889855304244817,0.7898876322153978,0.008902128284266522
0.7901141303932651,0.008951160688124708,0.7900690910161333,0.008954776477293275
0.7901141303932651,0.008951160688124708,0.7900690910161333,0.008954776477293275
0.7897405072061144,0.009302916095478645,0.7896953081351514,0.00930668348419186
0.7897405072061144,0.009302916095478645,0.7896953081351514,0.00930668348419186
0.789584227429367,0.009255484960627584,0.7895389677386567,0.009259258308100628
0.789584227429367,0.009255484960627584,0.7895389677386567,0.009259258308100628
0.789559570746559,0.00948286330707817,0.7895142756209507,0.009486721384450256
0.789559570746559,0.00948286330707817,0.7895142756209507,0.009486721384450256
0.7895679360334766,0.009472471754926411,0.7895227367795,0.00947621192235921
0.7895679360334766,0.009472471754926411,0.7895227367795,0.00947621192235921
0.7895596643400336,0.009474003634672221,0.7895143716484583,0.009477760986948882
0.7895596643400336,0.009474003634672221,0.7895143716484583,0.009477760986948882
0.7895596204841983,0.009474047401798335,0.7895143275486951,0.009477804994655925
0.7895596204841983,0.009474047401798335,0.7895143275486951,0.009477804994655925
0.789557291791345,0.009472165188512236,0.7895119729099446,0.009475902177883775
0.789557291791345,0.009472165188512236,0.7895119729099446,0.009475902177883775
0.7892877350726641,0.009268982714499965,0.7892422632573877,0.009272568904828858
0.7892877350726641,0.009268982714499965,0.7892422632573877,0.009272568904828858
0.7888290421910131,0.009548647096750696,0.7887833599851406,0.009552363640368612
0.7888290421910131,0.009548647096750696,0.7887833599851406,0.009552363640368612
0.7885363408824777,0.009655696546785464,0.7884905819523296,0.009659469773862814
0.7885363408824777,0.009655696546785464,0.7884905819523296,0.009659469773862814
0.7882595471313754,0.009496219744932073,0.7882136845418405,0.009499999985356077
0.7882595471313754,0.009496219744932073,0.7882136845418405,0.009499999985356077
0.78808617526907,0.009621414282483727,0.7880402394305394,0.009625218172348501
0.78808617526907,0.009621414282483727,0.7880402394305394,0.009625218172348501
0.7880754280898924,0.00960996876084701,0.7880293712297421,0.009613648059181367
0.7880754280898924,0.00960996876084701,0.7880293712297421,0.009613648059181367
0.7880757758957546,0.009610055426911788,0.7880297228508609,0.009613735704559877
0.7880757758957546,0.009610055426911788,0.7880297228508609,0.009613735704559877
0.7879357834224371,0.009554955479657217,0.7878896839159863,0.009558573136621624
0.7879357834224371,0.009554955479657217,0.7878896839159863,0.009558573136621624
0.787940285672966,0.009541056816968882,0.7878942408384348,0.009544518669470372
0.787940285672966,0.009541056816968882,0.7878942408384348,0.009544518669470372
0.7879356912879107,0.009541315364918732,0.7878895945825148,0.00954478097837709
0.7879356912879107,0.009541315364918732,0.7878895945825148,0.00954478097837709
0.7879344268886033,0.009541184537174655,0.7878883160412389,0.009544648794180124
0.7879344268886033,0.009541184537174655,0.7878883160412389,0.009544648794180124
0.7877782161795017,0.009504444838507355,0.7877320017442679,0.009507875731058732
0.7877782161795017,0.009504444838507355,0.7877320017442679,0.009507875731058732
0.7872593458237582,0.00977469779627177,0.7872128800922527,0.009778276995770852
0.7872593458237582,0.00977469779627177,0.7872128800922527,0.009778276995770852
0.7872577785442874,0.00977680271230779,0.7872112950225605,0.009780406110462258
0.7872577785442874,0.00977680271230779,0.7872112950225605,0.009780406110462258
0.7872535118182513,0.009778143393802542,0.7872069793439338,0.009781760941008974
0.7872535118182513,0.009778143393802542,0.7872069793439338,0.009781760941008974
0.7871121040067268,0.009756608152709734,0.7870655547840579,0.009760202564125927
0.7871121040067268,0.009756608152709734,0.7870655547840579,0.009760202564125927
0.7868123587070004,0.009726609934361998,0.7867657168979367,0.00973015409477862
0.7868123587070004,0.009726609934361998,0.7867657168979367,0.00973015409477862
0.786686791573475,0.009564913816703512,0.7866401017119192,0.009568371397424192
0.786686791573475,0.009564913816703512,0.7866401017119192,0.009568371397424192
0.7865006961214785,0.009734016051513349,0.7864539233519514,0.009737489393239247
0.7865006961214785,0.009734016051513349,0.7864539233519514,0.009737489393239247
0.7863113663756814,0.00998788185614124,0.7862645094947449,0.009991508209634514
0.7863113663756814,0.00998788185614124,0.7862645094947449,0.009991508209634514
0.7861839768149588,0.009841779675561107,0.786137050817682,0.009845344353991781
0.7861839768149588,0.009841779675561107,0.786137050817682,0.009845344353991781
0.7859842150540116,0.010137412427990702,0.7859372393935812,0.010141081146347748
0.7859842150540116,0.010137412427990702,0.7859372393935812,0.010141081146347748
0.7856854555279709,0.010100951461797134,0.7856383447325004,0.010104604815927096
0.7856854555279709,0.010100951461797134,0.7856383447325004,0.010104604815927096
0.7853963764735145,0.009960277530942507,0.7853490879446585,0.009963877583332751
0.7853963764735145,0.009960277530942507,0.7853490879446585,0.009963877583332751
0.7853945368032133,0.009958546596255715,0.7853472291188908,0.00996212925335954
0.7853945368032133,0.009958546596255715,0.7853472291188908,0.00996212925335954
0.7852755982950627,0.009955906132616555,0.785228240517834,0.00995951289032121
0.7852755982950627,0.009955906132616555,0.785228240517834,0.00995951289032121
0.784870492920877,0.009776578495671763,0.7848229235325493,0.009780117497267909
0.784870492920877,0.009776578495671763,0.7848229235325493,0.009780117497267909
0.7846940231588599,0.010015992096074615,0.7846463736838032,0.010019673990177195
0.7846940231588599,0.010015992096074615,0.7846463736838032,0.010019673990177195
0.7845826739686969,0.009812042208676148,0.7845349674037205,0.009815643913582058
0.7845826739686969,0.009812042208676148,0.7845349674037205,0.009815643913582058
0.7840613763741521,0.010179104907853675,0.7840134155308632,0.010182850420560151
0.7840613763741521,0.010179104907853675,0.7840134155308632,0.010182850420560151
0.7842736529449814,0.01000778400088334,0.7842257841775655,0.010011484739191888
0.7842736529449814,0.01000778400088334,0.7842257841775655,0.010011484739191888
0.7842610889279382,0.009985150080225899,0.7842130813529177,0.009988603075576953
0.7842610889279382,0.009985150080225899,0.7842130813529177,0.009988603075576953
0.7840548395318199,0.01032453443097833,0.7840067357366338,0.010328191325236562
0.7840548395318199,0.01032453443097833,0.7840067357366338,0.010328191325236562
0.7839131139130471,0.01026368151406163,0.7838649346474423,0.010267323583400179
0.7839131139130471,0.01026368151406163,0.7838649346474423,0.010267323583400179
0.7838031879082761,0.01007511645128492,0.7837549525865268,0.010078729783429394
0.7838031879082761,0.01007511645128492,0.7837549525865268,0.010078729783429394
0.7834743957824187,0.010215494675449696,0.7834260351359441,0.010219113786727166
0.7834743957824187,0.010215494675449696,0.7834260351359441,0.010219113786727166
0.7832636139335765,0.01058661948677036,0.7832151702958356,0.010590497713480678
0.7832636139335765,0.01058661948677036,0.7832151702958356,0.010590497713480678
0.7830992244993269,0.010616734561382946,0.7830506933381858,0.010620585379759236
0.7830992244993269,0.010616734561382946,0.7830506933381858,0.010620585379759236
0.7830973595318039,0.010618083312832406,0.7830488065792136,0.010621948948543562
0.7830973595318039,0.010618083312832406,0.7830488065792136,0.010621948948543562
0.7827695504815598,0.010864481085952341,0.782720851805027,0.01086850337544405
0.7827695504815598,0.010864481085952341,0.782720851805027,0.01086850337544405
0.7829295779500378,0.010949915382392912,0.7828809553018233,0.010953983909368912
0.7829295779500378,0.010949915382392912,0.7828809553018233,0.010953983909368912
0.7827704264452826,0.010964608700451784,0.7827217116850846,0.01096879328459958
0.7827704264452826,0.010964608700451784,0.7827217116850846,0.01096879328459958
0.7828762170959427,0.011150654583921225,0.7828275005452393,0.011154876008780372
0.7828762170959427,0.011150654583921225,0.7828275005452393,0.011154876008780372
0.782735089552599,0.01107589716881375,0.7826862991371122,0.011080082453292346
0.782735089552599,0.01107589716881375,0.7826862991371122,0.011080082453292346
0.7827235292701878,0.011304623633721528,0.7826747127095006,0.011308893385509835
0.7827235292701878,0.011304623633721528,0.7826747127095006,0.011308893385509835
0.7827271482443072,0.011306335831435298,0.782678372683708,0.011310625125976543
0.7827271482443072,0.011306335831435298,0.782678372683708,0.011310625125976543
0.7827270950955704,0.011306394234598087,0.7826783194206295,0.011310683659631416
0.7827270950955704,0.011306394234598087,0.7826783194206295,0.011310683659631416
0.7827261361463258,0.011305939664179556,0.7826773496432047,0.011310223900230683
0.7827261361463258,0.011305939664179556,0.7826773496432047,0.011310223900230683
0.7825373203654904,0.011524466701894517,0.7824884511453816,0.011528844805656543
0.7825373203654904,0.011524466701894517,0.7824884511453816,0.011528844805656543
0.782526892884359,0.011520349315123994,0.7824779062118286,0.0115246847170468
0.782526892884359,0.011520349315123994,0.7824779062118286,0.0115246847170468
0.7822423866540931,0.011481616222305228,0.7821932679931258,0.011485943643543314
0.7822423866540931,0.011481616222305228,0.7821932679931258,0.011485943643543314
0.7819998971655122,0.011253255982448567,0.7819506575045773,0.011257532675841926
0.7819998971655122,0.011253255982448567,0.7819506575045773,0.011257532675841926
0.7819954399872028,0.0112556505990896,0.7819461496346424,0.01125995474384346
0.7819954399872028,0.0112556505990896,0.7819461496346424,0.01125995474384346
0.7816680393949479,0.011374922424724048,0.7816185693152954,0.011379284759869011
0.7816680393949479,0.011374922424724048,0.7816185693152954,0.011379284759869011
0.7812599788641652,0.011184437396109682,0.781210338764678,0.011188705237392793
0.7812599788641652,0.011184437396109682,0.781210338764678,0.011188705237392793
0.7811006066322148,0.011212634116790831,0.7810508853144851,0.011216953353831981
0.7811006066322148,0.011212634116790831,0.7810508853144851,0.011216953353831981
0.7809424733913369,0.01123328776767061,0.780892684242253,0.011237580773467992
0.7809424733913369,0.01123328776767061,0.780892684242253,0.011237580773467992
0.7809424825253517,0.011233285009141343,0.7808926939361427,0.011237577844701994
0.7809424825253517,0.011233285009141343,0.7808926939361427,0.011237577844701994
0.7807863914304055,0.011343518064362738,0.7807365004522326,0.011347854891677734
0.7807863914304055,0.011343518064362738,0.7807365004522326,0.011347854891677734
0.780786512531403,0.011343423586660404,0.7807366292880465,0.011347754451165388
0.780786512531403,0.011343423586660404,0.7807366292880465,0.011347754451165388
0.7804817970038809,0.011499898951072944,0.7804317749684595,0.011504388028402618
0.7804817970038809,0.011499898951072944,0.7804317749684595,0.011504388028402618
0.7799934347778523,0.011698096928801617,0.7799431837954135,0.011702661358178542
0.7799934347778523,0.011698096928801617,0.7799431837954135,0.011702661358178542
0.7799897078662924,0.011848476824946002,0.7799394750686515,0.011853047288135864
0.7799897078662924,0.011848476824946002,0.7799394750686515,0.011853047288135864
0.7795158301100779,0.012029879686061095,0.7794653628404528,0.012034586213209476
0.7795158301100779,0.012029879686061095,0.7794653628404528,0.012034586213209476
0.7792516516703227,0.011892237947928654,0.7792010614782183,0.01189690285196729
0.7792516516703227,0.011892237947928654,0.7792010614782183,0.01189690285196729
0.7788845502028813,0.012326634903691368,0.7788337682969778,0.012331576619891819
0.7788845502028813,0.012326634903691368,0.7788337682969778,0.012331576619891819
0.7786584221119052,0.012044654255850645,0.7786075808268573,0.012049466154157949
0.7786584221119052,0.012044654255850645,0.7786075808268573,0.012049466154157949
0.7786603305078692,0.012047601766241528,0.7786095108230648,0.012052447679796739
0.7786603305078692,0.012047601766241528,0.7786095108230648,0.012052447679796739
0.7786603307686133,0.012047603277817542,0.7786095111321202,0.012052449280884614
0.7786603307686133,0.012047603277817542,0.7786095111321202,0.012052449280884614
0.7786603649558934,0.012047659903241897,0.7786095473390409,0.012052509336697497
0.7786603649558934,0.012047659903241897,0.7786095473390409,0.012052509336697497
0.7786570318323771,0.012042090333518005,0.778606178263897,0.012046879189375567
0.7786570318323771,0.012042090333518005,0.778606178263897,0.012046879189375567
0.7786570298540321,0.01204209185033903,0.7786061762670077,0.012046880729687943
0.7786570298540321,0.01204209185033903,0.7786061762670077,0.012046880729687943
0.7786570319666131,0.012042086897241433,0.7786061785340519,0.01204687548080033
0.7786570319666131,0.012042086897241433,0.7786061785340519,0.01204687548080033
0.778526667686219,0.011946720983585292,0.7784757282693665,0.011951427363093585
0.778526667686219,0.011946720983585292,0.7784757282693665,0.011951427363093585
0.7782571207018825,0.01182093468051353,0.7782060659314445,0.011825611715016513
0.7782571207018825,0.01182093468051353,0.7782060659314445,0.011825611715016513
0.7780077955087592,0.01167762566558175,0.7779566319333122,0.01168231289690317
0.7780077955087592,0.01167762566558175,0.7779566319333122,0.01168231289690317
0.777837707925009,0.01179607239907121,0.7777864190657099,0.011800779627913066
0.777837707925009,0.01179607239907121,0.7777864190657099,0.011800779627913066
0.777672647390784,0.011857604357774248,0.7776212833994471,0.011862364612416196
0.777672647390784,0.011857604357774248,0.7776212833994471,0.011862364612416196
0.7775022219490711,0.01200065962589803,0.7774507411448554,0.012005530257201892
0.7775022219490711,0.01200065962589803,0.7774507411448554,0.012005530257201892
0.7773418683905634,0.012036685206127945,0.777290314566853,0.012041545406567817
0.7773418683905634,0.012036685206127945,0.777290314566853,0.012041545406567817
0.7773384696353622,0.012039280535441465,0.7772868772936768,0.012044172093444489
0.7773384696353622,0.012039280535441465,0.7772868772936768,0.012044172093444489
0.7769016962094492,0.011923949917225351,0.7768497274505537,0.011928766068139555
0.7769016962094492,0.011923949917225351,0.7768497274505537,0.011928766068139555
0.7768959170610824,0.011921374520904754,0.7768438831858386,0.011926162374743766
0.7768959170610824,0.011921374520904754,0.7768438831858386,0.011926162374743766
0.7764728873265694,0.011951712504866383,0.7764206632238537,0.011956567640433478
0.7764728873265694,0.011951712504866383,0.7764206632238537,0.011956567640433478
0.7761826914991312,0.011923147784180252,0.7761302435789352,0.01192806629678886
0.7761826914991312,0.011923147784180252,0.7761302435789352,0.01192806629678886
0.7760633468912376,0.011778775671284152,0.7760108415577128,0.01178361270281782
0.7760633468912376,0.011778775671284152,0.7760108415577128,0.01178361270281782
0.77589453497437,0.011837928640039592,0.775841917584649,0.011842733791765233
0.77589453497437,0.011837928640039592,0.775841917584649,0.011842733791765233
0.775891620324044,0.011842839755540225,0.7758389700509715,0.011847701797587623
0.775891620324044,0.011842839755540225,0.7758389700509715,0.011847701797587623
0.7758882599930494,0.01184246216405242,0.7758355719359066,0.011847319958276707
0.7758882599930494,0.01184246216405242,0.7758355719359066,0.011847319958276707
0.7757025976982993,0.01216128487342707,0.7756497810007481,0.012166353772595064
0.7757025976982993,0.01216128487342707,0.7756497810007481,0.012166353772595064
0.7757064067868014,0.012154482639610205,0.7756536338677468,0.012159472958904648
0.7757064067868014,0.012154482639610205,0.7756536338677468,0.012159472958904648
0.7757051649782969,0.012155185949878293,0.7756523827412545,0.012160192348100061
0.7757051649782969,0.012155185949878293,0.7756523827412545,0.012160192348100061
0.7755355016467778,0.012233009295429935,0.7754826302330333,0.012238005633512464
0.7755355016467778,0.012233009295429935,0.7754826302330333,0.012238005633512464
0.7755355010293823,0.012233016489056127,0.7754826295157331,0.012238013265841277
0.7755355010293823,0.012233016489056127,0.7754826295157331,0.012238013265841277
0.7754055261773846,0.012133839295600352,0.7753526003231983,0.012138770642104122
0.7754055261773846,0.012133839295600352,0.7753526003231983,0.012138770642104122
0.7754043804494103,0.012134808235169244,0.7753514414546419,0.012139750550911267
0.7754043804494103,0.012134808235169244,0.7753514414546419,0.012139750550911267
0.7754624149038835,0.012040215304809433,0.7754095018886914,0.012045174592536002
0.7754624149038835,0.012040215304809433,0.7754095018886914,0.012045174592536002
0.7752534333716993,0.012421477418934002,0.7752004043917275,0.01242667436155721
0.7752534333716993,0.012421477418934002,0.7752004043917275,0.01242667436155721
0.7750692051636786,0.012537309429393913,0.7750159235420893,0.012542768011254774
0.7750692051636786,0.012537309429393913,0.7750159235420893,0.012542768011254774
0.7750692104012847,0.012537306408314068,0.7750159291279439,0.012542764791844315
0.7750692104012847,0.012537306408314068,0.7750159291279439,0.012542764791844315
0.7750667966771279,0.012538806890307319,0.7750134894091124,0.012544281916480948
0.7750667966771279,0.012538806890307319,0.7750134894091124,0.012544281916480948
0.7748455184597552,0.01295879143318797,0.7747920840821887,0.012964544244718035
0.7748455184597552,0.01295879143318797,0.7747920840821887,0.012964544244718035
0.7743641217642896,0.013313596784734958,0.7743104405944,0.013319601584136797
0.7743641217642896,0.013313596784734958,0.7743104405944,0.013319601584136797
0.7742681174025995,0.013160265284427118,0.7742143815628229,0.013166240285868777
0.7742681174025995,0.013160265284427118,0.7742143815628229,0.013166240285868777
0.7738599282407375,0.013243383221627639,0.7738060072002033,0.013249367888869233
0.7738599282407375,0.013243383221627639,0.7738060072002033,0.013249367888869233
0.7735493242302482,0.013337066826723745,0.7734952525115599,0.013343088887787374
0.7735493242302482,0.013337066826723745,0.7734952525115599,0.013343088887787374
0.7733086056903657,0.013479546638116645,0.7732544219796889,0.013485608759615419
0.7733086056903657,0.013479546638116645,0.7732544219796889,0.013485608759615419
0.7733079083480642,0.013478391446190934,0.7732537171239612,0.01348444078279325
0.7733079083480642,0.013478391446190934,0.7732537171239612,0.01348444078279325
0.7732024357843962,0.013311153823059096,0.7731481870952036,0.013317171728524138
0.7732024357843962,0.013311153823059096,0.7731481870952036,0.013317171728524138
0.7728663840462777,0.013579238789836866,0.7728118529187064,0.013585425255037819
0.7728663840462777,0.013579238789836866,0.7728118529187064,0.013585425255037819
0.7728663778829248,0.013579241609419047,0.7728118463702366,0.013585428336135661
0.7728663778829248,0.013579241609419047,0.7728118463702366,0.013585428336135661
0.7728634818300211,0.013580841931475483,0.7728089165492182,0.013587046161025422
0.7728634818300211,0.013580841931475483,0.7728089165492182,0.013587046161025422
0.7727608775308143,0.012926295915602156,0.7727062716412328,0.012932140307337612
0.7727608775308143,0.012926295915602156,0.7727062716412328,0.012932140307337612
0.7726256199539376,0.01284616006255565,0.7725709460365462,0.012851965798032031
0.7726256199539376,0.01284616006255565,0.7725709460365462,0.012851965798032031
0.7722979607015079,0.013020636488286249,0.7722430831308597,0.013026484403753253
0.7722979607015079,0.013020636488286249,0.7722430831308597,0.013026484403753253
0.7717381094917826,0.013625378814237272,0.7716829468402713,0.013631563867348503
0.7717381094917826,0.013625378814237272,0.7716829468402713,0.013631563867348503
0.7715749417964944,0.013642416032162642,0.7715196484984878,0.013648645408676259
0.7715749417964944,0.013642416032162642,0.7715196484984878,0.013648645408676259
0.7712828518864606,0.013623198644657969,0.7712273686651281,0.01362940442850587
0.7712828518864606,0.013623198644657969,0.7712273686651281,0.01362940442850587
0.7712724800833703,0.013627483343110786,0.7712168778517747,0.013633736560149878
0.7712724800833703,0.013627483343110786,0.7712168778517747,0.013633736560149878
0.7710337980567944,0.0140623564800809,0.7709779736351452,0.014068901664937142
0.7710337980567944,0.0140623564800809,0.7709779736351452,0.014068901664937142
0.77057843878685,0.014090573138719881,0.7705223732345129,0.014097177944599274
0.77057843878685,0.014090573138719881,0.7705223732345129,0.014097177944599274
0.7704079564069842,0.014159076815310947,0.7703517990587929,0.014165684903550798
0.7704079564069842,0.014159076815310947,0.7703517990587929,0.014165684903550798
0.7702970579783925,0.01400825996048948,0.7702408531796447,0.014014831403334305
0.7702970579783925,0.01400825996048948,0.7702408531796447,0.014014831403334305
0.7702950177609631,0.014009401774413847,0.7702387899044117,0.014015985540695688
0.7702950177609631,0.014009401774413847,0.7702387899044117,0.014015985540695688
0.7704986035071476,0.013984961772785994,0.7704424601814909,0.013991478545767233
0.7704986035071476,0.013984961772785994,0.7704424601814909,0.013991478545767233
0.7703878812145646,0.013834615049577654,0.770331692856516,0.0138410563521974
0.7703878812145646,0.013834615049577654,0.770331692856516,0.0138410563521974
0.7700603787150488,0.013938486262497421,0.7700040346987069,0.013944995845260308
0.7700603787150488,0.013938486262497421,0.7700040346987069,0.013944995845260308
0.7698914120810613,0.014005497151839078,0.7698349782560503,0.014012046173243337
0.7698914120810613,0.014005497151839078,0.7698349782560503,0.014012046173243337
0.7694938493533575,0.013899677430519215,0.7694372188315851,0.013906126963983233
0.7694938493533575,0.013899677430519215,0.7694372188315851,0.013906126963983233
0.7685765925335637,0.013920393496716135,0.7685195292343507,0.013926795566048894
0.7685765925335637,0.013920393496716135,0.7685195292343507,0.013926795566048894
0.7685656373222434,0.013929959842870434,0.7685084475476589,0.01393647068451222
0.7685656373222434,0.013929959842870434,0.7685084475476589,0.01393647068451222
0.7683354973713192,0.014343907592564412,0.7682781688621984,0.014350662503640296
0.7683354973713192,0.014343907592564412,0.7682781688621984,0.014350662503640296
0.7680962167305414,0.014800351330525032,0.7680387586193977,0.014807392583008517
0.7680962167305414,0.014800351330525032,0.7680387586193977,0.014807392583008517
0.7680962207322661,0.0148003539837093,0.7680387628281128,0.014807395375010348
0.7680962207322661,0.0148003539837093,0.7680387628281128,0.014807395375010348
0.7679599160130939,0.014724954470282877,0.7679024041596116,0.014731962258659113
0.7679599160130939,0.014724954470282877,0.7679024041596116,0.014731962258659113
0.7678195901844606,0.014659014444534175,0.7677620146273733,0.014665998472674528
0.7678195901844606,0.014659014444534175,0.7677620146273733,0.014665998472674528
0.7678169023307424,0.014659614802120248,0.7677592959336937,0.014666605469024629
0.7678169023307424,0.014659614802120248,0.7677592959336937,0.014666605469024629
