0.8126894984310595,1.1102230246251565e-16,0.8126568354471491,0.0
0.8120204176816355,0.0008311101550413695,0.8119874375727718,0.0008317783610680181
0.8120204176816355,0.0008311101550413695,0.8119874375727718,0.0008317783610680181
0.811814646729405,0.0009219059654512803,0.8117815273955633,0.000922685223248134
0.811814646729405,0.0009219059654512803,0.8117815273955633,0.000922685223248134
0.8117379462935455,0.0009882210928377183,0.8117045043703351,0.0009887908202872349
0.8117379462935455,0.0009882210928377183,0.8117045043703351,0.0009887908202872349
0.811606689278841,0.0011478765338572864,0.8115730171499671,0.0011485710598979737
0.811606689278841,0.0011478765338572864,0.8115730171499671,0.0011485710598979737
0.8113048873986062,0.0013556926073993165,0.8112706947019014,0.001356564349795023
0.8113048873986062,0.0013556926073993165,0.8112706947019014,0.001356564349795023
0.8110294287881471,0.0014355319694562287,0.8109952405174612,0.001436259964406277
0.8110294287881471,0.0014355319694562287,0.8109952405174612,0.001436259964406277
0.8109129005475605,0.00148902672561159,0.8108787129643844,0.0014897037044920725
0.8109129005475605,0.00148902672561159,0.8108787129643844,0.0014897037044920725
0.810786371584002,0.0015357910987037723,0.8107520622871046,0.0015361862488786908
0.810786371584002,0.0015357910987037723,0.8107520622871046,0.0015361862488786908
0.810606550082837,0.0016247966005959581,0.8105721679507949,0.0016252148824225203
0.810606550082837,0.0016247966005959581,0.8105721679507949,0.0016252148824225203
0.8105343364814761,0.0016227629631318525,0.8104998618127922,0.001623145201889541
0.8105343364814761,0.0016227629631318525,0.8104998618127922,0.001623145201889541
0.8102929842469612,0.001595121310456164,0.8102583847851255,0.001595413189635549
0.8102929842469612,0.001595121310456164,0.8102583847851255,0.001595413189635549
0.8102528718645956,0.001710221868249477,0.8102183544109096,0.001710725026163567
0.8102528718645956,0.001710221868249477,0.8102183544109096,0.001710725026163567
0.8101302361080481,0.0017220967902597892,0.8100957176227899,0.001722739055021945
0.8101302361080481,0.0017220967902597892,0.8100957176227899,0.001722739055021945
0.8100090406112784,0.0016938729645737884,0.809974357767745,0.0016944169223516343
0.8100090406112784,0.0016938729645737884,0.809974357767745,0.0016944169223516343
0.8099237776165392,0.0017347826535636982,0.8098889627951295,0.0017354040032499384
0.8099237776165392,0.0017347826535636982,0.8098889627951295,0.0017354040032499384
0.809866254399642,0.0017058548695715694,0.8098312844116864,0.001706428988296726
0.809866254399642,0.0017058548695715694,0.8098312844116864,0.001706428988296726
0.8097928322256219,0.0017618353944217045,0.809757832352286,0.0017625031593145228
0.8097928322256219,0.0017618353944217045,0.809757832352286,0.0017625031593145228
0.8096708209002645,0.0017963559451448852,0.809635813230847,0.001796969584191851
0.8096708209002645,0.0017963559451448852,0.809635813230847,0.001796969584191851
0.8095043831249156,0.0018133910101330913,0.8094692513281263,0.0018140216597631663
0.8095043831249156,0.0018133910101330913,0.8094692513281263,0.0018140216597631663
0.8093559758634548,0.0018801151276263228,0.809320833980375,0.0018807899822109867
0.8093559758634548,0.0018801151276263228,0.809320833980375,0.0018807899822109867
0.8092802100117311,0.0018987464986769352,0.8092450233708337,0.0018994203357306993
0.8092802100117311,0.0018987464986769352,0.8092450233708337,0.0018994203357306993
0.809099008168787,0.0019750426640035633,0.8090635940895966,0.001975724124527094
0.809099008168787,0.0019750426640035633,0.8090635940895966,0.001975724124527094
0.8089421357557048,0.0019958314543953998,0.8089066629301996,0.0019964439204531695
0.8089421357557048,0.0019958314543953998,0.8089066629301996,0.0019964439204531695
0.808863475057452,0.002009754825981883,0.8088279608418834,0.0020104162284740024
0.808863475057452,0.002009754825981883,0.8088279608418834,0.0020104162284740024
0.8087589581201406,0.0020181198422844614,0.8087233425635197,0.002018774267116163
0.8087589581201406,0.0020181198422844614,0.8087233425635197,0.002018774267116163
0.8084973440096338,0.001959274554730344,0.8084615111267688,0.0019598261710769764
0.8084973440096338,0.001959274554730344,0.8084615111267688,0.0019598261710769764
0.8084224093378223,0.0019321771101784675,0.8083865294286404,0.0019327400010945841
0.8084224093378223,0.0019321771101784675,0.8083865294286404,0.0019327400010945841
0.8083400079521128,0.00195215790866152,0.808304035301874,0.0019527865240111073
0.8083400079521128,0.00195215790866152,0.808304035301874,0.0019527865240111073
0.8082455371989443,0.0019916649787480255,0.8082094023203739,0.0019923436680045624
0.8082455371989443,0.0019916649787480255,0.8082094023203739,0.0019923436680045624
0.8080814810052457,0.0020725178422524248,0.8080453740365586,0.002073081856578741
0.8080814810052457,0.0020725178422524248,0.8080453740365586,0.002073081856578741
0.8078826072520056,0.002137117058347278,0.8078465564918094,0.0021376202117806544
0.8078826072520056,0.002137117058347278,0.8078465564918094,0.0021376202117806544
0.8077105481591665,0.0021475056760771457,0.8076742717185412,0.002147987620175024
0.8077105481591665,0.0021475056760771457,0.8076742717185412,0.002147987620175024
0.8076493829764935,0.0021405329255566397,0.8076131728768245,0.002140867496286002
0.8076493829764935,0.0021405329255566397,0.8076131728768245,0.002140867496286002
0.8075680887463099,0.0021669130990954366,0.8075318277334583,0.0021673800586033774
0.8075680887463099,0.0021669130990954366,0.8075318277334583,0.0021673800586033774
0.8075302373079797,0.0021673306772094104,0.8074939518653839,0.002167814523791115
0.8075302373079797,0.0021673306772094104,0.8074939518653839,0.002167814523791115
0.8075158277805432,0.002198892317849614,0.8074795173630294,0.002199263089309575
0.8075158277805432,0.002198892317849614,0.8074795173630294,0.002199263089309575
0.807393531879223,0.0022305185400909038,0.8073571132235602,0.0022310106847327773
0.807393531879223,0.0022305185400909038,0.8073571132235602,0.0022310106847327773
0.8073175606237406,0.0022458365898354615,0.8072811438276342,0.0022462949534207185
0.8073175606237406,0.0022458365898354615,0.8072811438276342,0.0022462949534207185
0.8073391679650248,0.0021827530248500803,0.8073027951875,0.002183181620052615
0.8073391679650248,0.0021827530248500803,0.8073027951875,0.002183181620052615
0.8072475878652993,0.0021257135100485247,0.8072111521960015,0.0021261122617580517
0.8072475878652993,0.0021257135100485247,0.8072111521960015,0.0021261122617580517
0.807084452806043,0.0021812261169171644,0.8070478282216295,0.002181935840634006
0.807084452806043,0.0021812261169171644,0.8070478282216295,0.002181935840634006
0.8069988643946104,0.0021251579887009418,0.8069622133595722,0.002125709768668068
0.8069988643946104,0.0021251579887009418,0.8069622133595722,0.002125709768668068
0.806906735859586,0.0021608018922504805,0.8068700274977246,0.00216141315433808
0.806906735859586,0.0021608018922504805,0.8068700274977246,0.00216141315433808
0.8068743343610822,0.0021760505246720702,0.806837585154766,0.002176561479433245
0.8068743343610822,0.0021760505246720702,0.806837585154766,0.002176561479433245
0.8066920686721095,0.002172135605186564,0.8066551780931963,0.0021726343730162374
0.8066920686721095,0.002172135605186564,0.8066551780931963,0.0021726343730162374
0.8065515319210416,0.0021566432189923596,0.8065145688637066,0.002157098838204098
0.8065515319210416,0.0021566432189923596,0.8065145688637066,0.002157098838204098
0.8064348149864203,0.0022563294018789265,0.8063977042873492,0.002256921533032107
0.8064348149864203,0.0022563294018789265,0.8063977042873492,0.002256921533032107
0.8064320944965606,0.002256066720239931,0.8063950150846922,0.0022566548126443263
0.8064320944965606,0.002256066720239931,0.8063950150846922,0.0022566548126443263
0.806356107349789,0.002244112040812843,0.8063190111130332,0.002244580169880092
0.806356107349789,0.002244112040812843,0.8063190111130332,0.002244580169880092
0.8063135545404089,0.002237617113459358,0.8062764343014306,0.002238065649956001
0.8063135545404089,0.002237617113459358,0.8062764343014306,0.002238065649956001
0.8062319660430342,0.002210841959522372,0.8061947874757008,0.0022113154477544903
0.8062319660430342,0.002210841959522372,0.8061947874757008,0.0022113154477544903
0.8062050312688832,0.0022156783531315405,0.8061678459253571,0.0022162234809583368
0.8062050312688832,0.0022156783531315405,0.8061678459253571,0.0022162234809583368
0.8060946427264432,0.0022672764804377225,0.8060574748730464,0.0022679024223910553
0.8060946427264432,0.0022672764804377225,0.8060574748730464,0.0022679024223910553
0.8060431181766013,0.002257612092998134,0.8060059128018189,0.0022582085324773372
0.8060431181766013,0.002257612092998134,0.8060059128018189,0.0022582085324773372
0.8059814125595155,0.0022727069583105284,0.8059441797502236,0.002273285350819322
0.8059814125595155,0.0022727069583105284,0.8059441797502236,0.002273285350819322
0.8059385103588657,0.0022845566033192267,0.8059012260420504,0.002285174241572245
0.8059385103588657,0.0022845566033192267,0.8059012260420504,0.002285174241572245
0.8058723438173218,0.0023116738728191466,0.8058349715737302,0.0023122316994839145
0.8058723438173218,0.0023116738728191466,0.8058349715737302,0.0023122316994839145
0.8057894866302803,0.0023526972794728996,0.8057520753990304,0.002353252389322067
0.8057894866302803,0.0023526972794728996,0.8057520753990304,0.002353252389322067
0.805720900280939,0.002311245033144709,0.8056834944858032,0.0023118378601503257
0.805720900280939,0.002311245033144709,0.8056834944858032,0.0023118378601503257
0.8056560701664285,0.0023503458415811878,0.8056186532436754,0.0023509879679912042
0.8056560701664285,0.0023503458415811878,0.8056186532436754,0.0023509879679912042
0.8056134302418754,0.002337474533857627,0.8055760453576568,0.002338048354272862
0.8056134302418754,0.002337474533857627,0.8055760453576568,0.002338048354272862
0.8054817579107553,0.0022991050805876642,0.8054443065099669,0.002299591899762871
0.8054817579107553,0.0022991050805876642,0.8054443065099669,0.002299591899762871
0.8054097388260836,0.0022565819220092104,0.8053722276607616,0.002257095749472632
0.8054097388260836,0.0022565819220092104,0.8053722276607616,0.002257095749472632
0.8053910308891356,0.0022644655848517796,0.8053535186712729,0.00226496756783488
0.8053910308891356,0.0022644655848517796,0.8053535186712729,0.00226496756783488
0.8053453929437591,0.002275014625112997,0.8053079180874037,0.002275586780631388
0.8053453929437591,0.002275014625112997,0.8053079180874037,0.002275586780631388
0.8053261482857715,0.0022782049894744584,0.8052886237607334,0.002278725414704978
0.8053261482857715,0.0022782049894744584,0.8052886237607334,0.002278725414704978
0.8051594754712188,0.002188512231132976,0.805121830283138,0.0021888081063951032
0.8051594754712188,0.002188512231132976,0.805121830283138,0.0021888081063951032
0.8051348135745849,0.002190770670745647,0.8050971778798315,0.002191054924606868
0.8051348135745849,0.002190770670745647,0.8050971778798315,0.002191054924606868
0.8049936756591738,0.0022780051928936694,0.80495596228583,0.002278291857478554
0.8049936756591738,0.0022780051928936694,0.80495596228583,0.002278291857478554
0.8049737610293312,0.002270162183469501,0.8049360077917548,0.002270474097720741
0.8049737610293312,0.002270162183469501,0.8049360077917548,0.002270474097720741
0.804956557714457,0.002293131562216547,0.8049187955612098,0.002293362145958268
0.804956557714457,0.002293131562216547,0.8049187955612098,0.002293362145958268
0.804782311302624,0.0023312865553580097,0.8047445365518021,0.0023315024240308153
0.804782311302624,0.0023312865553580097,0.8047445365518021,0.0023315024240308153
0.8047721359737421,0.0023075023239880433,0.8047343720170609,0.0023077084136036473
0.8047721359737421,0.0023075023239880433,0.8047343720170609,0.0023077084136036473
0.8046784298797895,0.0022049247206485188,0.8046405752644363,0.0022051160833692273
0.8046784298797895,0.0022049247206485188,0.8046405752644363,0.0022051160833692273
0.8046768058243441,0.0021727840833036974,0.8046389641543374,0.0021728535080381283
0.8046768058243441,0.0021727840833036974,0.8046389641543374,0.0021728535080381283
0.8045970882725383,0.002145647467499142,0.8045591799531575,0.002145659916554236
0.8045970882725383,0.002145647467499142,0.8045591799531575,0.002145659916554236
0.8045875475567682,0.0021879482676796175,0.8045497078900867,0.0021880394657511305
0.8045875475567682,0.0021879482676796175,0.8045497078900867,0.0021880394657511305
0.8045164502168779,0.002217983430726522,0.8044785562217193,0.0022180582099167317
0.8045164502168779,0.002217983430726522,0.8044785562217193,0.0022180582099167317
0.8044808264261073,0.0022327899981918965,0.8044428455959155,0.002232816361286158
0.8044808264261073,0.0022327899981918965,0.8044428455959155,0.002232816361286158
0.8043815516295384,0.0023334419332915095,0.8043435793498512,0.002333400673174325
0.8043815516295384,0.0023334419332915095,0.8043435793498512,0.002333400673174325
0.8042755257118154,0.0023744785559509673,0.8042375247893168,0.00237451479684283
0.8042755257118154,0.0023744785559509673,0.8042375247893168,0.00237451479684283
0.804273865005084,0.002437451450242852,0.8042358930694326,0.0024375126208168486
0.804273865005084,0.002437451450242852,0.8042358930694326,0.0024375126208168486
0.8042305171651087,0.002404741178543419,0.8041924760757784,0.002404818562751691
0.8042305171651087,0.002404741178543419,0.8041924760757784,0.002404818562751691
0.8041986117208539,0.0024114105270945665,0.8041605491380382,0.0024115219666258152
0.8041986117208539,0.0024114105270945665,0.8041605491380382,0.0024115219666258152
0.8041456135600005,0.0024418855667337623,0.8041074649548751,0.00244198691274685
0.8041456135600005,0.0024418855667337623,0.8041074649548751,0.00244198691274685
0.8040386216540286,0.0025377551006643528,0.8040003323049403,0.0025380495612438367
0.8040386216540286,0.0025377551006643528,0.8040003323049403,0.0025380495612438367
0.8039840266508758,0.0025851979896030263,0.8039457442971549,0.0025854532142201066
0.8039840266508758,0.0025851979896030263,0.8039457442971549,0.0025854532142201066
0.8039414999606457,0.002600731365939885,0.8039031883548479,0.00260095738618878
0.8039414999606457,0.002600731365939885,0.8039031883548479,0.00260095738618878
0.8038671725947113,0.002529189725749916,0.8038288280885034,0.0025294288679821517
0.8038671725947113,0.002529189725749916,0.8038288280885034,0.0025294288679821517
0.803788455421091,0.002491443131206701,0.8037500271773526,0.002491618251664385
0.803788455421091,0.002491443131206701,0.8037500271773526,0.002491618251664385
0.8037925732729626,0.0024721888944419634,0.8037541336890524,0.002472418922833211
0.8037925732729626,0.0024721888944419634,0.8037541336890524,0.002472418922833211
0.8037681714180422,0.0024612853938220775,0.8037297295990935,0.002461549337735923
0.8037681714180422,0.0024612853938220775,0.8037297295990935,0.002461549337735923
0.8037480369987374,0.0024878813470154515,0.8037095415282515,0.0024881893888486577
0.8037480369987374,0.0024878813470154515,0.8037095415282515,0.0024881893888486577
0.8036806733667714,0.002505472765600342,0.8036420936773518,0.002505799131452768
0.8036806733667714,0.002505472765600342,0.8036420936773518,0.002505799131452768
0.8035155465585735,0.0024273516410314526,0.8034768011421738,0.0024276353710876485
0.8035155465585735,0.0024273516410314526,0.8034768011421738,0.0024276353710876485
0.8034006000338533,0.0023948329750959787,0.8033617893803415,0.002395132121745815
0.8034006000338533,0.0023948329750959787,0.8033617893803415,0.002395132121745815
0.8033042328360093,0.0024332367467642104,0.8032653540407354,0.0024335141805560756
0.8033042328360093,0.0024332367467642104,0.8032653540407354,0.0024335141805560756
0.8032575655758588,0.002463510002865846,0.8032186729339502,0.0024638527606405964
0.8032575655758588,0.002463510002865846,0.8032186729339502,0.0024638527606405964
0.8032491404033847,0.002444784454349943,0.803210271773314,0.0024450684621484388
0.8032491404033847,0.002444784454349943,0.803210271773314,0.0024450684621484388
0.8032246803673925,0.002439974887252527,0.8031858106483787,0.0024403025573323835
0.8032246803673925,0.002439974887252527,0.8031858106483787,0.0024403025573323835
0.8031420348060058,0.0024238728861831816,0.8031030874180708,0.002424209060240108
0.8031420348060058,0.0024238728861831816,0.8031030874180708,0.002424209060240108
0.8030723605519325,0.002363079365812141,0.8030333771302823,0.0023634000821525386
0.8030723605519325,0.002363079365812141,0.8030333771302823,0.0023634000821525386
0.8029448740265707,0.002338436976958847,0.802905835645783,0.0023386823884902247
0.8029448740265707,0.002338436976958847,0.802905835645783,0.0023386823884902247
0.8028782000873047,0.0023726245883081004,0.8028391431711108,0.002372898996870508
0.8028782000873047,0.0023726245883081004,0.8028391431711108,0.002372898996870508
0.8028245558152138,0.002342881422924306,0.8027854830467206,0.0023431511914717915
0.8028245558152138,0.002342881422924306,0.8027854830467206,0.0023431511914717915
0.8028157160368675,0.002331963108541129,0.8027766302522326,0.0023322631669066194
0.8028157160368675,0.002331963108541129,0.8027766302522326,0.0023322631669066194
0.8027701891654857,0.0023233414663349585,0.8027310206529028,0.0023236478740355495
0.8027701891654857,0.0023233414663349585,0.8027310206529028,0.0023236478740355495
0.8027361125975236,0.0023020479901900578,0.8026969237912317,0.0023022605160046756
0.8027361125975236,0.0023020479901900578,0.8026969237912317,0.0023022605160046756
0.8026699806405382,0.0021714912266991076,0.8026308517438986,0.0021716715303579247
0.8026699806405382,0.0021714912266991076,0.8026308517438986,0.0021716715303579247
0.8025902432931368,0.0021202326911493614,0.8025510647375782,0.0021203688892657267
0.8025902432931368,0.0021202326911493614,0.8025510647375782,0.0021203688892657267
0.802480044520275,0.0020799195991246648,0.8024407914758325,0.002080030846723296
0.802480044520275,0.0020799195991246648,0.8024407914758325,0.002080030846723296
0.8024500194387703,0.002046344853610673,0.8024107428217795,0.0020464313403401532
0.8024500194387703,0.002046344853610673,0.8024107428217795,0.0020464313403401532
0.8023756273898199,0.0020676040370858,0.802336389362414,0.0020676544532292063
0.8023756273898199,0.0020676040370858,0.802336389362414,0.0020676544532292063
0.8023403080298163,0.0020658289684720877,0.8023010232327288,0.0020658403889432086
0.8023403080298163,0.0020658289684720877,0.8023010232327288,0.0020658403889432086
0.8022594431216297,0.0020480085163685825,0.8022201378819226,0.0020480454223352784
0.8022594431216297,0.0020480085163685825,0.8022201378819226,0.0020480454223352784
0.8021983911257852,0.0020333585985388173,0.8021590249415664,0.0020334522275559613
0.8021983911257852,0.0020333585985388173,0.8021590249415664,0.0020334522275559613
0.8021594997537369,0.002029955511823403,0.802120145196674,0.0020300383274814765
0.8021594997537369,0.002029955511823403,0.802120145196674,0.0020300383274814765
0.8020870570063217,0.0020610369667263062,0.8020476785221089,0.002061193563571404
0.8020870570063217,0.0020610369667263062,0.8020476785221089,0.002061193563571404
0.8020081777106706,0.002063366266881675,0.8019687716783764,0.002063583593585455
0.8020081777106706,0.002063366266881675,0.8019687716783764,0.002063583593585455
0.8019734611874382,0.002044739979528806,0.8019340029257599,0.0020449675691363817
0.8019734611874382,0.002044739979528806,0.8019340029257599,0.0020449675691363817
0.8019713356564836,0.002016007377246819,0.8019318733960666,0.00201622827848778
0.8019713356564836,0.002016007377246819,0.8019318733960666,0.00201622827848778
0.8019242398121371,0.0019511258929647646,0.8018847439043153,0.001951260260797636
0.8019242398121371,0.0019511258929647646,0.8018847439043153,0.001951260260797636
0.8018460786770495,0.0018901997980705053,0.801806568968687,0.001890346192283706
0.8018460786770495,0.0018901997980705053,0.801806568968687,0.001890346192283706
0.8017595969323763,0.0018955129874834607,0.8017200899083218,0.0018956644394731523
0.8017595969323763,0.0018955129874834607,0.8017200899083218,0.0018956644394731523
0.8017014812364872,0.0018738095794595905,0.8016619501741907,0.0018739686147099747
0.8017014812364872,0.0018738095794595905,0.8016619501741907,0.0018739686147099747
0.8016010208173083,0.0019393614466941878,0.8015613889258846,0.0019395524111169308
0.8016010208173083,0.0019393614466941878,0.8015613889258846,0.0019395524111169308
0.8015507223699462,0.0019203457746032417,0.8015110615300903,0.00192044058906721
0.8015507223699462,0.0019203457746032417,0.8015110615300903,0.00192044058906721
0.8014437424448955,0.0018955943879080406,0.801404012375683,0.0018956106603188667
0.8014437424448955,0.0018955943879080406,0.801404012375683,0.0018956106603188667
0.8013447707908083,0.0019415002319342356,0.8013049446360437,0.0019417102606983443
0.8013447707908083,0.0019415002319342356,0.8013049446360437,0.0019417102606983443
0.8013134353911049,0.0019254638182396241,0.801273591070838,0.0019256022344938208
0.8013134353911049,0.0019254638182396241,0.801273591070838,0.0019256022344938208
0.8012453681134964,0.0019564457503900706,0.8012055051105108,0.001956585825810416
0.8012453681134964,0.0019564457503900706,0.8012055051105108,0.001956585825810416
0.8012309894210556,0.001966426203307573,0.8011911183949773,0.0019666015379579817
0.8012309894210556,0.001966426203307573,0.8011911183949773,0.0019666015379579817
0.8011707481847669,0.0019644976912616186,0.8011308357060006,0.001964670941648019
0.8011707481847669,0.0019644976912616186,0.8011308357060006,0.001964670941648019
0.8010989457674036,0.001980862314327735,0.8010590457785977,0.0019810172775916357
0.8010989457674036,0.001980862314327735,0.8010590457785977,0.0019810172775916357
0.8010435342864808,0.0020138181826794836,0.8010036217624366,0.002013927396450692
0.8010435342864808,0.0020138181826794836,0.8010036217624366,0.002013927396450692
0.8010040889275795,0.0020313863413894194,0.8009642065601629,0.0020314933283626024
0.8010040889275795,0.0020313863413894194,0.8009642065601629,0.0020314933283626024
0.8008974389181649,0.0020563806731503315,0.800857489638015,0.002056536520813932
0.8008974389181649,0.0020563806731503315,0.800857489638015,0.002056536520813932
0.8008927773755049,0.0020459324263006557,0.8008528167545419,0.0020461517270869514
0.8008927773755049,0.0020459324263006557,0.8008528167545419,0.0020461517270869514
0.8008708993475289,0.002065350005046719,0.8008309553117285,0.0020654619143312247
0.8008708993475289,0.002065350005046719,0.8008309553117285,0.0020654619143312247
0.8007998277195284,0.0020896873044256815,0.8007597837466293,0.0020898249867684093
0.8007998277195284,0.0020896873044256815,0.8007597837466293,0.0020898249867684093
0.8007745546387273,0.0021143867901514545,0.8007344825561912,0.002114502240696989
0.8007745546387273,0.0021143867901514545,0.8007344825561912,0.002114502240696989
0.8007625977426818,0.0021213502548836378,0.8007225217406045,0.0021214374372064897
0.8007625977426818,0.0021213502548836378,0.8007225217406045,0.0021214374372064897
0.8007025191752362,0.0020618212377221125,0.8006624636806758,0.0020619272254144816
0.8007025191752362,0.0020618212377221125,0.8006624636806758,0.0020619272254144816
0.8006463185475653,0.002082075263423763,0.8006061884633249,0.0020821667181440033
0.8006463185475653,0.002082075263423763,0.8006061884633249,0.0020821667181440033
0.8006322636776997,0.002093425557505185,0.8005921220115603,0.002093531940279751
0.8006322636776997,0.002093425557505185,0.8005921220115603,0.002093531940279751
0.8005535296830806,0.0021110622348632082,0.8005133928483913,0.0021111571228880546
0.8005535296830806,0.0021110622348632082,0.8005133928483913,0.0021111571228880546
0.8004637979396712,0.0021271856020677986,0.8004236055507917,0.002127322886388982
0.8004637979396712,0.0021271856020677986,0.8004236055507917,0.002127322886388982
0.8004160493270529,0.0021452866419906184,0.8003759620754822,0.0021454083761473144
0.8004160493270529,0.0021452866419906184,0.8003759620754822,0.0021454083761473144
0.80038468232332,0.0021808393582028475,0.8003445731387904,0.0021809320230503546
0.80038468232332,0.0021808393582028475,0.8003445731387904,0.0021809320230503546
0.8003054999579687,0.0022151886742562137,0.8002653405476516,0.00221535010664531
0.8003054999579687,0.0022151886742562137,0.8002653405476516,0.00221535010664531
0.8002423679805964,0.002244225817200133,0.8002022085510884,0.0022443624528650117
0.8002423679805964,0.002244225817200133,0.8002022085510884,0.0022443624528650117
0.8001958827575608,0.0022858963122947265,0.8001556846373559,0.0022860348475740575
0.8001958827575608,0.0022858963122947265,0.8001556846373559,0.0022860348475740575
0.8001439949747364,0.0023003783816652195,0.800103759740835,0.0023005111643046483
0.8001439949747364,0.0023003783816652195,0.800103759740835,0.0023005111643046483
0.8001481622064798,0.0022755939487064288,0.8001079537631701,0.0022756718726368265
0.8001481622064798,0.0022755939487064288,0.8001079537631701,0.0022756718726368265
0.8001266116371205,0.0022974495985606416,0.8000863456176013,0.0022975415606245352
0.8001266116371205,0.0022974495985606416,0.8000863456176013,0.0022975415606245352
0.8000139668502593,0.002377716112214049,0.7999735886808624,0.0023777821243464144
0.8000139668502593,0.002377716112214049,0.7999735886808624,0.0023777821243464144
0.8000204190730644,0.0023840488652470625,0.7999800201450676,0.0023840710684102646
0.8000204190730644,0.0023840488652470625,0.7999800201450676,0.0023840710684102646
0.7999905273722954,0.0023955553400245564,0.7999501245384734,0.0023955898783775817
0.7999905273722954,0.0023955553400245564,0.7999501245384734,0.0023955898783775817
0.7999246395709675,0.002421139539760669,0.799884227368434,0.0024212719026717035
0.7999246395709675,0.002421139539760669,0.799884227368434,0.0024212719026717035
0.7999149956058058,0.002425780002422001,0.7998746028242374,0.002425949331967532
0.7999149956058058,0.002425780002422001,0.7998746028242374,0.002425949331967532
0.7998590236179559,0.002430672923718988,0.7998186315702982,0.002430782467521903
0.7998590236179559,0.002430672923718988,0.7998186315702982,0.002430782467521903
0.7998132506362399,0.002399219703469913,0.7997728719585251,0.0023992858154503025
0.7998132506362399,0.002399219703469913,0.7997728719585251,0.0023992858154503025
0.7997191842167679,0.002352410195270127,0.7996786618408297,0.002352444595277222
0.7997191842167679,0.002352410195270127,0.7996786618408297,0.002352444595277222
0.7996963979641416,0.0023525098398508365,0.799655882399721,0.0023525187707023956
0.7996963979641416,0.0023525098398508365,0.799655882399721,0.0023525187707023956
0.7996076131821191,0.002353426439598388,0.7995669858403165,0.0023534518843168354
0.7996076131821191,0.002353426439598388,0.7995669858403165,0.0023534518843168354
0.7995768498103717,0.0023530911041648277,0.7995362440653453,0.0023531202141861547
0.7995768498103717,0.0023530911041648277,0.7995362440653453,0.0023531202141861547
0.7995511360561663,0.002328397447301454,0.7995105146847716,0.002328413262542518
0.7995511360561663,0.002328397447301454,0.7995105146847716,0.002328413262542518
0.7995657018797255,0.002318877974158725,0.7995251308136591,0.0023187533959409807
0.7995657018797255,0.002318877974158725,0.7995251308136591,0.0023187533959409807
0.799520690793544,0.0023308644008379576,0.7994800631598589,0.0023307846320473977
0.799520690793544,0.0023308644008379576,0.7994800631598589,0.0023307846320473977
0.7994459313172306,0.0023268515514434708,0.7994052342892368,0.0023267970146550188
0.7994459313172306,0.0023268515514434708,0.7994052342892368,0.0023267970146550188
0.7994384983924263,0.0023465325809966615,0.799397783426025,0.002346468931186325
0.7994384983924263,0.0023465325809966615,0.799397783426025,0.002346468931186325
0.799403504772223,0.0023525002114042205,0.7993627570975843,0.002352466783688037
0.799403504772223,0.0023525002114042205,0.7993627570975843,0.002352466783688037
0.7993149927241152,0.0023737719134270916,0.7992742254527065,0.0023737220412578955
0.7993149927241152,0.0023737719134270916,0.7992742254527065,0.0023737220412578955
0.7992471366975553,0.002385303401395953,0.7992062720594225,0.0023852460352880756
0.7992471366975553,0.002385303401395953,0.7992062720594225,0.0023852460352880756
0.7991974918206866,0.002402381537136706,0.799156626581605,0.0024023379686546587
0.7991974918206866,0.002402381537136706,0.799156626581605,0.0024023379686546587
0.7992022002080534,0.002395860082993351,0.7991613668494477,0.002395751859640944
0.7992022002080534,0.002395860082993351,0.7991613668494477,0.002395751859640944
0.7991473101657303,0.0023914476685435054,0.7991064472985994,0.0023913376250746833
0.7991473101657303,0.0023914476685435054,0.7991064472985994,0.0023913376250746833
0.7990929324527442,0.0023700090101197785,0.7990519858125928,0.0023698437415335324
0.7990929324527442,0.0023700090101197785,0.7990519858125928,0.0023698437415335324
0.7990282560934059,0.00233974052547183,0.7989872812198147,0.002339567049414682
0.7990282560934059,0.00233974052547183,0.7989872812198147,0.002339567049414682
0.7989886427647073,0.0023095934479687033,0.7989476449591024,0.002309383141334074
0.7989886427647073,0.0023095934479687033,0.7989476449591024,0.002309383141334074
0.7989553921796076,0.00230350333572375,0.7989143494089912,0.0023033185080556942
0.7989553921796076,0.00230350333572375,0.7989143494089912,0.0023033185080556942
0.7989151728780344,0.002310691961323787,0.7988741228204347,0.002310504022087711
0.7989151728780344,0.002310691961323787,0.7988741228204347,0.002310504022087711
0.7988725694139793,0.002324800511872015,0.7988315018854235,0.0023245212205519495
0.7988725694139793,0.002324800511872015,0.7988315018854235,0.0023245212205519495
0.798775557330795,0.002239407385143223,0.7987344506849274,0.0022391198674943454
0.798775557330795,0.002239407385143223,0.7987344506849274,0.0022391198674943454
0.7987532536473461,0.002249074363925469,0.7987121119446291,0.002248789329633454
0.7987532536473461,0.002249074363925469,0.7987121119446291,0.002248789329633454
0.7987113697852016,0.0022653677306486084,0.7986702686637839,0.0022650004382060466
0.7987113697852016,0.0022653677306486084,0.7986702686637839,0.0022650004382060466
0.7986461589851332,0.002281087060313223,0.7986050337611004,0.0022807377470105525
0.7986461589851332,0.002281087060313223,0.7986050337611004,0.0022807377470105525
0.7985550472608092,0.0023131589811928445,0.7985138612430676,0.0023128481223595658
0.7985550472608092,0.0023131589811928445,0.7985138612430676,0.0023128481223595658
0.7985089317121553,0.0023392004626030306,0.7984677637065206,0.0023389414397854977
0.7985089317121553,0.0023392004626030306,0.7984677637065206,0.0023389414397854977
0.798459022290365,0.0023313278956177946,0.79841780091155,0.0023310682979904448
0.798459022290365,0.0023313278956177946,0.79841780091155,0.0023310682979904448
0.7983998645548036,0.0022998428667165933,0.7983586052367307,0.002299571826148779
0.7983998645548036,0.0022998428667165933,0.7983586052367307,0.002299571826148779
0.7983548733239898,0.002317605054809503,0.798313569373337,0.002317286922014399
0.7983548733239898,0.002317605054809503,0.798313569373337,0.002317286922014399
0.7983321371083181,0.0023174780147483575,0.7982907928758565,0.00231717117459541
0.7983321371083181,0.0023174780147483575,0.7982907928758565,0.00231717117459541
0.7982959282649897,0.0022910966957070235,0.798254542763156,0.002290771006373838
0.7982959282649897,0.0022910966957070235,0.798254542763156,0.002290771006373838
0.7982679627881604,0.002308501428467902,0.7982265285951508,0.0023082072209583554
0.7982679627881604,0.002308501428467902,0.7982265285951508,0.0023082072209583554
0.7982337341441039,0.002302287684731238,0.7981923232734651,0.0023019932366667786
0.7982337341441039,0.002302287684731238,0.7981923232734651,0.0023019932366667786
0.7981799481214733,0.0022904948626529856,0.7981385257376015,0.002290196863856445
0.7981799481214733,0.0022904948626529856,0.7981385257376015,0.002290196863856445
0.798105311110705,0.0023508294989355552,0.798063802230344,0.0023504764244921096
0.798105311110705,0.0023508294989355552,0.798063802230344,0.0023504764244921096
0.7980849140504136,0.002343488494059772,0.7980433841111189,0.00234310969333447
0.7980849140504136,0.002343488494059772,0.7980433841111189,0.00234310969333447
0.7980079908093095,0.002378947127290732,0.7979664213388304,0.00237851879002555
0.7980079908093095,0.002378947127290732,0.7979664213388304,0.00237851879002555
0.7979778100655798,0.002395372171122033,0.7979362170056292,0.0023949539431608997
0.7979778100655798,0.002395372171122033,0.7979362170056292,0.0023949539431608997
0.7979095010908495,0.002404703194982409,0.797867837486437,0.0024043584496716906
0.7979095010908495,0.002404703194982409,0.797867837486437,0.0024043584496716906
0.7979006538679891,0.0023604196156706146,0.7978589859437786,0.0023600632782759755
0.7979006538679891,0.0023604196156706146,0.7978589859437786,0.0023600632782759755
0.797865185575542,0.002350517186823911,0.7978235078966264,0.002350163643612568
0.797865185575542,0.002350517186823911,0.7978235078966264,0.002350163643612568
0.7978370688200807,0.0023698596643427394,0.7977953789393127,0.002369522684013126
0.7978370688200807,0.0023698596643427394,0.7977953789393127,0.002369522684013126
0.7978246268851825,0.002364903162641189,0.797782951192931,0.0023645661767422613
0.7978246268851825,0.002364903162641189,0.797782951192931,0.0023645661767422613
0.7977897765058761,0.002376791757668366,0.7977480946509706,0.00237647095953691
0.7977897765058761,0.002376791757668366,0.7977480946509706,0.00237647095953691
0.7977582872378465,0.0023730252607900007,0.7977165640546133,0.0023727071495924556
0.7977582872378465,0.0023730252607900007,0.7977165640546133,0.0023727071495924556
0.7977387973079054,0.0023740030669150048,0.7976970724942103,0.0023736509414416015
0.7977387973079054,0.0023740030669150048,0.7976970724942103,0.0023736509414416015
0.7977193486445219,0.0023443688184467968,0.7976776179539947,0.0023439790635287196
0.7977193486445219,0.0023443688184467968,0.7976776179539947,0.0023439790635287196
0.7976656865861248,0.002380077220310949,0.7976239410701033,0.002379664237933694
0.7976656865861248,0.002380077220310949,0.7976239410701033,0.002379664237933694
0.7976123989035075,0.0024069938318079117,0.7975706109221339,0.0024066164412951513
0.7976123989035075,0.0024069938318079117,0.7975706109221339,0.0024066164412951513
0.7975650364133071,0.0024268435069652707,0.7975231728803629,0.0024264856630928176
0.7975650364133071,0.0024268435069652707,0.7975231728803629,0.0024264856630928176
0.797591659022667,0.0024151548817485905,0.797549836023246,0.0024147771056002446
0.797591659022667,0.0024151548817485905,0.797549836023246,0.0024147771056002446
0.7975568198570486,0.0024362167897851303,0.7975149912783379,0.002435842888179985
0.7975568198570486,0.0024362167897851303,0.7975149912783379,0.002435842888179985
0.7975242763560109,0.0024333270304320617,0.7974824563765498,0.0024329570605005654
0.7975242763560109,0.0024333270304320617,0.7974824563765498,0.0024329570605005654
0.7975076072638996,0.002485032359556815,0.7974657545573762,0.00248472314567404
0.7975076072638996,0.002485032359556815,0.7974657545573762,0.00248472314567404
0.7974419020604893,0.0025122119795398753,0.7973999764178507,0.0025119708059178248
0.7974419020604893,0.0025122119795398753,0.7973999764178507,0.0025119708059178248
0.7974079036369216,0.0025207540965425197,0.7973659760278704,0.0025205271695247808
0.7974079036369216,0.0025207540965425197,0.7973659760278704,0.0025205271695247808
0.7973812812338633,0.0025576694403363037,0.7973393565827868,0.002557435576341276
0.7973812812338633,0.0025576694403363037,0.7973393565827868,0.002557435576341276
0.7972689148863094,0.0024499010900055646,0.7972269050337549,0.002449570760598261
0.7972689148863094,0.0024499010900055646,0.7972269050337549,0.002449570760598261
0.797213151207549,0.0024815739130896425,0.7971711041911014,0.0024812665823121323
0.797213151207549,0.0024815739130896425,0.7971711041911014,0.0024812665823121323
0.7971432568142316,0.002491193030923185,0.7971011586734887,0.0024909468318926524
0.7971432568142316,0.002491193030923185,0.7971011586734887,0.0024909468318926524
0.7971229554820634,0.0024631467510029315,0.7970808538825545,0.002462923409602974
0.7971229554820634,0.0024631467510029315,0.7970808538825545,0.002462923409602974
0.7971054289427463,0.002467131927994364,0.7970632959397579,0.0024669491630277185
0.7971054289427463,0.002467131927994364,0.7970632959397579,0.0024669491630277185
0.7970220408444335,0.002459673005928281,0.7969798604554049,0.0024595096798408892
0.7970220408444335,0.002459673005928281,0.7969798604554049,0.0024595096798408892
0.7969013108288178,0.0025136867036482566,0.7968591188467147,0.0025134933294127344
0.7969013108288178,0.0025136867036482566,0.7968591188467147,0.0025134933294127344
0.7968340013044847,0.002557261413055411,0.7967917687195275,0.002557059789269005
0.7968340013044847,0.002557261413055411,0.7967917687195275,0.002557059789269005
0.7967684451880267,0.0025427423961861748,0.7967261447805997,0.0025425025672916207
0.7967684451880267,0.0025427423961861748,0.7967261447805997,0.0025425025672916207
0.7967422872744505,0.0025418039218163086,0.7967000078205132,0.002541572695422953
0.7967422872744505,0.0025418039218163086,0.7967000078205132,0.002541572695422953
0.7967056661109649,0.0025537944677045147,0.796663366947957,0.0025536442427064737
0.7967056661109649,0.0025537944677045147,0.796663366947957,0.0025536442427064737
0.7966646199593779,0.002569244940966222,0.7966222436522215,0.0025691482216210083
0.7966646199593779,0.002569244940966222,0.7966222436522215,0.0025691482216210083
0.796614121999583,0.002586335525848122,0.7965717398966501,0.0025862688749637877
0.796614121999583,0.002586335525848122,0.7965717398966501,0.0025862688749637877
0.7965631429846838,0.002596128446499653,0.79652074132104,0.0025960878681594588
0.7965631429846838,0.002596128446499653,0.79652074132104,0.0025960878681594588
0.7964665763591928,0.002613123730620702,0.7964241149729278,0.002613054122206352
0.7964665763591928,0.002613123730620702,0.7964241149729278,0.002613054122206352
0.7963832181134279,0.002660052130539602,0.7963406749129895,0.002660058739439009
0.7963832181134279,0.002660052130539602,0.7963406749129895,0.002660058739439009
0.7962822949268994,0.0027018515024415683,0.796239700589054,0.002701901346252072
0.7962822949268994,0.0027018515024415683,0.796239700589054,0.002701901346252072
0.7962313690751863,0.0027074621551336844,0.7961887134010308,0.0027076113223356364
0.7962313690751863,0.0027074621551336844,0.7961887134010308,0.0027076113223356364
0.7961866498686859,0.002733357981328261,0.7961439618866323,0.0027335018465642377
0.7961866498686859,0.002733357981328261,0.7961439618866323,0.0027335018465642377
0.7961552361121222,0.002744154075276289,0.7961125002022308,0.0027442800613434216
0.7961552361121222,0.002744154075276289,0.7961125002022308,0.0027442800613434216
0.7961188890368311,0.0027695700517909572,0.7960761199075398,0.0027696996636945984
0.7961188890368311,0.0027695700517909572,0.7960761199075398,0.0027696996636945984
0.7960801231409429,0.0027968869096654486,0.7960373275190171,0.0027970602885724646
0.7960801231409429,0.0027968869096654486,0.7960373275190171,0.0027970602885724646
0.7960132956358424,0.002865347403106701,0.7959705262964136,0.0028655977303102655
0.7960132956358424,0.002865347403106701,0.7959705262964136,0.0028655977303102655
0.7959524039972605,0.0028746056692555005,0.7959095750896052,0.0028749067565246446
0.7959524039972605,0.0028746056692555005,0.7959095750896052,0.0028749067565246446
0.7958718078186571,0.0029043247208943882,0.7958288819619483,0.0029046979279510657
0.7958718078186571,0.0029043247208943882,0.7958288819619483,0.0029046979279510657
0.7958618764402139,0.0029065001840629227,0.795818957367792,0.0029068658272343403
0.7958618764402139,0.0029065001840629227,0.795818957367792,0.0029068658272343403
0.795836707970362,0.0028973748633177613,0.7957937575443622,0.002897715517081872
0.795836707970362,0.0028973748633177613,0.7957937575443622,0.002897715517081872
0.795812482558534,0.0028994441348368007,0.7957695385796859,0.002899736640101411
0.795812482558534,0.0028994441348368007,0.7957695385796859,0.002899736640101411
0.7957880044877557,0.0028916842951592953,0.7957450398448567,0.0028920092334938836
0.7957880044877557,0.0028916842951592953,0.7957450398448567,0.0028920092334938836
0.7957136863911946,0.002891171902518228,0.7956706683304744,0.002891509184441094
0.7957136863911946,0.002891171902518228,0.7956706683304744,0.002891509184441094
