0.8126894984310595,1.1102230246251565e-16,0.8126568354471491,0.0
0.8122903039134635,0.0008741046804234483,0.8122575257331717,0.0008755893527067237
0.8113349577292215,0.0017864261623645864,0.8113022044509798,0.0017886964954031833
0.8108621014751878,0.002864075371575011,0.8108286885531838,0.002867756681044704
0.8106347745422164,0.002928333385530427,0.8106007311068624,0.002931532056615348
0.810347609737673,0.0028791188718490708,0.810313380572868,0.0028822345112610296
0.810347609737673,0.0028791188718490708,0.810313380572868,0.0028822345112610296
0.8095430683422912,0.004074269642992023,0.8095085958433869,0.0040785839232543065
0.809337905753529,0.0040044714104965125,0.809303632114559,0.004008943463471558
0.8093488498701437,0.003985130766789681,0.8093147049634549,0.00398980470020092
0.8087222062554018,0.0043762540836967505,0.8086873841884603,0.004381195002792292
0.8079515854378153,0.0044823967418628425,0.8079163068178978,0.004486994193433154
0.8076636810849139,0.004480439849654688,0.8076283368348592,0.004485141307975417
0.8072852463449782,0.004397795322753165,0.8072500486406534,0.004402685494999294
0.8069096022123775,0.004475182451422577,0.8068746651838644,0.004479953814911842
0.8067312853186724,0.004433525995492507,0.8066962480889895,0.004438190616494327
0.806036487943701,0.004405927897781938,0.8060009609310663,0.004410767812687031
0.8060092554454117,0.004384786690790649,0.8059738488634872,0.004389831983681074
0.8045049945007243,0.00528542492548228,0.8044676157188461,0.005290174627061581
0.8031054946410322,0.0065338396488233775,0.8030676315323602,0.006538160946714962
0.8030635335408898,0.006583696844612814,0.8030256511760611,0.006588043433026737
0.8023150308786828,0.006621612155073439,0.802277345783199,0.006625046728497264
0.8027373210723321,0.00626291768251078,0.802699994746933,0.006267058401949284
0.8024079702039982,0.006119729715046557,0.8023702786622277,0.006123982141385899
0.8024079702039982,0.006119729715046557,0.8023702786622277,0.006123982141385899
0.8014764628353118,0.005854778383465889,0.8014386750410454,0.005858469537858623
0.8011025800292322,0.005675308674268538,0.8010638685276588,0.005679187253547797
0.8003999747365063,0.005567541537197932,0.8003609158563265,0.0055719671648977705
0.8002467863714168,0.005894085835738197,0.8002075618368251,0.005898786168494573
0.8000705926089658,0.006000313223964028,0.8000311972353101,0.0060052078838179245
0.7993338738005359,0.0065107399479982534,0.7992942626191539,0.006516641330710248
0.7987986991978342,0.007171189436615004,0.7987588198653666,0.007177080519553716
0.7980210191312482,0.007918264526063727,0.797980429744934,0.007925152935891128
0.7975318274561884,0.007612393366529534,0.7974908867684454,0.007618515073769142
0.7952799735016289,0.009821717292403017,0.795237638085991,0.009829528872324142
0.7941787547059593,0.009805786660239745,0.7941360141362257,0.009812736817313658
0.793983218381632,0.009697315551296133,0.7939398126522855,0.00970387104399144
0.7931223091093905,0.010509280377711526,0.7930772165325204,0.010517252458326668
0.7928921148845134,0.010359622281512318,0.79284720803913,0.010367790635175296
0.7919991740671838,0.010763390137995472,0.7919530136544382,0.010771820980334
0.7914781608510495,0.011915477902188762,0.7914314094278023,0.011923986739372325
0.7913364302735149,0.011845836416724098,0.7912896762392951,0.011854218808438429
0.7910522885084069,0.01177425757510291,0.7910053321738002,0.011782693804782696
0.7894012508873907,0.012801479277721258,0.7893547492496389,0.012809230080741684
0.7877595948846422,0.013111073786474973,0.7877106306461052,0.013118687512526327
0.7872640988804342,0.013804737471514672,0.7872151912958516,0.013811895584947793
0.7852895284762049,0.013532772425846103,0.7852393406891065,0.01353959692394719
0.7835024676587514,0.013277697750398542,0.783451267662246,0.013285225338529317
0.782874683532581,0.012919730155058783,0.78282382564842,0.012927541479275623
0.782874683532581,0.012919730155058783,0.78282382564842,0.012927541479275623
0.7809258496444819,0.013241284531117637,0.7808735251693802,0.013248987688410058
0.7806516526576828,0.01435440951041107,0.7805991516423034,0.01436284333950088
0.7795407627796964,0.013238749197715286,0.779487143201612,0.013246693480841848
0.7792646506129214,0.013919079960450508,0.7792110809943724,0.01392686015608255
0.7784047078429117,0.014425382178771992,0.7783505591588944,0.014433669106943294
0.7775021238673678,0.015222583857073948,0.7774466954725497,0.015231839307119494
0.7769330361117783,0.014984543856430301,0.776877846602316,0.014994294544665299
0.775987592425411,0.014769276632341243,0.7759295195915134,0.014778443329690283
0.7751317039683843,0.015506190206508298,0.7750734354230088,0.015514705987368356
0.774802223479176,0.014830153128011647,0.7747435611781375,0.014838920275798785
0.7746582596263616,0.014769871216910972,0.7745992578143293,0.014778311560880811
0.7738005713748392,0.014957796124414079,0.7737404862626169,0.014966325387184589
0.7735505312222509,0.014943240710922956,0.773490450828999,0.014951870709263267
0.7730202814730969,0.0148094938932935,0.7729598267427217,0.014818235758881405
0.7716903381341044,0.016261133532415022,0.7716289063266406,0.016270714014565944
0.769879383794337,0.01632464189548172,0.7698152101910896,0.016334124122249424
0.7688816206795254,0.017458871318880395,0.7688164619866719,0.017470657193723343
0.767853324220765,0.01795654794454984,0.7677878134538061,0.01796833943480545
0.767853324220765,0.01795654794454984,0.7677878134538061,0.01796833943480545
0.7680050495281651,0.01707087131111112,0.7679400553470865,0.01708169642208728
0.7665707966289057,0.01668325156313005,0.7665044426550407,0.016693708535222125
0.7649249261448984,0.018682768625840798,0.7648570888918168,0.018695713959855875
0.7638163301665564,0.019734261194197356,0.7637477568385207,0.019748224910839406
0.7630685186433936,0.019360840508424005,0.7629991100316378,0.019374628894374454
0.7619941686435059,0.020033208135172863,0.7619252587106515,0.020046957569162895
0.7609430089159712,0.019944011643498086,0.7608735267664697,0.019958330977376197
0.7609430089159712,0.019944011643498086,0.7608735267664697,0.019958330977376197
0.7599851596881235,0.020017469316748554,0.75991451302113,0.02003203418847199
0.759409070662737,0.020051387958070547,0.7593379828435802,0.020065996007637803
0.7592350177656305,0.019801482377351597,0.7591635240287611,0.019815534266568225
0.75838171695523,0.02093220125695734,0.7583094894127922,0.02094718487302231
0.7580247672413781,0.020718304076184205,0.7579526335653869,0.020733183214684703
0.7579642574602913,0.020576890409046377,0.7578919704717749,0.02059134359668975
0.7557119966363807,0.019988368527169852,0.7556394106059721,0.020000958081751365
0.7538476426002836,0.02262095672170495,0.7537736570836027,0.022635133740077383
0.7539161371207651,0.022052251628237915,0.7538420614243747,0.022065388205968536
0.7518846013641106,0.02175092251767073,0.7518087514754611,0.02176410706844952
0.7491614581618647,0.02188667049124608,0.7490831825604253,0.021899653906719736
0.7474775746606326,0.023305751560309514,0.7473983965487061,0.02331952781725202
0.7440511369760089,0.022478714485605133,0.743969401837533,0.02249324269879369
0.7431304937608942,0.02132038508497151,0.7430470654679466,0.02133367079968205
0.740083011858915,0.02561434775807362,0.7399958811356747,0.025633641546792135
0.7375753094361719,0.02658765112441616,0.7374854803631206,0.026608070866565005
0.7356171577667354,0.02922114699581839,0.735527482294899,0.029240906212746574
0.7364107991634037,0.02851612792543022,0.7363215208827991,0.028535078241220205
0.7350321675028566,0.02764552514796269,0.7349420431032693,0.027664358744675103
0.7327138952202431,0.02721495978180778,0.7326232848431224,0.02723418068600943
0.7302480543825771,0.03126849334342608,0.7301571200668883,0.03128776691504384
0.7286059399035423,0.030337880352419914,0.7285139334333227,0.030356740171494888
0.7279114818677959,0.030035473616468886,0.7278192862643122,0.030054610137320793
0.7329724247781054,0.019592485389285555,0.7328877768144098,0.01959979825258344
0.7328371863471344,0.019281984409339772,0.7327524325613104,0.019289095626997144
0.7311881789007905,0.01953916345983772,0.7311037833801804,0.019543823842917543
0.7290476705239486,0.02092129441798459,0.7289616278771607,0.020932659300286118
0.7271595586501097,0.0231964980419441,0.7270711788508172,0.023212125789348823
0.7211448450225564,0.025611220313785356,0.721053738670075,0.025633482880171372
0.7187796721189837,0.027072837208155,0.7186863376064655,0.0270954963103195
0.7097178144335583,0.036544468364980064,0.7096206961601255,0.036570392784621965
0.708612509135307,0.0364367569921831,0.7085146683222693,0.03646347191156196
0.6986333842785536,0.05990656626931783,0.6985223426629199,0.059963608574673234
0.6960405984615873,0.05983136489708048,0.6959274854421306,0.059889605105589924
0.6969092974107811,0.05993782791235187,0.6967982836247997,0.05999611014738876
0.697118656053655,0.060219364206971104,0.6970085144270518,0.06027826641370595
0.6994716144810155,0.050493036248462825,0.6993736311751816,0.05051984321274264
0.6957640865768802,0.0537859303578179,0.6956633514339902,0.053818465147235824
0.6841011791286309,0.06922510021873371,0.6839882693259598,0.06928360261367035
0.6826191444613958,0.07178532624435179,0.6825050276235929,0.0718445219524218
0.6802950144846182,0.07896853728377948,0.680176222927231,0.07904555840437176
0.6795951588724745,0.07822947995182195,0.6794754009152214,0.07830533851873794
0.6795951588724745,0.07822947995182195,0.6794754009152214,0.07830533851873794
0.6770223617357202,0.07675793512282793,0.6769004457515115,0.07683223810662645
0.673598695964805,0.07895421523396652,0.6734712593334949,0.07903552489189122
0.6659985592894337,0.09654200624747238,0.6658570548324196,0.09666108287411082
0.6648653575837062,0.09609802575801075,0.6647225715551931,0.09621674540641745
0.6630023191444625,0.09683234553054784,0.6628565084008071,0.09695367290864146
0.6589916121691728,0.10010418036101965,0.658840294207868,0.1002315953675632
0.6595910284621687,0.101005720143925,0.6594405339776921,0.10113312581472723
0.6573932576309239,0.09999651856985999,0.6572415311257302,0.10012442991248094
0.6535082879871391,0.10628182950183565,0.6533461205677159,0.10642461401552585
0.6530809809386474,0.1060120810755724,0.6529184425639442,0.10615475157191441
0.6529326611964711,0.10608172891994141,0.6527692213890661,0.1062242075526925
0.6493914421843965,0.10502534967604918,0.6492237883922958,0.10516662288460907
0.6476417923092661,0.11046033707607618,0.647467051697434,0.1106194390774188
0.6441883505098065,0.11398278115510094,0.6440070488741093,0.11415573536664228
0.6383169791106907,0.11148680270808585,0.6381320206032687,0.11165646506263148
0.6378324505735,0.11099193975221276,0.6376473906853912,0.1111617989441867
0.6345716598994231,0.11004416768721965,0.6343850342750914,0.11021367485467942
0.6323675902139179,0.11467173123847017,0.6321743778361206,0.11485842784725421
0.6287110651276777,0.12063829560815291,0.6285111111105385,0.12083425530669702
0.6291039885370002,0.12357270915018355,0.6289031020537914,0.12377111173652298
0.6214920164450342,0.12302277723062462,0.6212813826636044,0.12322343609435368
0.617277418464355,0.12057469589683563,0.6170642290794601,0.12077198296781155
0.6075395635343165,0.11757039656372689,0.6073149743055299,0.11776456286266451
0.6069509986653745,0.11756246246115912,0.6067263556576898,0.11775832899341529
0.6044942639064924,0.11708652067847185,0.6042666463034699,0.11728034867395926
0.6030580481054326,0.11711657147928436,0.6028278373281294,0.1173100908478287
0.6001020866090528,0.11579010101742923,0.5998693258067591,0.11598264623110652
0.5995184023033542,0.11527749029136383,0.599285134029876,0.11546979705871756
0.5890711027425496,0.11838414814319206,0.5888212783924387,0.11857838352945041
0.58236632589039,0.12170304881696634,0.5821072937917051,0.12190084786825553
0.5798413696104695,0.12256734004998766,0.5795765884365185,0.12277038466995976
0.5785358979806583,0.12118991712669684,0.5782712622790762,0.12139384886043078
0.5721292876774724,0.12018960266290833,0.5718558357295389,0.1203987334184394
0.5677935997065386,0.12044979901203394,0.5675136995287018,0.1206650226547572
0.5589221044329951,0.12338443815712094,0.5586287512841155,0.12360839598118528
0.5628114389436568,0.12528968186320058,0.5625189708292588,0.125516099960573
0.5599159039055575,0.12724886355498785,0.559623326671311,0.12747791282952162
0.5592318228451647,0.12785531580093132,0.5589355768250784,0.1280888345296476
0.5592318228451647,0.12785531580093132,0.5589355768250784,0.1280888345296476
0.5580536479729284,0.12701687964368866,0.5577557710318679,0.12724948539395334
0.5563916300941738,0.12674152035927685,0.5560916408123793,0.12697180333886168
0.5563732415011874,0.1267713651099311,0.5560733580287167,0.12700148234274078
0.5560794807862627,0.12720161066509625,0.5557780579182288,0.1274340592852101
0.5530981300092728,0.12450944565483428,0.5527938081570853,0.12474099474588392
0.5460465450846078,0.12335342877219455,0.5457311758734319,0.12359034911226584
0.5468746306301566,0.12469563663050413,0.5465600667520962,0.12493367909700713
0.5436930709760712,0.12315238122587757,0.5433779274571562,0.12339114699211418
0.5361046131019451,0.11822897027762394,0.5357823216909532,0.1184660644382473
0.543174827563972,0.12435214775475724,0.5428594522925014,0.12459329129988028
0.5423304850055223,0.12387019249623356,0.5420162628102282,0.12411013292642496
0.5269565810200233,0.11827354655088869,0.5266241048678444,0.11850681826264121
0.5203957390227665,0.1156986380106479,0.5200547189016582,0.11593009499246032
0.5168675013628137,0.1153362240477308,0.5165186773574715,0.11556578946528133
0.5135978573344177,0.11359360623081445,0.5132444604955678,0.11382208140099452
0.5053945532065767,0.10813060521017324,0.5050289126399793,0.10834380152327758
0.5019013055220327,0.10877079532591385,0.5015318826835861,0.10898631342898743
0.489100726061103,0.11177774406984359,0.4887068481632403,0.1119897946582985
0.49427864268844146,0.11545657014614888,0.4938910850558126,0.11567213576650838
0.49303657642000864,0.11593679860800968,0.49264624667811735,0.1161538967190729
0.4929973985432029,0.11588985719109415,0.49260707854987534,0.11610697850816548
0.48684587763724396,0.11619339404218015,0.48644055219306476,0.11640508965340962
0.4844114665710369,0.1140947996119032,0.4840022161647301,0.11430670434731328
0.48370303035040346,0.1142466566054634,0.48329185270249375,0.11446033957918127
0.4836086027512305,0.11427448639404587,0.48319742735260424,0.11448811496885879
0.48068146410486606,0.11390571627690496,0.48027359893879285,0.11411365596457781
0.4743726753176679,0.1080606410375969,0.4739534704442101,0.10825821969207391
0.4732523703062196,0.10790263349048432,0.47283010363986744,0.10810040000401569
0.4740481971218132,0.109092800430574,0.47362632353249046,0.1092919395166042
0.4728607408011213,0.10898219777840625,0.4724351602601984,0.10917900688956005
0.47361140324716533,0.11014818853576218,0.47318740897728534,0.11034724792288277
0.4693192626480768,0.11066306594928306,0.468890270885214,0.11086089357373173
0.470392683604585,0.11242113928545956,0.46996520791248175,0.11262115590522291
0.4633344963887466,0.11042182191361594,0.4628953245235241,0.11062058156237929
0.4629339893001162,0.11081156201560935,0.46249387844894835,0.1110115076286972
0.454841722541169,0.11213046477720091,0.45437839701642024,0.11233397596255987
0.45498156984133864,0.11115964279702385,0.4545200425044388,0.11136209631076224
0.45232159483494155,0.1126769602693872,0.45185101587392007,0.1128847684417972
0.44686051454044673,0.1123999023380294,0.446378908162528,0.11260166137493077
0.44526415978499784,0.11277220723116226,0.4447837203966148,0.11297008816560408
0.44526415978499784,0.11277220723116226,0.4447837203966148,0.11297008816560408
0.4436181688183371,0.10942665682527575,0.4431360868153019,0.10961548405218008
0.44280567114537905,0.11001348797412473,0.44232037604163155,0.11020515791367486
0.4327352201941392,0.10325644919544237,0.432235377928754,0.10343929492791538
0.4320491868555285,0.10237402928811666,0.4315481791491476,0.10255549987594628
0.4323369942879339,0.10245693740200329,0.43184628900440825,0.10263762904507973
0.4257477745606325,0.09596704781428604,0.4252373028501705,0.09614014884726785
0.426034870808439,0.09624535404556664,0.4255259920820872,0.096419704863421
0.42534307621997564,0.09672220872098389,0.4248314451508186,0.09689899291920753
0.4233218676465924,0.09414904054889836,0.4228076698522302,0.09432534802080206
0.4160049320419509,0.0962869811371493,0.4154586186079068,0.0964714524112384
0.41540227415957903,0.09654834027581363,0.4148530578721374,0.0967341202849942
0.4096332544576045,0.08743643691413908,0.4090767904411477,0.08760933924169563
0.41095364291721614,0.09049971961594339,0.4104002265700791,0.09067251695755951
0.40896594027081334,0.09015753017377526,0.408408604908529,0.09032864738953746
0.4034166424907301,0.09127691238063816,0.4028475915624889,0.0914479545914037
0.39670124517173305,0.07859517088878439,0.39612520034945986,0.07875336947527274
0.3958003236912873,0.07878842160348191,0.39522448795003556,0.07894562607036479
0.4002245778279576,0.08745992620222483,0.39965477387747583,0.08762549180034748
0.3979741892476497,0.08344797967737265,0.39740286064733477,0.08360648275315763
0.39823680325405364,0.08332690676134918,0.3976695362556703,0.08348309971009538
0.40178226948441476,0.09019277873399743,0.40122255592660616,0.09036360653718009
0.4003166185964112,0.08730216725344304,0.39975626784042795,0.08746922908984035
0.3939403811802614,0.07547830268833379,0.39337075543035904,0.07563053124077668
0.3921682551217032,0.07341243769438201,0.39160786152445737,0.07355570892885102
0.392117080201023,0.07344204829357952,0.3915592848122115,0.07358380284049959
0.39208109621505416,0.07345747239584878,0.3915231456562486,0.07359933075120376
0.38430755959805335,0.05704358310476517,0.3837452466979832,0.05716474125304385
0.38117333046904905,0.05294525581709436,0.3806091494328445,0.05305479204545932
0.3803804916058327,0.05314672987597524,0.3798133443411208,0.05325689493008076
0.37664237068156264,0.04373460765480995,0.37607530695194746,0.0438322603828609
0.3757553900817369,0.0440387637762734,0.37518754635682494,0.04413610397140952
0.37552475401379404,0.044181471086755846,0.37496606191217347,0.04427549237218674
0.3699889450539183,0.03486172500613017,0.3694191736557302,0.034945062666263974
0.37094939092095275,0.03743879229027288,0.3703827751611084,0.037518785621572674
0.36989296145497097,0.03673378929468015,0.3693237566295783,0.036814874572372445
0.3699097783725452,0.03671951841614737,0.3693411091984448,0.03680065611938493
0.36945756296394094,0.036902234364247215,0.3688897305738058,0.036982584314639244
0.3699076184797131,0.0382232575303321,0.3693395635891278,0.03830158366551934
0.3697034733630454,0.03831854065508792,0.3691387955146078,0.03839539757259005
0.3697018361809338,0.03832239268842852,0.3691377749797941,0.03839902651653272
0.3697361051882634,0.038307108963636274,0.3691727278531015,0.03838352863067715
0.3737507168043067,0.04975889064107973,0.3731965932172531,0.04985770197140899
0.3732300010601341,0.0494273901963095,0.37267732224162364,0.0495253446937305
0.3731776904878035,0.049457637122745444,0.3726327755589338,0.04955213599806134
0.3730450084343886,0.049519870745776684,0.37250728970638514,0.04961119104818247
0.36835500041676955,0.03707613261475564,0.36780877025774855,0.037141811213639006
0.36836617410827854,0.037077498015934476,0.3678229005048622,0.037142307889130276
0.3683600347466892,0.03709105993915811,0.36781397330831833,0.037157650145996014
0.3674658835342358,0.034580948783766975,0.36692038723575693,0.03464233286499028
0.36728798670330987,0.03443187738135907,0.3667428952762502,0.03449315585043814
0.3672688908320747,0.03444501143558377,0.366724636667796,0.03450598087964018
0.3672688908320747,0.03444501143558377,0.366724636667796,0.03450598087964018
0.3672848663769674,0.03443841537705272,0.3667444134114178,0.034497883486939204
0.3672166684802626,0.03447452468813124,0.36667825252914177,0.034532927334765075
0.3634571402182545,0.025207730394605315,0.36290992023312985,0.025241192924198307
0.36341580412158925,0.025231526738337676,0.3628707084127965,0.025264110979515423
0.3579793844340096,0.012957454682380076,0.3574137432439917,0.01294830998539492
0.35719418001246594,0.01199865805262813,0.3566246375605065,0.0119905750227369
0.35610474162321604,0.009380582845752572,0.35553206898533635,0.009365776490398839
0.35614102276516507,0.009369975049055793,0.3555788528608026,0.009349558440698104
0.354537655929832,0.006716584984927551,0.3539717789958386,0.006700462069181398
0.35455921631038656,0.0065716750495098866,0.35400523698334957,0.006556614563638897
0.3545454545078631,0.006587502588814061,0.35399226010235085,0.006573865675857148
0.35453552877923084,0.006597083792623147,0.3539826924582809,0.006583166350165065
0.3551962721750327,0.008218219497771887,0.354647155486116,0.008205373416087756
0.35528955841326026,0.008192816232645757,0.3547490608355876,0.008178557469091196
0.35530142309914675,0.008198031878403506,0.35476022860015155,0.008184830581046257
0.35488278013209756,0.007108722166242234,0.35434116482405875,0.0070920070743171
0.35460267735959927,0.0070005828180723095,0.3540675012919985,0.006989640578112287
0.35433331706741666,0.0069841985240058245,0.3538016350304274,0.006975264243247911
0.3552853544313795,0.009437254893791106,0.3547607751280316,0.009433460349053992
0.35368213017333316,0.005425196871283586,0.35314775051551994,0.005428850261761493
0.35356272905409725,0.0055225410029838785,0.3530320174364811,0.005530551141179466
0.35362896237235086,0.005558522881005899,0.3531044066836997,0.005562678109058711
0.3530669144769177,0.004722038809157243,0.3525412158352583,0.004757078151005428
0.3530743434157936,0.004732954628926114,0.35254998366590956,0.004767178108494163
0.35326354405369936,0.004650772920256357,0.3527515613563231,0.004689299736080865
0.35582393605883966,0.010140267533667802,0.35532860417157625,0.010138484281552068
0.3552561863802428,0.00923657604911571,0.35476030264255715,0.009237734053540239
0.35535779391529987,0.009179913315239355,0.3548661886312294,0.009179405642298105
0.3552247238288036,0.009366881036543144,0.35473590617417894,0.00937009399438994
0.355198951957732,0.009370242003233078,0.35471036180562854,0.009372731731113358
0.35532646000688406,0.009369337723751914,0.3548427108012422,0.009373584558262935
0.3554234631392078,0.009319419451062943,0.3549437505921142,0.009321913193332866
0.3554668438119405,0.009333305464098387,0.35499142574276654,0.009337281817112143
0.3553886158553722,0.00901863727613373,0.35491727833123865,0.00902651277029702
0.3553886158553722,0.00901863727613373,0.35491727833123865,0.00902651277029702
0.35538472483235495,0.009021438895604155,0.3549162843613019,0.00902760766468424
0.35546356776154175,0.00902354430037679,0.3550008515983546,0.009029543746073319
0.3554772791627704,0.009018161800583244,0.35501579380371934,0.009023993609093933
0.3555441644499748,0.009042508511141521,0.3550868424803813,0.009047946442083411
0.35555370724918606,0.009042364208979421,0.3550967787106593,0.009047838364338853
0.3556764466474382,0.009001822522848158,0.35522497692282407,0.009008058136319129
0.3556573336234165,0.008757189495897917,0.3552108600884561,0.008764940716871252
0.3557113749550985,0.008785133951678677,0.35526600632526795,0.008793323673170131
0.3556137239816288,0.007813959631412154,0.35518155607353613,0.007837148369648581
0.35584085492098244,0.008768528148548381,0.3554044695079227,0.008777614148523655
0.35498434833691606,0.006679940503006175,0.3545460866075321,0.0067073745596356186
0.35506856596947095,0.006614629270419772,0.3546348264296306,0.0066380590517179745
0.35551707055401044,0.006671242041775245,0.35510791725358903,0.006720347119463855
0.35527681874903644,0.006323064436793719,0.3548704595462843,0.00638056549407197
0.3556158831049729,0.006621433430162463,0.35522286573025663,0.0066930860751056856
0.35585308669824084,0.006761663282786005,0.3554691702442003,0.006841227449112755
0.3558847767946006,0.006743480105305208,0.3555022380608454,0.006822318544496865
0.3559329194239167,0.006715083672559178,0.3555525990417049,0.0067934875741155094
0.3561145012598653,0.006829358784586208,0.35574507113565235,0.006921579723583512
0.3560111034478569,0.006703178991956405,0.35564154309828694,0.006802137838200151
0.3559548478919334,0.006727603622791459,0.3555860441382649,0.006823396522943778
0.35596787251688305,0.006729951992546598,0.35559984104604075,0.0068255428142795175
0.3557683909519869,0.006646304275693501,0.3554019020047078,0.006747526687076838
0.35608450690662935,0.006742650898956699,0.355734490604907,0.006857725673339753
0.35614212206758744,0.006719738434987748,0.35579457751913823,0.006835736394227757
0.35595742643471306,0.006776605846806642,0.35560140808591567,0.006884908048803583
0.35628419856734117,0.0068037125994572225,0.35594576179307946,0.0069211829691240775
0.35654855456898416,0.00673755600750892,0.3562198847354023,0.006852281707185543
0.35652343489648,0.00659167400003397,0.35619334170340655,0.006692448517572761
0.3563910183496985,0.006487214238984053,0.3560600823790707,0.006596912475743153
0.3567158774840505,0.006733613632836048,0.35640714638234916,0.0068803526372270525
0.3567325260869579,0.006783988175987718,0.3564355494697776,0.006951105709419479
0.35680307502601677,0.0067855292478077745,0.3565099561588404,0.0069491453751453006
0.3568647546952236,0.0068724935346826865,0.3565736781745755,0.007037797164261837
0.35680238584635265,0.006869056618698775,0.35651255118066466,0.007041220176618065
0.35688137259754354,0.006844411423570745,0.3565954319082732,0.0070193238801825935
0.35688137259754354,0.006844411423570745,0.3565954319082732,0.0070193238801825935
0.3568777199745665,0.006873509302658591,0.3565893046998245,0.0070535093169490195
0.35694566734301597,0.0069942930489447575,0.3566649703846648,0.007180329786972606
0.35703845260588474,0.007062448320417022,0.3567635596008253,0.007259369230806363
0.3570699808521961,0.00705291339658893,0.3567969333923653,0.007249492454984863
0.3571826838452579,0.0069531376055562795,0.3569150391626782,0.007137782020646047
0.3575907277996235,0.006880836454387541,0.35734512073730096,0.007079804214327969
0.3575684036618894,0.006856433760964342,0.3573217331098493,0.007052884322392563
0.35756145963413916,0.006883900257940321,0.35731918302890636,0.007082563151529662
0.3575151392574369,0.006836898298708478,0.35727392489794696,0.007040998205628701
0.3576440262607602,0.006908130797296604,0.3574097726635942,0.007117658646615186
0.35765615350475455,0.006938257735396078,0.3574225192986465,0.007148631114722256
0.35765615350475455,0.006938257735396078,0.3574225192986465,0.007148631114722256
0.35786097068891065,0.006939317662438075,0.3576431224831539,0.007174057868938515
0.35795116564076457,0.0070158953578562545,0.3577364989731168,0.007258745807567541
0.35806034431516465,0.006935874308802479,0.35785000762017144,0.007178835192940765
0.3581210146499847,0.007001085150843951,0.3579143572710991,0.007254427921264413
0.358171589893717,0.006919540613782115,0.35796749489668434,0.00716985166488272
0.35832953801237327,0.006923386564248038,0.3581360282932131,0.007178707903856169
0.3584044887142492,0.006806097427791416,0.3582145438832022,0.007052682418138703
0.35851401089233764,0.0068606234360827755,0.3583276714154442,0.007106700492491841
0.35851401089233764,0.0068606234360827755,0.3583276714154442,0.007106700492491841
0.3586805403218315,0.0069272165035288635,0.3585025060248639,0.007176119242958025
0.3587367837763961,0.006941833159173037,0.35856103774888776,0.007192485385820128
0.3587323337304982,0.006951126894834574,0.35855588177076525,0.007197775833054556
0.3586322998638559,0.006855385359635867,0.35845028694903763,0.00709188263883171
0.35865678658410244,0.006846191403125816,0.3584742178442129,0.007082236681496838
0.3587184424077311,0.006843527429692356,0.3585394282669838,0.007078343621788995
0.35873793992659986,0.006842856063644718,0.3585596718921981,0.007081292834941929
0.3589768064515268,0.007021270564869593,0.35880989724597356,0.0072797165274749555
0.35899213056920254,0.007040746092166654,0.3588258107100205,0.0072991911866109906
0.35899213056920254,0.007040746092166654,0.3588258107100205,0.0072991911866109906
0.35900206355726244,0.007114523255915679,0.35883744234681825,0.007376462096748427
0.3589796168333842,0.007045273532240991,0.3588146326808094,0.007304272362473532
0.358994122456744,0.007029264002514876,0.3588298495550975,0.007287391840228388
0.35911047225207654,0.006977261216099367,0.3589506220370133,0.00723250035389425
0.35935772341992206,0.007257908725131306,0.35920911982106285,0.0075431307068880285
0.3593552506768426,0.0074030473925102485,0.35920804072513,0.007695401326343209
0.35929395592248614,0.007495347569159484,0.35914602600272544,0.007785728807209834
0.35937214252076616,0.007471206204783215,0.35922741464416835,0.007761131496398824
0.3593177937824176,0.007498760769811026,0.3591728968179778,0.007792059986258113
0.35966948409431704,0.00764666946566547,0.35954201333916946,0.007960345301734175
0.35986834996792105,0.007608837701236556,0.3597502741237947,0.007927271107599375
0.35997497729265465,0.007846861742171337,0.35986715628706983,0.008189865675581422
0.3599626931833876,0.007892604185985839,0.3598557285394031,0.00823704775442806
0.3602008334360426,0.00811192831251987,0.3601057497183918,0.008478638378444116
0.36029031160820113,0.008072229188655876,0.3601982005561037,0.008437496202294168
0.3603044772523472,0.0080863944088332,0.36021291810425116,0.008451930505521411
0.36045326414373274,0.00828357164086762,0.36036895273493663,0.008663608808432057
0.36069752621922646,0.008279790993022583,0.3606250048447882,0.008662148251242334
0.3607819679609975,0.008227606551938823,0.3607144210844362,0.00860311615409697
0.36081889931404526,0.008214812947029004,0.3607532610826879,0.008588219224304037
0.3610483378971697,0.008020585317295865,0.3609853798914391,0.008383606993321179
0.3611501440739032,0.008059158320843782,0.36109162873988243,0.008428900127280972
0.36119116708209875,0.008069452653484679,0.361134709021527,0.008438023311324252
0.3610373720279708,0.00807382601834091,0.3609735236801074,0.008447834731070894
0.3612020792296851,0.00809240379713241,0.36114511490388246,0.008470914994740229
0.36125444980466254,0.008087650015427557,0.3611996282230138,0.008466790384681514
0.36144230242969255,0.00838394708463289,0.3613965810332929,0.008787778914433872
0.3617938536442443,0.008926053385281364,0.36176503347348943,0.009367528261509496
0.3618638516160607,0.008870731959548395,0.3618386857739663,0.009310498521276776
0.3621161094917735,0.008894890179655906,0.3621005859507657,0.009331167420137289
0.36230427905339224,0.00905278283293339,0.3622946524418128,0.009484526555666558
0.3626151263289671,0.008989326084773413,0.362620102281083,0.009421358045048133
0.36267793543246657,0.008951403040778422,0.3626848458764847,0.009379325520753557
0.36307167704664167,0.00878308931569028,0.36309702599251,0.009207601239569548
0.3632056531122182,0.008827475529943994,0.36323604502050993,0.009252540568850618
0.36323425520915514,0.008851232512591331,0.36326600561959027,0.009278291962214571
0.3634067893363218,0.008758177706592103,0.3634463286756399,0.009178204118717476
0.36338164517925176,0.008650621102596297,0.3634206945092734,0.009066764128480329
0.36346137303511006,0.008564059267467292,0.3635029979585143,0.008977703861339293
0.3635733249231084,0.008597418046328275,0.3636179677156006,0.009015602365969173
0.36364867648354215,0.008561924527539585,0.36369920695079494,0.008980804561773586
0.36358294227451243,0.00851763561472295,0.36363155165876654,0.008936443156452019
0.3637552102489523,0.008554304968780053,0.3638109375314987,0.008977517307868813
0.3638043248648106,0.008492203354595213,0.3638630241643618,0.008912386298687321
0.36390464574605896,0.008422565784869508,0.36396666717430504,0.008837402674592976
0.36404127748495074,0.008567330067246439,0.3641083273897404,0.008992165068144589
0.3638830372429957,0.008287986065168083,0.3639433042008234,0.008692684935373908
0.36394342989728434,0.008267673120122183,0.36400635922325525,0.008671122002032473
0.3640951657085739,0.008439885496003392,0.36416648652270833,0.008860936261172897
0.3635256617144386,0.0071700753850260516,0.36357000909160664,0.007475127567362286
0.36373803232342344,0.007157347415501965,0.3637917431175543,0.007456231950005428
0.3637737954474709,0.0071954654802100036,0.36382862528400217,0.007498392572632951
0.36378419085091307,0.007094680571359869,0.3638387044181212,0.007397200507063163
0.3638242034600787,0.006965305248570373,0.3638779585731207,0.007252726024395296
0.36394591265033444,0.006959674904747029,0.36400395513658534,0.007248550256154323
0.36394591265033444,0.006959674904747029,0.36400395513658534,0.007248550256154323
0.36430389723020107,0.007318652088470688,0.3643801741327989,0.007613701744170466
0.36449006262922706,0.007509157700426155,0.36457442409743834,0.007806156565693476
0.36455775645599175,0.007408869567034517,0.3646453132992722,0.007702608868047354
0.3646431206373215,0.00737878483142017,0.3647343268713158,0.007671960072841026
0.36482609917849984,0.007318790262959443,0.3649273736883659,0.0076125064773037675
0.3648717285545812,0.007362152308909768,0.3649747895061727,0.00766089895675549
0.36478913812868274,0.007253018503132372,0.3648909807672169,0.007543764237256123
0.36491574417346834,0.0073811658070993096,0.36502456991680915,0.007682707916517549
0.365760296006642,0.007391286337047,0.3659098526254766,0.007732071683663963
0.36575889567825237,0.007377093783155566,0.36590812997904,0.007715672463672883
0.365901567461444,0.007261396835036849,0.36605398460595373,0.007592147507839641
0.36589085694106194,0.007274822665525508,0.36604270662136085,0.00760625947596528
0.3659558085233727,0.007491273179179842,0.3661149428121861,0.007839511126849292
0.36598757284679506,0.007436455693710553,0.36614827487203294,0.007783396459040873
0.3660043684385561,0.007439865992256976,0.36616658022098747,0.0077860232330160765
0.3661299935342313,0.0073367468678760175,0.36629846217855283,0.00768241963681267
0.3661242435721065,0.007256804743871295,0.36629127277719364,0.007601005312727389
0.3663357636012112,0.007257234143288535,0.36651298394472326,0.007597060712612272
0.36635597006226106,0.007235122855938001,0.3665338176227717,0.007574281883127313
0.366497736694253,0.007131715308991919,0.36668194711988783,0.007470417416764802
0.36673504030431914,0.007326901284081815,0.3669310880903795,0.007674464689188888
0.3669923435464806,0.0074827162045134005,0.36720001596393337,0.007823717945205698
0.36714129955383384,0.007506457310499599,0.3673548871822,0.007853074731435603
0.36754470231356934,0.0075822873474668505,0.3677748232289965,0.007915289871769728
0.3674891593245954,0.007578438214723978,0.3677176768966217,0.00791388378080131
0.36741159391577954,0.007571636284663854,0.367636961801034,0.00790933234933082
0.3674804691579479,0.007594027935917875,0.36770811042984997,0.007932633602060795
0.36752026112125946,0.007630910688430475,0.3677500984447565,0.007973035224975526
0.36767925898613135,0.007492499787692323,0.36791704165894223,0.007827663317474096
0.3676877072662268,0.007270954212207192,0.36792593065982976,0.007603427265996622
0.36772624709936264,0.007278004652676998,0.3679670006764156,0.007608746472652652
0.36773689288620104,0.0072790642585176596,0.3679783991409138,0.007609714245758877
0.36788721125357415,0.007157083972834541,0.3681365785093454,0.00748564866722673
0.3679557409501028,0.007243535501639065,0.36820758496957307,0.0075732336649414235
0.3680997944483222,0.007336243395417039,0.3683572235522102,0.007662585526064372
0.3682305732772617,0.007431747810207873,0.36849409489115365,0.007757165788970718
0.3684473375196456,0.00731468815303782,0.3687200942035817,0.007638659963864851
0.3684497606706759,0.007320317087589041,0.36872327484235184,0.007643083465322414
0.36850165631926707,0.007350363525999243,0.36877780400928917,0.007671396073807236
0.3686846508158219,0.007420710121263237,0.3689684804194354,0.007739002327916069
0.36896118518735993,0.007594890169068094,0.36925821719654284,0.007926446472388089
0.3689872417233435,0.00750969142635398,0.36928478488686783,0.007837376960791665
0.36913157497046195,0.007566135099328545,0.3694354988139084,0.007895292242018225
0.369194884035218,0.007501664740645432,0.3695011206829915,0.007831229919986197
0.3696567527256377,0.007836683795461824,0.3699827999563331,0.008174387347697251
0.3698026446539263,0.0075735478863742725,0.3701350878546926,0.007899176172790304
0.37024905603090363,0.00780619814720648,0.370605132188472,0.008141931990925205
0.37032965754153313,0.00788031124505696,0.3706901803452902,0.008222614341538264
0.37046787262001557,0.007773503372210563,0.37083353688787307,0.008110524761701585
0.3705271781219398,0.007789617128321669,0.3708957706298316,0.008129971373067807
0.3709023248898772,0.007790680093906619,0.37128739940590927,0.00814326959873759
0.3705797191171921,0.007687829142709527,0.3709462638985064,0.008011971088059407
0.37094335892330665,0.007793041435322869,0.3713273075727786,0.008129192875549559
0.370961470351728,0.007795861594454506,0.3713464588272871,0.008131331102691411
0.37118238418469646,0.007517503610478591,0.3715779024961458,0.007850726614055958
0.3712028709074084,0.007492016056867031,0.3715993645585265,0.007823950855844768
0.3714288674185141,0.0068683941666979826,0.3718325425393433,0.007178248575568697
0.3715194371193093,0.006961454590998799,0.37192760975039846,0.007273599846920808
0.3715542386059932,0.006800687938984814,0.37196292299914746,0.007105106322610054
0.37159580636914225,0.006838674412271339,0.37200662528156236,0.007144003711039293
0.37186423110353467,0.006665740410520663,0.37228770676071676,0.006962131441740214
0.3719099505345723,0.006708906420369722,0.37233601005644223,0.007006663858764123
0.37199085207127214,0.006640882277696761,0.3724218868407269,0.006935345458395273
0.3719975892116752,0.006649047413784097,0.3724289851139436,0.006943515943222578
0.3720917844672599,0.006704646467776193,0.372528399419715,0.0070081271565215686
0.3721753033959077,0.0067205144622512186,0.37261504101110143,0.0070229662213496715
0.3721424093291084,0.006652723806728293,0.3725800759596537,0.006952087827091652
0.3721310609447447,0.006660589492248617,0.3725680400260841,0.006960487604014561
0.37249040429283475,0.007077600479108235,0.3729469236845847,0.007413539693974912
0.37249721637527083,0.007099840553469919,0.37295484523656025,0.007436422427854931
0.3719131473847457,0.00650619009113814,0.3723369036699183,0.006789733781209225
0.37189579157287045,0.006319133032229024,0.372316271328249,0.006601294902149788
0.3719113061005402,0.006356447653276112,0.3723333120887419,0.006639360900669517
0.3720555925143717,0.006446350721588805,0.37248371342603936,0.00672951107072438
0.3721493803107101,0.0064709874771654,0.3725815681183432,0.006761764280147618
0.37216121150276643,0.006475060236900336,0.3725934118245942,0.006766711444768996
0.3722667108463956,0.00644109496210524,0.37270304425980677,0.006734800977248699
0.37232018774245196,0.006357260989611896,0.37275825891240677,0.0066443057565504825
0.3723738374781133,0.006305693912733914,0.37281310635948706,0.00659557212979583
0.3724470680912641,0.006210637785020428,0.37288930972811907,0.0065002671583719125
0.3725082177246961,0.006177047348097327,0.37295287527630766,0.006465611934030907
0.3727947131105254,0.006242480132433756,0.37325433169280264,0.006541772557956465
0.37276793775753053,0.006266059187501085,0.3732268351314486,0.006565997671468146
0.37324548290911397,0.00655096044844682,0.373727898705187,0.006862596591956337
0.3736299409550681,0.006611433393435313,0.37413163569113433,0.006941412325436048
0.37357329976790615,0.006742408361112752,0.3740717168752182,0.007076006233230838
0.37324081654903896,0.0066339683899489695,0.3737218367182892,0.006937482412513336
0.37325188742169857,0.006645825961832455,0.37373338758752783,0.006949130794037429
0.3738008805806765,0.006883692015466981,0.3743091932578285,0.007237207810560855
0.3738008805806765,0.006883692015466981,0.3743091932578285,0.007237207810560855
