0.690105089053218,0.0,0.6912234383568804,0.0
0.6279221890076975,0.09823728231851475,0.6291995953862701,0.09811529722634423
0.6279221890076975,0.09823728231851475,0.6291995953862701,0.09811529722634423
0.6279221890076975,0.09823728231851475,0.6291995953862701,0.09811529722634423
0.6279221890076975,0.09823728231851475,0.6291995953862701,0.09811529722634423
0.6279221890076975,0.09823728231851475,0.6291995953862701,0.09811529722634423
0.6279221890076975,0.09823728231851475,0.6291995953862701,0.09811529722634423
0.6279221890076975,0.09823728231851475,0.6291995953862701,0.09811529722634423
0.6279221890076975,0.09823728231851475,0.6291995953862701,0.09811529722634423
0.6279221890076975,0.09823728231851475,0.6291995953862701,0.09811529722634423
0.6279221890076975,0.09823728231851475,0.6291995953862701,0.09811529722634423
0.5877954842742522,0.10080330878015531,0.5891872814300381,0.10066403890798903
0.5877954842742522,0.10080330878015531,0.5891872814300381,0.10066403890798903
0.5877954842742522,0.10080330878015531,0.5891872814300381,0.10066403890798903
0.5877954842742522,0.10080330878015531,0.5891872814300381,0.10066403890798903
0.5877954842742522,0.10080330878015531,0.5891872814300381,0.10066403890798903
0.5877954842742522,0.10080330878015531,0.5891872814300381,0.10066403890798903
0.5877954842742522,0.10080330878015531,0.5891872814300381,0.10066403890798903
0.5877954842742522,0.10080330878015531,0.5891872814300381,0.10066403890798903
0.5877954842742522,0.10080330878015531,0.5891872814300381,0.10066403890798903
0.5877954842742522,0.10080330878015531,0.5891872814300381,0.10066403890798903
0.5411623279930173,0.10671046235998295,0.5426469876531079,0.10650315035661294
0.5411623279930173,0.10671046235998295,0.5426469876531079,0.10650315035661294
0.5411623279930173,0.10671046235998295,0.5426469876531079,0.10650315035661294
0.5411623279930173,0.10671046235998295,0.5426469876531079,0.10650315035661294
0.5411623279930173,0.10671046235998295,0.5426469876531079,0.10650315035661294
0.5411623279930173,0.10671046235998295,0.5426469876531079,0.10650315035661294
0.5411623279930173,0.10671046235998295,0.5426469876531079,0.10650315035661294
0.5411623279930173,0.10671046235998295,0.5426469876531079,0.10650315035661294
0.5411623279930173,0.10671046235998295,0.5426469876531079,0.10650315035661294
0.5411623279930173,0.10671046235998295,0.5426469876531079,0.10650315035661294
0.5111472268866925,0.10639053217477455,0.512703436864968,0.10614750344295557
0.5111472268866925,0.10639053217477455,0.512703436864968,0.10614750344295557
0.5111472268866925,0.10639053217477455,0.512703436864968,0.10614750344295557
0.5111472268866925,0.10639053217477455,0.512703436864968,0.10614750344295557
0.5111472268866925,0.10639053217477455,0.512703436864968,0.10614750344295557
0.5111472268866925,0.10639053217477455,0.512703436864968,0.10614750344295557
0.5111472268866925,0.10639053217477455,0.512703436864968,0.10614750344295557
0.5111472268866925,0.10639053217477455,0.512703436864968,0.10614750344295557
0.5111472268866925,0.10639053217477455,0.512703436864968,0.10614750344295557
0.5111472268866925,0.10639053217477455,0.512703436864968,0.10614750344295557
0.5063523374869191,0.11593103113013346,0.5080423377210184,0.11571798998434178
0.5063523374869191,0.11593103113013346,0.5080423377210184,0.11571798998434178
0.5063523374869191,0.11593103113013346,0.5080423377210184,0.11571798998434178
0.5063523374869191,0.11593103113013346,0.5080423377210184,0.11571798998434178
0.5063523374869191,0.11593103113013346,0.5080423377210184,0.11571798998434178
0.5063523374869191,0.11593103113013346,0.5080423377210184,0.11571798998434178
0.5063523374869191,0.11593103113013346,0.5080423377210184,0.11571798998434178
0.5063523374869191,0.11593103113013346,0.5080423377210184,0.11571798998434178
0.5063523374869191,0.11593103113013346,0.5080423377210184,0.11571798998434178
0.5063523374869191,0.11593103113013346,0.5080423377210184,0.11571798998434178
0.49624537742524594,0.1145672241137295,0.4980593928434276,0.11435152771106702
0.49624537742524594,0.1145672241137295,0.4980593928434276,0.11435152771106702
0.49624537742524594,0.1145672241137295,0.4980593928434276,0.11435152771106702
0.49624537742524594,0.1145672241137295,0.4980593928434276,0.11435152771106702
0.49624537742524594,0.1145672241137295,0.4980593928434276,0.11435152771106702
0.49624537742524594,0.1145672241137295,0.4980593928434276,0.11435152771106702
0.49624537742524594,0.1145672241137295,0.4980593928434276,0.11435152771106702
0.49624537742524594,0.1145672241137295,0.4980593928434276,0.11435152771106702
0.49624537742524594,0.1145672241137295,0.4980593928434276,0.11435152771106702
0.49624537742524594,0.1145672241137295,0.4980593928434276,0.11435152771106702
0.48131060424069927,0.10641625038559645,0.48326743223537444,0.1061926321551571
0.48131060424069927,0.10641625038559645,0.48326743223537444,0.1061926321551571
0.48131060424069927,0.10641625038559645,0.48326743223537444,0.1061926321551571
0.48131060424069927,0.10641625038559645,0.48326743223537444,0.1061926321551571
0.48131060424069927,0.10641625038559645,0.48326743223537444,0.1061926321551571
0.48131060424069927,0.10641625038559645,0.48326743223537444,0.1061926321551571
0.48131060424069927,0.10641625038559645,0.48326743223537444,0.1061926321551571
0.48131060424069927,0.10641625038559645,0.48326743223537444,0.1061926321551571
0.48131060424069927,0.10641625038559645,0.48326743223537444,0.1061926321551571
0.48131060424069927,0.10641625038559645,0.48326743223537444,0.1061926321551571
0.46937317315498317,0.09838434807803116,0.4715341694662988,0.09811296937704034
0.46937317315498317,0.09838434807803116,0.4715341694662988,0.09811296937704034
0.46937317315498317,0.09838434807803116,0.4715341694662988,0.09811296937704034
0.46937317315498317,0.09838434807803116,0.4715341694662988,0.09811296937704034
0.46937317315498317,0.09838434807803116,0.4715341694662988,0.09811296937704034
0.46937317315498317,0.09838434807803116,0.4715341694662988,0.09811296937704034
0.46937317315498317,0.09838434807803116,0.4715341694662988,0.09811296937704034
0.46937317315498317,0.09838434807803116,0.4715341694662988,0.09811296937704034
0.46937317315498317,0.09838434807803116,0.4715341694662988,0.09811296937704034
0.46937317315498317,0.09838434807803116,0.4715341694662988,0.09811296937704034
0.4624835973089431,0.09085539007351556,0.46471700152679424,0.0905488077510634
0.4624835973089431,0.09085539007351556,0.46471700152679424,0.0905488077510634
0.4624835973089431,0.09085539007351556,0.46471700152679424,0.0905488077510634
0.4624835973089431,0.09085539007351556,0.46471700152679424,0.0905488077510634
0.4624835973089431,0.09085539007351556,0.46471700152679424,0.0905488077510634
0.4624835973089431,0.09085539007351556,0.46471700152679424,0.0905488077510634
0.4624835973089431,0.09085539007351556,0.46471700152679424,0.0905488077510634
0.4624835973089431,0.09085539007351556,0.46471700152679424,0.0905488077510634
0.4624835973089431,0.09085539007351556,0.46471700152679424,0.0905488077510634
0.4624835973089431,0.09085539007351556,0.46471700152679424,0.0905488077510634
0.4631548604544628,0.08275360481856009,0.46584041291797523,0.08246924274301909
0.4631548604544628,0.08275360481856009,0.46584041291797523,0.08246924274301909
0.4631548604544628,0.08275360481856009,0.46584041291797523,0.08246924274301909
0.4631548604544628,0.08275360481856009,0.46584041291797523,0.08246924274301909
0.4631548604544628,0.08275360481856009,0.46584041291797523,0.08246924274301909
0.4631548604544628,0.08275360481856009,0.46584041291797523,0.08246924274301909
0.4631548604544628,0.08275360481856009,0.46584041291797523,0.08246924274301909
0.4631548604544628,0.08275360481856009,0.46584041291797523,0.08246924274301909
0.4631548604544628,0.08275360481856009,0.46584041291797523,0.08246924274301909
0.4631548604544628,0.08275360481856009,0.46584041291797523,0.08246924274301909
