0.8126894984310595,1.1102230246251565e-16,0.8126568354471491,0.0
0.7985668264570264,0.01091413705354479,0.7985254020802153,0.010920592633935522
0.7985668264570264,0.01091413705354479,0.7985254020802153,0.010920592633935522
0.7985668264570264,0.01091413705354479,0.7985254020802153,0.010920592633935522
0.7985668264570264,0.01091413705354479,0.7985254020802153,0.010920592633935522
0.7985668264570264,0.01091413705354479,0.7985254020802153,0.010920592633935522
0.7985668264570264,0.01091413705354479,0.7985254020802153,0.010920592633935522
0.7985668264570264,0.01091413705354479,0.7985254020802153,0.010920592633935522
0.7985668264570264,0.01091413705354479,0.7985254020802153,0.010920592633935522
0.7985668264570264,0.01091413705354479,0.7985254020802153,0.010920592633935522
0.7985668264570264,0.01091413705354479,0.7985254020802153,0.010920592633935522
0.783424417028608,0.01861044580508371,0.7833747349476676,0.018621989338623354
0.783424417028608,0.01861044580508371,0.7833747349476676,0.018621989338623354
0.783424417028608,0.01861044580508371,0.7833747349476676,0.018621989338623354
0.783424417028608,0.01861044580508371,0.7833747349476676,0.018621989338623354
0.783424417028608,0.01861044580508371,0.7833747349476676,0.018621989338623354
0.783424417028608,0.01861044580508371,0.7833747349476676,0.018621989338623354
0.783424417028608,0.01861044580508371,0.7833747349476676,0.018621989338623354
0.783424417028608,0.01861044580508371,0.7833747349476676,0.018621989338623354
0.783424417028608,0.01861044580508371,0.7833747349476676,0.018621989338623354
0.783424417028608,0.01861044580508371,0.7833747349476676,0.018621989338623354
0.7688891143803348,0.025088464858881384,0.7688300406308031,0.0251019583714597
0.7688891143803348,0.025088464858881384,0.7688300406308031,0.0251019583714597
0.7688891143803348,0.025088464858881384,0.7688300406308031,0.0251019583714597
0.7688891143803348,0.025088464858881384,0.7688300406308031,0.0251019583714597
0.7688891143803348,0.025088464858881384,0.7688300406308031,0.0251019583714597
0.7688891143803348,0.025088464858881384,0.7688300406308031,0.0251019583714597
0.7688891143803348,0.025088464858881384,0.7688300406308031,0.0251019583714597
0.7688891143803348,0.025088464858881384,0.7688300406308031,0.0251019583714597
0.7688891143803348,0.025088464858881384,0.7688300406308031,0.0251019583714597
0.7688891143803348,0.025088464858881384,0.7688300406308031,0.0251019583714597
0.7549464223562354,0.035416258955588635,0.7548781685842709,0.035435677385343
0.7549464223562354,0.035416258955588635,0.7548781685842709,0.035435677385343
0.7549464223562354,0.035416258955588635,0.7548781685842709,0.035435677385343
0.7549464223562354,0.035416258955588635,0.7548781685842709,0.035435677385343
0.7549464223562354,0.035416258955588635,0.7548781685842709,0.035435677385343
0.7549464223562354,0.035416258955588635,0.7548781685842709,0.035435677385343
0.7549464223562354,0.035416258955588635,0.7548781685842709,0.035435677385343
0.7549464223562354,0.035416258955588635,0.7548781685842709,0.035435677385343
0.7549464223562354,0.035416258955588635,0.7548781685842709,0.035435677385343
0.7549464223562354,0.035416258955588635,0.7548781685842709,0.035435677385343
0.7315931012510158,0.04469295485139864,0.7315084835180639,0.044718855853739234
0.7315931012510158,0.04469295485139864,0.7315084835180639,0.044718855853739234
0.7315931012510158,0.04469295485139864,0.7315084835180639,0.044718855853739234
0.7315931012510158,0.04469295485139864,0.7315084835180639,0.044718855853739234
0.7315931012510158,0.04469295485139864,0.7315084835180639,0.044718855853739234
0.7315931012510158,0.04469295485139864,0.7315084835180639,0.044718855853739234
0.7315931012510158,0.04469295485139864,0.7315084835180639,0.044718855853739234
0.7315931012510158,0.04469295485139864,0.7315084835180639,0.044718855853739234
0.7315931012510158,0.04469295485139864,0.7315084835180639,0.044718855853739234
0.7315931012510158,0.04469295485139864,0.7315084835180639,0.044718855853739234
0.7016847512452087,0.05742192414445951,0.7015762950399775,0.05745927881845058
0.7016847512452087,0.05742192414445951,0.7015762950399775,0.05745927881845058
0.7016847512452087,0.05742192414445951,0.7015762950399775,0.05745927881845058
0.7016847512452087,0.05742192414445951,0.7015762950399775,0.05745927881845058
0.7016847512452087,0.05742192414445951,0.7015762950399775,0.05745927881845058
0.7016847512452087,0.05742192414445951,0.7015762950399775,0.05745927881845058
0.7016847512452087,0.05742192414445951,0.7015762950399775,0.05745927881845058
0.7016847512452087,0.05742192414445951,0.7015762950399775,0.05745927881845058
0.7016847512452087,0.05742192414445951,0.7015762950399775,0.05745927881845058
0.7016847512452087,0.05742192414445951,0.7015762950399775,0.05745927881845058
0.6650385440390836,0.08121417976526368,0.6648958795262908,0.08127333230556519
0.6650385440390836,0.08121417976526368,0.6648958795262908,0.08127333230556519
0.6650385440390836,0.08121417976526368,0.6648958795262908,0.08127333230556519
0.6650385440390836,0.08121417976526368,0.6648958795262908,0.08127333230556519
0.6650385440390836,0.08121417976526368,0.6648958795262908,0.08127333230556519
0.6650385440390836,0.08121417976526368,0.6648958795262908,0.08127333230556519
0.6650385440390836,0.08121417976526368,0.6648958795262908,0.08127333230556519
0.6650385440390836,0.08121417976526368,0.6648958795262908,0.08127333230556519
0.6650385440390836,0.08121417976526368,0.6648958795262908,0.08127333230556519
0.6650385440390836,0.08121417976526368,0.6648958795262908,0.08127333230556519
0.6474206076024853,0.10319509189326471,0.6472525424621646,0.10328791444526535
0.6474206076024853,0.10319509189326471,0.6472525424621646,0.10328791444526535
0.6474206076024853,0.10319509189326471,0.6472525424621646,0.10328791444526535
0.6474206076024853,0.10319509189326471,0.6472525424621646,0.10328791444526535
0.6474206076024853,0.10319509189326471,0.6472525424621646,0.10328791444526535
0.6474206076024853,0.10319509189326471,0.6472525424621646,0.10328791444526535
0.6474206076024853,0.10319509189326471,0.6472525424621646,0.10328791444526535
0.6474206076024853,0.10319509189326471,0.6472525424621646,0.10328791444526535
0.6474206076024853,0.10319509189326471,0.6472525424621646,0.10328791444526535
0.6474206076024853,0.10319509189326471,0.6472525424621646,0.10328791444526535
0.6145663719889225,0.12864254993861732,0.6143482224160122,0.12878899803155014
0.6145663719889225,0.12864254993861732,0.6143482224160122,0.12878899803155014
0.6145663719889225,0.12864254993861732,0.6143482224160122,0.12878899803155014
0.6145663719889225,0.12864254993861732,0.6143482224160122,0.12878899803155014
0.6145663719889225,0.12864254993861732,0.6143482224160122,0.12878899803155014
0.6145663719889225,0.12864254993861732,0.6143482224160122,0.12878899803155014
0.6145663719889225,0.12864254993861732,0.6143482224160122,0.12878899803155014
0.6145663719889225,0.12864254993861732,0.6143482224160122,0.12878899803155014
0.6145663719889225,0.12864254993861732,0.6143482224160122,0.12878899803155014
0.6145663719889225,0.12864254993861732,0.6143482224160122,0.12878899803155014
0.613951625328898,0.14948339240923253,0.6137053757319796,0.1497010214117046
0.613951625328898,0.14948339240923253,0.6137053757319796,0.1497010214117046
0.613951625328898,0.14948339240923253,0.6137053757319796,0.1497010214117046
0.613951625328898,0.14948339240923253,0.6137053757319796,0.1497010214117046
0.613951625328898,0.14948339240923253,0.6137053757319796,0.1497010214117046
0.613951625328898,0.14948339240923253,0.6137053757319796,0.1497010214117046
0.613951625328898,0.14948339240923253,0.6137053757319796,0.1497010214117046
0.613951625328898,0.14948339240923253,0.6137053757319796,0.1497010214117046
0.613951625328898,0.14948339240923253,0.6137053757319796,0.1497010214117046
0.613951625328898,0.14948339240923253,0.6137053757319796,0.1497010214117046
0.5917870353145052,0.1585230380403273,0.591495415449565,0.15877953875224407
0.5917870353145052,0.1585230380403273,0.591495415449565,0.15877953875224407
0.5917870353145052,0.1585230380403273,0.591495415449565,0.15877953875224407
0.5917870353145052,0.1585230380403273,0.591495415449565,0.15877953875224407
0.5917870353145052,0.1585230380403273,0.591495415449565,0.15877953875224407
0.5917870353145052,0.1585230380403273,0.591495415449565,0.15877953875224407
0.5917870353145052,0.1585230380403273,0.591495415449565,0.15877953875224407
0.5917870353145052,0.1585230380403273,0.591495415449565,0.15877953875224407
0.5917870353145052,0.1585230380403273,0.591495415449565,0.15877953875224407
0.5917870353145052,0.1585230380403273,0.591495415449565,0.15877953875224407
0.568712745480288,0.16185769463238656,0.5683854214691548,0.1621215696710089
0.568712745480288,0.16185769463238656,0.5683854214691548,0.1621215696710089
0.568712745480288,0.16185769463238656,0.5683854214691548,0.1621215696710089
0.568712745480288,0.16185769463238656,0.5683854214691548,0.1621215696710089
0.568712745480288,0.16185769463238656,0.5683854214691548,0.1621215696710089
0.568712745480288,0.16185769463238656,0.5683854214691548,0.1621215696710089
0.568712745480288,0.16185769463238656,0.5683854214691548,0.1621215696710089
0.568712745480288,0.16185769463238656,0.5683854214691548,0.1621215696710089
0.568712745480288,0.16185769463238656,0.5683854214691548,0.1621215696710089
0.568712745480288,0.16185769463238656,0.5683854214691548,0.1621215696710089
0.5559562699324976,0.16487169381443234,0.5556094296307913,0.16513611946847379
0.5559562699324976,0.16487169381443234,0.5556094296307913,0.16513611946847379
0.5559562699324976,0.16487169381443234,0.5556094296307913,0.16513611946847379
0.5559562699324976,0.16487169381443234,0.5556094296307913,0.16513611946847379
0.5559562699324976,0.16487169381443234,0.5556094296307913,0.16513611946847379
0.5559562699324976,0.16487169381443234,0.5556094296307913,0.16513611946847379
0.5559562699324976,0.16487169381443234,0.5556094296307913,0.16513611946847379
0.5559562699324976,0.16487169381443234,0.5556094296307913,0.16513611946847379
0.5559562699324976,0.16487169381443234,0.5556094296307913,0.16513611946847379
0.5559562699324976,0.16487169381443234,0.5556094296307913,0.16513611946847379
0.542879912911949,0.16903439521368244,0.5425337586306884,0.16927993764873173
0.542879912911949,0.16903439521368244,0.5425337586306884,0.16927993764873173
0.542879912911949,0.16903439521368244,0.5425337586306884,0.16927993764873173
0.542879912911949,0.16903439521368244,0.5425337586306884,0.16927993764873173
0.542879912911949,0.16903439521368244,0.5425337586306884,0.16927993764873173
0.542879912911949,0.16903439521368244,0.5425337586306884,0.16927993764873173
0.542879912911949,0.16903439521368244,0.5425337586306884,0.16927993764873173
0.542879912911949,0.16903439521368244,0.5425337586306884,0.16927993764873173
0.542879912911949,0.16903439521368244,0.5425337586306884,0.16927993764873173
0.542879912911949,0.16903439521368244,0.5425337586306884,0.16927993764873173
0.539041923498021,0.15818095118767084,0.5387096630556619,0.1584067781292563
0.539041923498021,0.15818095118767084,0.5387096630556619,0.1584067781292563
0.539041923498021,0.15818095118767084,0.5387096630556619,0.1584067781292563
0.539041923498021,0.15818095118767084,0.5387096630556619,0.1584067781292563
0.539041923498021,0.15818095118767084,0.5387096630556619,0.1584067781292563
0.539041923498021,0.15818095118767084,0.5387096630556619,0.1584067781292563
0.539041923498021,0.15818095118767084,0.5387096630556619,0.1584067781292563
0.539041923498021,0.15818095118767084,0.5387096630556619,0.1584067781292563
0.539041923498021,0.15818095118767084,0.5387096630556619,0.1584067781292563
0.539041923498021,0.15818095118767084,0.5387096630556619,0.1584067781292563
0.5541889999065136,0.1501612095349903,0.5538994423375128,0.15035782879852638
0.5541889999065136,0.1501612095349903,0.5538994423375128,0.15035782879852638
0.5541889999065136,0.1501612095349903,0.5538994423375128,0.15035782879852638
0.5541889999065136,0.1501612095349903,0.5538994423375128,0.15035782879852638
0.5541889999065136,0.1501612095349903,0.5538994423375128,0.15035782879852638
0.5541889999065136,0.1501612095349903,0.5538994423375128,0.15035782879852638
0.5541889999065136,0.1501612095349903,0.5538994423375128,0.15035782879852638
0.5541889999065136,0.1501612095349903,0.5538994423375128,0.15035782879852638
0.5541889999065136,0.1501612095349903,0.5538994423375128,0.15035782879852638
0.5541889999065136,0.1501612095349903,0.5538994423375128,0.15035782879852638
0.5529958699603801,0.14337746280240923,0.5527189541650155,0.1435518404988437
0.5529958699603801,0.14337746280240923,0.5527189541650155,0.1435518404988437
0.5529958699603801,0.14337746280240923,0.5527189541650155,0.1435518404988437
0.5529958699603801,0.14337746280240923,0.5527189541650155,0.1435518404988437
0.5529958699603801,0.14337746280240923,0.5527189541650155,0.1435518404988437
0.5529958699603801,0.14337746280240923,0.5527189541650155,0.1435518404988437
0.5529958699603801,0.14337746280240923,0.5527189541650155,0.1435518404988437
0.5529958699603801,0.14337746280240923,0.5527189541650155,0.1435518404988437
0.5529958699603801,0.14337746280240923,0.5527189541650155,0.1435518404988437
0.5529958699603801,0.14337746280240923,0.5527189541650155,0.1435518404988437
0.5287120490804242,0.12912233787064795,0.5285678861958507,0.129105259258101
0.5287120490804242,0.12912233787064795,0.5285678861958507,0.129105259258101
0.5287120490804242,0.12912233787064795,0.5285678861958507,0.129105259258101
0.5287120490804242,0.12912233787064795,0.5285678861958507,0.129105259258101
0.5287120490804242,0.12912233787064795,0.5285678861958507,0.129105259258101
0.5287120490804242,0.12912233787064795,0.5285678861958507,0.129105259258101
0.5287120490804242,0.12912233787064795,0.5285678861958507,0.129105259258101
0.5287120490804242,0.12912233787064795,0.5285678861958507,0.129105259258101
0.5287120490804242,0.12912233787064795,0.5285678861958507,0.129105259258101
0.5287120490804242,0.12912233787064795,0.5285678861958507,0.129105259258101
0.5106357450368192,0.13002010698802308,0.5104659683789003,0.13002231218404142
0.5106357450368192,0.13002010698802308,0.5104659683789003,0.13002231218404142
0.5106357450368192,0.13002010698802308,0.5104659683789003,0.13002231218404142
0.5106357450368192,0.13002010698802308,0.5104659683789003,0.13002231218404142
0.5106357450368192,0.13002010698802308,0.5104659683789003,0.13002231218404142
0.5106357450368192,0.13002010698802308,0.5104659683789003,0.13002231218404142
0.5106357450368192,0.13002010698802308,0.5104659683789003,0.13002231218404142
0.5106357450368192,0.13002010698802308,0.5104659683789003,0.13002231218404142
0.5106357450368192,0.13002010698802308,0.5104659683789003,0.13002231218404142
0.5106357450368192,0.13002010698802308,0.5104659683789003,0.13002231218404142
0.4944633776469769,0.13551380231185647,0.4942650778714805,0.13555004421015693
0.4944633776469769,0.13551380231185647,0.4942650778714805,0.13555004421015693
0.4944633776469769,0.13551380231185647,0.4942650778714805,0.13555004421015693
0.4944633776469769,0.13551380231185647,0.4942650778714805,0.13555004421015693
0.4944633776469769,0.13551380231185647,0.4942650778714805,0.13555004421015693
0.4944633776469769,0.13551380231185647,0.4942650778714805,0.13555004421015693
0.4944633776469769,0.13551380231185647,0.4942650778714805,0.13555004421015693
0.4944633776469769,0.13551380231185647,0.4942650778714805,0.13555004421015693
0.4944633776469769,0.13551380231185647,0.4942650778714805,0.13555004421015693
0.4944633776469769,0.13551380231185647,0.4942650778714805,0.13555004421015693
0.4909408576709571,0.13469145534602928,0.4908307013309381,0.1346623097681824
0.4909408576709571,0.13469145534602928,0.4908307013309381,0.1346623097681824
0.4909408576709571,0.13469145534602928,0.4908307013309381,0.1346623097681824
0.4909408576709571,0.13469145534602928,0.4908307013309381,0.1346623097681824
0.4909408576709571,0.13469145534602928,0.4908307013309381,0.1346623097681824
0.4909408576709571,0.13469145534602928,0.4908307013309381,0.1346623097681824
0.4909408576709571,0.13469145534602928,0.4908307013309381,0.1346623097681824
0.4909408576709571,0.13469145534602928,0.4908307013309381,0.1346623097681824
0.4909408576709571,0.13469145534602928,0.4908307013309381,0.1346623097681824
0.4909408576709571,0.13469145534602928,0.4908307013309381,0.1346623097681824
0.4934187380117165,0.12168382401526705,0.49334064504941055,0.12158173557346841
0.4934187380117165,0.12168382401526705,0.49334064504941055,0.12158173557346841
0.4934187380117165,0.12168382401526705,0.49334064504941055,0.12158173557346841
0.4934187380117165,0.12168382401526705,0.49334064504941055,0.12158173557346841
0.4934187380117165,0.12168382401526705,0.49334064504941055,0.12158173557346841
0.4934187380117165,0.12168382401526705,0.49334064504941055,0.12158173557346841
0.4934187380117165,0.12168382401526705,0.49334064504941055,0.12158173557346841
0.4934187380117165,0.12168382401526705,0.49334064504941055,0.12158173557346841
0.4934187380117165,0.12168382401526705,0.49334064504941055,0.12158173557346841
0.4934187380117165,0.12168382401526705,0.49334064504941055,0.12158173557346841
0.47552604467909354,0.11465432984453908,0.4754264678212087,0.11456233059272064
0.47552604467909354,0.11465432984453908,0.4754264678212087,0.11456233059272064
0.47552604467909354,0.11465432984453908,0.4754264678212087,0.11456233059272064
0.47552604467909354,0.11465432984453908,0.4754264678212087,0.11456233059272064
0.47552604467909354,0.11465432984453908,0.4754264678212087,0.11456233059272064
0.47552604467909354,0.11465432984453908,0.4754264678212087,0.11456233059272064
0.47552604467909354,0.11465432984453908,0.4754264678212087,0.11456233059272064
0.47552604467909354,0.11465432984453908,0.4754264678212087,0.11456233059272064
0.47552604467909354,0.11465432984453908,0.4754264678212087,0.11456233059272064
0.47552604467909354,0.11465432984453908,0.4754264678212087,0.11456233059272064
0.44824613470947955,0.1136986511708864,0.44807985394221783,0.11367801238944257
0.44824613470947955,0.1136986511708864,0.44807985394221783,0.11367801238944257
0.44824613470947955,0.1136986511708864,0.44807985394221783,0.11367801238944257
0.44824613470947955,0.1136986511708864,0.44807985394221783,0.11367801238944257
0.44824613470947955,0.1136986511708864,0.44807985394221783,0.11367801238944257
0.44824613470947955,0.1136986511708864,0.44807985394221783,0.11367801238944257
0.44824613470947955,0.1136986511708864,0.44807985394221783,0.11367801238944257
0.44824613470947955,0.1136986511708864,0.44807985394221783,0.11367801238944257
0.44824613470947955,0.1136986511708864,0.44807985394221783,0.11367801238944257
0.44824613470947955,0.1136986511708864,0.44807985394221783,0.11367801238944257
0.45049458502477585,0.12167022053086911,0.45034092150549715,0.12166975990677437
0.45049458502477585,0.12167022053086911,0.45034092150549715,0.12166975990677437
0.45049458502477585,0.12167022053086911,0.45034092150549715,0.12166975990677437
0.45049458502477585,0.12167022053086911,0.45034092150549715,0.12166975990677437
0.45049458502477585,0.12167022053086911,0.45034092150549715,0.12166975990677437
0.45049458502477585,0.12167022053086911,0.45034092150549715,0.12166975990677437
0.45049458502477585,0.12167022053086911,0.45034092150549715,0.12166975990677437
0.45049458502477585,0.12167022053086911,0.45034092150549715,0.12166975990677437
0.45049458502477585,0.12167022053086911,0.45034092150549715,0.12166975990677437
0.45049458502477585,0.12167022053086911,0.45034092150549715,0.12166975990677437
0.4327110903442758,0.11993139378482705,0.4324777067229503,0.12000014029840488
0.4327110903442758,0.11993139378482705,0.4324777067229503,0.12000014029840488
0.4327110903442758,0.11993139378482705,0.4324777067229503,0.12000014029840488
0.4327110903442758,0.11993139378482705,0.4324777067229503,0.12000014029840488
0.4327110903442758,0.11993139378482705,0.4324777067229503,0.12000014029840488
0.4327110903442758,0.11993139378482705,0.4324777067229503,0.12000014029840488
0.4327110903442758,0.11993139378482705,0.4324777067229503,0.12000014029840488
0.4327110903442758,0.11993139378482705,0.4324777067229503,0.12000014029840488
0.4327110903442758,0.11993139378482705,0.4324777067229503,0.12000014029840488
0.4327110903442758,0.11993139378482705,0.4324777067229503,0.12000014029840488
0.4196892011033821,0.11661208499785951,0.41941833358547526,0.11671235094258213
0.4196892011033821,0.11661208499785951,0.41941833358547526,0.11671235094258213
0.4196892011033821,0.11661208499785951,0.41941833358547526,0.11671235094258213
0.4196892011033821,0.11661208499785951,0.41941833358547526,0.11671235094258213
0.4196892011033821,0.11661208499785951,0.41941833358547526,0.11671235094258213
0.4196892011033821,0.11661208499785951,0.41941833358547526,0.11671235094258213
0.4196892011033821,0.11661208499785951,0.41941833358547526,0.11671235094258213
0.4196892011033821,0.11661208499785951,0.41941833358547526,0.11671235094258213
0.4196892011033821,0.11661208499785951,0.41941833358547526,0.11671235094258213
0.4196892011033821,0.11661208499785951,0.41941833358547526,0.11671235094258213
0.4125018379053307,0.11196952021797564,0.4122261817450136,0.11207666753235165
0.4125018379053307,0.11196952021797564,0.4122261817450136,0.11207666753235165
0.4125018379053307,0.11196952021797564,0.4122261817450136,0.11207666753235165
0.4125018379053307,0.11196952021797564,0.4122261817450136,0.11207666753235165
0.4125018379053307,0.11196952021797564,0.4122261817450136,0.11207666753235165
0.4125018379053307,0.11196952021797564,0.4122261817450136,0.11207666753235165
0.4125018379053307,0.11196952021797564,0.4122261817450136,0.11207666753235165
0.4125018379053307,0.11196952021797564,0.4122261817450136,0.11207666753235165
0.4125018379053307,0.11196952021797564,0.4122261817450136,0.11207666753235165
0.4125018379053307,0.11196952021797564,0.4122261817450136,0.11207666753235165
0.41035858063204617,0.1069901642182971,0.4101053161210394,0.10708780576958625
0.41035858063204617,0.1069901642182971,0.4101053161210394,0.10708780576958625
0.41035858063204617,0.1069901642182971,0.4101053161210394,0.10708780576958625
0.41035858063204617,0.1069901642182971,0.4101053161210394,0.10708780576958625
0.41035858063204617,0.1069901642182971,0.4101053161210394,0.10708780576958625
0.41035858063204617,0.1069901642182971,0.4101053161210394,0.10708780576958625
0.41035858063204617,0.1069901642182971,0.4101053161210394,0.10708780576958625
0.41035858063204617,0.1069901642182971,0.4101053161210394,0.10708780576958625
0.41035858063204617,0.1069901642182971,0.4101053161210394,0.10708780576958625
0.41035858063204617,0.1069901642182971,0.4101053161210394,0.10708780576958625
0.40509423686159984,0.11333924195851218,0.4048128364215941,0.11346503784754193
0.40509423686159984,0.11333924195851218,0.4048128364215941,0.11346503784754193
0.40509423686159984,0.11333924195851218,0.4048128364215941,0.11346503784754193
0.40509423686159984,0.11333924195851218,0.4048128364215941,0.11346503784754193
0.40509423686159984,0.11333924195851218,0.4048128364215941,0.11346503784754193
0.40509423686159984,0.11333924195851218,0.4048128364215941,0.11346503784754193
0.40509423686159984,0.11333924195851218,0.4048128364215941,0.11346503784754193
0.40509423686159984,0.11333924195851218,0.4048128364215941,0.11346503784754193
0.40509423686159984,0.11333924195851218,0.4048128364215941,0.11346503784754193
0.40509423686159984,0.11333924195851218,0.4048128364215941,0.11346503784754193
0.4010072703784015,0.11141572058667616,0.400748160555052,0.11156171161675642
0.4010072703784015,0.11141572058667616,0.400748160555052,0.11156171161675642
0.4010072703784015,0.11141572058667616,0.400748160555052,0.11156171161675642
0.4010072703784015,0.11141572058667616,0.400748160555052,0.11156171161675642
0.4010072703784015,0.11141572058667616,0.400748160555052,0.11156171161675642
0.4010072703784015,0.11141572058667616,0.400748160555052,0.11156171161675642
0.4010072703784015,0.11141572058667616,0.400748160555052,0.11156171161675642
0.4010072703784015,0.11141572058667616,0.400748160555052,0.11156171161675642
0.4010072703784015,0.11141572058667616,0.400748160555052,0.11156171161675642
0.4010072703784015,0.11141572058667616,0.400748160555052,0.11156171161675642
0.40151708326392965,0.10833030948852318,0.4012900075189524,0.10847781529235134
0.40151708326392965,0.10833030948852318,0.4012900075189524,0.10847781529235134
0.40151708326392965,0.10833030948852318,0.4012900075189524,0.10847781529235134
0.40151708326392965,0.10833030948852318,0.4012900075189524,0.10847781529235134
0.40151708326392965,0.10833030948852318,0.4012900075189524,0.10847781529235134
0.40151708326392965,0.10833030948852318,0.4012900075189524,0.10847781529235134
0.40151708326392965,0.10833030948852318,0.4012900075189524,0.10847781529235134
0.40151708326392965,0.10833030948852318,0.4012900075189524,0.10847781529235134
0.40151708326392965,0.10833030948852318,0.4012900075189524,0.10847781529235134
0.40151708326392965,0.10833030948852318,0.4012900075189524,0.10847781529235134
0.40064335985533994,0.11356128394973433,0.40042599746645846,0.11371510821066412
0.40064335985533994,0.11356128394973433,0.40042599746645846,0.11371510821066412
0.40064335985533994,0.11356128394973433,0.40042599746645846,0.11371510821066412
0.40064335985533994,0.11356128394973433,0.40042599746645846,0.11371510821066412
0.40064335985533994,0.11356128394973433,0.40042599746645846,0.11371510821066412
0.40064335985533994,0.11356128394973433,0.40042599746645846,0.11371510821066412
0.40064335985533994,0.11356128394973433,0.40042599746645846,0.11371510821066412
0.40064335985533994,0.11356128394973433,0.40042599746645846,0.11371510821066412
0.40064335985533994,0.11356128394973433,0.40042599746645846,0.11371510821066412
0.40064335985533994,0.11356128394973433,0.40042599746645846,0.11371510821066412
0.3980946407868228,0.11096499436069207,0.3978980047207755,0.11112772224218682
0.3980946407868228,0.11096499436069207,0.3978980047207755,0.11112772224218682
0.3980946407868228,0.11096499436069207,0.3978980047207755,0.11112772224218682
0.3980946407868228,0.11096499436069207,0.3978980047207755,0.11112772224218682
0.3980946407868228,0.11096499436069207,0.3978980047207755,0.11112772224218682
0.3980946407868228,0.11096499436069207,0.3978980047207755,0.11112772224218682
0.3980946407868228,0.11096499436069207,0.3978980047207755,0.11112772224218682
0.3980946407868228,0.11096499436069207,0.3978980047207755,0.11112772224218682
0.3980946407868228,0.11096499436069207,0.3978980047207755,0.11112772224218682
0.3980946407868228,0.11096499436069207,0.3978980047207755,0.11112772224218682
0.39548235369930335,0.10806356548209689,0.39526358729585753,0.10824504179470369
0.39548235369930335,0.10806356548209689,0.39526358729585753,0.10824504179470369
0.39548235369930335,0.10806356548209689,0.39526358729585753,0.10824504179470369
0.39548235369930335,0.10806356548209689,0.39526358729585753,0.10824504179470369
0.39548235369930335,0.10806356548209689,0.39526358729585753,0.10824504179470369
0.39548235369930335,0.10806356548209689,0.39526358729585753,0.10824504179470369
0.39548235369930335,0.10806356548209689,0.39526358729585753,0.10824504179470369
0.39548235369930335,0.10806356548209689,0.39526358729585753,0.10824504179470369
0.39548235369930335,0.10806356548209689,0.39526358729585753,0.10824504179470369
0.39548235369930335,0.10806356548209689,0.39526358729585753,0.10824504179470369
0.3940054507325717,0.10422182910108085,0.3938003482135993,0.104400003822237
0.3940054507325717,0.10422182910108085,0.3938003482135993,0.104400003822237
0.3940054507325717,0.10422182910108085,0.3938003482135993,0.104400003822237
0.3940054507325717,0.10422182910108085,0.3938003482135993,0.104400003822237
0.3940054507325717,0.10422182910108085,0.3938003482135993,0.104400003822237
0.3940054507325717,0.10422182910108085,0.3938003482135993,0.104400003822237
0.3940054507325717,0.10422182910108085,0.3938003482135993,0.104400003822237
0.3940054507325717,0.10422182910108085,0.3938003482135993,0.104400003822237
0.3940054507325717,0.10422182910108085,0.3938003482135993,0.104400003822237
0.3940054507325717,0.10422182910108085,0.3938003482135993,0.104400003822237
0.3931155470578019,0.09954109405491358,0.3929693693121898,0.09969862792008562
0.3931155470578019,0.09954109405491358,0.3929693693121898,0.09969862792008562
0.3931155470578019,0.09954109405491358,0.3929693693121898,0.09969862792008562
0.3931155470578019,0.09954109405491358,0.3929693693121898,0.09969862792008562
0.3931155470578019,0.09954109405491358,0.3929693693121898,0.09969862792008562
0.3931155470578019,0.09954109405491358,0.3929693693121898,0.09969862792008562
0.3931155470578019,0.09954109405491358,0.3929693693121898,0.09969862792008562
0.3931155470578019,0.09954109405491358,0.3929693693121898,0.09969862792008562
0.3931155470578019,0.09954109405491358,0.3929693693121898,0.09969862792008562
0.3931155470578019,0.09954109405491358,0.3929693693121898,0.09969862792008562
0.39162450915900743,0.09418427333904457,0.39149965027564937,0.09434064865622452
0.39162450915900743,0.09418427333904457,0.39149965027564937,0.09434064865622452
0.39162450915900743,0.09418427333904457,0.39149965027564937,0.09434064865622452
0.39162450915900743,0.09418427333904457,0.39149965027564937,0.09434064865622452
0.39162450915900743,0.09418427333904457,0.39149965027564937,0.09434064865622452
0.39162450915900743,0.09418427333904457,0.39149965027564937,0.09434064865622452
0.39162450915900743,0.09418427333904457,0.39149965027564937,0.09434064865622452
0.39162450915900743,0.09418427333904457,0.39149965027564937,0.09434064865622452
0.39162450915900743,0.09418427333904457,0.39149965027564937,0.09434064865622452
0.39162450915900743,0.09418427333904457,0.39149965027564937,0.09434064865622452
0.3936718377111065,0.10257994275540785,0.39353284497569496,0.10273848654438415
0.3936718377111065,0.10257994275540785,0.39353284497569496,0.10273848654438415
0.3936718377111065,0.10257994275540785,0.39353284497569496,0.10273848654438415
0.3936718377111065,0.10257994275540785,0.39353284497569496,0.10273848654438415
0.3936718377111065,0.10257994275540785,0.39353284497569496,0.10273848654438415
0.3936718377111065,0.10257994275540785,0.39353284497569496,0.10273848654438415
0.3936718377111065,0.10257994275540785,0.39353284497569496,0.10273848654438415
0.3936718377111065,0.10257994275540785,0.39353284497569496,0.10273848654438415
0.3936718377111065,0.10257994275540785,0.39353284497569496,0.10273848654438415
0.3936718377111065,0.10257994275540785,0.39353284497569496,0.10273848654438415
0.39240656313962524,0.09828151981621319,0.39227986320994124,0.09843629219100798
0.39240656313962524,0.09828151981621319,0.39227986320994124,0.09843629219100798
0.39240656313962524,0.09828151981621319,0.39227986320994124,0.09843629219100798
0.39240656313962524,0.09828151981621319,0.39227986320994124,0.09843629219100798
0.39240656313962524,0.09828151981621319,0.39227986320994124,0.09843629219100798
0.39240656313962524,0.09828151981621319,0.39227986320994124,0.09843629219100798
0.39240656313962524,0.09828151981621319,0.39227986320994124,0.09843629219100798
0.39240656313962524,0.09828151981621319,0.39227986320994124,0.09843629219100798
0.39240656313962524,0.09828151981621319,0.39227986320994124,0.09843629219100798
0.39240656313962524,0.09828151981621319,0.39227986320994124,0.09843629219100798
0.39291132683696683,0.09225484080807184,0.3928967734418945,0.09238208016601698
0.39291132683696683,0.09225484080807184,0.3928967734418945,0.09238208016601698
0.39291132683696683,0.09225484080807184,0.3928967734418945,0.09238208016601698
0.39291132683696683,0.09225484080807184,0.3928967734418945,0.09238208016601698
0.39291132683696683,0.09225484080807184,0.3928967734418945,0.09238208016601698
0.39291132683696683,0.09225484080807184,0.3928967734418945,0.09238208016601698
0.39291132683696683,0.09225484080807184,0.3928967734418945,0.09238208016601698
0.39291132683696683,0.09225484080807184,0.3928967734418945,0.09238208016601698
0.39291132683696683,0.09225484080807184,0.3928967734418945,0.09238208016601698
0.39291132683696683,0.09225484080807184,0.3928967734418945,0.09238208016601698
0.3959395463303417,0.10058479241948892,0.39593957532346424,0.10069856393006787
0.3959395463303417,0.10058479241948892,0.39593957532346424,0.10069856393006787
0.3959395463303417,0.10058479241948892,0.39593957532346424,0.10069856393006787
0.3959395463303417,0.10058479241948892,0.39593957532346424,0.10069856393006787
0.3959395463303417,0.10058479241948892,0.39593957532346424,0.10069856393006787
0.3959395463303417,0.10058479241948892,0.39593957532346424,0.10069856393006787
0.3959395463303417,0.10058479241948892,0.39593957532346424,0.10069856393006787
0.3959395463303417,0.10058479241948892,0.39593957532346424,0.10069856393006787
0.3959395463303417,0.10058479241948892,0.39593957532346424,0.10069856393006787
0.3959395463303417,0.10058479241948892,0.39593957532346424,0.10069856393006787
0.4030949270380395,0.10549583816558504,0.4033515522203979,0.10564038628513002
0.4030949270380395,0.10549583816558504,0.4033515522203979,0.10564038628513002
0.4030949270380395,0.10549583816558504,0.4033515522203979,0.10564038628513002
0.4030949270380395,0.10549583816558504,0.4033515522203979,0.10564038628513002
0.4030949270380395,0.10549583816558504,0.4033515522203979,0.10564038628513002
0.4030949270380395,0.10549583816558504,0.4033515522203979,0.10564038628513002
0.4030949270380395,0.10549583816558504,0.4033515522203979,0.10564038628513002
0.4030949270380395,0.10549583816558504,0.4033515522203979,0.10564038628513002
0.4030949270380395,0.10549583816558504,0.4033515522203979,0.10564038628513002
0.4030949270380395,0.10549583816558504,0.4033515522203979,0.10564038628513002
0.41132248219972967,0.10105771237730683,0.4120911265208885,0.10130953142065056
0.41132248219972967,0.10105771237730683,0.4120911265208885,0.10130953142065056
0.41132248219972967,0.10105771237730683,0.4120911265208885,0.10130953142065056
0.41132248219972967,0.10105771237730683,0.4120911265208885,0.10130953142065056
0.41132248219972967,0.10105771237730683,0.4120911265208885,0.10130953142065056
0.41132248219972967,0.10105771237730683,0.4120911265208885,0.10130953142065056
0.41132248219972967,0.10105771237730683,0.4120911265208885,0.10130953142065056
0.41132248219972967,0.10105771237730683,0.4120911265208885,0.10130953142065056
0.41132248219972967,0.10105771237730683,0.4120911265208885,0.10130953142065056
0.41132248219972967,0.10105771237730683,0.4120911265208885,0.10130953142065056
0.4096552431377325,0.09717055802157647,0.4104150341973084,0.0974350046499258
0.4096552431377325,0.09717055802157647,0.4104150341973084,0.0974350046499258
0.4096552431377325,0.09717055802157647,0.4104150341973084,0.0974350046499258
0.4096552431377325,0.09717055802157647,0.4104150341973084,0.0974350046499258
0.4096552431377325,0.09717055802157647,0.4104150341973084,0.0974350046499258
0.4096552431377325,0.09717055802157647,0.4104150341973084,0.0974350046499258
0.4096552431377325,0.09717055802157647,0.4104150341973084,0.0974350046499258
0.4096552431377325,0.09717055802157647,0.4104150341973084,0.0974350046499258
0.4096552431377325,0.09717055802157647,0.4104150341973084,0.0974350046499258
0.4096552431377325,0.09717055802157647,0.4104150341973084,0.0974350046499258
0.4088698173396013,0.0948431497252731,0.4096381460441135,0.09512246981030312
0.4088698173396013,0.0948431497252731,0.4096381460441135,0.09512246981030312
0.4088698173396013,0.0948431497252731,0.4096381460441135,0.09512246981030312
0.4088698173396013,0.0948431497252731,0.4096381460441135,0.09512246981030312
0.4088698173396013,0.0948431497252731,0.4096381460441135,0.09512246981030312
0.4088698173396013,0.0948431497252731,0.4096381460441135,0.09512246981030312
0.4088698173396013,0.0948431497252731,0.4096381460441135,0.09512246981030312
0.4088698173396013,0.0948431497252731,0.4096381460441135,0.09512246981030312
0.4088698173396013,0.0948431497252731,0.4096381460441135,0.09512246981030312
0.4088698173396013,0.0948431497252731,0.4096381460441135,0.09512246981030312
0.40739302968592506,0.08994901658405852,0.4081728359762087,0.09025038070272702
0.40739302968592506,0.08994901658405852,0.4081728359762087,0.09025038070272702
0.40739302968592506,0.08994901658405852,0.4081728359762087,0.09025038070272702
0.40739302968592506,0.08994901658405852,0.4081728359762087,0.09025038070272702
0.40739302968592506,0.08994901658405852,0.4081728359762087,0.09025038070272702
0.40739302968592506,0.08994901658405852,0.4081728359762087,0.09025038070272702
0.40739302968592506,0.08994901658405852,0.4081728359762087,0.09025038070272702
0.40739302968592506,0.08994901658405852,0.4081728359762087,0.09025038070272702
0.40739302968592506,0.08994901658405852,0.4081728359762087,0.09025038070272702
0.40739302968592506,0.08994901658405852,0.4081728359762087,0.09025038070272702
0.40603685131386713,0.08458946843412504,0.40684183060544843,0.08491993141584764
0.40603685131386713,0.08458946843412504,0.40684183060544843,0.08491993141584764
0.40603685131386713,0.08458946843412504,0.40684183060544843,0.08491993141584764
0.40603685131386713,0.08458946843412504,0.40684183060544843,0.08491993141584764
0.40603685131386713,0.08458946843412504,0.40684183060544843,0.08491993141584764
0.40603685131386713,0.08458946843412504,0.40684183060544843,0.08491993141584764
0.40603685131386713,0.08458946843412504,0.40684183060544843,0.08491993141584764
0.40603685131386713,0.08458946843412504,0.40684183060544843,0.08491993141584764
0.40603685131386713,0.08458946843412504,0.40684183060544843,0.08491993141584764
0.40603685131386713,0.08458946843412504,0.40684183060544843,0.08491993141584764
0.40386015056112806,0.07818061779291102,0.40467107139471076,0.0785522389691258
0.40386015056112806,0.07818061779291102,0.40467107139471076,0.0785522389691258
0.40386015056112806,0.07818061779291102,0.40467107139471076,0.0785522389691258
0.40386015056112806,0.07818061779291102,0.40467107139471076,0.0785522389691258
0.40386015056112806,0.07818061779291102,0.40467107139471076,0.0785522389691258
0.40386015056112806,0.07818061779291102,0.40467107139471076,0.0785522389691258
0.40386015056112806,0.07818061779291102,0.40467107139471076,0.0785522389691258
0.40386015056112806,0.07818061779291102,0.40467107139471076,0.0785522389691258
0.40386015056112806,0.07818061779291102,0.40467107139471076,0.0785522389691258
0.40386015056112806,0.07818061779291102,0.40467107139471076,0.0785522389691258
0.40508885841649117,0.0694752280381323,0.4060856173915566,0.06982119069672905
0.40508885841649117,0.0694752280381323,0.4060856173915566,0.06982119069672905
0.40508885841649117,0.0694752280381323,0.4060856173915566,0.06982119069672905
0.40508885841649117,0.0694752280381323,0.4060856173915566,0.06982119069672905
0.40508885841649117,0.0694752280381323,0.4060856173915566,0.06982119069672905
0.40508885841649117,0.0694752280381323,0.4060856173915566,0.06982119069672905
0.40508885841649117,0.0694752280381323,0.4060856173915566,0.06982119069672905
0.40508885841649117,0.0694752280381323,0.4060856173915566,0.06982119069672905
0.40508885841649117,0.0694752280381323,0.4060856173915566,0.06982119069672905
0.40508885841649117,0.0694752280381323,0.4060856173915566,0.06982119069672905
