0.1478859409561311,2.7755575615628914e-17,0.14764862578134033,0.0
0.14296480281644586,0.007153228469010578,0.1428049667707722,0.007019023813241016
0.14233015895871087,0.007696943588103113,0.1421638063184024,0.007585195560345836
0.14190870881944428,0.008559510748016487,0.14174794897699425,0.008454117900876182
0.14179468824729016,0.008490239781917716,0.14163510850460784,0.008385157798542715
0.14051043511166283,0.009053104786803315,0.14036339868022782,0.00895875289698802
0.13945994117872357,0.009908396055051952,0.13931490115403983,0.009828847187130835
0.13945994117872357,0.009908396055051952,0.13931490115403983,0.009828847187130835
0.13911958468010957,0.009806187836022115,0.13897881162622902,0.009727629767794288
0.13878789669858027,0.009803475384162114,0.13864310094954413,0.009722087584487655
0.1354600874134198,0.012760492878505213,0.1353421384909152,0.01267111027975145
0.13355980631404063,0.01621261837249742,0.13346264308712205,0.01608613444118338
0.12993513531039722,0.017666279030999005,0.1298765426808178,0.01750710952827049
0.13062088740591335,0.015515179834276917,0.13056075621092078,0.015361021412523879
0.12848283418691417,0.01990806713066307,0.12842523943252618,0.019757770487864586
0.12819181057177204,0.019720542918152353,0.1281392057806719,0.019573908422552858
0.1285153916879736,0.018953896294138173,0.12845287465667704,0.018824953625837675
0.12798558595446113,0.02070853795449826,0.12792488053689016,0.020577277567371044
0.12716526724616653,0.020407624947850277,0.12711636346618577,0.0202772346383553
0.1269852878541838,0.020131762446814284,0.12693896520951078,0.020005725023356853
0.12605706424324084,0.019837452769100587,0.1260157006548102,0.019709691493372965
0.12684937264006907,0.02010823257216131,0.1268056691574628,0.019985299838240784
0.1268531878927714,0.020115505440800836,0.1268115008076806,0.01999402864477692
0.12684011227706748,0.02010330203662747,0.12679830493546956,0.019981738583019562
0.1263923447666869,0.02010591861675921,0.1263481017528479,0.019978637503298022
0.12615681264691017,0.020459810318512368,0.12612311296281792,0.02031768252819401
0.12644555945478736,0.020647385517658056,0.1264182226726515,0.020492034668128017
0.12578566310901385,0.020032813761339578,0.12576203708215727,0.01988293415896771
0.12578566310901385,0.020032813761339578,0.12576203708215727,0.01988293415896771
0.12491718910321437,0.01949215672078458,0.12490526046798711,0.01935365012926576
0.12498685595847672,0.019490622797955815,0.12496987039889837,0.01935373299925296
0.12261253583978649,0.01917422187860425,0.1226215439401546,0.019046626971306945
0.12090140367697062,0.020043545476497598,0.12091655422961503,0.019914251888556327
0.12146930032522987,0.020150873834773948,0.12148152132232803,0.020019156168634967
0.1209474281721167,0.020486125729957384,0.12096339747358505,0.020354135024052235
0.12064103349587399,0.020162643312344224,0.12065972396601174,0.020034326685422953
0.12000891818825754,0.01970316282986562,0.12004073618019669,0.019583934541170942
0.11980467624445909,0.019414376893364605,0.11983884101908157,0.0192991404136157
0.11869449819217419,0.019253229515637998,0.11873462181058445,0.019143352457474744
0.11788038820785003,0.018543063979798657,0.11792236907437617,0.01844160129032746
0.11753615156617112,0.018168239704424213,0.11758676194130477,0.018066138672240214
0.11766228303675441,0.01817373576889977,0.11771293702978554,0.018068513939927654
0.11694146970913033,0.017542958152528897,0.11699197870971031,0.017437575134292484
0.11523373212393802,0.016914913431038098,0.11528843596609631,0.016819493752509684
0.11541268330209957,0.01741762983181612,0.11547030890592187,0.017319134428715452
0.11541268330209957,0.01741762983181612,0.11547030890592187,0.017319134428715452
0.11503687103003535,0.017300246066314747,0.11509490935994644,0.01720557473799829
0.11511080769265528,0.017229429303208043,0.11517097825998301,0.017133043111239612
0.11509831938544883,0.017395609061495922,0.11515459279272253,0.017299912669812584
0.11509831938544883,0.017395609061495922,0.11515459279272253,0.017299912669812584
0.11427627665618764,0.017446083207185076,0.11433418797147621,0.01735193782408336
0.11529503621400519,0.016379601071528214,0.11534857484983183,0.016293239481089117
0.11550655873422166,0.016173618772305817,0.11555751101042307,0.016088279765356723
0.11548863731675882,0.01666914574510692,0.11553839996787665,0.016578434119738483
0.11501404096355836,0.016895047452589643,0.1150719508299823,0.01679602821029577
0.11548580407176467,0.016755266398391234,0.11554501752077954,0.016650486512973402
0.11466365822782612,0.01672099640872223,0.11472258871067904,0.01661757060133745
0.11479107657564114,0.016485890405592046,0.11484914770350148,0.016383996588538723
0.11408369270307457,0.01712239755053626,0.11414931211080728,0.017016004148206306
0.11429152005064917,0.01669674960395398,0.11435439039736761,0.016600282349694143
0.11427520387377403,0.016912287330843392,0.11434012275369013,0.016812641613712126
0.11385854288566785,0.016254059630682893,0.11392224697141903,0.01615547723920858
0.11355579992627743,0.016149224628381094,0.11361591931876783,0.016042193541537783
0.11370565083125536,0.014902538524574929,0.11376073416754784,0.014811205927826296
0.11299403532079119,0.014373582823115185,0.11306696637568495,0.01429766143667211
0.11259009234026415,0.014423902047341354,0.1126667573637965,0.014349405373172154
0.11183621083666546,0.014335764288393338,0.11191418409702032,0.01425763425811542
0.11140097190758794,0.014235503292939412,0.11148067488201616,0.014157886880777213
0.11058217656871368,0.014584027378579095,0.1106698229730384,0.01450001290266041
0.11070476127019321,0.014704468493339057,0.11079137402052497,0.014618268742128808
0.10990167245186222,0.014580399436659817,0.10999161787547376,0.014479048939921486
0.10971820662503233,0.014136342051060806,0.10981169962376292,0.014040628551401216
0.10819697515957274,0.013980910897335103,0.10829384573412253,0.013861827310370705
0.10836127476257004,0.015145230760008038,0.10845385807988572,0.015025311989809347
0.10801131101925836,0.01537242302917469,0.10810211285210655,0.015254911684962414
0.10715437056006949,0.015563233287593103,0.1072545970214243,0.01543760085987526
0.10655756006759416,0.015195482338918912,0.10666544086674272,0.01508309452262932
0.10699681315016014,0.015300481524326219,0.10710228844617009,0.01518260443973021
0.10645909527188953,0.015353757266166893,0.10657102601752769,0.015242021284959838
0.10620456372873059,0.015402651968405156,0.10633248214109678,0.015296185262457827
0.10610963854753712,0.015254591284742278,0.10623843173850071,0.015149463479359542
0.10648284133745849,0.01497507392312259,0.10660643971042794,0.014876761950418708
0.1055888559316239,0.015322334214534671,0.10572367510008833,0.015225454040494827
0.10524292104834335,0.01568107097978325,0.10537627549265256,0.01557745797787539
0.1051652628290265,0.01570798000002221,0.10529800634619013,0.015603470298248089
0.10470343379156107,0.015117994291776356,0.10483898416048895,0.01501448255792707
0.10471248594400154,0.015107615686783099,0.10484754389730591,0.015004617050339666
0.10550022371602161,0.01443210726691097,0.10563069471603026,0.014341789519309117
0.10561781944516238,0.014792159713716566,0.1057473980022472,0.014696163309179415
0.10545856670833087,0.014669394507485218,0.10559511561802197,0.014581644245627055
0.10518282131582846,0.014267170395326927,0.10532125400951058,0.014183741157711805
0.10518282131582846,0.014267170395326927,0.10532125400951058,0.014183741157711805
0.10484919312187302,0.014275219298994606,0.10498922945424868,0.01418707546391596
0.10484919312187302,0.014275219298994606,0.10498922945424868,0.01418707546391596
0.10484919312187302,0.014275219298994606,0.10498922945424868,0.01418707546391596
0.1041429971070649,0.01429885777972421,0.10427698218333059,0.014204524556269017
0.10298086872801178,0.013423746514378965,0.10311927814262274,0.013330263399098327
0.10354952295924816,0.013233380129063962,0.1036825969035002,0.013142621560190382
0.1015909751033294,0.011569035546547753,0.10174706316851685,0.011498499310327148
0.10150263847808132,0.011581206937845654,0.10165946433699584,0.01150928610539187
0.10172269412765464,0.01138246331878251,0.10187799398403445,0.011312763747713178
0.10218754088170753,0.011562894009782701,0.10234856906087342,0.011492566008842263
0.10137631957843299,0.011093149768148925,0.10154798162357773,0.011016513720454677
0.10133873082958111,0.011083667282015732,0.10150911170582225,0.011007930406049861
0.10096058712306569,0.011089650907409258,0.10112473141162795,0.011010530984565267
0.1011157467702801,0.010911601935853046,0.10127575576611621,0.010837675230406215
0.1041990596923578,0.013575723180221029,0.10434188782226717,0.013489257507867863
0.10535638736369313,0.015539708966645355,0.10548547070588984,0.015441961447116476
0.10526109768086603,0.015420487147459786,0.10539203559877283,0.015325394128147192
0.10503696136300515,0.014979173241591391,0.10517527265624553,0.014893732015207982
0.10512841474736216,0.014624384112141352,0.10525705357222721,0.014546486129864995
0.10488327953128647,0.014602479116923148,0.10501666098704983,0.014525460368360749
0.10543278953957955,0.014710895192037665,0.10556080713534266,0.014636628593023678
0.10548370100568356,0.014621126816076168,0.10560833784564008,0.01454664748293718
0.10564779774321605,0.014696862468722387,0.10577471982939968,0.01463222305707661
0.10533720625017262,0.01477436891211905,0.10547092677467565,0.01470701949438961
0.10551297986738743,0.01474359036709077,0.1056378495528385,0.014678366460941969
0.10616931318592068,0.014643168707921197,0.10627919679836957,0.01458069279761149
0.10717980981806371,0.014589211589482906,0.1072671131030897,0.014523979846500532
0.10705988989309057,0.014659322348703426,0.10714755710734776,0.01459269154047896
0.1073214201691636,0.014800071434964392,0.10740753182379348,0.014742287795856894
0.10748830685859907,0.014858180217296587,0.10757296766378188,0.01479925764967061
0.10745050787426716,0.01500576320929179,0.10753511761025085,0.014942963072896494
0.1074163265119599,0.015052427297220021,0.10750239663465624,0.014987639045396942
0.10729977222059803,0.015063868718385753,0.10738707006348067,0.014998565227062945
0.106843282635725,0.01473155151856934,0.10694087715877203,0.01467658733376301
0.10683221737379264,0.014442200850647794,0.10692889644721511,0.01439192815597701
0.10634430626210387,0.014571781335053147,0.10644624567696856,0.014517723355805628
0.10719541649070548,0.015291577392362162,0.1072927390071893,0.015231169855212454
0.10645477809213091,0.015367352971808966,0.10655830873172385,0.015306185233257956
0.10652121509540143,0.015456654148359008,0.10662541745341621,0.015394202899484311
0.10635980180591402,0.015458203155234983,0.10646664775844053,0.015396744070808661
0.10610241414292094,0.015180714062179187,0.10621380211933007,0.015125114181130602
0.10603872297707773,0.014990525042408585,0.10614943382100048,0.014940692316827061
0.10614961809408005,0.015147455488213233,0.1062585091660941,0.015096344671878684
0.10735048875996056,0.015382118003895252,0.10745165490940571,0.015324225756212098
0.10621732829419277,0.01445465259744858,0.10633712699427396,0.014413059337415027
0.10573980735286855,0.014198783484028732,0.10586299383117166,0.014162675019127992
0.10532722992927526,0.013766034979924482,0.10545233207879778,0.013727361061003165
0.10542732399734658,0.013685072953712416,0.10555130461467299,0.013647629939693642
0.10542098113360614,0.013440086895830983,0.10554672669983729,0.013411303622377718
0.1044210309947938,0.011269238765277028,0.10455384970945772,0.011253882543947255
0.10377503864751178,0.010567837199193837,0.10391411197411556,0.010546067247040141
0.10322562873017058,0.010428538721960976,0.1033785838195163,0.010406799980541812
0.10163588686151133,0.008737108517896663,0.10180754771042233,0.008715159573737821
0.10138340018817629,0.008644572472777355,0.10155728954209157,0.008618831197356912
0.10126847292518815,0.00860825150009585,0.10143658357477621,0.00858380285344247
0.10125499375030848,0.00863193715826472,0.10142411511744676,0.00860572720412186
0.10175724454468467,0.00924792443545305,0.10192080428467765,0.00921103580872282
0.10127624626956289,0.009080648265015387,0.10143230346145223,0.009045518577854397
0.10090901612557876,0.008011423575859369,0.10105795764998209,0.007987398968131705
0.10091566418902169,0.008003265379326885,0.10106264469573892,0.00797866123488451
0.10135296869170103,0.008165491542216513,0.10149586915070712,0.008138233690167083
0.10139666448711979,0.008130131828208523,0.10153764709444943,0.008104947595799614
0.10084512065626594,0.008401367871559446,0.10098563155379672,0.008372231226284587
0.10031313486619316,0.008303157849021189,0.10045950998760615,0.00827752413729596
0.10047120472195456,0.008465936839897322,0.10061295684645297,0.0084358583158136
0.10002627417199475,0.008100739943167389,0.10016827245416851,0.008064924318946879
0.10093094600306203,0.008821355061269654,0.10107208487961335,0.008802371892305932
0.10072150330304577,0.0084737593341816,0.10086423430390923,0.008462349284496374
0.09981949349384535,0.00747064926861641,0.09996810793548772,0.007441457682137024
0.09972762203283489,0.007442742095634178,0.09987196638636595,0.007408298131054928
0.09946748991617599,0.00761392651621957,0.09961757957548838,0.007578909905546757
0.0988756106317105,0.00747262659946044,0.09902778345627224,0.007433553134773562
0.09770822029372098,0.007444413363259493,0.09787525641522278,0.007406735895652506
0.09729615039021731,0.0070831433141339255,0.09746491181640658,0.0070406077719517264
0.09697510521825153,0.006802626913340989,0.0971392697052533,0.006753337450769572
0.09660405408481958,0.0062536600285981285,0.09677279188118795,0.006215672786676548
0.09620868048366236,0.006231517267554313,0.09637919770563455,0.006192934291118393
0.09596732956297568,0.006151855016595391,0.09613870882264162,0.00610678134895925
0.09657320934942282,0.007359695983891379,0.09674121710563785,0.007308378016910522
0.09657320934942282,0.007359695983891379,0.09674121710563785,0.007308378016910522
0.09628830617520075,0.00720352314682179,0.096455812774372,0.007145602256367866
0.09622074840674652,0.007264157603391499,0.09638863746349371,0.0072062041083560775
0.0962062735954016,0.0071922155709028745,0.09637392658502456,0.007134293271538182
0.096520661900601,0.007148367541769447,0.09668772958894697,0.007091045360786539
0.09676209405124662,0.007090085277120072,0.09692666657629952,0.007034050818604887
0.09688346632995423,0.007227226958263499,0.09704596469959063,0.007167814032686709
0.09657536870552737,0.007255115372538358,0.09673802500188003,0.007193573852423568
0.09658944688798106,0.007125152581658594,0.09675174215736206,0.007066696028623787
0.09614146128146883,0.0062260646781350446,0.09631092938953285,0.0061852195971565695
0.09640907116555587,0.006096737025055355,0.0965758994356638,0.006057583520481418
0.09774006211771007,0.0062036835275619635,0.0978927898078111,0.006144673281914603
0.0973809001289839,0.006256007204236572,0.09753429272919986,0.006187577063096625
0.09741406260483206,0.00628434900239641,0.09756836355613777,0.006215966420583988
0.09676149825246111,0.00692726076954969,0.09690947272733526,0.006858064521461373
0.09660749392641642,0.006854489384912874,0.09675477936090318,0.0067825875763563945
0.09669831538137658,0.0068231417446451845,0.09684055153618995,0.006749251018512259
0.09629344722270511,0.006590425697784807,0.0964422819254995,0.006518977856850371
0.09617441699376247,0.006622325441058907,0.09632443154677442,0.006550627673229064
0.09610075928504759,0.006555521522304318,0.09625681566562924,0.006489108708904886
0.0960586268774942,0.006483013702055177,0.09621134505908538,0.006416744489818257
0.09604079740404489,0.006532491876654343,0.09619605583420235,0.006463729647395089
0.0961504183129683,0.006583304151622684,0.0963048029229574,0.006515421029180393
0.09624319167148938,0.006671106090091428,0.09639630545689748,0.00660045628574418
0.09621091060317558,0.006902677388758947,0.09636159368015204,0.00683374098450563
0.09687960186257653,0.007274241282091669,0.09702332174323638,0.0072039059922438375
0.09685515261871518,0.007296805307602896,0.09699925948331792,0.0072247799960356
0.09678067929985458,0.007255389767748863,0.09692694434852392,0.0071857038607168805
0.09683513644283606,0.007432656357441968,0.09698296571502765,0.007363458870384364
0.09697260543066676,0.0075911527632278215,0.09711850100405,0.007522035025077137
0.0969552710618918,0.0074975263322573545,0.09710421087584484,0.007430351402708686
0.09734597473188987,0.007529575133201558,0.09749217397346052,0.007469525616643072
0.09726217185158913,0.007399895284971369,0.09740842051084661,0.0073423262704661795
0.09717466506944884,0.0073450916264567855,0.0973227530039942,0.007288089004427308
0.09729910202092971,0.007193519349449503,0.09744361606590406,0.007140675572409359
0.09733203558743601,0.007237734358941967,0.09747613501700962,0.0071843782719948675
0.09725876540716472,0.007147749472139346,0.09740543957986147,0.007097457554478938
0.09725105563218048,0.007159714316032537,0.09739863901311359,0.007107989949425593
0.09732529279879906,0.007203006026629288,0.09747215233978637,0.007150754220507442
0.09718733860665854,0.007086057047802728,0.09733697891078674,0.007034974093568767
0.09717529783325127,0.007095392206298799,0.09732568830467264,0.007043718960579584
0.09694359953220638,0.006883384882190912,0.09709924552108218,0.006836355653495473
0.09722308760570042,0.007294824865199099,0.09737182610314102,0.007238998382951933
0.09720280715705507,0.007289105737217822,0.09735649957517993,0.007234601129640067
0.09693768911031979,0.0071131452295009456,0.09709443196861134,0.007062720024061031
0.09677552178488706,0.007037798043113672,0.0969324483959095,0.006985712817478951
0.09697296927158414,0.007078343864639587,0.09713115379510358,0.007030403290512603
0.09625652768171722,0.0064310321387960785,0.09641764352347472,0.006394080427934336
0.0961186942849667,0.006247875576052839,0.09628452250207697,0.006213722147131698
0.09588864320577611,0.00614374058187408,0.09605824196520399,0.006115191107038533
0.09564052474279441,0.006051145993038667,0.0958144834366905,0.00602518037884996
0.09548770341368558,0.006211798206361873,0.09566437828435424,0.006181933330221386
0.0953454446635084,0.0060851376576862804,0.09551902627476569,0.006053280209873413
0.09558660057556065,0.0062628950333593,0.09575053172284413,0.006209890703455689
0.09497377845143926,0.005962917861917476,0.09513921385779141,0.005906280640308245
0.09432831066498606,0.00616790940650646,0.09449937681785038,0.00610281039330918
0.09446187981073312,0.00608987793129761,0.0946326043882094,0.006026221180710602
0.09459239964887615,0.006281718543102348,0.09476059679862757,0.006213933705013732
0.0943569822131474,0.006309144582079531,0.09453136403697936,0.006238494968285462
0.09452759392106337,0.0062656443980951305,0.094700649265975,0.006196549871539772
0.09433203376969489,0.006036515311658419,0.09450910312909758,0.0059745971160788435
0.09433212778780337,0.00603637707117702,0.09450904627237247,0.005974681089983585
0.09422652218051264,0.005987711304964837,0.09440304508581632,0.005924005620636115
0.09441255668504937,0.006056909977844239,0.09458862044031194,0.005994743471155419
0.09457424571992297,0.006053571674549986,0.0947467440000703,0.005990109171513013
0.0950131277559314,0.006473364924582053,0.09518409627980304,0.006413846143712081
0.09486180470034741,0.006311737477767128,0.0950357700112357,0.0062572111708017
0.09450255808795002,0.006220586708167717,0.09468178188099653,0.006166426905909686
0.0942469246238706,0.005905989724596298,0.09442448940631358,0.0058481949346327125
0.09370539419340493,0.005777065358977047,0.09388885041007956,0.005717849121881555
0.0940098727947881,0.005965675343797138,0.09419495876398416,0.005905614020296042
0.0940564320163426,0.005969087553054926,0.09423996852847276,0.005906356226010548
0.09405530928385969,0.005970704769581787,0.09423883580387296,0.00590799672056889
0.09452384876088511,0.005962661827337974,0.09470298733139002,0.0059051859267102045
0.09459317054037387,0.005962490843123439,0.09477053518870052,0.005906527386872935
0.09428235041912689,0.005685956726303797,0.09446107776275472,0.005635181033590409
0.09428335957741854,0.005686764847659864,0.09446088434941005,0.005635027743989012
0.09403675528009874,0.005484252223003689,0.09422941965144987,0.005444188016767228
0.09403760843043046,0.0054830562567025854,0.09423021826365696,0.0054430674778656405
0.09418401053456718,0.005603172242718197,0.09437737356275835,0.005564002420600593
0.09471256147601471,0.005845857168198142,0.09490566289169601,0.005814701634972494
0.09387510803793334,0.005504638103725063,0.09407340880855403,0.005461904377942042
0.09407843906137378,0.005709537085021885,0.09427542747325507,0.005663363415206162
0.09414486534327351,0.0056398263167395666,0.09433815800027562,0.005598011031692052
0.09396215903968666,0.0057803914157211166,0.09415631401269181,0.0057371013428627144
0.09433929670491803,0.006256939206982919,0.09453704427708805,0.006216292639191375
0.09404231221467996,0.006413526835328435,0.09424739672188881,0.006386109634448744
0.09398372496129367,0.0064788353770806936,0.09419109486606426,0.006449106889758905
0.0936620175225661,0.006132878725307548,0.09387932263568513,0.006111802801275382
0.09360781541652112,0.006184312125101093,0.0938259818739626,0.006162277000320899
0.09306795045301494,0.0056772048235309135,0.09329259165622915,0.005662675741936418
0.09297335438543304,0.005679357484436787,0.09319401650154058,0.005661048882110155
0.09276769011705359,0.005634199865930074,0.0929867630960754,0.005613667847562571
0.09255931282443108,0.005486776118327004,0.09278133952114173,0.005470340853442776
0.09243175002457801,0.005428114568666902,0.09265381849441374,0.00541131742890968
0.0926303322946711,0.005681589300619636,0.09285064044201696,0.005663032030945124
0.09296405647674641,0.00597134677200463,0.09318152857503943,0.005948768043535489
0.09368017254350283,0.006881805800295237,0.09389143820850684,0.006847418441690437
0.0937465679642325,0.006956056719250606,0.09395827387714031,0.006923667292196009
0.09378081114780887,0.006922524745091848,0.09399325712392363,0.006889497448922005
0.09337021195145681,0.006610592890632111,0.093581605965726,0.006575523355490941
0.09336210802202043,0.00647074916676685,0.09357623142825384,0.006441132662695005
0.09336210802202043,0.00647074916676685,0.09357623142825384,0.006441132662695005
0.09336482533532163,0.006473362194848953,0.09357975728144234,0.006444521980360969
0.0938896899248701,0.006536409244485036,0.09410441903940839,0.006505860774163117
0.09365828222465176,0.006404259930975626,0.09387283127171703,0.006376062910910659
0.09337173915880706,0.006188481277542237,0.09358443546327572,0.006158932379683755
0.09336789628474972,0.006192789933851012,0.0935806421562754,0.0061631987831098885
0.09374911602100176,0.006176544433686167,0.09396275180052949,0.006152470033328626
0.0935098886602242,0.006151207581258409,0.09372434980664102,0.006121195357353791
0.09347585227496505,0.006104435479260934,0.09369379816367711,0.006077517045078802
0.09367456167732664,0.00638090777776974,0.09389284990551831,0.006356135904558335
0.09419018973770547,0.006972257375686457,0.09440946422832128,0.006948224052814903
0.09409106564792144,0.006846307878181597,0.09431043597392584,0.006821703015814295
0.0940050382719353,0.00683742870444761,0.09422675961730945,0.006814026988261534
0.09419748802495612,0.007025810541512708,0.09442066161177834,0.007005673828293403
0.09499705589771017,0.008011256219682336,0.09522395038291376,0.007994855621309319
0.0953474272258972,0.008431581443729056,0.09557602406118758,0.008423820089486932
0.09410047815678055,0.007675133760013452,0.094340639165352,0.007698282969078111
0.09398920313661979,0.0077064428265115805,0.0942290630341595,0.007732130733114278
0.09360861285794439,0.007734307497798268,0.09385111613375852,0.007763236247516817
0.0937748701173663,0.008106612270643155,0.09402962617855225,0.008156052081972849
0.09416691582009747,0.008515499771342064,0.09441868399150445,0.008560737543153027
0.09414931103913907,0.008531596341723425,0.09440204601575669,0.008575855683216222
0.0937611182173643,0.008081957904065773,0.09401303175926355,0.00812364473128216
0.09401477223546635,0.008215481945640887,0.09425706824456097,0.008244420059955179
0.09369721451644161,0.008250757941695656,0.09394218633404691,0.008275545589925737
0.09351885608893873,0.007723682537724052,0.09375884851741685,0.0077314930306252114
0.09352152682378709,0.00769596010521612,0.09376258245976758,0.007705635927927523
0.09328398277440272,0.007766071761865264,0.09352782023429926,0.0077750723090360555
0.09333813786311992,0.00771836138093281,0.09358045925263789,0.007728902865832285
0.09356550236481893,0.008076879460061344,0.09380767917375547,0.00808830387540489
0.09344206743380637,0.00809818737084194,0.09368301348229716,0.008108604790346245
0.09345073466338003,0.008090445944254317,0.0936916145261952,0.008100918026449098
0.09334691714325741,0.00824847965163349,0.09358705012043729,0.008262591438652735
0.0923970886861568,0.006759493184541033,0.0926328291101037,0.006765222824141432
0.09244401639675162,0.006699829002193767,0.09268151955734309,0.006707712227592486
0.09244729296443446,0.006696870900271124,0.09268465109464678,0.006704897747749422
0.09277759837168562,0.006642787680122775,0.09301414466744037,0.006652282492386648
0.09231192457210981,0.005629712103302737,0.09255948404384232,0.005643737336579725
0.09203271749783823,0.005359639120743029,0.09228279751298323,0.005371430041257453
0.09205697073249192,0.005478810498155511,0.0923079741184328,0.005491206064054475
0.09182295787655034,0.005516835968194796,0.0920781694079381,0.0055304931201005285
0.09178979611797236,0.005533437946889373,0.09204500713333658,0.005546962345924245
0.09132146003627781,0.004944935878182354,0.09157965374079026,0.004964618825094061
0.09094551128354095,0.004590708275881419,0.09120418367348557,0.004615739888357816
0.09138550495017064,0.004898761353846504,0.09164006853076447,0.004918674847877601
0.09174429011904904,0.005646506033146003,0.09200210176534775,0.005674958372378786
0.09150440783786705,0.0049300092975710684,0.09175783696807485,0.004942044022016039
0.09160406432346699,0.005121924602346297,0.09185734619706422,0.005132614432177991
0.09165283703251961,0.005084173377464519,0.09190664742265567,0.005094706198311285
0.09165162711632063,0.005081771160956938,0.09190570105213683,0.005092347604604849
0.0911123879839801,0.0044866124739625,0.09136661866768872,0.004482897804291975
0.09097217440837765,0.004432736901475327,0.09122591949177176,0.004423717838413517
0.09102421058619478,0.004377538466869399,0.09127511407367454,0.004364438688365288
0.0911581329561308,0.004560168294207973,0.09141128400142495,0.004550560714728519
0.09117652182629475,0.004569988286999043,0.09142946375263232,0.004560879585529185
0.09115521287126063,0.004566520156119368,0.09140581702522295,0.004558823064138001
0.09103269031043362,0.004447421545674515,0.09128666435490995,0.004446040639900488
0.09112014392676615,0.004494285310647193,0.09137520369316046,0.004495266940045207
0.0910265268995234,0.004244030528214687,0.09128231130708704,0.004249783718118238
0.09128661133354485,0.004478328425127734,0.09154026874189694,0.004476056228146492
0.09135825895873435,0.004651490629721679,0.09161435527372486,0.004655626432782134
0.09120102305340133,0.004752268970008768,0.09145586664349659,0.004751864832071823
0.09098334216473516,0.004567842701984565,0.09123863884707618,0.00456500294451507
0.09098334216473516,0.004567842701984565,0.09123863884707618,0.00456500294451507
0.09076231204465565,0.0045037497047712574,0.09101535703964395,0.004500657272822818
0.09082600829691567,0.004459507149817025,0.09107902011680255,0.004456477171651672
0.09093707871059127,0.0047331318072490304,0.091191953341184,0.004733792985124229
0.09093688570042836,0.004732198234979846,0.0911937092475113,0.004734473303623749
0.09058394015672014,0.0048068071135555935,0.09084398041383232,0.004807576538925757
0.09028374420767668,0.0041594078657086805,0.090546425372193,0.004168591936182886
0.09032908760148127,0.004192003304395468,0.09059265798807528,0.004200873223325846
0.09016723811588791,0.003795653506074672,0.0904290815729504,0.003806992218601928
0.09012434056780692,0.0037151060261780226,0.0903850972782735,0.003724006247050576
0.09010860131016338,0.003721118709096842,0.09036896849074424,0.0037299354439434217
0.09003336460335323,0.0036888292767342725,0.09029471548181395,0.0036951114265540977
0.08967889666553489,0.003595809042556979,0.08993663064081968,0.003598529495964063
0.08951212741153115,0.0033787128423559635,0.08977530545560475,0.003391947470620725
0.08926340299867248,0.0032304215849483543,0.08952095052915711,0.0032341416977106517
0.08908304047740648,0.0031788298172407813,0.08934052216313032,0.0031814087548421373
0.0890569894713895,0.0028661921511254854,0.08931183266974432,0.0028609425153215936
0.08897013472028584,0.002712125042982609,0.08922459299521893,0.002703479042941146
0.0889678174050976,0.002715219218293708,0.08922242868120221,0.0027063914600423673
0.08920823330014413,0.0029963092265398584,0.08946000631638412,0.002977730408700184
0.08939608403977856,0.003098914138170063,0.08965174998940685,0.003085834133154733
0.08926865943405336,0.002907858491772852,0.08952576295980913,0.002902867160173199
0.0892714161600741,0.002904854741202382,0.08952826162902788,0.002900115143142635
0.08908586949457904,0.0027613387153919587,0.0893432119089344,0.002753267170739791
0.0892501792593109,0.002772303490773344,0.08950547056796737,0.002764946995256295
0.0890705299354474,0.002699278520049974,0.08932502757680655,0.002692090010116289
0.08907014891292539,0.002699292555494085,0.08932483888417578,0.0026920959378954573
0.08898560595599828,0.002615700200043649,0.0892396877489377,0.002608895967630383
0.0888947971440281,0.0026054454501608535,0.08914974265449598,0.0025981418817414017
0.08889304536047611,0.002606948183398135,0.08914768946855708,0.002599805500575533
0.08889304536047611,0.002606948183398135,0.08914768946855708,0.002599805500575533
0.08887489925250196,0.0025146450426000197,0.08912869048929385,0.002506174042068203
0.0889212590393376,0.0024796227272154015,0.08917415117194191,0.0024720228699233984
0.08887373758570707,0.0024413547057594116,0.08912770767245706,0.0024356473805619873
0.08877982436960004,0.0023160770667955883,0.08903604736224525,0.0023105858989154637
0.0888230937993961,0.0023353609163702517,0.08908019872582082,0.0023318009841442684
0.08879834802240208,0.0023344494674423593,0.08905504628539776,0.0023304318058158468
0.08890987345078913,0.002457782532275374,0.08916644861232847,0.00245462814835792
0.08898298525139259,0.0025725522282799224,0.08923856538474524,0.0025640454781435938
0.08905848420786588,0.0025593668929675675,0.0893112069346551,0.0025491231179963643
0.08903617742225411,0.0025524352609654546,0.08928765596525051,0.0025401225299465048
0.08898600089673851,0.002512169273525114,0.08924117641526028,0.002501495443439536
0.08888265936893691,0.00250392312453851,0.08913640134949029,0.002489923956311974
0.08890036733191954,0.0025358937172983887,0.08915608753965167,0.0025216613115035
0.08897951475226427,0.0026568568629083992,0.08923378584208302,0.0026417125681258992
0.08889673111473032,0.002646581696470344,0.08914990644808218,0.0026311491125118095
0.0888836961773383,0.002571273356942503,0.08913568808526626,0.002559435888908152
0.08884631115908163,0.0025630105454262464,0.08909668195263112,0.0025509395100389008
0.08876171791362727,0.0024844510811292066,0.08901207344529322,0.002474492976649138
0.08876854197515834,0.00261411579581868,0.08901803220668716,0.0026110035334337748
0.08871882343691087,0.002616569155778649,0.08896884186128251,0.002612975171960027
0.08871057947647058,0.0026073582063956885,0.08896088403974407,0.0026045597109869804
0.08876568884546417,0.0027316090680584255,0.08902017927390321,0.0027393599927106583
0.08866596292219946,0.00274049334177514,0.08891998843135598,0.0027473901523765607
0.08875311517687987,0.00270527684438438,0.08900765774989784,0.0027163576653206145
0.08865526832407052,0.002732575129867551,0.08891078882029152,0.002742659512656802
0.08870191695604843,0.0027424830619950285,0.08895769644308432,0.0027534446707829347
0.08869489562131541,0.0027394205909165247,0.08895158621733454,0.0027505596991314334
0.08880899868519034,0.002710470869872586,0.08906110668098836,0.0027219532193028836
0.08890604618033901,0.0027405633015266293,0.08915814865169565,0.002752691542933811
0.0890662696792384,0.0030364849336367416,0.08931826158185244,0.0030489434620726494
0.08904946242741377,0.0029912029382474573,0.08930169750091066,0.0030062845140809685
0.08919372012536006,0.0029727595136779276,0.0894444746705892,0.0029862907946879174
0.08904716224500572,0.00290376141917822,0.08929869340219043,0.0029254831219974018
0.08906463755990468,0.002796538522166992,0.08931651468282928,0.002817696884577465
0.08902957202652342,0.0029546056349554982,0.08927885337187032,0.0029773460607358236
0.08903429859616094,0.0029550616072970123,0.0892836396481331,0.002977931968733539
0.08899268187687893,0.0028956203329727212,0.08924503175251501,0.0029214416671038378
0.08925280002149065,0.0035302923483816104,0.08950712308737693,0.0035617405592704844
0.0892418223077192,0.0035357608395306214,0.0894964611561608,0.0035671314892213256
0.08934352372397321,0.0037864285790673254,0.08959879534817265,0.0038209951300618864
0.08940947085805687,0.0038101348030730037,0.08966463037604201,0.0038457656848285794
0.08939881995248405,0.003797959963804365,0.0896529813304973,0.003833675321638421
0.08940056512695613,0.003803436751045756,0.08965423799385495,0.003839095419127216
0.08952440126996003,0.0038118453377655208,0.08978071446745685,0.0038503199637423585
0.08958758106339268,0.0038297136080355644,0.0898446742604509,0.0038698877617848655
0.08964386726638963,0.003850405334947681,0.08989951533508578,0.003887321786433694
0.08991191185103628,0.0042488604764131495,0.09016952974972048,0.004289519314203005
0.09003520172965382,0.004285754353686738,0.09029368989131586,0.004327125555205211
0.09035129206163095,0.0043398743111041325,0.0906078808850583,0.004382422927129647
0.09078172090589538,0.005221456466937401,0.09104158099930273,0.005270978000499177
0.09091764291017444,0.00549946377865544,0.09117824805270974,0.005551121836560572
0.09091764291017444,0.00549946377865544,0.09117824805270974,0.005551121836560572
0.09110934016139785,0.005972359872645029,0.0913684787728404,0.0060206597170533865
0.09114118777592706,0.0059573459852557955,0.09140097891450895,0.006005608580289256
0.09105133035736707,0.006007160145116243,0.09131057891911085,0.006055199251290702
0.0911171234304834,0.005972415861009108,0.09137642303598284,0.006020886875352302
0.0907601954967031,0.005579244725926713,0.09101889272564835,0.005624289414046014
0.09079286376132942,0.005553630547339018,0.09105070370191014,0.005599391947892094
0.09048281342193439,0.005002682218939568,0.09074335270791242,0.005052081948099775
0.09021177897305903,0.004743764601147515,0.09046950816054378,0.004788201079973449
0.09021582122732134,0.004739727662471873,0.09047347047516831,0.004784278686235102
0.08991301710274037,0.004718361242881911,0.09016545265617738,0.004755554636494071
0.08984596120303082,0.0050758744603219145,0.09009207005682765,0.005101777726708438
0.09020020099735743,0.005759512254941483,0.090446780499993,0.005788593433609934
0.09018700715556141,0.0057647569929700744,0.09043371307382303,0.005793675062292145
0.09010730974437811,0.005796153105437088,0.09035288360386814,0.005819690479775808
0.09018165758466339,0.005893488011224391,0.09042452667797032,0.0059099951196741884
0.09011370590288403,0.005868947608423115,0.09035618682847754,0.005885034580267253
0.09020050231021,0.005915635166137549,0.090440928303071,0.005927429079796619
0.0906556777743977,0.007077454276978289,0.09089877478576029,0.0071031909590736015
0.09078292019866233,0.007482525952535041,0.09102710805983436,0.007509945016448574
0.0907801412088302,0.007484386352612367,0.09102457856229532,0.007511647824534752
0.09084561115437963,0.007497027839697073,0.09109019901704868,0.0075245080724115464
0.09077104713371227,0.0075327058958646834,0.09101604674547757,0.00755975132597077
0.09080262883099602,0.007498668696375341,0.09105004731830826,0.007530189163966517
0.09039128506696206,0.006914273333695861,0.09064471962933043,0.0069566102190455475
0.090191555918403,0.00692409824131668,0.09044568699301249,0.006969039986236804
0.09010603150936973,0.006632070168263786,0.09035666075107987,0.0066708480661609405
0.09022045726442833,0.0066761871268824794,0.09046972039086507,0.006714405677950356
0.09016398245013013,0.0066996306731623625,0.09041181523209973,0.0067380835970269354
0.09015902249811565,0.006702374173716103,0.09040721114591962,0.0067406247464652435
0.0902748148077324,0.007085954941143566,0.0905220830572594,0.007123244857805155
0.09042972582159955,0.007189950079402754,0.09067743268916115,0.007226998508075087
0.09042762547207137,0.007191115869988514,0.09067524623130653,0.00722819563347171
0.09079943196472992,0.007601158046012013,0.09104502711266982,0.007634823334027298
0.09079943196472992,0.007601158046012013,0.09104502711266982,0.007634823334027298
0.09082258082700931,0.007590144544305358,0.09106736580477111,0.007624080457040067
0.09034755982019502,0.007127361261703581,0.09059058195529368,0.007161293523782267
0.09029619374855753,0.006709964167875168,0.09053975866712019,0.006747337704207751
0.09040695081307512,0.006705838681664955,0.09065619905127217,0.0067431825181616944
0.09022469595063902,0.006352752104353422,0.09047285998754014,0.006388704167566913
0.09027316475795027,0.0063629641594491,0.09052941331924302,0.006401901985116356
0.09022520161823769,0.006390061073172685,0.09048161079012831,0.006428660521568665
0.09025926441745538,0.006387494784245944,0.09051466987927548,0.006425613498476252
0.09042500427123482,0.006741628357870563,0.090681576045762,0.006776754019681922
0.09034536078404788,0.006585359629567098,0.09060148564154388,0.0066191104330535705
0.08972101323130627,0.0052402152679870955,0.08997378631860779,0.005259817922634294
0.08982760401077891,0.005435648985192655,0.09007978208616887,0.005455144868752303
0.09045527722624994,0.006649413653795229,0.09072060542336932,0.006691464224220546
0.09038360985951285,0.0066585316613695135,0.09064842762827029,0.006701965882729932
0.09002744194387005,0.005956031661621939,0.09029241222960775,0.0059990256323869265
0.08999758348957176,0.005954221575369007,0.09026186475010575,0.005996634563069151
0.09046874903567326,0.00651993393958843,0.09073441264668654,0.0065603867719212705
0.0902527032269807,0.005957272818536329,0.09051951648637853,0.006001085009542007
0.09024886141254825,0.005959714449290925,0.09051563638356049,0.006003531815140764
0.09026026699351962,0.005953834796568642,0.09052646167585186,0.005997840866303659
0.09044339882659631,0.006272131963921961,0.0907101728413211,0.0063155074830284035
0.0904863965945893,0.006342496524858571,0.09075311316020843,0.006385694102104147
0.09047462162745962,0.0063488517155679235,0.09074159926746114,0.006392017464071091
0.09059460365753899,0.006429424799282147,0.09086257472565315,0.006476736336239666
0.09062910716482038,0.006408805049494762,0.0908955848517005,0.006456990993223049
0.09050029036022929,0.006179838712593887,0.09076808929158826,0.0062314184921255485
0.09048625651354436,0.006191014547068923,0.09075489458835592,0.0062420190772513665
0.09006415670778016,0.005680111044569368,0.09032977679245532,0.005724556579064825
0.09017744890030494,0.00562913755828726,0.09043960072406387,0.005673561796098654
0.09010782952695759,0.005611721202731323,0.09037030782960806,0.005654781316317531
0.08980947508853794,0.005725209567323867,0.09008018761138871,0.005769139616974108
0.08982404885661129,0.0057601466607368566,0.09009443108220973,0.0058033573496985525
0.08980327730968816,0.005768578238938258,0.09007647807476135,0.005811010513773359
0.08954526871467107,0.005411722308211509,0.0898221859971296,0.005461989381476103
0.08953843515457735,0.005415653354406379,0.08981531464020488,0.005465917183346189
0.08957594490327742,0.0055934651839077715,0.08984995672099556,0.0056404977406017505
0.08957594490327742,0.0055934651839077715,0.08984995672099556,0.0056404977406017505
0.0897818343206648,0.0059068511266777346,0.0900595539907327,0.005960779953407087
0.08988979345574305,0.005868604752869233,0.09016366710102874,0.005922559899571989
0.08985434067664674,0.005933398177475731,0.09012857872543774,0.005986434303290294
0.08953393250443141,0.005287785590078714,0.0898079272426753,0.0053391201882124605
0.08954408961525483,0.0052914645713083965,0.08981795291243722,0.00534280147281291
0.08923039322143902,0.004727067493774493,0.08949436914024636,0.004763876708253588
0.08906264286658674,0.004591923438468208,0.08932801086999602,0.0046289255780449885
0.08906462485947708,0.004590810640932377,0.08932977490269786,0.00462800751831152
0.08898390433861345,0.00433503078908471,0.08925053895547914,0.004381067298772267
0.08831164002862796,0.0029100553205536695,0.08857668886512755,0.0029555400917858354
0.08831164002862796,0.0029100553205536695,0.08857668886512755,0.0029555400917858354
