0.1478859409561311,2.7755575615628914e-17,0.14764862578134033,0.0
0.1462003234761457,0.004119656568593509,0.14597716671776095,0.004088118839524012
0.1462003234761457,0.004119656568593509,0.14597716671776095,0.004088118839524012
0.14483517356932613,0.004690130761953085,0.14461564360151088,0.0046614376977108605
0.14483517356932613,0.004690130761953085,0.14461564360151088,0.0046614376977108605
0.14348933026634567,0.006162782252555507,0.14327078922638556,0.006127141261334272
0.14348933026634567,0.006162782252555507,0.14327078922638556,0.006127141261334272
0.14323562066301815,0.006346561806882112,0.14302405247546912,0.006309904387189609
0.14323562066301815,0.006346561806882112,0.14302405247546912,0.006309904387189609
0.14297728268273208,0.00628012360176398,0.14276685507760595,0.006243741133957914
0.14297728268273208,0.00628012360176398,0.14276685507760595,0.006243741133957914
0.1424895090674601,0.006114131629636685,0.14228064877872143,0.006076307839061754
0.1424895090674601,0.006114131629636685,0.14228064877872143,0.006076307839061754
0.14232596634135602,0.00604755214934443,0.14211887248380942,0.0060100627843284226
0.14232596634135602,0.00604755214934443,0.14211887248380942,0.0060100627843284226
0.14165583082580854,0.005741185762214057,0.14145408232889117,0.005705232913693176
0.14165583082580854,0.005741185762214057,0.14145408232889117,0.005705232913693176
0.14147442940606791,0.005641031203574129,0.141273949057021,0.005605829257110503
0.14147442940606791,0.005641031203574129,0.141273949057021,0.005605829257110503
0.14132972858262471,0.005431086365466273,0.14113149429243094,0.005397157704574289
0.14132972858262471,0.005431086365466273,0.14113149429243094,0.005397157704574289
0.14097466060735303,0.005470289471827849,0.14077855659518926,0.005436469580793352
0.14097466060735303,0.005470289471827849,0.14077855659518926,0.005436469580793352
0.1408554812885685,0.005556074222301045,0.1406592548836378,0.005523897584205192
0.1408554812885685,0.005556074222301045,0.1406592548836378,0.005523897584205192
0.14061628129241327,0.005729444984520581,0.14042133446966304,0.005698712035784516
0.14061628129241327,0.005729444984520581,0.14042133446966304,0.005698712035784516
0.14053640987285934,0.005800740080551113,0.14034200283681103,0.005769122303743919
0.14053640987285934,0.005800740080551113,0.14034200283681103,0.005769122303743919
0.1404806422040381,0.005778280926230949,0.14028734773089277,0.005747898042855401
0.1404806422040381,0.005778280926230949,0.14028734773089277,0.005747898042855401
0.14034429177527424,0.005747585496726988,0.14015146325240693,0.005717045064209725
0.14034429177527424,0.005747585496726988,0.14015146325240693,0.005717045064209725
0.13980150509311745,0.005929815472906078,0.1396101294869329,0.00589967086032077
0.13980150509311745,0.005929815472906078,0.1396101294869329,0.00589967086032077
0.13962513030034687,0.006378461527473181,0.13943754486958312,0.006340245008214972
0.13962513030034687,0.006378461527473181,0.13943754486958312,0.006340245008214972
0.13837410239988188,0.006004238309420875,0.13819321819115557,0.0059688668465037635
0.13837410239988188,0.006004238309420875,0.13819321819115557,0.0059688668465037635
0.1380631343506897,0.005766801069465997,0.137886236146765,0.005733348021708712
0.1380631343506897,0.005766801069465997,0.137886236146765,0.005733348021708712
0.13806561943000634,0.005729727353828427,0.13788828544577833,0.0056969641715466654
0.13806561943000634,0.005729727353828427,0.13788828544577833,0.0056969641715466654
0.13751255103415877,0.005648014754303407,0.1373417714657297,0.0056175976555662
0.13751255103415877,0.005648014754303407,0.1373417714657297,0.0056175976555662
0.13746663262316863,0.005677491756607188,0.1372965543873268,0.005645904335911546
0.13746663262316863,0.005677491756607188,0.1372965543873268,0.005645904335911546
0.13704259595550985,0.006059418721278457,0.1368763076545621,0.006023558456016939
0.13704259595550985,0.006059418721278457,0.1368763076545621,0.006023558456016939
0.1363161427214886,0.006365937432066492,0.13615586704745658,0.00632692877808898
0.1363161427214886,0.006365937432066492,0.13615586704745658,0.00632692877808898
0.1356044982496311,0.006385105534292632,0.13544927151002617,0.006348365950902986
0.1356044982496311,0.006385105534292632,0.13544927151002617,0.006348365950902986
0.13506932048531428,0.006925097147014686,0.1349190313368136,0.006882306991328931
0.13506932048531428,0.006925097147014686,0.1349190313368136,0.006882306991328931
0.13453018310275575,0.006611608436968393,0.13438565564974586,0.006569837579990508
0.13453018310275575,0.006611608436968393,0.13438565564974586,0.006569837579990508
0.13423551955183483,0.006821886893253891,0.13409120156605478,0.006780429953703573
0.13423551955183483,0.006821886893253891,0.13409120156605478,0.006780429953703573
0.13417521554589135,0.0068381750698840015,0.13403076727912053,0.00679650248455461
0.13417521554589135,0.0068381750698840015,0.13403076727912053,0.00679650248455461
0.13405860214188575,0.006717202683260969,0.13391594429821638,0.00667781690748463
0.13405860214188575,0.006717202683260969,0.13391594429821638,0.00667781690748463
0.13386868952549968,0.006754168446979428,0.13372658526015033,0.0067161865520975915
0.13386868952549968,0.006754168446979428,0.13372658526015033,0.0067161865520975915
0.13382898335418847,0.00679925950122759,0.13368712018245935,0.006761301474358167
0.13382898335418847,0.00679925950122759,0.13368712018245935,0.006761301474358167
0.13314705880580843,0.0065040823249961155,0.13301113399095435,0.006471371310211709
0.13314705880580843,0.0065040823249961155,0.13301113399095435,0.006471371310211709
0.13311901624524744,0.00650569675479211,0.1329829706083764,0.0064738368425373205
0.13311901624524744,0.00650569675479211,0.1329829706083764,0.0064738368425373205
0.13311081208461298,0.006539284015341099,0.13297488044595127,0.006507237259758501
0.13311081208461298,0.006539284015341099,0.13297488044595127,0.006507237259758501
0.1327363463192661,0.006388629418312173,0.13260397984213462,0.006355498936918376
0.1327363463192661,0.006388629418312173,0.13260397984213462,0.006355498936918376
0.1327191486576539,0.006363882587053326,0.13258724672724104,0.0063307372125632755
0.1327191486576539,0.006363882587053326,0.13258724672724104,0.0063307372125632755
0.1323848219491287,0.006477757199166184,0.13225595769074344,0.006444477090609984
0.1323848219491287,0.006477757199166184,0.13225595769074344,0.006444477090609984
0.13213954715381837,0.006281517029476346,0.13201232145338715,0.00625050648750491
0.13213954715381837,0.006281517029476346,0.13201232145338715,0.00625050648750491
0.13194603976719455,0.006088266646809827,0.13182049958445116,0.0060591762553616245
0.13194603976719455,0.006088266646809827,0.13182049958445116,0.0060591762553616245
0.13181432457673697,0.006211282735727094,0.13168925980547794,0.006180821683918416
0.13181432457673697,0.006211282735727094,0.13168925980547794,0.006180821683918416
0.13165071389196187,0.006041380442919843,0.13152853779277038,0.006013719048335986
0.13165071389196187,0.006041380442919843,0.13152853779277038,0.006013719048335986
0.13123650230948533,0.005983498301209434,0.1311194122096948,0.005956111446743652
0.13123650230948533,0.005983498301209434,0.1311194122096948,0.005956111446743652
0.1306260247733116,0.006018781801532153,0.13051258559896187,0.005988594319326565
0.1306260247733116,0.006018781801532153,0.13051258559896187,0.005988594319326565
0.13054396383961386,0.006070213062871615,0.1304319888282876,0.006038990239828182
0.13054396383961386,0.006070213062871615,0.1304319888282876,0.006038990239828182
0.12996264710932395,0.005769113069220599,0.12985531130598132,0.005737134270599765
0.12996264710932395,0.005769113069220599,0.12985531130598132,0.005737134270599765
0.12969041756684044,0.005612742384265235,0.129586011099695,0.005580521730011232
0.12969041756684044,0.005612742384265235,0.129586011099695,0.005580521730011232
0.12964857988697123,0.005654600438077101,0.12954474700613466,0.005622470106072336
0.12964857988697123,0.005654600438077101,0.12954474700613466,0.005622470106072336
0.12919843165384937,0.005457336110061714,0.12909863404350266,0.005422981869729683
0.12919843165384937,0.005457336110061714,0.12909863404350266,0.005422981869729683
0.1289496684462989,0.005463539489668211,0.12885223351237265,0.005431349511150718
0.1289496684462989,0.005463539489668211,0.12885223351237265,0.005431349511150718
0.12899685116770016,0.005389443769628039,0.12889849108328724,0.005358731243268022
0.12899685116770016,0.005389443769628039,0.12889849108328724,0.005358731243268022
0.1288325734227474,0.00538333344510994,0.12873598710894316,0.005352698334847754
0.1288325734227474,0.00538333344510994,0.12873598710894316,0.005352698334847754
0.1287965294799823,0.005420160282287609,0.12870056821722778,0.005389719285006433
0.1287965294799823,0.005420160282287609,0.12870056821722778,0.005389719285006433
0.12876632572979577,0.005421253699396913,0.1286707497194208,0.005390486534872989
0.12876632572979577,0.005421253699396913,0.1286707497194208,0.005390486534872989
0.12856701079686514,0.005478621606936548,0.12847264134831426,0.005446161376052169
0.12856701079686514,0.005478621606936548,0.12847264134831426,0.005446161376052169
0.12848800335238506,0.005628154942025437,0.1283950633479676,0.005593583274310003
0.12848800335238506,0.005628154942025437,0.1283950633479676,0.005593583274310003
0.12822638796919997,0.005593021754573666,0.12813766935667387,0.005558406732453754
0.12822638796919997,0.005593021754573666,0.12813766935667387,0.005558406732453754
0.12789887774854747,0.005940015541931144,0.1278131749073145,0.005899169614089179
0.12789887774854747,0.005940015541931144,0.1278131749073145,0.005899169614089179
0.1276927770514386,0.005899541047746654,0.1276105022692726,0.005857843539580342
0.1276927770514386,0.005899541047746654,0.1276105022692726,0.005857843539580342
0.12747693309430153,0.005819260021309995,0.12739949658211852,0.00577657395991081
0.12747693309430153,0.005819260021309995,0.12739949658211852,0.00577657395991081
0.12686025869633105,0.005937447880530512,0.1267892345702683,0.005893386711223547
0.12686025869633105,0.005937447880530512,0.1267892345702683,0.005893386711223547
0.12667430334589022,0.006124088574144297,0.1266032707939624,0.0060800243830144915
0.12667430334589022,0.006124088574144297,0.1266032707939624,0.0060800243830144915
0.12593060955360877,0.006711555016724851,0.12586401627546123,0.006662758347161868
0.12593060955360877,0.006711555016724851,0.12586401627546123,0.006662758347161868
0.12559203014856252,0.006623569928937626,0.12552797213635677,0.006574775626265796
0.12559203014856252,0.006623569928937626,0.12552797213635677,0.006574775626265796
0.1253855239702098,0.0064939598539078295,0.12532376107155058,0.006442098702938806
0.1253855239702098,0.0064939598539078295,0.12532376107155058,0.006442098702938806
0.1253579441985894,0.006523220180282237,0.12529552609172434,0.006471105276375716
0.1253579441985894,0.006523220180282237,0.12529552609172434,0.006471105276375716
0.12529151039013336,0.006482657110175881,0.12522911592235358,0.006430190555927637
0.12529151039013336,0.006482657110175881,0.12522911592235358,0.006430190555927637
0.12488049097454743,0.006376630007588279,0.12482088404787466,0.006325507402254435
0.12488049097454743,0.006376630007588279,0.12482088404787466,0.006325507402254435
0.12484712281367576,0.0063090577577739355,0.12478786286910373,0.0062582100059401305
0.12484712281367576,0.0063090577577739355,0.12478786286910373,0.0062582100059401305
0.12456993946764112,0.006582637080461304,0.12451069771108383,0.006531363185950479
0.12456993946764112,0.006582637080461304,0.12451069771108383,0.006531363185950479
0.12453339445062554,0.0065607677851800715,0.12447515780443925,0.006509939785221322
0.12453339445062554,0.0065607677851800715,0.12447515780443925,0.006509939785221322
0.12447926022431446,0.006421977097319153,0.12442211343870573,0.006372794104210666
0.12447926022431446,0.006421977097319153,0.12442211343870573,0.006372794104210666
0.12442971044022466,0.006445368112880876,0.12437260086107568,0.00639540155813745
0.12442971044022466,0.006445368112880876,0.12437260086107568,0.00639540155813745
0.1242856637064746,0.006479090970975995,0.12422926911507974,0.006428755149843491
0.1242856637064746,0.006479090970975995,0.12422926911507974,0.006428755149843491
0.12410132191893752,0.006757431187745894,0.1240458885795905,0.006705574646556048
0.12410132191893752,0.006757431187745894,0.1240458885795905,0.006705574646556048
0.1240344392940467,0.006805076281426126,0.12397985695219116,0.0067523915314927005
0.1240344392940467,0.006805076281426126,0.12397985695219116,0.0067523915314927005
0.1239461267413691,0.006842919936071712,0.1238924423834952,0.006790428600708228
0.1239461267413691,0.006842919936071712,0.1238924423834952,0.006790428600708228
0.12392658701413783,0.00676512889789532,0.1238734127682228,0.006713349447414911
0.12392658701413783,0.00676512889789532,0.1238734127682228,0.006713349447414911
0.12369021919576043,0.0067531419575354275,0.12363732942282421,0.006701162237385651
0.12369021919576043,0.0067531419575354275,0.12363732942282421,0.006701162237385651
0.12355836456214546,0.006652720042290414,0.12350718366335409,0.006603080244148648
0.12355836456214546,0.006652720042290414,0.12350718366335409,0.006603080244148648
0.12350726468201252,0.006616448732660164,0.12345667164482851,0.006566300566804438
0.12350726468201252,0.006616448732660164,0.12345667164482851,0.006566300566804438
0.12339010504875811,0.006669201469329966,0.12334154935680255,0.0066192517722498964
0.12339010504875811,0.006669201469329966,0.12334154935680255,0.0066192517722498964
0.1232513360008098,0.0067233813968802,0.12320340983273854,0.0066737254916871165
0.1232513360008098,0.0067233813968802,0.12320340983273854,0.0066737254916871165
0.1231338874380881,0.006797767619071663,0.12308636801829712,0.0067485036379361174
0.1231338874380881,0.006797767619071663,0.12308636801829712,0.0067485036379361174
0.12281531766616856,0.006890636160310871,0.12277010248511297,0.006846037736514035
0.12281531766616856,0.006890636160310871,0.12277010248511297,0.006846037736514035
0.12273843209138953,0.006865754433642105,0.12269440423867176,0.006821604856201203
0.12273843209138953,0.006865754433642105,0.12269440423867176,0.006821604856201203
0.12259895105896841,0.006836907385212102,0.12255680589020831,0.006792117768360903
0.12259895105896841,0.006836907385212102,0.12255680589020831,0.006792117768360903
0.12251797111372709,0.006930643278234187,0.12247638876565596,0.006884185026956214
0.12251797111372709,0.006930643278234187,0.12247638876565596,0.006884185026956214
0.12253827238420396,0.0069355129919103685,0.1224963673395199,0.006889184122978335
0.12253827238420396,0.0069355129919103685,0.1224963673395199,0.006889184122978335
0.12240735133409017,0.006916893287960813,0.12236724800135024,0.006869152928021107
0.12240735133409017,0.006916893287960813,0.12236724800135024,0.006869152928021107
0.12237500056499362,0.006943265861953863,0.12233541787138562,0.006895308266062143
0.12237500056499362,0.006943265861953863,0.12233541787138562,0.006895308266062143
0.12228151835022474,0.007079453209266985,0.1222436931887774,0.007029970339814536
0.12228151835022474,0.007079453209266985,0.1222436931887774,0.007029970339814536
0.12203682557568563,0.007131992707966881,0.12200094829877532,0.007082485778308755
0.12203682557568563,0.007131992707966881,0.12200094829877532,0.007082485778308755
0.1218291152079907,0.0069859798196025506,0.12179470118839741,0.00693792076575083
0.1218291152079907,0.0069859798196025506,0.12179470118839741,0.00693792076575083
0.12166583306508665,0.006961773216613449,0.12163416551401234,0.006914544763235631
0.12166583306508665,0.006961773216613449,0.12163416551401234,0.006914544763235631
0.12160977545054523,0.007011146774560662,0.12157889565151625,0.006963552120424573
0.12160977545054523,0.007011146774560662,0.12157889565151625,0.006963552120424573
0.12131158655690863,0.007079673632402944,0.12128263079939708,0.0070315639450217295
0.12131158655690863,0.007079673632402944,0.12128263079939708,0.0070315639450217295
0.12120685838263486,0.006999372302088901,0.12117870853071552,0.00695059306597855
0.12120685838263486,0.006999372302088901,0.12117870853071552,0.00695059306597855
0.1211861415204104,0.007064100926719832,0.12115851694038907,0.007013733092417969
0.1211861415204104,0.007064100926719832,0.12115851694038907,0.007013733092417969
0.12094039805764714,0.006984388672065583,0.12091510962992838,0.006936019389352018
0.12094039805764714,0.006984388672065583,0.12091510962992838,0.006936019389352018
0.1209012281955691,0.0070214215030594915,0.12087608395985461,0.006972789600450395
0.1209012281955691,0.0070214215030594915,0.12087608395985461,0.006972789600450395
0.12092016170513764,0.006989362793884328,0.12089508361133168,0.006940596848738676
0.12092016170513764,0.006989362793884328,0.12089508361133168,0.006940596848738676
0.12097393491836646,0.0069427006190841845,0.1209485483358963,0.006895052763486548
0.12097393491836646,0.0069427006190841845,0.1209485483358963,0.006895052763486548
0.12078980958131076,0.006858550589891562,0.12076599500637948,0.006810440424139002
0.12078980958131076,0.006858550589891562,0.12076599500637948,0.006810440424139002
0.12077924420454131,0.0067884603656838275,0.12075560863205345,0.006741011072855277
0.12077924420454131,0.0067884603656838275,0.12075560863205345,0.006741011072855277
0.12062529575484567,0.006735910611786698,0.12060192748861649,0.006687992305500993
0.12062529575484567,0.006735910611786698,0.12060192748861649,0.006687992305500993
0.12043396342020676,0.006876034229110309,0.12041297571236356,0.006826706422407922
0.12043396342020676,0.006876034229110309,0.12041297571236356,0.006826706422407922
0.12027358734924407,0.006751826308140208,0.12025324102975321,0.006703989443956483
0.12027358734924407,0.006751826308140208,0.12025324102975321,0.006703989443956483
0.12016727308585554,0.006829106051774497,0.12014758037951152,0.0067800976904634595
0.12016727308585554,0.006829106051774497,0.12014758037951152,0.0067800976904634595
0.12012959106155456,0.00681395577777423,0.12011064074259384,0.006765036827714086
0.12012959106155456,0.00681395577777423,0.12011064074259384,0.006765036827714086
0.12002358035282219,0.006836974214426597,0.12000512642075398,0.006788533893560319
0.12002358035282219,0.006836974214426597,0.12000512642075398,0.006788533893560319
0.11998671289540574,0.006861488128251313,0.11996833112843955,0.006812467239900689
0.11998671289540574,0.006861488128251313,0.11996833112843955,0.006812467239900689
0.11974049887897911,0.006884733888809588,0.11972516374152684,0.0068369723887248225
0.11974049887897911,0.006884733888809588,0.11972516374152684,0.0068369723887248225
0.11956522270955672,0.006966240718851895,0.11955136094422454,0.006916899358605183
0.11956522270955672,0.006966240718851895,0.11955136094422454,0.006916899358605183
0.11918952848572409,0.0071945060274183174,0.1191772529430148,0.007142148221351967
0.11918952848572409,0.0071945060274183174,0.1191772529430148,0.007142148221351967
0.11913005405084727,0.007215955135009019,0.11911790968183338,0.007162561364617312
0.11913005405084727,0.007215955135009019,0.11911790968183338,0.007162561364617312
0.1189377017161886,0.00707296961245192,0.11892730965719764,0.0070195832415925995
0.1189377017161886,0.00707296961245192,0.11892730965719764,0.0070195832415925995
0.11848995761164745,0.006961410316125065,0.11848500301500275,0.006908019727206423
0.11848995761164745,0.006961410316125065,0.11848500301500275,0.006908019727206423
0.11852269577689137,0.006936278134531306,0.11851730832246252,0.006883264761575094
0.11852269577689137,0.006936278134531306,0.11851730832246252,0.006883264761575094
0.11856739529446476,0.006880326703385614,0.11856137836172909,0.00682733064573143
0.11856739529446476,0.006880326703385614,0.11856137836172909,0.00682733064573143
0.11846598761695519,0.006913510416607098,0.11846129085962893,0.006860401971297103
0.11846598761695519,0.006913510416607098,0.11846129085962893,0.006860401971297103
0.11835674967115406,0.006906942760643896,0.11835185216229258,0.006854391007554214
0.11835674967115406,0.006906942760643896,0.11835185216229258,0.006854391007554214
0.11822103631268746,0.006958789221528893,0.11821678097551816,0.006906401895195479
0.11822103631268746,0.006958789221528893,0.11821678097551816,0.006906401895195479
0.11818485562681329,0.00691517333879016,0.11818091735368955,0.006862174436117084
0.11818485562681329,0.00691517333879016,0.11818091735368955,0.006862174436117084
0.11809370239336366,0.006851235919399673,0.11809068350182068,0.006799588544239712
0.11809370239336366,0.006851235919399673,0.11809068350182068,0.006799588544239712
0.11801591040252457,0.00697405451762312,0.11801396279042184,0.0069214955224607124
0.11801591040252457,0.00697405451762312,0.11801396279042184,0.0069214955224607124
0.11786969630255054,0.006896798375738872,0.11786866539734298,0.006844849268047628
0.11786969630255054,0.006896798375738872,0.11786866539734298,0.006844849268047628
0.11780251864298885,0.006880504987585281,0.11780201128164196,0.006828531923518867
0.11780251864298885,0.006880504987585281,0.11780201128164196,0.006828531923518867
0.11782888381247628,0.006912425966110159,0.11782814646417875,0.006860170700391624
0.11782888381247628,0.006912425966110159,0.11782814646417875,0.006860170700391624
0.11778299158884567,0.006937323024708393,0.11778242812472409,0.006885052002277749
0.11778299158884567,0.006937323024708393,0.11778242812472409,0.006885052002277749
0.11765557807179092,0.006780902937978041,0.1176566061909419,0.006731008381722105
0.11765557807179092,0.006780902937978041,0.1176566061909419,0.006731008381722105
0.11753853463339872,0.0067925178855726305,0.11753989316871136,0.0067433077012048785
0.11753853463339872,0.0067925178855726305,0.11753989316871136,0.0067433077012048785
0.1174059658095348,0.006897226421402334,0.1174079550153126,0.006845883354955524
0.1174059658095348,0.006897226421402334,0.1174079550153126,0.006845883354955524
0.11719864493708461,0.006906841395094903,0.11720262872139682,0.006856903253718488
0.11719864493708461,0.006906841395094903,0.11720262872139682,0.006856903253718488
0.11713928798013977,0.006946715645974503,0.11714433415573337,0.006895973368556845
0.11713928798013977,0.006946715645974503,0.11714433415573337,0.006895973368556845
0.11718722356201805,0.006971841400451181,0.11719189045704499,0.00692114717529539
0.11718722356201805,0.006971841400451181,0.11719189045704499,0.00692114717529539
0.11702925931017352,0.007028200956367755,0.11703612903491512,0.006977260478786627
0.11702925931017352,0.007028200956367755,0.11703612903491512,0.006977260478786627
0.11700094973849276,0.006991139559840687,0.11700803749050584,0.006940481107549617
0.11700094973849276,0.006991139559840687,0.11700803749050584,0.006940481107549617
0.11690222697027383,0.007018507546771822,0.1169101060447056,0.006968288205301333
0.11690222697027383,0.007018507546771822,0.1169101060447056,0.006968288205301333
0.11677499366827855,0.007008359839087764,0.1167834591238909,0.006957624373431374
0.11677499366827855,0.007008359839087764,0.1167834591238909,0.006957624373431374
0.11676478742671278,0.007002271428704867,0.11677348331712581,0.006951841137316874
0.11676478742671278,0.007002271428704867,0.11677348331712581,0.006951841137316874
0.1167230336910875,0.0069834586503679024,0.11673239359581469,0.006933977456107283
0.1167230336910875,0.0069834586503679024,0.11673239359581469,0.006933977456107283
0.11666168957549823,0.0069687411110935195,0.11667206556489629,0.006918640996883756
0.11666168957549823,0.0069687411110935195,0.11667206556489629,0.006918640996883756
0.11656976948785507,0.007073029291045046,0.11658089040470701,0.0070215937068708704
0.11656976948785507,0.007073029291045046,0.11658089040470701,0.0070215937068708704
0.11654815896412499,0.007075757307040181,0.1165588022794738,0.00702383989703498
0.11654815896412499,0.007075757307040181,0.1165588022794738,0.00702383989703498
0.11644012463490523,0.007153728454535752,0.11645159545953043,0.007100666359375228
0.11644012463490523,0.007153728454535752,0.11645159545953043,0.007100666359375228
0.11611753799471636,0.0069288128670325745,0.1161322002202447,0.006880068291554448
0.11611753799471636,0.0069288128670325745,0.1161322002202447,0.006880068291554448
0.1159232455211316,0.007076946141064418,0.11593898821668143,0.007027797602869908
0.1159232455211316,0.007076946141064418,0.11593898821668143,0.007027797602869908
0.11583986614558091,0.007073810746922965,0.11585621075678079,0.0070243325322896
0.11583986614558091,0.007073810746922965,0.11585621075678079,0.0070243325322896
0.11578671701711078,0.006989379876107298,0.11580338953874403,0.00694001317816906
0.11578671701711078,0.006989379876107298,0.11580338953874403,0.00694001317816906
0.11579839031943165,0.006947783830886778,0.11581510129850221,0.006899272306177235
0.11579839031943165,0.006947783830886778,0.11581510129850221,0.006899272306177235
0.11566876096534648,0.0067441792687174575,0.11568657558906861,0.006696015612751828
0.11566876096534648,0.0067441792687174575,0.11568657558906861,0.006696015612751828
0.11559290991772642,0.006730478821444454,0.1156103046217841,0.006681856877799386
0.11559290991772642,0.006730478821444454,0.1156103046217841,0.006681856877799386
0.11549323160159397,0.006688170852852766,0.11551067132247181,0.006641633506913174
0.11549323160159397,0.006688170852852766,0.11551067132247181,0.006641633506913174
0.11548248814917125,0.0066490265619072965,0.11549957400374473,0.006602553327945219
0.11548248814917125,0.0066490265619072965,0.11549957400374473,0.006602553327945219
0.11542791655617449,0.006715787853336858,0.11544549848332224,0.006668606761933383
0.11542791655617449,0.006715787853336858,0.11544549848332224,0.006668606761933383
0.11543963358806394,0.006711539933692308,0.11545731531698127,0.006664449344772641
0.11543963358806394,0.006711539933692308,0.11545731531698127,0.006664449344772641
0.11532314217288082,0.006644617044713604,0.11534149212107778,0.006597417630739035
0.11532314217288082,0.006644617044713604,0.11534149212107778,0.006597417630739035
0.11525251899048769,0.006633498120357948,0.11527158111844667,0.006585749220798379
0.11525251899048769,0.006633498120357948,0.11527158111844667,0.006585749220798379
0.11524090424872886,0.006617764354520114,0.115260088331765,0.006570520766987635
0.11524090424872886,0.006617764354520114,0.115260088331765,0.006570520766987635
0.11525689490136377,0.0066178362007010185,0.11527567141740451,0.006570787972444732
0.11525689490136377,0.0066178362007010185,0.11527567141740451,0.006570787972444732
0.1152274098362207,0.006639577879658011,0.11524693140270192,0.00659208165024063
0.1152274098362207,0.006639577879658011,0.11524693140270192,0.00659208165024063
0.11504584350462561,0.006644851638824063,0.11506636071876004,0.006596083134548943
0.11504584350462561,0.006644851638824063,0.11506636071876004,0.006596083134548943
0.11491761132233909,0.006659422728708574,0.11493887817266499,0.006609011816563774
0.11491761132233909,0.006659422728708574,0.11493887817266499,0.006609011816563774
0.11461634986142352,0.006160042525770137,0.11463974838984319,0.006113110741985405
0.11461634986142352,0.006160042525770137,0.11463974838984319,0.006113110741985405
0.11458598152631465,0.006197559936080296,0.11460940740845844,0.00615071980491731
0.11458598152631465,0.006197559936080296,0.11460940740845844,0.00615071980491731
0.11463136191672511,0.006124896385328765,0.11465421265026395,0.006078541681093851
0.11463136191672511,0.006124896385328765,0.11465421265026395,0.006078541681093851
0.11462667547062247,0.006176352776533981,0.11464981055745108,0.006129409227026442
0.11462667547062247,0.006176352776533981,0.11464981055745108,0.006129409227026442
0.1146243245763184,0.006165350126393705,0.11464795498074412,0.006118930126336055
0.1146243245763184,0.006165350126393705,0.11464795498074412,0.006118930126336055
0.11463079862880803,0.00616426219844644,0.11465413293966786,0.0061180861768862956
0.11463079862880803,0.00616426219844644,0.11465413293966786,0.0061180861768862956
0.11463812636192938,0.006152514453710224,0.11466145196760184,0.006106413105411859
0.11463812636192938,0.006152514453710224,0.11466145196760184,0.006106413105411859
0.11464789805963331,0.006139516824591406,0.11467164123730875,0.006094869973145688
0.11464789805963331,0.006139516824591406,0.11467164123730875,0.006094869973145688
0.11453408917684042,0.005974240530742628,0.11455848972021192,0.005930879229313669
0.11453408917684042,0.005974240530742628,0.11455848972021192,0.005930879229313669
0.11451058909599347,0.005911516883471199,0.11453591876387467,0.005869132044402125
0.11451058909599347,0.005911516883471199,0.11453591876387467,0.005869132044402125
0.11430267210854735,0.005924261706048246,0.11432883440052863,0.00588434518799295
0.11430267210854735,0.005924261706048246,0.11432883440052863,0.00588434518799295
0.11421084530178975,0.005950073310638984,0.1142384680028204,0.0059111579748893596
0.11421084530178975,0.005950073310638984,0.1142384680028204,0.0059111579748893596
0.11406087595346064,0.006057952159736288,0.11409046073949787,0.00601700005532896
0.11406087595346064,0.006057952159736288,0.11409046073949787,0.00601700005532896
0.11397744199694763,0.006134449176612256,0.11400812404958652,0.0060924753072665785
0.11397744199694763,0.006134449176612256,0.11400812404958652,0.0060924753072665785
0.11396940050500368,0.006159985566363567,0.11399922852507056,0.006118986034675811
0.11396940050500368,0.006159985566363567,0.11399922852507056,0.006118986034675811
0.11395135684134824,0.006138877810067894,0.11398136819181393,0.006097768550563912
0.11395135684134824,0.006138877810067894,0.11398136819181393,0.006097768550563912
0.11395168502562299,0.006105463221439402,0.11398186969115605,0.00606450499411061
0.11395168502562299,0.006105463221439402,0.11398186969115605,0.00606450499411061
0.11377350532628228,0.006289281532959428,0.11380568370423623,0.006246642664294404
0.11377350532628228,0.006289281532959428,0.11380568370423623,0.006246642664294404
0.11371752967273438,0.006289133614361193,0.11375064836251292,0.006246946496307171
0.11371752967273438,0.006289133614361193,0.11375064836251292,0.006246946496307171
0.11370545376581828,0.006327620576888862,0.11373832072634668,0.006285683646088374
0.11370545376581828,0.006327620576888862,0.11373832072634668,0.006285683646088374
0.11363835734545902,0.006342071484371259,0.11367084018003035,0.006301853797429386
0.11363835734545902,0.006342071484371259,0.11367084018003035,0.006301853797429386
0.113573283901091,0.006412256119911933,0.11360721545879951,0.006371511702778455
0.113573283901091,0.006412256119911933,0.11360721545879951,0.006371511702778455
0.11354881439161815,0.0064451869884275745,0.1135827607798932,0.006404379320485569
0.11354881439161815,0.0064451869884275745,0.1135827607798932,0.006404379320485569
0.11342526690643329,0.006647769978644432,0.11345906587796424,0.006607031063634346
0.11342526690643329,0.006647769978644432,0.11345906587796424,0.006607031063634346
0.11340195004606261,0.00668634229849237,0.11343622097029651,0.006645001680678742
0.11340195004606261,0.00668634229849237,0.11343622097029651,0.006645001680678742
0.11334268553937939,0.006673016612653473,0.11337762572461359,0.006632608975957156
0.11334268553937939,0.006673016612653473,0.11337762572461359,0.006632608975957156
0.11329450599494555,0.0066253327476633525,0.11332950513660515,0.006585143749489364
0.11329450599494555,0.0066253327476633525,0.11332950513660515,0.006585143749489364
0.11325709851940498,0.006626555301115349,0.1132922751424619,0.006586243671912472
0.11325709851940498,0.006626555301115349,0.1132922751424619,0.006586243671912472
0.11321902575331426,0.006607135699784059,0.11325439777718901,0.006566562818676623
0.11321902575331426,0.006607135699784059,0.11325439777718901,0.006566562818676623
0.11316664355125894,0.006582073627489775,0.11320248287713161,0.0065412031186931514
0.11316664355125894,0.006582073627489775,0.11320248287713161,0.0065412031186931514
0.11316625034116186,0.006607341827031267,0.1132021127910841,0.006566088533265219
0.11316625034116186,0.006607341827031267,0.1132021127910841,0.006566088533265219
0.1129860948607592,0.00662361275554314,0.11302356852021389,0.006580895777637192
0.1129860948607592,0.00662361275554314,0.11302356852021389,0.006580895777637192
0.11282985745020244,0.006451945851772474,0.11286896203297521,0.00641098130782595
0.11282985745020244,0.006451945851772474,0.11286896203297521,0.00641098130782595
0.1126649672171444,0.006457961237196646,0.11270489002706134,0.006417356117068309
0.1126649672171444,0.006457961237196646,0.11270489002706134,0.006417356117068309
0.11241535916002461,0.006509556003915286,0.11245730770705024,0.006468152342890593
0.11241535916002461,0.006509556003915286,0.11245730770705024,0.006468152342890593
0.11239946617042004,0.006554497229223558,0.11244100553351555,0.006513195752605145
0.11239946617042004,0.006554497229223558,0.11244100553351555,0.006513195752605145
0.11230667720768757,0.006635679732916557,0.11234978089945036,0.006593837398906097
0.11230667720768757,0.006635679732916557,0.11234978089945036,0.006593837398906097
0.11220834323961418,0.006551878377101402,0.11225313928420448,0.0065118576520484354
0.11220834323961418,0.006551878377101402,0.11225313928420448,0.0065118576520484354
0.11224262800239515,0.006602375817342825,0.11228655826747255,0.006562983780162062
0.11224262800239515,0.006602375817342825,0.11228655826747255,0.006562983780162062
0.11214003935850128,0.00669591778948388,0.11218424278732515,0.006656399128222635
0.11214003935850128,0.00669591778948388,0.11218424278732515,0.006656399128222635
0.11203306918021008,0.006622164759249024,0.11207843611859328,0.006584147273636414
0.11203306918021008,0.006622164759249024,0.11207843611859328,0.006584147273636414
0.11198678062568909,0.006562700910772247,0.11203246196164625,0.006525877242164833
0.11198678062568909,0.006562700910772247,0.11203246196164625,0.006525877242164833
0.11190057306364834,0.006612320820780717,0.11194635590343835,0.006575300813812263
0.11190057306364834,0.006612320820780717,0.11194635590343835,0.006575300813812263
0.11175773979673484,0.006565316855561602,0.11180404146930276,0.00652943307922693
0.11175773979673484,0.006565316855561602,0.11180404146930276,0.00652943307922693
0.11171572809435179,0.006590535865766009,0.11176211909879,0.00655487761662211
0.11171572809435179,0.006590535865766009,0.11176211909879,0.00655487761662211
0.11160811129714099,0.006414448859855985,0.11165511696125077,0.006381176042946898
0.11160811129714099,0.006414448859855985,0.11165511696125077,0.006381176042946898
0.11155995811320785,0.00644730965906171,0.11160759365421213,0.0064129963062093025
0.11155995811320785,0.00644730965906171,0.11160759365421213,0.0064129963062093025
0.11152909374709401,0.006416246599250579,0.11157754810272687,0.006382717806123655
0.11152909374709401,0.006416246599250579,0.11157754810272687,0.006382717806123655
0.11147987375661114,0.00639531371996294,0.11152877391291507,0.006361864420368062
0.11147987375661114,0.00639531371996294,0.11152877391291507,0.006361864420368062
0.11140579275198162,0.0063666636324558245,0.11145498780938834,0.00633349249616319
0.11140579275198162,0.0063666636324558245,0.11145498780938834,0.00633349249616319
0.11138609811176248,0.0063217808109464315,0.11143565048240797,0.006288678968129748
0.11138609811176248,0.0063217808109464315,0.11143565048240797,0.006288678968129748
0.11130448962222805,0.006141867167651163,0.11135463024754226,0.006109178753822963
0.11130448962222805,0.006141867167651163,0.11135463024754226,0.006109178753822963
0.11120518625735813,0.00619307773144741,0.11125581516461377,0.00615998973077988
0.11120518625735813,0.00619307773144741,0.11125581516461377,0.00615998973077988
0.11115291792703948,0.006191583120529165,0.1112037112855008,0.006157950637020777
0.11115291792703948,0.006191583120529165,0.1112037112855008,0.006157950637020777
0.11113860983331632,0.006185320970329702,0.11118968643409621,0.0061517442818542385
0.11113860983331632,0.006185320970329702,0.11118968643409621,0.0061517442818542385
0.11096194083030841,0.006103533513390828,0.1110149259351358,0.006071099646627903
0.11096194083030841,0.006103533513390828,0.1110149259351358,0.006071099646627903
0.11095092001984638,0.006070813048937339,0.11100399331024229,0.00603879904542569
0.11095092001984638,0.006070813048937339,0.11100399331024229,0.00603879904542569
0.11085794759323082,0.006037268723721257,0.1109108995673203,0.006004939745000091
0.11085794759323082,0.006037268723721257,0.1109108995673203,0.006004939745000091
0.11079844931112386,0.006012365693581611,0.11085144939365892,0.005980476535944091
0.11079844931112386,0.006012365693581611,0.11085144939365892,0.005980476535944091
0.1107612295920912,0.006004475183827311,0.1108149242694546,0.0059729631432975695
0.1107612295920912,0.006004475183827311,0.1108149242694546,0.0059729631432975695
0.11058265008358958,0.005859003425209478,0.11063897098376654,0.005830051680423258
0.11058265008358958,0.005859003425209478,0.11063897098376654,0.005830051680423258
0.11053120512432887,0.0058253981312580095,0.11058744723932683,0.00579668487447064
0.11053120512432887,0.0058253981312580095,0.11058744723932683,0.00579668487447064
0.11048991264347781,0.005875656029322713,0.11054664364760174,0.005846323466269836
0.11048991264347781,0.005875656029322713,0.11054664364760174,0.005846323466269836
0.11035395401408957,0.00589583621825352,0.11041158431341362,0.005865475720591714
0.11035395401408957,0.00589583621825352,0.11041158431341362,0.005865475720591714
0.11036854355357253,0.005916791157758303,0.11042606271485071,0.0058865678874695125
0.11036854355357253,0.005916791157758303,0.11042606271485071,0.0058865678874695125
0.11024294364371039,0.005835696985678551,0.11030109167596362,0.005807237267206401
0.11024294364371039,0.005835696985678551,0.11030109167596362,0.005807237267206401
0.11018647621969477,0.005898625646218153,0.11024507813241868,0.005869596685951992
0.11018647621969477,0.005898625646218153,0.11024507813241868,0.005869596685951992
0.11008717234340915,0.005890955659130837,0.11014644796429462,0.005862203201018504
0.11008717234340915,0.005890955659130837,0.11014644796429462,0.005862203201018504
0.1100411642646392,0.005873351131740875,0.11010102342968694,0.0058448652588782915
0.1100411642646392,0.005873351131740875,0.11010102342968694,0.0058448652588782915
0.11000053740140806,0.00588514792769129,0.11006144156108802,0.00585582933815254
0.11000053740140806,0.00588514792769129,0.11006144156108802,0.00585582933815254
0.10997815175154683,0.00592104664314526,0.11003943983669824,0.005890983200651939
0.10997815175154683,0.00592104664314526,0.11003943983669824,0.005890983200651939
0.10986670037239125,0.0060004719937608465,0.10992850074277176,0.005969158507865167
0.10986670037239125,0.0060004719937608465,0.10992850074277176,0.005969158507865167
0.10978677294517591,0.005935947411996806,0.10984973569810867,0.005906688127295061
0.10978677294517591,0.005935947411996806,0.10984973569810867,0.005906688127295061
0.10972466278487322,0.0059332442706557095,0.10978773267971045,0.005903926787561224
0.10972466278487322,0.0059332442706557095,0.10978773267971045,0.005903926787561224
0.10974824390108891,0.005906168991498659,0.10981077451800166,0.005876993749447144
0.10974824390108891,0.005906168991498659,0.10981077451800166,0.005876993749447144
0.1097547928517933,0.005893938542955714,0.10981722658653478,0.005865381726567162
0.1097547928517933,0.005893938542955714,0.10981722658653478,0.005865381726567162
0.10980846683733403,0.005955291029194797,0.10987032712847469,0.005926531589989094
0.10980846683733403,0.005955291029194797,0.10987032712847469,0.005926531589989094
0.10973509339175938,0.005983721585446208,0.10979800749259042,0.005954867417603867
0.10973509339175938,0.005983721585446208,0.10979800749259042,0.005954867417603867
0.10968697039661617,0.005985655365658516,0.10975003363411888,0.00595678216064998
0.10968697039661617,0.005985655365658516,0.10975003363411888,0.00595678216064998
0.10949367117602575,0.005919968197777327,0.1095568910308475,0.0058914825376270895
0.10949367117602575,0.005919968197777327,0.1095568910308475,0.0058914825376270895
0.10946793696722334,0.005894508823514758,0.10953175278783678,0.005866155272394391
0.10946793696722334,0.005894508823514758,0.10953175278783678,0.005866155272394391
0.10951109932109004,0.005884650652164294,0.10957464346037796,0.005856437973369542
0.10951109932109004,0.005884650652164294,0.10957464346037796,0.005856437973369542
0.10948087007799015,0.005883617022136227,0.10954433449913899,0.005855666349497656
0.10948087007799015,0.005883617022136227,0.10954433449913899,0.005855666349497656
0.10946519020571618,0.005890911896239173,0.10952910687195112,0.005862795379013388
0.10946519020571618,0.005890911896239173,0.10952910687195112,0.005862795379013388
0.10940817619193632,0.005900021011254099,0.10947272034990259,0.005871585696353168
0.10940817619193632,0.005900021011254099,0.10947272034990259,0.005871585696353168
