0.1478859409561311,2.7755575615628914e-17,0.14764862578134033,0.0
0.11173658796991678,0.02378294786611561,0.1118067607820612,0.023615734656078316
0.11173658796991678,0.02378294786611561,0.1118067607820612,0.023615734656078316
0.11173658796991678,0.02378294786611561,0.1118067607820612,0.023615734656078316
0.11173658796991678,0.02378294786611561,0.1118067607820612,0.023615734656078316
0.11173658796991678,0.02378294786611561,0.1118067607820612,0.023615734656078316
0.11173658796991678,0.02378294786611561,0.1118067607820612,0.023615734656078316
0.11173658796991678,0.02378294786611561,0.1118067607820612,0.023615734656078316
0.11173658796991678,0.02378294786611561,0.1118067607820612,0.023615734656078316
0.11173658796991678,0.02378294786611561,0.1118067607820612,0.023615734656078316
0.11173658796991678,0.02378294786611561,0.1118067607820612,0.023615734656078316
0.10771026404063393,0.025943577660850148,0.10776542894499612,0.02575391905485763
0.10771026404063393,0.025943577660850148,0.10776542894499612,0.02575391905485763
0.10771026404063393,0.025943577660850148,0.10776542894499612,0.02575391905485763
0.10771026404063393,0.025943577660850148,0.10776542894499612,0.02575391905485763
0.10771026404063393,0.025943577660850148,0.10776542894499612,0.02575391905485763
0.10771026404063393,0.025943577660850148,0.10776542894499612,0.02575391905485763
0.10771026404063393,0.025943577660850148,0.10776542894499612,0.02575391905485763
0.10771026404063393,0.025943577660850148,0.10776542894499612,0.02575391905485763
0.10771026404063393,0.025943577660850148,0.10776542894499612,0.02575391905485763
0.10771026404063393,0.025943577660850148,0.10776542894499612,0.02575391905485763
0.11005039704151716,0.025503180996552383,0.11006772571779536,0.025303102953200717
0.11005039704151716,0.025503180996552383,0.11006772571779536,0.025303102953200717
0.11005039704151716,0.025503180996552383,0.11006772571779536,0.025303102953200717
0.11005039704151716,0.025503180996552383,0.11006772571779536,0.025303102953200717
0.11005039704151716,0.025503180996552383,0.11006772571779536,0.025303102953200717
0.11005039704151716,0.025503180996552383,0.11006772571779536,0.025303102953200717
0.11005039704151716,0.025503180996552383,0.11006772571779536,0.025303102953200717
0.11005039704151716,0.025503180996552383,0.11006772571779536,0.025303102953200717
0.11005039704151716,0.025503180996552383,0.11006772571779536,0.025303102953200717
0.11005039704151716,0.025503180996552383,0.11006772571779536,0.025303102953200717
0.10912923205143536,0.025395487738215473,0.10914796698153402,0.025164236695080163
0.10912923205143536,0.025395487738215473,0.10914796698153402,0.025164236695080163
0.10912923205143536,0.025395487738215473,0.10914796698153402,0.025164236695080163
0.10912923205143536,0.025395487738215473,0.10914796698153402,0.025164236695080163
0.10912923205143536,0.025395487738215473,0.10914796698153402,0.025164236695080163
0.10912923205143536,0.025395487738215473,0.10914796698153402,0.025164236695080163
0.10912923205143536,0.025395487738215473,0.10914796698153402,0.025164236695080163
0.10912923205143536,0.025395487738215473,0.10914796698153402,0.025164236695080163
0.10912923205143536,0.025395487738215473,0.10914796698153402,0.025164236695080163
0.10912923205143536,0.025395487738215473,0.10914796698153402,0.025164236695080163
0.10218921261210845,0.021213028363957283,0.10227068122941645,0.021015712777944184
0.10218921261210845,0.021213028363957283,0.10227068122941645,0.021015712777944184
0.10218921261210845,0.021213028363957283,0.10227068122941645,0.021015712777944184
0.10218921261210845,0.021213028363957283,0.10227068122941645,0.021015712777944184
0.10218921261210845,0.021213028363957283,0.10227068122941645,0.021015712777944184
0.10218921261210845,0.021213028363957283,0.10227068122941645,0.021015712777944184
0.10218921261210845,0.021213028363957283,0.10227068122941645,0.021015712777944184
0.10218921261210845,0.021213028363957283,0.10227068122941645,0.021015712777944184
0.10218921261210845,0.021213028363957283,0.10227068122941645,0.021015712777944184
0.10218921261210845,0.021213028363957283,0.10227068122941645,0.021015712777944184
0.09691867095033777,0.01734928625323364,0.09704590407001239,0.017155412677454036
0.09691867095033777,0.01734928625323364,0.09704590407001239,0.017155412677454036
0.09691867095033777,0.01734928625323364,0.09704590407001239,0.017155412677454036
0.09691867095033777,0.01734928625323364,0.09704590407001239,0.017155412677454036
0.09691867095033777,0.01734928625323364,0.09704590407001239,0.017155412677454036
0.09691867095033777,0.01734928625323364,0.09704590407001239,0.017155412677454036
0.09691867095033777,0.01734928625323364,0.09704590407001239,0.017155412677454036
0.09691867095033777,0.01734928625323364,0.09704590407001239,0.017155412677454036
0.09691867095033777,0.01734928625323364,0.09704590407001239,0.017155412677454036
0.09691867095033777,0.01734928625323364,0.09704590407001239,0.017155412677454036
0.09444696835459498,0.01745005149364812,0.09460165589420258,0.017257571732806887
0.09444696835459498,0.01745005149364812,0.09460165589420258,0.017257571732806887
0.09444696835459498,0.01745005149364812,0.09460165589420258,0.017257571732806887
0.09444696835459498,0.01745005149364812,0.09460165589420258,0.017257571732806887
0.09444696835459498,0.01745005149364812,0.09460165589420258,0.017257571732806887
0.09444696835459498,0.01745005149364812,0.09460165589420258,0.017257571732806887
0.09444696835459498,0.01745005149364812,0.09460165589420258,0.017257571732806887
0.09444696835459498,0.01745005149364812,0.09460165589420258,0.017257571732806887
0.09444696835459498,0.01745005149364812,0.09460165589420258,0.017257571732806887
0.09444696835459498,0.01745005149364812,0.09460165589420258,0.017257571732806887
0.09220826248033184,0.012325660323975026,0.09236953241712877,0.0121544988367907
0.09220826248033184,0.012325660323975026,0.09236953241712877,0.0121544988367907
0.09220826248033184,0.012325660323975026,0.09236953241712877,0.0121544988367907
0.09220826248033184,0.012325660323975026,0.09236953241712877,0.0121544988367907
0.09220826248033184,0.012325660323975026,0.09236953241712877,0.0121544988367907
0.09220826248033184,0.012325660323975026,0.09236953241712877,0.0121544988367907
0.09220826248033184,0.012325660323975026,0.09236953241712877,0.0121544988367907
0.09220826248033184,0.012325660323975026,0.09236953241712877,0.0121544988367907
0.09220826248033184,0.012325660323975026,0.09236953241712877,0.0121544988367907
0.09220826248033184,0.012325660323975026,0.09236953241712877,0.0121544988367907
0.09440193800758181,0.01686514889817917,0.09453666733295454,0.01663627976902521
0.09440193800758181,0.01686514889817917,0.09453666733295454,0.01663627976902521
0.09440193800758181,0.01686514889817917,0.09453666733295454,0.01663627976902521
0.09440193800758181,0.01686514889817917,0.09453666733295454,0.01663627976902521
0.09440193800758181,0.01686514889817917,0.09453666733295454,0.01663627976902521
0.09440193800758181,0.01686514889817917,0.09453666733295454,0.01663627976902521
0.09440193800758181,0.01686514889817917,0.09453666733295454,0.01663627976902521
0.09440193800758181,0.01686514889817917,0.09453666733295454,0.01663627976902521
0.09440193800758181,0.01686514889817917,0.09453666733295454,0.01663627976902521
0.09440193800758181,0.01686514889817917,0.09453666733295454,0.01663627976902521
0.08990247491336698,0.010210894413447085,0.09008476624999025,0.010045038072401912
0.08990247491336698,0.010210894413447085,0.09008476624999025,0.010045038072401912
0.08990247491336698,0.010210894413447085,0.09008476624999025,0.010045038072401912
0.08990247491336698,0.010210894413447085,0.09008476624999025,0.010045038072401912
0.08990247491336698,0.010210894413447085,0.09008476624999025,0.010045038072401912
0.08990247491336698,0.010210894413447085,0.09008476624999025,0.010045038072401912
0.08990247491336698,0.010210894413447085,0.09008476624999025,0.010045038072401912
0.08990247491336698,0.010210894413447085,0.09008476624999025,0.010045038072401912
0.08990247491336698,0.010210894413447085,0.09008476624999025,0.010045038072401912
0.08990247491336698,0.010210894413447085,0.09008476624999025,0.010045038072401912
0.08794825410824533,0.004297141826241785,0.08814760097456893,0.0042006127305819554
0.08794825410824533,0.004297141826241785,0.08814760097456893,0.0042006127305819554
0.08794825410824533,0.004297141826241785,0.08814760097456893,0.0042006127305819554
0.08794825410824533,0.004297141826241785,0.08814760097456893,0.0042006127305819554
0.08794825410824533,0.004297141826241785,0.08814760097456893,0.0042006127305819554
0.08794825410824533,0.004297141826241785,0.08814760097456893,0.0042006127305819554
0.08794825410824533,0.004297141826241785,0.08814760097456893,0.0042006127305819554
0.08794825410824533,0.004297141826241785,0.08814760097456893,0.0042006127305819554
0.08794825410824533,0.004297141826241785,0.08814760097456893,0.0042006127305819554
0.08794825410824533,0.004297141826241785,0.08814760097456893,0.0042006127305819554
0.08672605024394957,0.0024870690575466655,0.08694676752755895,0.0024344612374856164
0.08672605024394957,0.0024870690575466655,0.08694676752755895,0.0024344612374856164
0.08672605024394957,0.0024870690575466655,0.08694676752755895,0.0024344612374856164
0.08672605024394957,0.0024870690575466655,0.08694676752755895,0.0024344612374856164
0.08672605024394957,0.0024870690575466655,0.08694676752755895,0.0024344612374856164
0.08672605024394957,0.0024870690575466655,0.08694676752755895,0.0024344612374856164
0.08672605024394957,0.0024870690575466655,0.08694676752755895,0.0024344612374856164
0.08672605024394957,0.0024870690575466655,0.08694676752755895,0.0024344612374856164
0.08672605024394957,0.0024870690575466655,0.08694676752755895,0.0024344612374856164
0.08672605024394957,0.0024870690575466655,0.08694676752755895,0.0024344612374856164
0.08602998803870622,0.001159277301284909,0.08625991417120396,0.0011246247317896459
0.08602998803870622,0.001159277301284909,0.08625991417120396,0.0011246247317896459
0.08602998803870622,0.001159277301284909,0.08625991417120396,0.0011246247317896459
0.08602998803870622,0.001159277301284909,0.08625991417120396,0.0011246247317896459
0.08602998803870622,0.001159277301284909,0.08625991417120396,0.0011246247317896459
0.08602998803870622,0.001159277301284909,0.08625991417120396,0.0011246247317896459
0.08602998803870622,0.001159277301284909,0.08625991417120396,0.0011246247317896459
0.08602998803870622,0.001159277301284909,0.08625991417120396,0.0011246247317896459
0.08602998803870622,0.001159277301284909,0.08625991417120396,0.0011246247317896459
0.08602998803870622,0.001159277301284909,0.08625991417120396,0.0011246247317896459
0.08609922684936963,0.0014864453009257991,0.08632901319506334,0.0014420000753455136
0.08609922684936963,0.0014864453009257991,0.08632901319506334,0.0014420000753455136
0.08609922684936963,0.0014864453009257991,0.08632901319506334,0.0014420000753455136
0.08609922684936963,0.0014864453009257991,0.08632901319506334,0.0014420000753455136
0.08609922684936963,0.0014864453009257991,0.08632901319506334,0.0014420000753455136
0.08609922684936963,0.0014864453009257991,0.08632901319506334,0.0014420000753455136
0.08609922684936963,0.0014864453009257991,0.08632901319506334,0.0014420000753455136
0.08609922684936963,0.0014864453009257991,0.08632901319506334,0.0014420000753455136
0.08609922684936963,0.0014864453009257991,0.08632901319506334,0.0014420000753455136
0.08609922684936963,0.0014864453009257991,0.08632901319506334,0.0014420000753455136
0.08585149385233577,0.0007696445831105411,0.08609260433907653,0.00075250657610079
0.08585149385233577,0.0007696445831105411,0.08609260433907653,0.00075250657610079
0.08585149385233577,0.0007696445831105411,0.08609260433907653,0.00075250657610079
0.08585149385233577,0.0007696445831105411,0.08609260433907653,0.00075250657610079
0.08585149385233577,0.0007696445831105411,0.08609260433907653,0.00075250657610079
0.08585149385233577,0.0007696445831105411,0.08609260433907653,0.00075250657610079
0.08585149385233577,0.0007696445831105411,0.08609260433907653,0.00075250657610079
0.08585149385233577,0.0007696445831105411,0.08609260433907653,0.00075250657610079
0.08585149385233577,0.0007696445831105411,0.08609260433907653,0.00075250657610079
0.08585149385233577,0.0007696445831105411,0.08609260433907653,0.00075250657610079
0.08600766809664798,0.0009727640066760965,0.08624601364021862,0.0009514536902520093
0.08600766809664798,0.0009727640066760965,0.08624601364021862,0.0009514536902520093
0.08600766809664798,0.0009727640066760965,0.08624601364021862,0.0009514536902520093
0.08600766809664798,0.0009727640066760965,0.08624601364021862,0.0009514536902520093
0.08600766809664798,0.0009727640066760965,0.08624601364021862,0.0009514536902520093
0.08600766809664798,0.0009727640066760965,0.08624601364021862,0.0009514536902520093
0.08600766809664798,0.0009727640066760965,0.08624601364021862,0.0009514536902520093
0.08600766809664798,0.0009727640066760965,0.08624601364021862,0.0009514536902520093
0.08600766809664798,0.0009727640066760965,0.08624601364021862,0.0009514536902520093
0.08600766809664798,0.0009727640066760965,0.08624601364021862,0.0009514536902520093
0.08614016536731765,0.0011995010693664123,0.08637234256150397,0.0011630344784615881
0.08614016536731765,0.0011995010693664123,0.08637234256150397,0.0011630344784615881
0.08614016536731765,0.0011995010693664123,0.08637234256150397,0.0011630344784615881
0.08614016536731765,0.0011995010693664123,0.08637234256150397,0.0011630344784615881
0.08614016536731765,0.0011995010693664123,0.08637234256150397,0.0011630344784615881
0.08614016536731765,0.0011995010693664123,0.08637234256150397,0.0011630344784615881
0.08614016536731765,0.0011995010693664123,0.08637234256150397,0.0011630344784615881
0.08614016536731765,0.0011995010693664123,0.08637234256150397,0.0011630344784615881
0.08614016536731765,0.0011995010693664123,0.08637234256150397,0.0011630344784615881
0.08614016536731765,0.0011995010693664123,0.08637234256150397,0.0011630344784615881
0.08659707682061446,0.001988187264214715,0.08681721238060823,0.0019349153682088277
0.08659707682061446,0.001988187264214715,0.08681721238060823,0.0019349153682088277
0.08659707682061446,0.001988187264214715,0.08681721238060823,0.0019349153682088277
0.08659707682061446,0.001988187264214715,0.08681721238060823,0.0019349153682088277
0.08659707682061446,0.001988187264214715,0.08681721238060823,0.0019349153682088277
0.08659707682061446,0.001988187264214715,0.08681721238060823,0.0019349153682088277
0.08659707682061446,0.001988187264214715,0.08681721238060823,0.0019349153682088277
0.08659707682061446,0.001988187264214715,0.08681721238060823,0.0019349153682088277
0.08659707682061446,0.001988187264214715,0.08681721238060823,0.0019349153682088277
0.08659707682061446,0.001988187264214715,0.08681721238060823,0.0019349153682088277
0.0860066954561752,0.0012620918347969747,0.08623964002387874,0.0012179705982984885
0.0860066954561752,0.0012620918347969747,0.08623964002387874,0.0012179705982984885
0.0860066954561752,0.0012620918347969747,0.08623964002387874,0.0012179705982984885
0.0860066954561752,0.0012620918347969747,0.08623964002387874,0.0012179705982984885
0.0860066954561752,0.0012620918347969747,0.08623964002387874,0.0012179705982984885
0.0860066954561752,0.0012620918347969747,0.08623964002387874,0.0012179705982984885
0.0860066954561752,0.0012620918347969747,0.08623964002387874,0.0012179705982984885
0.0860066954561752,0.0012620918347969747,0.08623964002387874,0.0012179705982984885
0.0860066954561752,0.0012620918347969747,0.08623964002387874,0.0012179705982984885
0.0860066954561752,0.0012620918347969747,0.08623964002387874,0.0012179705982984885
0.08573173876708544,0.0007787526701734354,0.08597215167655745,0.0007638086243321539
0.08573173876708544,0.0007787526701734354,0.08597215167655745,0.0007638086243321539
0.08573173876708544,0.0007787526701734354,0.08597215167655745,0.0007638086243321539
0.08573173876708544,0.0007787526701734354,0.08597215167655745,0.0007638086243321539
0.08573173876708544,0.0007787526701734354,0.08597215167655745,0.0007638086243321539
0.08573173876708544,0.0007787526701734354,0.08597215167655745,0.0007638086243321539
0.08573173876708544,0.0007787526701734354,0.08597215167655745,0.0007638086243321539
0.08573173876708544,0.0007787526701734354,0.08597215167655745,0.0007638086243321539
0.08573173876708544,0.0007787526701734354,0.08597215167655745,0.0007638086243321539
0.08573173876708544,0.0007787526701734354,0.08597215167655745,0.0007638086243321539
0.08572401398609548,0.0008969111305190886,0.08596489072651009,0.0008789638126006845
0.08572401398609548,0.0008969111305190886,0.08596489072651009,0.0008789638126006845
0.08572401398609548,0.0008969111305190886,0.08596489072651009,0.0008789638126006845
0.08572401398609548,0.0008969111305190886,0.08596489072651009,0.0008789638126006845
0.08572401398609548,0.0008969111305190886,0.08596489072651009,0.0008789638126006845
0.08572401398609548,0.0008969111305190886,0.08596489072651009,0.0008789638126006845
0.08572401398609548,0.0008969111305190886,0.08596489072651009,0.0008789638126006845
0.08572401398609548,0.0008969111305190886,0.08596489072651009,0.0008789638126006845
0.08572401398609548,0.0008969111305190886,0.08596489072651009,0.0008789638126006845
0.08572401398609548,0.0008969111305190886,0.08596489072651009,0.0008789638126006845
0.08589702381071028,0.0012375806951838006,0.08613238813981568,0.001208614233859744
0.08589702381071028,0.0012375806951838006,0.08613238813981568,0.001208614233859744
0.08589702381071028,0.0012375806951838006,0.08613238813981568,0.001208614233859744
0.08589702381071028,0.0012375806951838006,0.08613238813981568,0.001208614233859744
0.08589702381071028,0.0012375806951838006,0.08613238813981568,0.001208614233859744
0.08589702381071028,0.0012375806951838006,0.08613238813981568,0.001208614233859744
0.08589702381071028,0.0012375806951838006,0.08613238813981568,0.001208614233859744
0.08589702381071028,0.0012375806951838006,0.08613238813981568,0.001208614233859744
0.08589702381071028,0.0012375806951838006,0.08613238813981568,0.001208614233859744
0.08589702381071028,0.0012375806951838006,0.08613238813981568,0.001208614233859744
0.08560888178593229,0.0005853166113920677,0.08585213003045093,0.0005613675115363362
0.08560888178593229,0.0005853166113920677,0.08585213003045093,0.0005613675115363362
0.08560888178593229,0.0005853166113920677,0.08585213003045093,0.0005613675115363362
0.08560888178593229,0.0005853166113920677,0.08585213003045093,0.0005613675115363362
0.08560888178593229,0.0005853166113920677,0.08585213003045093,0.0005613675115363362
0.08560888178593229,0.0005853166113920677,0.08585213003045093,0.0005613675115363362
0.08560888178593229,0.0005853166113920677,0.08585213003045093,0.0005613675115363362
0.08560888178593229,0.0005853166113920677,0.08585213003045093,0.0005613675115363362
0.08560888178593229,0.0005853166113920677,0.08585213003045093,0.0005613675115363362
0.08560888178593229,0.0005853166113920677,0.08585213003045093,0.0005613675115363362
0.08559143546017124,0.000561718589942829,0.08583516065114652,0.000538678798960947
0.08559143546017124,0.000561718589942829,0.08583516065114652,0.000538678798960947
0.08559143546017124,0.000561718589942829,0.08583516065114652,0.000538678798960947
0.08559143546017124,0.000561718589942829,0.08583516065114652,0.000538678798960947
0.08559143546017124,0.000561718589942829,0.08583516065114652,0.000538678798960947
0.08559143546017124,0.000561718589942829,0.08583516065114652,0.000538678798960947
0.08559143546017124,0.000561718589942829,0.08583516065114652,0.000538678798960947
0.08559143546017124,0.000561718589942829,0.08583516065114652,0.000538678798960947
0.08559143546017124,0.000561718589942829,0.08583516065114652,0.000538678798960947
0.08559143546017124,0.000561718589942829,0.08583516065114652,0.000538678798960947
0.0856165730664086,0.000686875212759225,0.08585782748866404,0.0006558990882590688
0.0856165730664086,0.000686875212759225,0.08585782748866404,0.0006558990882590688
0.0856165730664086,0.000686875212759225,0.08585782748866404,0.0006558990882590688
0.0856165730664086,0.000686875212759225,0.08585782748866404,0.0006558990882590688
0.0856165730664086,0.000686875212759225,0.08585782748866404,0.0006558990882590688
0.0856165730664086,0.000686875212759225,0.08585782748866404,0.0006558990882590688
0.0856165730664086,0.000686875212759225,0.08585782748866404,0.0006558990882590688
0.0856165730664086,0.000686875212759225,0.08585782748866404,0.0006558990882590688
0.0856165730664086,0.000686875212759225,0.08585782748866404,0.0006558990882590688
0.0856165730664086,0.000686875212759225,0.08585782748866404,0.0006558990882590688
0.08553225602430914,0.0004910857615318888,0.08577717365111083,0.0004714051321064677
0.08553225602430914,0.0004910857615318888,0.08577717365111083,0.0004714051321064677
0.08553225602430914,0.0004910857615318888,0.08577717365111083,0.0004714051321064677
0.08553225602430914,0.0004910857615318888,0.08577717365111083,0.0004714051321064677
0.08553225602430914,0.0004910857615318888,0.08577717365111083,0.0004714051321064677
0.08553225602430914,0.0004910857615318888,0.08577717365111083,0.0004714051321064677
0.08553225602430914,0.0004910857615318888,0.08577717365111083,0.0004714051321064677
0.08553225602430914,0.0004910857615318888,0.08577717365111083,0.0004714051321064677
0.08553225602430914,0.0004910857615318888,0.08577717365111083,0.0004714051321064677
0.08553225602430914,0.0004910857615318888,0.08577717365111083,0.0004714051321064677
0.08545974258968506,0.0003653368805530846,0.0857065318673008,0.00035342821066710033
0.08545974258968506,0.0003653368805530846,0.0857065318673008,0.00035342821066710033
0.08545974258968506,0.0003653368805530846,0.0857065318673008,0.00035342821066710033
0.08545974258968506,0.0003653368805530846,0.0857065318673008,0.00035342821066710033
0.08545974258968506,0.0003653368805530846,0.0857065318673008,0.00035342821066710033
0.08545974258968506,0.0003653368805530846,0.0857065318673008,0.00035342821066710033
0.08545974258968506,0.0003653368805530846,0.0857065318673008,0.00035342821066710033
0.08545974258968506,0.0003653368805530846,0.0857065318673008,0.00035342821066710033
0.08545974258968506,0.0003653368805530846,0.0857065318673008,0.00035342821066710033
0.08545974258968506,0.0003653368805530846,0.0857065318673008,0.00035342821066710033
0.08550640613929711,0.0004470751329428606,0.08575223797869153,0.0004300399081841491
0.08550640613929711,0.0004470751329428606,0.08575223797869153,0.0004300399081841491
0.08550640613929711,0.0004470751329428606,0.08575223797869153,0.0004300399081841491
0.08550640613929711,0.0004470751329428606,0.08575223797869153,0.0004300399081841491
0.08550640613929711,0.0004470751329428606,0.08575223797869153,0.0004300399081841491
0.08550640613929711,0.0004470751329428606,0.08575223797869153,0.0004300399081841491
0.08550640613929711,0.0004470751329428606,0.08575223797869153,0.0004300399081841491
0.08550640613929711,0.0004470751329428606,0.08575223797869153,0.0004300399081841491
0.08550640613929711,0.0004470751329428606,0.08575223797869153,0.0004300399081841491
0.08550640613929711,0.0004470751329428606,0.08575223797869153,0.0004300399081841491
0.08548149488354947,0.0003940322980852066,0.08572880750628335,0.0003858989877807236
0.08548149488354947,0.0003940322980852066,0.08572880750628335,0.0003858989877807236
0.08548149488354947,0.0003940322980852066,0.08572880750628335,0.0003858989877807236
0.08548149488354947,0.0003940322980852066,0.08572880750628335,0.0003858989877807236
0.08548149488354947,0.0003940322980852066,0.08572880750628335,0.0003858989877807236
0.08548149488354947,0.0003940322980852066,0.08572880750628335,0.0003858989877807236
0.08548149488354947,0.0003940322980852066,0.08572880750628335,0.0003858989877807236
0.08548149488354947,0.0003940322980852066,0.08572880750628335,0.0003858989877807236
0.08548149488354947,0.0003940322980852066,0.08572880750628335,0.0003858989877807236
0.08548149488354947,0.0003940322980852066,0.08572880750628335,0.0003858989877807236
0.0854377372053866,0.00034144781258781305,0.08568424779562564,0.00032765984671625625
0.0854377372053866,0.00034144781258781305,0.08568424779562564,0.00032765984671625625
0.0854377372053866,0.00034144781258781305,0.08568424779562564,0.00032765984671625625
0.0854377372053866,0.00034144781258781305,0.08568424779562564,0.00032765984671625625
0.0854377372053866,0.00034144781258781305,0.08568424779562564,0.00032765984671625625
0.0854377372053866,0.00034144781258781305,0.08568424779562564,0.00032765984671625625
0.0854377372053866,0.00034144781258781305,0.08568424779562564,0.00032765984671625625
0.0854377372053866,0.00034144781258781305,0.08568424779562564,0.00032765984671625625
0.0854377372053866,0.00034144781258781305,0.08568424779562564,0.00032765984671625625
0.0854377372053866,0.00034144781258781305,0.08568424779562564,0.00032765984671625625
0.085450830553989,0.0003671784531865797,0.08569661818639178,0.0003487163333783522
0.085450830553989,0.0003671784531865797,0.08569661818639178,0.0003487163333783522
0.085450830553989,0.0003671784531865797,0.08569661818639178,0.0003487163333783522
0.085450830553989,0.0003671784531865797,0.08569661818639178,0.0003487163333783522
0.085450830553989,0.0003671784531865797,0.08569661818639178,0.0003487163333783522
0.085450830553989,0.0003671784531865797,0.08569661818639178,0.0003487163333783522
0.085450830553989,0.0003671784531865797,0.08569661818639178,0.0003487163333783522
0.085450830553989,0.0003671784531865797,0.08569661818639178,0.0003487163333783522
0.085450830553989,0.0003671784531865797,0.08569661818639178,0.0003487163333783522
0.085450830553989,0.0003671784531865797,0.08569661818639178,0.0003487163333783522
0.08549516197700627,0.0004954218876372533,0.08573872144738848,0.00046593677630159643
0.08549516197700627,0.0004954218876372533,0.08573872144738848,0.00046593677630159643
0.08549516197700627,0.0004954218876372533,0.08573872144738848,0.00046593677630159643
0.08549516197700627,0.0004954218876372533,0.08573872144738848,0.00046593677630159643
0.08549516197700627,0.0004954218876372533,0.08573872144738848,0.00046593677630159643
0.08549516197700627,0.0004954218876372533,0.08573872144738848,0.00046593677630159643
0.08549516197700627,0.0004954218876372533,0.08573872144738848,0.00046593677630159643
0.08549516197700627,0.0004954218876372533,0.08573872144738848,0.00046593677630159643
0.08549516197700627,0.0004954218876372533,0.08573872144738848,0.00046593677630159643
0.08549516197700627,0.0004954218876372533,0.08573872144738848,0.00046593677630159643
0.08556162734426989,0.0007512513731742761,0.08580193452401083,0.0007082074024808829
0.08556162734426989,0.0007512513731742761,0.08580193452401083,0.0007082074024808829
0.08556162734426989,0.0007512513731742761,0.08580193452401083,0.0007082074024808829
0.08556162734426989,0.0007512513731742761,0.08580193452401083,0.0007082074024808829
0.08556162734426989,0.0007512513731742761,0.08580193452401083,0.0007082074024808829
0.08556162734426989,0.0007512513731742761,0.08580193452401083,0.0007082074024808829
0.08556162734426989,0.0007512513731742761,0.08580193452401083,0.0007082074024808829
0.08556162734426989,0.0007512513731742761,0.08580193452401083,0.0007082074024808829
0.08556162734426989,0.0007512513731742761,0.08580193452401083,0.0007082074024808829
0.08556162734426989,0.0007512513731742761,0.08580193452401083,0.0007082074024808829
0.08548663692628314,0.0005510588978860218,0.08572944912791648,0.0005163040332084279
0.08548663692628314,0.0005510588978860218,0.08572944912791648,0.0005163040332084279
0.08548663692628314,0.0005510588978860218,0.08572944912791648,0.0005163040332084279
0.08548663692628314,0.0005510588978860218,0.08572944912791648,0.0005163040332084279
0.08548663692628314,0.0005510588978860218,0.08572944912791648,0.0005163040332084279
0.08548663692628314,0.0005510588978860218,0.08572944912791648,0.0005163040332084279
0.08548663692628314,0.0005510588978860218,0.08572944912791648,0.0005163040332084279
0.08548663692628314,0.0005510588978860218,0.08572944912791648,0.0005163040332084279
0.08548663692628314,0.0005510588978860218,0.08572944912791648,0.0005163040332084279
0.08548663692628314,0.0005510588978860218,0.08572944912791648,0.0005163040332084279
0.08560856713460756,0.000911547477114502,0.08584630843808636,0.0008602710612129575
0.08560856713460756,0.000911547477114502,0.08584630843808636,0.0008602710612129575
0.08560856713460756,0.000911547477114502,0.08584630843808636,0.0008602710612129575
0.08560856713460756,0.000911547477114502,0.08584630843808636,0.0008602710612129575
0.08560856713460756,0.000911547477114502,0.08584630843808636,0.0008602710612129575
0.08560856713460756,0.000911547477114502,0.08584630843808636,0.0008602710612129575
0.08560856713460756,0.000911547477114502,0.08584630843808636,0.0008602710612129575
0.08560856713460756,0.000911547477114502,0.08584630843808636,0.0008602710612129575
0.08560856713460756,0.000911547477114502,0.08584630843808636,0.0008602710612129575
0.08560856713460756,0.000911547477114502,0.08584630843808636,0.0008602710612129575
0.0855332804157986,0.0007089635268117255,0.08577336395423295,0.0006646116749933095
0.0855332804157986,0.0007089635268117255,0.08577336395423295,0.0006646116749933095
0.0855332804157986,0.0007089635268117255,0.08577336395423295,0.0006646116749933095
0.0855332804157986,0.0007089635268117255,0.08577336395423295,0.0006646116749933095
0.0855332804157986,0.0007089635268117255,0.08577336395423295,0.0006646116749933095
0.0855332804157986,0.0007089635268117255,0.08577336395423295,0.0006646116749933095
0.0855332804157986,0.0007089635268117255,0.08577336395423295,0.0006646116749933095
0.0855332804157986,0.0007089635268117255,0.08577336395423295,0.0006646116749933095
0.0855332804157986,0.0007089635268117255,0.08577336395423295,0.0006646116749933095
0.0855332804157986,0.0007089635268117255,0.08577336395423295,0.0006646116749933095
0.08538891772219305,0.0003218416434382733,0.08563608248208529,0.00030270903237696007
0.08538891772219305,0.0003218416434382733,0.08563608248208529,0.00030270903237696007
0.08538891772219305,0.0003218416434382733,0.08563608248208529,0.00030270903237696007
0.08538891772219305,0.0003218416434382733,0.08563608248208529,0.00030270903237696007
0.08538891772219305,0.0003218416434382733,0.08563608248208529,0.00030270903237696007
0.08538891772219305,0.0003218416434382733,0.08563608248208529,0.00030270903237696007
0.08538891772219305,0.0003218416434382733,0.08563608248208529,0.00030270903237696007
0.08538891772219305,0.0003218416434382733,0.08563608248208529,0.00030270903237696007
0.08538891772219305,0.0003218416434382733,0.08563608248208529,0.00030270903237696007
0.08538891772219305,0.0003218416434382733,0.08563608248208529,0.00030270903237696007
0.08537526694574371,0.0002958655260434054,0.08562329787074016,0.0002813156041009901
0.08537526694574371,0.0002958655260434054,0.08562329787074016,0.0002813156041009901
0.08537526694574371,0.0002958655260434054,0.08562329787074016,0.0002813156041009901
0.08537526694574371,0.0002958655260434054,0.08562329787074016,0.0002813156041009901
0.08537526694574371,0.0002958655260434054,0.08562329787074016,0.0002813156041009901
0.08537526694574371,0.0002958655260434054,0.08562329787074016,0.0002813156041009901
0.08537526694574371,0.0002958655260434054,0.08562329787074016,0.0002813156041009901
0.08537526694574371,0.0002958655260434054,0.08562329787074016,0.0002813156041009901
0.08537526694574371,0.0002958655260434054,0.08562329787074016,0.0002813156041009901
0.08537526694574371,0.0002958655260434054,0.08562329787074016,0.0002813156041009901
0.08540543308347823,0.0003384297520489258,0.08565145483038465,0.0003184215878159125
0.08540543308347823,0.0003384297520489258,0.08565145483038465,0.0003184215878159125
0.08540543308347823,0.0003384297520489258,0.08565145483038465,0.0003184215878159125
0.08540543308347823,0.0003384297520489258,0.08565145483038465,0.0003184215878159125
0.08540543308347823,0.0003384297520489258,0.08565145483038465,0.0003184215878159125
0.08540543308347823,0.0003384297520489258,0.08565145483038465,0.0003184215878159125
0.08540543308347823,0.0003384297520489258,0.08565145483038465,0.0003184215878159125
0.08540543308347823,0.0003384297520489258,0.08565145483038465,0.0003184215878159125
0.08540543308347823,0.0003384297520489258,0.08565145483038465,0.0003184215878159125
0.08540543308347823,0.0003384297520489258,0.08565145483038465,0.0003184215878159125
0.08537733264497802,0.00029335110346194134,0.08562611281695928,0.0002820783828722569
0.08537733264497802,0.00029335110346194134,0.08562611281695928,0.0002820783828722569
0.08537733264497802,0.00029335110346194134,0.08562611281695928,0.0002820783828722569
0.08537733264497802,0.00029335110346194134,0.08562611281695928,0.0002820783828722569
0.08537733264497802,0.00029335110346194134,0.08562611281695928,0.0002820783828722569
0.08537733264497802,0.00029335110346194134,0.08562611281695928,0.0002820783828722569
0.08537733264497802,0.00029335110346194134,0.08562611281695928,0.0002820783828722569
0.08537733264497802,0.00029335110346194134,0.08562611281695928,0.0002820783828722569
0.08537733264497802,0.00029335110346194134,0.08562611281695928,0.0002820783828722569
0.08537733264497802,0.00029335110346194134,0.08562611281695928,0.0002820783828722569
0.08537426542196917,0.0002927916100480894,0.08562289793210391,0.00027914841672413914
0.08537426542196917,0.0002927916100480894,0.08562289793210391,0.00027914841672413914
0.08537426542196917,0.0002927916100480894,0.08562289793210391,0.00027914841672413914
0.08537426542196917,0.0002927916100480894,0.08562289793210391,0.00027914841672413914
0.08537426542196917,0.0002927916100480894,0.08562289793210391,0.00027914841672413914
0.08537426542196917,0.0002927916100480894,0.08562289793210391,0.00027914841672413914
0.08537426542196917,0.0002927916100480894,0.08562289793210391,0.00027914841672413914
0.08537426542196917,0.0002927916100480894,0.08562289793210391,0.00027914841672413914
0.08537426542196917,0.0002927916100480894,0.08562289793210391,0.00027914841672413914
0.08537426542196917,0.0002927916100480894,0.08562289793210391,0.00027914841672413914
0.0853857237808016,0.00030455806151544673,0.08563344663577524,0.0002883487304034128
0.0853857237808016,0.00030455806151544673,0.08563344663577524,0.0002883487304034128
0.0853857237808016,0.00030455806151544673,0.08563344663577524,0.0002883487304034128
0.0853857237808016,0.00030455806151544673,0.08563344663577524,0.0002883487304034128
0.0853857237808016,0.00030455806151544673,0.08563344663577524,0.0002883487304034128
0.0853857237808016,0.00030455806151544673,0.08563344663577524,0.0002883487304034128
0.0853857237808016,0.00030455806151544673,0.08563344663577524,0.0002883487304034128
0.0853857237808016,0.00030455806151544673,0.08563344663577524,0.0002883487304034128
0.0853857237808016,0.00030455806151544673,0.08563344663577524,0.0002883487304034128
0.0853857237808016,0.00030455806151544673,0.08563344663577524,0.0002883487304034128
0.08541678057993937,0.00035095445379459245,0.08566284261306252,0.00032986687747109725
0.08541678057993937,0.00035095445379459245,0.08566284261306252,0.00032986687747109725
0.08541678057993937,0.00035095445379459245,0.08566284261306252,0.00032986687747109725
0.08541678057993937,0.00035095445379459245,0.08566284261306252,0.00032986687747109725
0.08541678057993937,0.00035095445379459245,0.08566284261306252,0.00032986687747109725
0.08541678057993937,0.00035095445379459245,0.08566284261306252,0.00032986687747109725
0.08541678057993937,0.00035095445379459245,0.08566284261306252,0.00032986687747109725
0.08541678057993937,0.00035095445379459245,0.08566284261306252,0.00032986687747109725
0.08541678057993937,0.00035095445379459245,0.08566284261306252,0.00032986687747109725
0.08541678057993937,0.00035095445379459245,0.08566284261306252,0.00032986687747109725
0.08547385901280291,0.0004641033865745285,0.08571713008283752,0.00043225292768914094
0.08547385901280291,0.0004641033865745285,0.08571713008283752,0.00043225292768914094
0.08547385901280291,0.0004641033865745285,0.08571713008283752,0.00043225292768914094
0.08547385901280291,0.0004641033865745285,0.08571713008283752,0.00043225292768914094
0.08547385901280291,0.0004641033865745285,0.08571713008283752,0.00043225292768914094
0.08547385901280291,0.0004641033865745285,0.08571713008283752,0.00043225292768914094
0.08547385901280291,0.0004641033865745285,0.08571713008283752,0.00043225292768914094
0.08547385901280291,0.0004641033865745285,0.08571713008283752,0.00043225292768914094
0.08547385901280291,0.0004641033865745285,0.08571713008283752,0.00043225292768914094
0.08547385901280291,0.0004641033865745285,0.08571713008283752,0.00043225292768914094
0.0853800398844448,0.00030841584345638973,0.08562848149594328,0.0002962764794993778
0.0853800398844448,0.00030841584345638973,0.08562848149594328,0.0002962764794993778
0.0853800398844448,0.00030841584345638973,0.08562848149594328,0.0002962764794993778
0.0853800398844448,0.00030841584345638973,0.08562848149594328,0.0002962764794993778
0.0853800398844448,0.00030841584345638973,0.08562848149594328,0.0002962764794993778
0.0853800398844448,0.00030841584345638973,0.08562848149594328,0.0002962764794993778
0.0853800398844448,0.00030841584345638973,0.08562848149594328,0.0002962764794993778
0.0853800398844448,0.00030841584345638973,0.08562848149594328,0.0002962764794993778
0.0853800398844448,0.00030841584345638973,0.08562848149594328,0.0002962764794993778
0.0853800398844448,0.00030841584345638973,0.08562848149594328,0.0002962764794993778
0.08537687656581266,0.0003077771400529986,0.08562518001945478,0.00029320741653707076
0.08537687656581266,0.0003077771400529986,0.08562518001945478,0.00029320741653707076
0.08537687656581266,0.0003077771400529986,0.08562518001945478,0.00029320741653707076
0.08537687656581266,0.0003077771400529986,0.08562518001945478,0.00029320741653707076
0.08537687656581266,0.0003077771400529986,0.08562518001945478,0.00029320741653707076
0.08537687656581266,0.0003077771400529986,0.08562518001945478,0.00029320741653707076
0.08537687656581266,0.0003077771400529986,0.08562518001945478,0.00029320741653707076
0.08537687656581266,0.0003077771400529986,0.08562518001945478,0.00029320741653707076
0.08537687656581266,0.0003077771400529986,0.08562518001945478,0.00029320741653707076
0.08537687656581266,0.0003077771400529986,0.08562518001945478,0.00029320741653707076
0.0853411049166022,0.0002863006914559189,0.08559234372050412,0.00028034249868545994
0.0853411049166022,0.0002863006914559189,0.08559234372050412,0.00028034249868545994
0.0853411049166022,0.0002863006914559189,0.08559234372050412,0.00028034249868545994
0.0853411049166022,0.0002863006914559189,0.08559234372050412,0.00028034249868545994
0.0853411049166022,0.0002863006914559189,0.08559234372050412,0.00028034249868545994
0.0853411049166022,0.0002863006914559189,0.08559234372050412,0.00028034249868545994
0.0853411049166022,0.0002863006914559189,0.08559234372050412,0.00028034249868545994
0.0853411049166022,0.0002863006914559189,0.08559234372050412,0.00028034249868545994
0.0853411049166022,0.0002863006914559189,0.08559234372050412,0.00028034249868545994
0.0853411049166022,0.0002863006914559189,0.08559234372050412,0.00028034249868545994
0.08534208280944364,0.0002851023320715778,0.08559328731460646,0.0002780892421709741
0.08534208280944364,0.0002851023320715778,0.08559328731460646,0.0002780892421709741
0.08534208280944364,0.0002851023320715778,0.08559328731460646,0.0002780892421709741
0.08534208280944364,0.0002851023320715778,0.08559328731460646,0.0002780892421709741
0.08534208280944364,0.0002851023320715778,0.08559328731460646,0.0002780892421709741
0.08534208280944364,0.0002851023320715778,0.08559328731460646,0.0002780892421709741
0.08534208280944364,0.0002851023320715778,0.08559328731460646,0.0002780892421709741
0.08534208280944364,0.0002851023320715778,0.08559328731460646,0.0002780892421709741
0.08534208280944364,0.0002851023320715778,0.08559328731460646,0.0002780892421709741
0.08534208280944364,0.0002851023320715778,0.08559328731460646,0.0002780892421709741
0.08535337389826095,0.0002921079124836107,0.08560349555472266,0.0002841057822081078
0.08535337389826095,0.0002921079124836107,0.08560349555472266,0.0002841057822081078
0.08535337389826095,0.0002921079124836107,0.08560349555472266,0.0002841057822081078
0.08535337389826095,0.0002921079124836107,0.08560349555472266,0.0002841057822081078
0.08535337389826095,0.0002921079124836107,0.08560349555472266,0.0002841057822081078
0.08535337389826095,0.0002921079124836107,0.08560349555472266,0.0002841057822081078
0.08535337389826095,0.0002921079124836107,0.08560349555472266,0.0002841057822081078
0.08535337389826095,0.0002921079124836107,0.08560349555472266,0.0002841057822081078
0.08535337389826095,0.0002921079124836107,0.08560349555472266,0.0002841057822081078
0.08535337389826095,0.0002921079124836107,0.08560349555472266,0.0002841057822081078
0.08536812374547724,0.00030459929177846095,0.08561714327401107,0.00029452662235156924
0.08536812374547724,0.00030459929177846095,0.08561714327401107,0.00029452662235156924
0.08536812374547724,0.00030459929177846095,0.08561714327401107,0.00029452662235156924
0.08536812374547724,0.00030459929177846095,0.08561714327401107,0.00029452662235156924
0.08536812374547724,0.00030459929177846095,0.08561714327401107,0.00029452662235156924
0.08536812374547724,0.00030459929177846095,0.08561714327401107,0.00029452662235156924
0.08536812374547724,0.00030459929177846095,0.08561714327401107,0.00029452662235156924
0.08536812374547724,0.00030459929177846095,0.08561714327401107,0.00029452662235156924
0.08536812374547724,0.00030459929177846095,0.08561714327401107,0.00029452662235156924
0.08536812374547724,0.00030459929177846095,0.08561714327401107,0.00029452662235156924
