0.1478859409561311,2.7755575615628914e-17,0.14764862578134033,0.0
0.14774701683401426,0.00041677236620607614,0.14751153604903192,0.00041126919680678405
0.14774701683401426,0.00041677236620607614,0.14751153604903192,0.00041126919680678405
0.1477681977477118,0.0004285113406420336,0.14753295301755728,0.0004232524403738215
0.1477681977477118,0.0004285113406420336,0.14753295301755728,0.0004232524403738215
0.1477126002293168,0.0004910170430075755,0.1474760310317861,0.000487242774365031
0.1477126002293168,0.0004910170430075755,0.1474760310317861,0.000487242774365031
0.14706261123573636,0.0016939370660604912,0.14683457466953084,0.0016717378037558333
0.14706261123573636,0.0016939370660604912,0.14683457466953084,0.0016717378037558333
0.146733581100435,0.0017273165918366322,0.14650531269140504,0.001706814649878243
0.146733581100435,0.0017273165918366322,0.14650531269140504,0.001706814649878243
0.14615542705597473,0.002051272529978829,0.14593079392523994,0.0020265063262807567
0.14615542705597473,0.002051272529978829,0.14593079392523994,0.0020265063262807567
0.1461130598183978,0.0020388657020173357,0.14588892252972072,0.002013972620751225
0.1461130598183978,0.0020388657020173357,0.14588892252972072,0.002013972620751225
0.14611305981732597,0.0020388657012041047,0.14588892252864333,0.00201397261989245
0.14611305981732597,0.0020388657012041047,0.14588892252864333,0.00201397261989245
0.1457974475477872,0.0018567532065304731,0.14557501540291623,0.0018323153441780296
0.1457974475477872,0.0018567532065304731,0.14557501540291623,0.0018323153441780296
0.14584478065599193,0.0018635725612636302,0.14562172828520187,0.0018391380875852046
0.14584478065599193,0.0018635725612636302,0.14562172828520187,0.0018391380875852046
0.14541845626879968,0.0019959830695681817,0.14519742447517056,0.0019704714648963195
0.14541845626879968,0.0019959830695681817,0.14519742447517056,0.0019704714648963195
0.14469012657266672,0.002490837168067372,0.14447849732115048,0.002461420762372293
0.14469012657266672,0.002490837168067372,0.14447849732115048,0.002461420762372293
0.14469012657219066,0.0024908371678492333,0.14447849732066595,0.0024614207621540167
0.14469012657219066,0.0024908371678492333,0.14447849732066595,0.0024614207621540167
0.14469345143020482,0.0024941112781915204,0.1444819290415763,0.0024645889917865576
0.14469345143020482,0.0024941112781915204,0.1444819290415763,0.0024645889917865576
0.14469345143041173,0.002494111278079098,0.14448192904182644,0.002464588991651618
0.14469345143041173,0.002494111278079098,0.14448192904182644,0.002464588991651618
0.14463903219515137,0.002493976245250114,0.1444277069537841,0.0024640457414765865
0.14463903219515137,0.002493976245250114,0.1444277069537841,0.0024640457414765865
0.14463903219513047,0.0024939762450940308,0.1444277069537738,0.002464045741288913
0.14463903219513047,0.0024939762450940308,0.1444277069537738,0.002464045741288913
0.14437602316067988,0.002895765896185372,0.1441681246325938,0.0028596394077664805
0.14437602316067988,0.002895765896185372,0.1441681246325938,0.0028596394077664805
0.14446114028198612,0.002841530543658944,0.1442521355543859,0.0028066223093770847
0.14446114028198612,0.002841530543658944,0.1442521355543859,0.0028066223093770847
0.14446114028201756,0.002841530543718036,0.14425213555442412,0.0028066223094424863
0.14446114028201756,0.002841530543718036,0.14425213555442412,0.0028066223094424863
0.14370334356104078,0.003073053928613923,0.14350410646337003,0.003036795442149893
0.14370334356104078,0.003073053928613923,0.14350410646337003,0.003036795442149893
0.14370334356097786,0.0030730539286280157,0.14350410646329498,0.0030367954421600617
0.14370334356097786,0.0030730539286280157,0.14350410646329498,0.0030367954421600617
0.14370334356101538,0.00307305392858384,0.1435041064633448,0.003036795442106229
0.14370334356101538,0.00307305392858384,0.1435041064633448,0.003036795442106229
0.14370334356092773,0.0030730539288567945,0.14350410646324901,0.0030367954424344603
0.14370334356092773,0.0030730539288567945,0.14350410646324901,0.0030367954424344603
0.1434877575348911,0.0029233347702707375,0.14329032684624093,0.0028897810721049523
0.1434877575348911,0.0029233347702707375,0.14329032684624093,0.0028897810721049523
0.14320664635321556,0.002714682034478786,0.14301268797544905,0.0026850903695096553
0.14320664635321556,0.002714682034478786,0.14301268797544905,0.0026850903695096553
0.14293617563623245,0.002910604539335189,0.1427448846100554,0.002882800707788092
0.14293617563623245,0.002910604539335189,0.1427448846100554,0.002882800707788092
0.14290117493296434,0.002925294735623355,0.1427094043352224,0.0028982652883245566
0.14290117493296434,0.002925294735623355,0.1427094043352224,0.0028982652883245566
0.14292005744420438,0.002901132827005194,0.1427280452476539,0.0028745704447252864
0.14292005744420438,0.002901132827005194,0.1427280452476539,0.0028745704447252864
0.14282431563850917,0.002894359312191242,0.14263282211886813,0.002867257084013998
0.14282431563850917,0.002894359312191242,0.14263282211886813,0.002867257084013998
0.14282431563830408,0.002894359312192071,0.1426328221186197,0.0028672570840175245
0.14282431563830408,0.002894359312192071,0.1426328221186197,0.0028672570840175245
0.14280276140391118,0.002866225470689091,0.14261101677954025,0.002838819079323631
0.14280276140391118,0.002866225470689091,0.14261101677954025,0.002838819079323631
0.14248995243970894,0.002737970136468264,0.1423004651719077,0.0027146557394018343
0.14248995243970894,0.002737970136468264,0.1423004651719077,0.0027146557394018343
0.14251859473562709,0.00271372105180461,0.14232874640913498,0.0026903930048983197
0.14251859473562709,0.00271372105180461,0.14232874640913498,0.0026903930048983197
0.1423602076194119,0.0026700379056282066,0.14217241019129806,0.0026470679765500213
0.1423602076194119,0.0026700379056282066,0.14217241019129806,0.0026470679765500213
0.1421172558578278,0.002473621793788571,0.1419318264047219,0.0024534458090984695
0.1421172558578278,0.002473621793788571,0.1419318264047219,0.0024534458090984695
0.14182999544784486,0.0025614744919274326,0.14164828487962697,0.0025367040446910754
0.14182999544784486,0.0025614744919274326,0.14164828487962697,0.0025367040446910754
0.14154187137957983,0.0023819502490867797,0.1413629799255644,0.002357667529313849
0.14154187137957983,0.0023819502490867797,0.1413629799255644,0.002357667529313849
0.1413668521918663,0.0019699816469919518,0.1411901144544328,0.001950188545719817
0.1413668521918663,0.0019699816469919518,0.1411901144544328,0.001950188545719817
0.14101808647028732,0.001769163376261578,0.14084584062214486,0.001751810051590117
0.14101808647028732,0.001769163376261578,0.14084584062214486,0.001751810051590117
0.14078475548442854,0.0019067705107727515,0.1406132982400356,0.0018916440101352675
0.14078475548442854,0.0019067705107727515,0.1406132982400356,0.0018916440101352675
0.14044730696352353,0.002021727525822615,0.14027856643347153,0.002007676517186128
0.14044730696352353,0.002021727525822615,0.14027856643347153,0.002007676517186128
0.14003519012154567,0.0021171860975969666,0.13987184109403777,0.0021033602590407063
0.14003519012154567,0.0021171860975969666,0.13987184109403777,0.0021033602590407063
0.13972748235536023,0.0023925027988071926,0.13956685056095125,0.0023707663874521054
0.13972748235536023,0.0023925027988071926,0.13956685056095125,0.0023707663874521054
0.13956735298201692,0.0024980600159993857,0.13940468956437427,0.0024765051377062643
0.13956735298201692,0.0024980600159993857,0.13940468956437427,0.0024765051377062643
0.13956637531317848,0.0024995700639206435,0.13940369863592267,0.002478023380442943
0.13956637531317848,0.0024995700639206435,0.13940369863592267,0.002478023380442943
0.13961058405749718,0.0025064048751109362,0.13944734422239768,0.0024847673230691523
0.13961058405749718,0.0025064048751109362,0.13944734422239768,0.0024847673230691523
0.13936037668672602,0.0029666788030746133,0.13920026981740974,0.002936460994800748
0.13936037668672602,0.0029666788030746133,0.13920026981740974,0.002936460994800748
0.13926875785371462,0.002901070960343049,0.13910750227855817,0.002869806673212583
0.13926875785371462,0.002901070960343049,0.13910750227855817,0.002869806673212583
0.1392687529639871,0.00290107380886423,0.13910749731923083,0.002869809606657622
0.1392687529639871,0.00290107380886423,0.13910749731923083,0.002869809606657622
