0.1478859409561311,2.7755575615628914e-17,0.14764862578134033,0.0
0.14483406634710522,0.004891910980951195,0.1446090387690196,0.004857118413743218
0.14483406634710522,0.004891910980951195,0.1446090387690196,0.004857118413743218
0.14483406634710522,0.004891910980951195,0.1446090387690196,0.004857118413743218
0.14483406634710522,0.004891910980951195,0.1446090387690196,0.004857118413743218
0.14483406634710522,0.004891910980951195,0.1446090387690196,0.004857118413743218
0.14483406634710522,0.004891910980951195,0.1446090387690196,0.004857118413743218
0.14483406634710522,0.004891910980951195,0.1446090387690196,0.004857118413743218
0.14483406634710522,0.004891910980951195,0.1446090387690196,0.004857118413743218
0.14483406634710522,0.004891910980951195,0.1446090387690196,0.004857118413743218
0.14483406634710522,0.004891910980951195,0.1446090387690196,0.004857118413743218
0.13756550407551643,0.01046613647107799,0.13739009243550687,0.010388963452765198
0.13756550407551643,0.01046613647107799,0.13739009243550687,0.010388963452765198
0.13756550407551643,0.01046613647107799,0.13739009243550687,0.010388963452765198
0.13756550407551643,0.01046613647107799,0.13739009243550687,0.010388963452765198
0.13756550407551643,0.01046613647107799,0.13739009243550687,0.010388963452765198
0.13756550407551643,0.01046613647107799,0.13739009243550687,0.010388963452765198
0.13756550407551643,0.01046613647107799,0.13739009243550687,0.010388963452765198
0.13756550407551643,0.01046613647107799,0.13739009243550687,0.010388963452765198
0.13756550407551643,0.01046613647107799,0.13739009243550687,0.010388963452765198
0.13756550407551643,0.01046613647107799,0.13739009243550687,0.010388963452765198
0.1344724331375145,0.012343179068210516,0.13432303263991893,0.012241121990325645
0.1344724331375145,0.012343179068210516,0.13432303263991893,0.012241121990325645
0.1344724331375145,0.012343179068210516,0.13432303263991893,0.012241121990325645
0.1344724331375145,0.012343179068210516,0.13432303263991893,0.012241121990325645
0.1344724331375145,0.012343179068210516,0.13432303263991893,0.012241121990325645
0.1344724331375145,0.012343179068210516,0.13432303263991893,0.012241121990325645
0.1344724331375145,0.012343179068210516,0.13432303263991893,0.012241121990325645
0.1344724331375145,0.012343179068210516,0.13432303263991893,0.012241121990325645
0.1344724331375145,0.012343179068210516,0.13432303263991893,0.012241121990325645
0.1344724331375145,0.012343179068210516,0.13432303263991893,0.012241121990325645
0.13310691165269065,0.012319373540797837,0.13296020132320835,0.012214369052798473
0.13310691165269065,0.012319373540797837,0.13296020132320835,0.012214369052798473
0.13310691165269065,0.012319373540797837,0.13296020132320835,0.012214369052798473
0.13310691165269065,0.012319373540797837,0.13296020132320835,0.012214369052798473
0.13310691165269065,0.012319373540797837,0.13296020132320835,0.012214369052798473
0.13310691165269065,0.012319373540797837,0.13296020132320835,0.012214369052798473
0.13310691165269065,0.012319373540797837,0.13296020132320835,0.012214369052798473
0.13310691165269065,0.012319373540797837,0.13296020132320835,0.012214369052798473
0.13310691165269065,0.012319373540797837,0.13296020132320835,0.012214369052798473
0.13310691165269065,0.012319373540797837,0.13296020132320835,0.012214369052798473
0.1311418827299556,0.01279098318918184,0.1310104600076864,0.012682261796838215
0.1311418827299556,0.01279098318918184,0.1310104600076864,0.012682261796838215
0.1311418827299556,0.01279098318918184,0.1310104600076864,0.012682261796838215
0.1311418827299556,0.01279098318918184,0.1310104600076864,0.012682261796838215
0.1311418827299556,0.01279098318918184,0.1310104600076864,0.012682261796838215
0.1311418827299556,0.01279098318918184,0.1310104600076864,0.012682261796838215
0.1311418827299556,0.01279098318918184,0.1310104600076864,0.012682261796838215
0.1311418827299556,0.01279098318918184,0.1310104600076864,0.012682261796838215
0.1311418827299556,0.01279098318918184,0.1310104600076864,0.012682261796838215
0.1311418827299556,0.01279098318918184,0.1310104600076864,0.012682261796838215
0.13074290502879132,0.012743731401925302,0.13061587151779003,0.012636576847947868
0.13074290502879132,0.012743731401925302,0.13061587151779003,0.012636576847947868
0.13074290502879132,0.012743731401925302,0.13061587151779003,0.012636576847947868
0.13074290502879132,0.012743731401925302,0.13061587151779003,0.012636576847947868
0.13074290502879132,0.012743731401925302,0.13061587151779003,0.012636576847947868
0.13074290502879132,0.012743731401925302,0.13061587151779003,0.012636576847947868
0.13074290502879132,0.012743731401925302,0.13061587151779003,0.012636576847947868
0.13074290502879132,0.012743731401925302,0.13061587151779003,0.012636576847947868
0.13074290502879132,0.012743731401925302,0.13061587151779003,0.012636576847947868
0.13074290502879132,0.012743731401925302,0.13061587151779003,0.012636576847947868
0.129576513414275,0.013627600226747803,0.12946230647223808,0.013510859408266351
0.129576513414275,0.013627600226747803,0.12946230647223808,0.013510859408266351
0.129576513414275,0.013627600226747803,0.12946230647223808,0.013510859408266351
0.129576513414275,0.013627600226747803,0.12946230647223808,0.013510859408266351
0.129576513414275,0.013627600226747803,0.12946230647223808,0.013510859408266351
0.129576513414275,0.013627600226747803,0.12946230647223808,0.013510859408266351
0.129576513414275,0.013627600226747803,0.12946230647223808,0.013510859408266351
0.129576513414275,0.013627600226747803,0.12946230647223808,0.013510859408266351
0.129576513414275,0.013627600226747803,0.12946230647223808,0.013510859408266351
0.129576513414275,0.013627600226747803,0.12946230647223808,0.013510859408266351
0.1273300742952877,0.013874210257950974,0.12723223462690098,0.0137567299655253
0.1273300742952877,0.013874210257950974,0.12723223462690098,0.0137567299655253
0.1273300742952877,0.013874210257950974,0.12723223462690098,0.0137567299655253
0.1273300742952877,0.013874210257950974,0.12723223462690098,0.0137567299655253
0.1273300742952877,0.013874210257950974,0.12723223462690098,0.0137567299655253
0.1273300742952877,0.013874210257950974,0.12723223462690098,0.0137567299655253
0.1273300742952877,0.013874210257950974,0.12723223462690098,0.0137567299655253
0.1273300742952877,0.013874210257950974,0.12723223462690098,0.0137567299655253
0.1273300742952877,0.013874210257950974,0.12723223462690098,0.0137567299655253
0.1273300742952877,0.013874210257950974,0.12723223462690098,0.0137567299655253
0.12499664610491319,0.014588085028101994,0.12491838757986018,0.014470155057635815
0.12499664610491319,0.014588085028101994,0.12491838757986018,0.014470155057635815
0.12499664610491319,0.014588085028101994,0.12491838757986018,0.014470155057635815
0.12499664610491319,0.014588085028101994,0.12491838757986018,0.014470155057635815
0.12499664610491319,0.014588085028101994,0.12491838757986018,0.014470155057635815
0.12499664610491319,0.014588085028101994,0.12491838757986018,0.014470155057635815
0.12499664610491319,0.014588085028101994,0.12491838757986018,0.014470155057635815
0.12499664610491319,0.014588085028101994,0.12491838757986018,0.014470155057635815
0.12499664610491319,0.014588085028101994,0.12491838757986018,0.014470155057635815
0.12499664610491319,0.014588085028101994,0.12491838757986018,0.014470155057635815
0.12331962374665983,0.014304871083604434,0.12325470923452767,0.014187297117652506
0.12331962374665983,0.014304871083604434,0.12325470923452767,0.014187297117652506
0.12331962374665983,0.014304871083604434,0.12325470923452767,0.014187297117652506
0.12331962374665983,0.014304871083604434,0.12325470923452767,0.014187297117652506
0.12331962374665983,0.014304871083604434,0.12325470923452767,0.014187297117652506
0.12331962374665983,0.014304871083604434,0.12325470923452767,0.014187297117652506
0.12331962374665983,0.014304871083604434,0.12325470923452767,0.014187297117652506
0.12331962374665983,0.014304871083604434,0.12325470923452767,0.014187297117652506
0.12331962374665983,0.014304871083604434,0.12325470923452767,0.014187297117652506
0.12331962374665983,0.014304871083604434,0.12325470923452767,0.014187297117652506
