0.1478859409561311,2.7755575615628914e-17,0.14764862578134033,0.0
0.1431438251318079,0.007045001793613731,0.142985375387643,0.0069002599315534175
0.1401309698993604,0.010773186039410057,0.13998989177867896,0.010626415292128592
0.14231327818491182,0.007898745045948462,0.14216750846362122,0.007769435795844747
0.14048209738051315,0.008660257948640487,0.14035859012084645,0.008536818461840658
0.1390890780005236,0.00936473499908801,0.13897178207882893,0.009257417510727372
0.1390890780005236,0.00936473499908801,0.13897178207882893,0.009257417510727372
0.13833498652404258,0.0094392534420317,0.1382239145329543,0.009331310959474504
0.137295520712943,0.009861607405865185,0.1371841532498279,0.009760580301334665
0.13701282877354365,0.009873833944435877,0.13689922130735652,0.00977033078358101
0.13664434626948138,0.010086009684567071,0.13654448795326452,0.009972445155290794
0.13547747180830105,0.01068579151851501,0.13538965422816518,0.010570048515179443
0.13489360566995828,0.010736047730715903,0.13480846371882016,0.01061639414746383
0.13432961559610573,0.010338351555812333,0.13425164662377823,0.010224481300761399
0.1336064959085603,0.010231253464644385,0.13353213023096083,0.010117252323041257
0.13393508303805948,0.009552594408808086,0.1338611397146287,0.009439543385946532
0.133363603084838,0.009429272970935007,0.13330758181717192,0.009317083425699731
0.1347308820905428,0.009964857270059356,0.13467183459390583,0.009853012023098871
0.13246834992458786,0.01187746656446574,0.13243289727642757,0.011736419244913547
0.13199490134344422,0.011404948710565107,0.13196474164079497,0.011270114920350814
0.1297131032052198,0.014484732734137667,0.1296808670950082,0.014357015963384425
0.12967842840479,0.014776707359883817,0.12964826676780614,0.014642910470141702
0.1301079092741788,0.013863392501072819,0.13007111881074276,0.013741829694993234
0.13058680424876581,0.013571764274548412,0.13054889365691041,0.013458152520821462
0.13051115987353987,0.013634912441832476,0.13047553237398687,0.013518222421749668
0.1304767966094294,0.013596239943510283,0.13044245869923898,0.013481115731849198
0.1300951564336953,0.013377332508024684,0.13005810908592896,0.01326542040025846
0.12821451967933473,0.013531945316000727,0.1282039747233326,0.013426777774647965
0.12794985774106504,0.013629040935524066,0.12794035838426027,0.013522910311942738
0.12584093600205987,0.015478640210792682,0.1258424886792407,0.015370513239629608
0.12500300236865527,0.01590280396192046,0.125009524267575,0.015799727317704942
0.12478390310750927,0.015533046199586138,0.12479216073345985,0.015435842013062256
0.12493828420005586,0.015833818590407785,0.12494442098618452,0.01573224973008267
0.12496100915581398,0.015581405935701226,0.1249832644562258,0.01549531684939755
0.12459595632103601,0.015479928974932984,0.12462225509492472,0.015393199989892505
0.12505361136238594,0.01574915545340892,0.12507764303093055,0.015659819175705466
0.12486978105836002,0.0159489516140559,0.12489636614416977,0.015854549331451428
0.12366870371027786,0.01556874222476838,0.1237090387882156,0.015470406067048692
0.12380140943789068,0.015352580533654394,0.12384105687434363,0.015254327771981845
0.12232896666772348,0.014589659666495265,0.12236762704618993,0.014497133673331653
0.12161612706706551,0.013920501967796959,0.12165695135425965,0.013830302427180346
0.11961421893539467,0.014059881704187616,0.11966699180414338,0.013974489790608476
0.11907402957478215,0.014027321703618237,0.11913114781557699,0.013942503215927245
0.119509850451969,0.015309617577511599,0.11956887933387943,0.015216913365403473
0.11929123719160213,0.015901538639741312,0.11935638795475731,0.015802489508431296
0.1187271543037467,0.015626285614323176,0.11879456501088721,0.015530272012248936
0.11798671473712911,0.015576840843401678,0.11805720926864768,0.015479096803148528
0.11790122723299594,0.015558677150923492,0.11797513904702521,0.015460534322317941
0.1194146187845652,0.013627057005516039,0.1194709847313113,0.013540381627563708
0.11939889483899038,0.013520596962247737,0.11945587268253419,0.013436010078707643
0.11960345496413956,0.012999297824170235,0.11965517233948739,0.012929219118748444
0.12001992893592343,0.012817786392221576,0.12007016345917065,0.012750577556587426
0.12001992893592343,0.012817786392221576,0.12007016345917065,0.012750577556587426
0.12001992893592343,0.012817786392221576,0.12007016345917065,0.012750577556587426
0.12128200793401811,0.012942675182986415,0.12132761909365926,0.012880696296791056
0.12027230629174968,0.013285140618765994,0.12031815057672038,0.013226623492083206
0.1197124834528089,0.014009850066315197,0.1197653459164852,0.01394642660777321
0.11941474049258576,0.014027814326814195,0.11947246478090998,0.01396043754315711
0.11829196856310512,0.013848261872114107,0.11834961466124413,0.013781470440108787
0.11752362495782236,0.013894633833467807,0.11758478227265623,0.013814784931422828
0.11686846062843077,0.014045571436571548,0.11693907885347998,0.01396254758523523
0.11736578077588067,0.014671027458916658,0.11743328621908447,0.014582496382962863
0.11677297347703604,0.01442477297136935,0.11684859864238772,0.014345804669930417
0.11595338097716361,0.01362520083351166,0.11603774712701298,0.013551229813845789
0.11729017670360717,0.01423754055288828,0.1173681438523684,0.014176859133490101
0.11425790877352542,0.012488659071265161,0.11435459063680393,0.012443373821850389
0.11345723328507584,0.012360291835182537,0.11355508661438182,0.012322372804504019
0.11280780999619293,0.012853788019166035,0.11291217911940148,0.012814932299111337
0.11287507809516688,0.012841816921980484,0.11298120107060958,0.012799601493086841
0.11241400110858998,0.01289591955226164,0.11252905676143823,0.012852730463157302
0.11343726326328882,0.013923876617700323,0.113550817214735,0.013895607546196688
0.11265501418138579,0.013340687491809566,0.11277292711560243,0.013310344691719423
0.11200154092336385,0.012769860647158293,0.11211917311468673,0.012734884957190587
0.11021688832495014,0.013660741375172068,0.11033550972180144,0.013607368037228534
0.10952824795737023,0.014019381158649527,0.10965638666425133,0.013962561090270628
0.10965687003775708,0.01389267436591337,0.10978674927284668,0.013832962663291202
0.11055522067090781,0.014937325085346774,0.11067904072479687,0.014882097242157444
0.11035473903445818,0.015007394894720359,0.11047705824718479,0.014952962088725793
0.11054289498144405,0.015277958293953946,0.11066010210873696,0.015215822170127102
0.11054289498144405,0.015277958293953946,0.11066010210873696,0.015215822170127102
0.11015819832435932,0.014847040415738692,0.11027911245755737,0.014788406590448387
0.10903758075807486,0.015729961985968013,0.10915792714509787,0.01567182760202603
0.10893732555800306,0.01585334425813559,0.10906015774868083,0.015792556827391516
0.10948594192301193,0.015542869049896227,0.10959742924231393,0.015489205114412647
0.10914996969938846,0.015241866942858256,0.10925932127200141,0.01518350859128385
0.10848194753725797,0.014874090291517235,0.10859108941264473,0.014810668378141536
0.1084718254403125,0.014861127961304609,0.10857984682294537,0.014796421159898926
0.10848989836944031,0.014875564639622823,0.10860507771553247,0.01480887488435705
0.10830451729468822,0.015013205649644347,0.10842506710314315,0.014939868736379092
0.1089231544450312,0.015371837555827014,0.10903580029418522,0.015295020842927087
0.10849276042965403,0.014930291407894699,0.10860882280762633,0.01486088009528238
0.10840397824216688,0.015043740956316698,0.108524474172629,0.014970353978554595
0.10807665746633252,0.014641095989642475,0.10819948654694747,0.014571051788997908
0.1064366134888662,0.013854058293567397,0.10656545286766642,0.013786820161762015
0.10652753686094392,0.013993825243676239,0.10665505639727382,0.013925620730995545
0.10676943137171524,0.0139898843702169,0.10689720629359538,0.013920827435381176
0.1065755505792267,0.01372910616653265,0.10670220357200928,0.01365951571042432
0.10635200773232019,0.01377989660110946,0.10647717338541465,0.013708917604137642
0.10622603208481458,0.013604694951695868,0.1063496055404036,0.013532188003217486
0.10652415430286813,0.014067403900025581,0.1066365612000085,0.013983136228683682
0.105623917839278,0.013219213398954363,0.105746616245429,0.013152936942996964
0.10586726548634964,0.013581678030065615,0.10598275308663543,0.0135119596237663
0.10618224548055007,0.013391096485866819,0.10629764440594962,0.013324797512538933
0.10650708448653104,0.013486710663049692,0.1066121853355948,0.013419245245949176
0.10785552642201661,0.013679673963418999,0.10794175604474474,0.013610424032398802
0.1078489034707836,0.013688451215581982,0.10793500472322352,0.013619375380642484
0.10852637012971247,0.014370590883970118,0.10860661696321863,0.014287578956500109
0.10824809811026859,0.013416467658802483,0.10832414595896427,0.01332734199908018
0.10754090986105029,0.013781350554939722,0.10761451728414129,0.01368828401121632
0.11020338348812879,0.014353725269969147,0.1102658827412754,0.014279164957795479
0.11109717318274899,0.01565292040860372,0.11115997433430036,0.015569051941526245
0.1105491482671596,0.015272194936935475,0.11062436894334575,0.015199038657893476
0.11127261531443892,0.015108115885074365,0.1113357966370079,0.015039191901620542
0.11085720061117946,0.014902206493632093,0.11092282842287374,0.014834231803954621
0.11086237559953808,0.014894650967448884,0.11092802464348121,0.014826646129255805
0.1117489576403726,0.015570282699474703,0.11180684101584233,0.015498014076926022
0.11201775591135932,0.015454202914830113,0.11207143868929074,0.015384954682389438
0.11174301821286645,0.015215376298508066,0.11179668115425576,0.015145942342015285
0.11182789882724584,0.014838440798986625,0.11188413332080309,0.014785268456576666
0.11161323465638631,0.01485019134410918,0.11167376659110206,0.01479488997835421
0.11097026873125346,0.014670587257533623,0.11103194205905668,0.014618806360921192
0.11054415113968936,0.015040355594213765,0.11060854968845772,0.014987357454708517
0.10922786545448451,0.014223752439570336,0.10931129902129617,0.014180649730096268
0.10834889749364854,0.014154649886050238,0.10843790487252192,0.014107484510908166
0.10802516452640916,0.014057705488814583,0.108118005672811,0.01402844765862323
0.1079162853034213,0.014391087873604817,0.1080122652471834,0.01435499680070037
0.10774516124132227,0.014366852390779604,0.10784362761720816,0.014328777357342714
0.10801875741973213,0.014701700411094896,0.10811341177826543,0.014658704227420995
0.10732575850198245,0.01446862645535642,0.10742703677082413,0.014428256836321367
0.10697193695570797,0.014675680482800704,0.10707847507310138,0.01463346677904707
0.10734922234127589,0.01516655632989259,0.10745535444638106,0.015123271149574059
0.10730108171919113,0.015108912348707489,0.10740416944906257,0.015067724071184403
0.10798727371077103,0.01509878040872588,0.1080874842425776,0.015054069282186971
0.10796755705884191,0.015131214432812455,0.10806670479388267,0.015083650134911112
0.10755555494923223,0.015086144590152804,0.1076557838131413,0.015041387005638469
0.10776213589554744,0.015094159679010278,0.1078583206074025,0.01504968376269377
0.10776213589554744,0.015094159679010278,0.1078583206074025,0.01504968376269377
0.10778604954131779,0.014931971402316793,0.10788589791205708,0.014888396636635924
0.10800210757079529,0.01486241586233183,0.1080993610982823,0.01482229138759415
0.10775937664156401,0.015034973960756285,0.10785050609125824,0.014994086160167258
0.10778488960978752,0.015334681203888144,0.10787571793312303,0.015288934632508397
0.10705964244419279,0.014224991989563245,0.10715406099217976,0.014188158879837506
0.10647398499562488,0.013741271916511926,0.10656548358328521,0.013709887895497598
0.10629968151785582,0.013877853694312894,0.10639252244768335,0.013844158437099905
0.10615889922672872,0.013872211141598713,0.10625497690451564,0.013841365299170384
0.10560294925782845,0.01391479955994552,0.10569932879941606,0.01388028699991092
0.10444626114392105,0.011922113726711562,0.10455543229505379,0.011892314948857466
0.10417476409226026,0.012311348938055631,0.10429064933944239,0.012274684451112666
0.10307382094305743,0.011361680643992383,0.10320819643781398,0.011324162682877297
0.10135821981731245,0.00965362919384678,0.10150301572844234,0.009618731243611876
0.10161583269685208,0.009872751886577361,0.10176069547475608,0.009829513151141507
0.10162943183836107,0.009881346532390863,0.10177402054981347,0.00983776341875661
0.10097344780339837,0.009762818271532572,0.1011254076054003,0.009728708249078831
0.10145762247701469,0.009852640687706376,0.10159685952181477,0.009818668590141792
0.10164285522602279,0.010190777347827262,0.10177149560177992,0.010148583672545716
0.10098887849880137,0.009794523578138321,0.10112800820841691,0.009751451119770523
0.10050323616470598,0.009095241646407716,0.10065114541086417,0.009067482431834435
0.1006072251264124,0.009307896259530962,0.10074884123837222,0.009268312195624493
0.09996218772587481,0.00912841199306419,0.10010486704586416,0.009090890794994071
0.09973066361040757,0.008864836599358494,0.09987941343807405,0.008833976443140374
0.09949341914326179,0.008633827128082616,0.09964681485173088,0.00861210232140979
0.09966990442300115,0.0086268542280747,0.09982194916329688,0.008606576668725307
0.09878916711916187,0.008464355924929307,0.09894905812941152,0.008447596975624267
0.09857874065140465,0.00837098928815463,0.09874606649851951,0.00835789558448647
0.09950446603012128,0.00929498432484437,0.09966968225395743,0.00929298232105704
0.09925757556046258,0.009032232570853529,0.09942721996015448,0.009036878193267052
0.09816740434313866,0.008036806817373782,0.09834609925384463,0.008020798393449494
0.0977528474283103,0.008087006605505818,0.09793680893984577,0.008069965428163902
0.09775629890057573,0.00798785033124233,0.09793348983010036,0.007967079244766967
0.09748055019949806,0.009016802620391425,0.09765483651108428,0.008994064792666666
0.0972189974710687,0.009025290150131203,0.09739506050179966,0.009003511699845137
0.09719550410126236,0.008965103715097194,0.09737234063366947,0.008945500360449159
0.09745223114872029,0.009001223954777489,0.09762866456484307,0.00897955651077878
0.09709038933266234,0.008822595004338041,0.09726502330162115,0.008794622532936676
0.09749407612847293,0.0087263930734754,0.0976656822645793,0.008700393325531568
0.09737752371324306,0.008758040752198827,0.09755232779229991,0.008731827326585184
0.09736817181948063,0.008757259140834231,0.09754372749308186,0.00873126781685705
0.09695186754988963,0.008888102547940547,0.09712895566154327,0.008857416283341947
0.09698563471419817,0.008893316643928397,0.09716337619885229,0.00886295298731073
0.09706852598338302,0.008805522726574718,0.09724432714503588,0.008777130857508876
0.09693973262615992,0.008470249846647841,0.09711585670681462,0.00844346939878552
0.09700227752082409,0.008843680295553304,0.09717162199152542,0.008803222296418268
0.09694278232273768,0.008843043307685797,0.09711291832888133,0.008803206192448988
0.09775932534267068,0.00954080419822902,0.09792616282287206,0.009501680825244706
0.09803502872271906,0.009466873332484152,0.09819808791482254,0.00942886817502563
0.09795127037347298,0.0094073036433306,0.09811483346966732,0.009370201974137191
0.09813067446964233,0.009292766272912367,0.09829058381631647,0.009256189582796339
0.0979900505662165,0.009347421190297727,0.09815272494718422,0.0093076739923042
0.09910623397388464,0.009421935857117874,0.09925372735101937,0.009360214429314808
0.09902524259137409,0.008734068721358462,0.09917338091810121,0.008675492889218227
0.09848692406233409,0.00877921007876256,0.09863759071722232,0.008716622277320544
0.0982140136837713,0.00893831404955439,0.09836902376291802,0.008871676838679596
0.09777141900546235,0.00951182589753522,0.09791621495442968,0.009443288344689453
0.09774682443088296,0.009523681204823482,0.09789855866794232,0.009450814080263662
0.09767367081407595,0.009200868286792199,0.09782688595418451,0.009133617696021133
0.0975342473092056,0.009225777564657634,0.09768821985795455,0.009156559492151058
0.09747092360325646,0.009190861487742868,0.0976247321404982,0.009121064754138994
0.09731609141592903,0.009187203916909246,0.09746962157510615,0.009116939524779294
0.09802075063189494,0.009634744697337421,0.09817488220533906,0.009567455695081361
0.09811325983487626,0.009986120056053264,0.09826906894210712,0.009917267568748842
0.09868113684476428,0.010067267004198714,0.0988307210047625,0.009996317838733313
0.09848663194305823,0.010162227961567434,0.0986370472339139,0.010093929658597503
0.09850892052689911,0.01014056467277941,0.0986590031902637,0.010072115874047483
0.09841509640208476,0.009844866508858192,0.0985631153035754,0.00977334877640376
0.09844627148621654,0.009689967819736843,0.09859230277560485,0.009626155945689038
0.09772630890400291,0.008728039046543824,0.0978701958660585,0.008661575126875827
0.09741989765624137,0.008614413778109307,0.09756294406725519,0.008544924093534615
0.09742463083737436,0.00861112269010156,0.09756669900387069,0.00854234607454732
0.09644474728760999,0.008673933801304568,0.09659913102785522,0.008600480187301987
0.09643237097010879,0.00829571338582834,0.09658351519176754,0.008220870605648594
0.09654450822629435,0.008239423497769724,0.09669692265843688,0.008165355341656985
0.09623233314457491,0.00807562816184106,0.09638909896428545,0.008001678011400882
0.09626208033410437,0.00826152593018058,0.09641952670931123,0.008185058868022253
0.09634531816185847,0.008230903884868038,0.0965022126289534,0.008155194154297819
0.0963565176901485,0.008248271434748057,0.09651398764881512,0.008171530930810193
0.09631252194017575,0.008204639725808314,0.09646972425263704,0.008127603114137105
0.09646010773053709,0.008169267863469987,0.09661416505870116,0.008093831731901922
0.09638397533307191,0.00809898193130309,0.09653958625534183,0.008026125919789549
0.09595761194182843,0.007826856344136249,0.09611849615057956,0.007758026847043547
0.09593733149319338,0.007818244306607543,0.0961031696226338,0.007751446193003784
0.09578586413206668,0.007777820838796249,0.09595750508148657,0.007711887751940384
0.09584525002617664,0.007918010082998746,0.0960158871262215,0.007850680856594147
0.0951915892550756,0.008062789995717579,0.09536533817841163,0.007994872355345945
0.09504196870838724,0.00814184254063911,0.09521833074932848,0.008074426775183635
0.09496204704769802,0.0080495102555056,0.09514156895490321,0.007986810178671122
0.09490585279506572,0.00787812821218332,0.09508344809873097,0.007816031975922361
0.09464258159820899,0.007890827082282791,0.0948219637634388,0.007827619696771121
0.09464249700285016,0.007893009759986745,0.09482186348453399,0.007829810364680207
0.09448985147830104,0.007920379596033835,0.09467090324991659,0.00785641521966833
0.09415444683950745,0.007685056663301006,0.09434330854889868,0.007625216861899571
0.09408607161823178,0.007618506433273851,0.09427602053593426,0.00756059041831895
0.09409354687094239,0.007612934506396367,0.09428321078807854,0.007555184206036928
0.09407081992309932,0.007768203737394575,0.09426128065054004,0.007711894865938653
0.09424661639441304,0.007747854298180882,0.09443292434970516,0.007691637725137144
0.09443418687517467,0.007917193417355185,0.0946184489842888,0.00785527713080169
0.0944224821847221,0.007929157233600817,0.09460660073005503,0.007867398481884667
0.09433308468798289,0.00810719399531921,0.09451561062028635,0.008050149667579234
0.09433456534689359,0.008105664671976997,0.09451663926924274,0.008049083679563732
0.09378527520321457,0.0074219767834198345,0.09396506683909901,0.007357801352211726
0.09283026113475208,0.006030887245673276,0.0930166956703419,0.005977362691532941
0.09240124340714026,0.0053424758846546344,0.09259631545678147,0.005293983844152362
0.09256843331603919,0.005219285826261989,0.09276309170718608,0.005171555293641135
0.09219249877845573,0.005246672286189818,0.09239271047271151,0.0051968536013025455
0.09239440308109668,0.005198365167228325,0.0925981062077384,0.005155290783332358
0.09194002810884047,0.004960427121612186,0.09214950191729009,0.00492371008133099
0.09172120448821755,0.00460785462742688,0.0919329881735916,0.004580695742456452
0.09187628375269037,0.0048531272376261345,0.09208688553333179,0.004820187069162508
0.09236669971588177,0.005032612175047198,0.09257270843478203,0.0050028159648014756
0.09235447924126775,0.00502299725428674,0.0925596166919502,0.004992423209106609
0.09298116181261434,0.005549465903864093,0.09319046604361608,0.005528453876438281
0.0923535703484436,0.0050190179122520835,0.09256752266426248,0.004989760558576126
0.09247172114231549,0.005066591025676074,0.09268514212723013,0.005038403189980092
0.09255332950296588,0.005284370464472179,0.09276851726237709,0.005252337534751076
0.09256491340129865,0.005281813202544562,0.09278071416952173,0.005249337771630281
0.09281877020419274,0.005460334999434311,0.09303507005578301,0.005425238386366522
0.09310281851955685,0.005700323836580534,0.09331292269823134,0.005660012098362611
0.09307026966597857,0.005730338844423911,0.09328085727892378,0.0056898956706299235
0.09377257273332014,0.006696652685837417,0.09398154126018801,0.0066520296609372
0.09361315396768506,0.0065779099876693056,0.09382610860429416,0.006537556460997211
0.09348499887952398,0.006656294109884602,0.09369706465032637,0.006609453322810634
0.0934864763354723,0.006654621350866891,0.09369845815245793,0.006607864075909204
0.09300951722628714,0.006265959624662433,0.09322403148006639,0.0062224990533251015
0.09258999318561262,0.0057262256586345876,0.09281241336775974,0.005701787142132725
0.09244767248423481,0.0055297123167432115,0.09267127791355727,0.005504851977276638
0.09244767248423481,0.0055297123167432115,0.09267127791355727,0.005504851977276638
0.09248305567430068,0.0055292582882542395,0.0927065291654529,0.005505034298012384
0.09240711795491229,0.005518022500503043,0.09263117999948983,0.005493904217934284
0.092451838744196,0.005594913727247599,0.09267610983737551,0.005571481208926039
0.09247301198074184,0.005587963656233164,0.0926973788343792,0.0055647075847363925
0.09223451916136542,0.0053713743848969936,0.09246162793840032,0.005352722845820202
0.09228558968064893,0.005359861534679609,0.09251312168574591,0.005341593738158441
0.09237946106561226,0.005324235224417843,0.09260866172774969,0.005320394468056128
0.09236214269022906,0.005358161389543418,0.092589934983446,0.0053512634131308145
0.09262687830711043,0.0055971853459646885,0.09285172903858845,0.005582465126787921
0.09333539948466214,0.006007355804259715,0.09355952501560842,0.0059905278563768425
0.09354520097825705,0.00663113618778454,0.0937641193737638,0.006603474868110681
0.0933824886601826,0.006382799925521124,0.09360638171977632,0.006359049272480881
0.09328107024085276,0.006387484933136584,0.09350445136926484,0.006362926383549618
0.09355853974738822,0.006355043247867885,0.09379098334792339,0.006351742634473011
0.09353874913248951,0.006373896981534442,0.09377192084983223,0.006369807970493417
0.09319646182055105,0.006271258861926773,0.09343113553101469,0.006265266690904141
0.09347089390541627,0.006451897146280266,0.09370577000918633,0.006443207676168933
0.09378481467871641,0.006735777435972929,0.09402508360783503,0.006728084060321661
0.09361028799695624,0.006549722536017664,0.09384658799984306,0.006534013957227577
0.09364635642673709,0.0065487095004432136,0.09388357111590954,0.0065337233216670775
0.09347158504566248,0.006468453178697513,0.09370857462367828,0.006454301143823921
0.09337488555147427,0.006149753248061889,0.09361098817384168,0.00612726828623644
0.09355602160960334,0.00570893329061815,0.09380284921657393,0.00570324165141416
0.09338313507951516,0.0054618301131433835,0.09363010118162533,0.005461918156869048
0.09383745373529268,0.006172616625102992,0.09407742617913763,0.006163464414167976
0.09425554435488374,0.006433822233990033,0.09449288145879978,0.006423624657019671
0.09410997907158322,0.006427324997324169,0.09434691220491191,0.006419043945209119
0.09387079670925107,0.006572364447882091,0.09410828680356395,0.006563500707989581
0.09429056059775497,0.007149354849781044,0.09452524392065395,0.007127948037361682
0.09478392161046083,0.007270998057818368,0.0950142067106259,0.007240956980016131
0.09380740826486314,0.00649358376613797,0.09404531062023672,0.00648494102639553
0.09332990970853748,0.0061632550384241955,0.09356686524774885,0.0061451138951372
0.09315552927888929,0.00610568223138667,0.09339378190618126,0.006090490859399033
0.09293857418769062,0.006134890449359175,0.09318419991194984,0.006127083976577232
0.09310690112056974,0.006457630801826161,0.09335018326144409,0.006444874585792413
0.09290439725170999,0.006119669250777261,0.09314575949700835,0.006100613152662812
0.09237827866221197,0.005276485165904366,0.09260974995109117,0.005250586094133718
0.09324838665698942,0.006598404683711607,0.09347524360165331,0.006547712971171229
0.09298015965050298,0.006282373492029391,0.09320820903913125,0.006236733573143417
0.0929036352898395,0.006208404561160178,0.09313440909120654,0.006166398428910744
0.09267732410280248,0.006172234129694588,0.09291001079519108,0.006130823581866107
0.09223238489662636,0.005437189373062614,0.09247895897812371,0.005433465624145298
0.09227827500489962,0.005409014096767869,0.0925248923120487,0.0054055576035214
0.09206046942233365,0.005227051500281911,0.09232088520073693,0.005240477378109663
0.0915342343928072,0.004540430593591973,0.09179095852734606,0.004530440687832648
0.09176074770110118,0.004683794494682117,0.0920185848019282,0.004678143558117274
0.09182155900235764,0.004696945128270558,0.09208121795231584,0.004691145718543203
0.09155501104677585,0.0040783408642250185,0.09182654744075877,0.004113361430560765
0.09223601667865193,0.004984389970256935,0.09249843253885577,0.004983721344767311
0.09222933939014936,0.004992336482225323,0.09249252200820637,0.00499083353112232
0.09181258450833765,0.004731821604727353,0.0920737345701242,0.0047171763861414365
0.09173044612274873,0.004421148598823088,0.09199446899144374,0.004417406808005307
0.09173242444962526,0.004277244888307058,0.09200073671065027,0.004281280765716018
0.09152763208515009,0.004266351978136249,0.09179650006750473,0.0042653849801750025
0.0917172741724441,0.004438818319083776,0.091984638473167,0.004436198347822122
0.09186017364758253,0.004486527089459434,0.09212791277339613,0.004482689022743478
0.09182441627422663,0.004506753477674285,0.09209227933874084,0.00450296155733828
0.09181518743422773,0.004513849576510644,0.09208354645391373,0.004509845462010301
0.09230768169590667,0.0050269271499473545,0.09258276225013375,0.005045005103130078
0.09269029714363597,0.005684009474821307,0.09296101057926018,0.005703659424699297
0.0927172917441966,0.0057831587230556605,0.09298732971441329,0.005805971971681543
0.09263389669169123,0.0058550946564389335,0.09290344056993588,0.0058784010708593515
0.09277900145456917,0.006322927560029623,0.09304623906310683,0.006328100121884942
0.09306062937119111,0.0068019581817237796,0.09332745421104043,0.006793840498161959
0.09313482328036456,0.006808950251472822,0.09340282722661752,0.006801783334103863
0.09338774405294042,0.0073814752265227105,0.09365774987962713,0.007383701336817668
0.09321615596514157,0.007446396923041583,0.09348731437500366,0.007449336822598171
0.0932783383803697,0.007319750870031255,0.09354701677558144,0.007320950239304506
0.09476576037382868,0.010680987000787416,0.09503159665404529,0.010700639789995197
0.09493245271795614,0.01180804651371642,0.0951958745191336,0.011826070941308628
0.09458349476293779,0.0118927161853466,0.09484390928820731,0.01191035425514554
0.09450189877599365,0.0119236361672126,0.09476015140591353,0.011941397886643963
0.09450137174686975,0.011924013388355489,0.09475978499718683,0.011941660900732226
0.0943547301725863,0.012018774729183593,0.09461800605197176,0.012034062163606179
0.09410979804756463,0.012072192029329938,0.09437235864625927,0.012086922239834921
0.09677000507696484,0.01942014858926021,0.09701303865980165,0.01938860292683257
0.09681448901114822,0.019428744595209303,0.09705703778729685,0.019397464232014685
0.0964744936250779,0.018549787807820954,0.09671917725436782,0.018524933584855817
0.09616869623815971,0.018454667200586954,0.09641459170157848,0.01843260286670341
0.09624433438708048,0.01842654937669908,0.0964924185679137,0.01840404253637612
0.09594207864794989,0.01838084026731062,0.09619814748445808,0.018362747392603723
0.09602559946364762,0.018348468122586788,0.09628157857532707,0.01833039611890112
0.09558989301846871,0.018353054326867915,0.0958467488847213,0.018337640584865048
0.09326859470804041,0.012065512112178257,0.09354366217109243,0.01210013553558018
0.09261208876249954,0.010094278536789274,0.09287446102117242,0.010092760043808243
0.0924370848197458,0.010054979505898998,0.0927011518420825,0.010054384122560841
0.09250852753475927,0.010042836775073742,0.09277256871189174,0.010042231099456558
0.09259174689346152,0.010065739833960658,0.092860176191398,0.010064427923399216
0.09306667870510679,0.011320796441586352,0.09333491666986721,0.011320005638747913
0.09312051843549358,0.011308259585573625,0.09339101989402201,0.011307169346612817
0.09309724448290184,0.01131607349939624,0.09336708326354969,0.011315195524589036
0.09284785832727897,0.01131054793467766,0.09312043533353857,0.011310463264639461
0.09278840853959196,0.011318750028966207,0.09305950439508845,0.011318810812195443
0.09290016527014884,0.01128098774159071,0.09317084524854127,0.011281393008123756
0.09275293557303885,0.011314936334166777,0.09302427491485944,0.011315146335877055
0.09266691946811526,0.01109383832448795,0.09294182254696497,0.011103822144494842
0.09269869232221092,0.011099743477181172,0.09297787979232638,0.011110403992862007
0.09260854692637432,0.011114405628008396,0.09288674551816108,0.0111255539582135
0.09237477937814494,0.011129992277907862,0.09264862128386679,0.01114099378415547
0.09139603864603427,0.008824326382833907,0.09167388157547958,0.008841096591472437
0.09101843827784642,0.007651370805221354,0.09130340633773151,0.007682515502298839
0.09031188091541867,0.005781646659348025,0.09060167918583659,0.005826156793121539
0.09022967409403297,0.005799052502136681,0.09052004478581444,0.005843702970991919
0.09022967409403297,0.005799052502136681,0.09052004478581444,0.005843702970991919
0.09096429453474665,0.00791098257003359,0.09124365220778126,0.007922123595102377
0.091119809298669,0.007913955342830487,0.0913986965968258,0.00792513375827707
0.09102954322278305,0.007916720272542787,0.09130745190459033,0.007927926588454676
0.09104225164783418,0.00791480747703527,0.09132093862942074,0.007925681369402858
0.09061470602671749,0.006774946340028626,0.09090092264190743,0.006803565393865896
0.09061470602671749,0.006774946340028626,0.09090092264190743,0.006803565393865896
0.09059245844744594,0.006779257654555806,0.09087577711177945,0.00680795301915466
0.090528974278981,0.006785931786909992,0.09081211779612286,0.006814557598859379
0.09052818982838408,0.0070086349214114885,0.09080437864092958,0.007036661928464772
0.09055889525502163,0.006994544517502406,0.09083204096614897,0.007023225343744881
0.09053592001274366,0.0070003274062380005,0.090809704055932,0.0070292796256177705
0.09061271914150548,0.006988479347169758,0.09088723099115412,0.007017337951954691
0.09056837929040708,0.007002690266097951,0.09084140056904311,0.00703195104022197
0.09079540483328456,0.007066701591478278,0.09106618428272611,0.007096919355323701
0.09079743734111165,0.0070655589618116655,0.0910681593909278,0.007095806372093349
0.09069873976014878,0.007028982464505456,0.09097262423066552,0.007058733802528608
0.0908016638681262,0.007053945157132849,0.09108024072414905,0.00708604873887806
0.09079192788477675,0.00704792728232267,0.09107178156443613,0.007080771910851179
0.09082236092930994,0.007039349948083239,0.09110232519828576,0.0070721830876165305
0.09083381475934098,0.007034197817365949,0.09111376088414774,0.007066867530286102
0.09087328308858401,0.007016807277027208,0.09115151449873513,0.007050129838562967
0.09081578044843153,0.007030186933413068,0.0910935029036227,0.007063861256060961
0.09076709496601144,0.007050202468532361,0.09104599584044244,0.007083588040680211
0.09093256422085544,0.007366428518951122,0.09121081860688532,0.007399129625644092
0.09091054835973075,0.0072535002795901,0.09118738841972669,0.007284745590063244
0.09115102006840457,0.007191289048336391,0.09142716578277282,0.007222676016742255
0.0911820368508888,0.007141106391734572,0.09145803429274411,0.0071718953349543925
0.09111417513325806,0.006968464874744846,0.09139175033987126,0.0070037747056154
0.09120420120067056,0.006935698036910163,0.09148109230799253,0.006970444697128248
0.09151211821732352,0.0071369784020058205,0.0917920815367145,0.007174614701250707
0.09151756000383159,0.007133988332993923,0.0917982192079435,0.007171647537432224
0.09160949305102681,0.007899974065149244,0.09189345469006702,0.007946159147297493
0.09163321790327965,0.007891809092089983,0.0919157565442737,0.007938312209277239
0.09127912728824052,0.006743815174761619,0.09156218669925807,0.006795540596545093
0.09164008177740893,0.007683815213309922,0.09191985685723461,0.00772782117830825
0.09164008177740893,0.007683815213309922,0.09191985685723461,0.00772782117830825
0.0916399448434372,0.007683925401516098,0.09191977732455242,0.00772788505333582
0.09198832593451076,0.00829025408112346,0.09226604794502721,0.008328344123554472
0.09250814400034231,0.0084038382024979,0.09278470728652495,0.00844366140491986
0.09251771994632843,0.008397457926252225,0.0927940765024008,0.008437502031117795
0.09140656974825491,0.006135478722067595,0.09167454969690098,0.006154560104552254
0.0915590801737323,0.0061839536971388005,0.09183968737531911,0.006231442897719898
0.09178708524357833,0.006190547890704507,0.09207144642265773,0.006239084581841502
0.09169654137079816,0.006164074687458265,0.09198075228233402,0.0062124933207601185
0.09253683445407773,0.006766103795699315,0.09281604008088093,0.006807743076184408
0.0928100458161338,0.00723183403010261,0.09309242514997623,0.007278115256457238
0.093136263923126,0.007392451688569861,0.09341790402441738,0.007436105316007194
0.09311017332933405,0.007414240022404239,0.09339227761637706,0.007457627304047495
0.09310689131771772,0.007417290474277146,0.09338924647168811,0.007460579363180707
0.09306913552627218,0.0074403921109422125,0.09335031951196814,0.007483938476256424
0.09234087170236929,0.006270967602847598,0.09262256566590707,0.006312104370677335
0.09174231708371325,0.005585357101767112,0.09202871321349601,0.005635431017438735
0.09179905463928112,0.005601304207650025,0.09208536929645758,0.0056517116906089244
0.09190194032030162,0.005806959223063214,0.0921841479576456,0.005848870537840365
0.09156759466569427,0.005535880961343244,0.09184491109580994,0.005569226440933876
0.09138479011135084,0.0059944709939081815,0.09166680664807579,0.006032144159760324
0.0913342648095318,0.005989635375781481,0.09161656841313728,0.006027675127069769
0.0910349637916915,0.006001318327904537,0.09131545818079576,0.00603986413305253
0.09091456484381792,0.0061337638996124474,0.0911934355625931,0.006172412850564604
0.09091048862992675,0.0061894219673961914,0.09119207733589688,0.006228443001301403
0.09084130072085338,0.006164467172431515,0.09112063105648019,0.006202512532836954
0.09128292892437889,0.007299890681163312,0.09156523516679196,0.007345284160420133
0.09143835842960629,0.007676020525450001,0.0917207766202868,0.0077214168143200845
0.09129668492425803,0.007663532408203263,0.09157974697737023,0.007709214367725625
0.09144244027933354,0.007671580868008386,0.09172487833641146,0.007717468180115224
0.09136391031225068,0.007651963627721251,0.0916460305680523,0.0076970231187193545
0.09185209289098276,0.007906672010940037,0.0921423973245025,0.007960920500352102
0.09150488051489185,0.0077923921543397775,0.09179685862495394,0.007840690452702517
0.09144382251807219,0.007352327291173167,0.09173914958584597,0.007409647972872702
0.09131850891011199,0.007096296574075794,0.09161222983262035,0.007148071015484328
0.09124845385284872,0.007082441396027271,0.0915418281369055,0.007134405049169507
0.0912631072207499,0.007071574326520444,0.09155575505300423,0.007123796188933469
0.0911009331264255,0.007271865325945934,0.09139206436354973,0.007319841094609542
0.09115898464852787,0.007308220040378822,0.0914507567532378,0.007357265303801232
0.09113809150116345,0.007275705315072822,0.09142492487655551,0.007326020646528101
0.0912263301149719,0.0072778808417778215,0.09151284685084639,0.0073280463530201925
0.09161091495710899,0.007226128038540993,0.09191577533485071,0.007276285752601773
0.0916399596219615,0.007224715314610707,0.09194678890677961,0.007275603458262643
0.0916536329588545,0.007216125910216096,0.0919601418062537,0.00726716683252884
0.09163843958441342,0.007225683933674812,0.09194473016054798,0.0072769229653463574
0.09154527911775737,0.006759281580076149,0.09185350141602686,0.0068188050674430865
0.09163686321767195,0.006831707257162427,0.09194557867622905,0.006892034357599671
0.0912746518734041,0.006333154294514913,0.09157961951077001,0.0063895743035674015
0.09144811398259865,0.0064455368464104105,0.09175394811051427,0.006499823912504786
0.09114972592931031,0.006373942651894921,0.09145256217244004,0.006422749490311397
0.091555809529782,0.006830322246860398,0.09185718531737054,0.006870832518768467
0.09153737022675232,0.006844722992148415,0.0918393348208418,0.006884857348728676
0.09160397686822293,0.006840180052039958,0.09190778119274508,0.006882361960149745
0.09131013968909282,0.006697200699650372,0.09161095769728825,0.006736970501140157
0.09080306463690789,0.006140990641333692,0.0911006071493666,0.006186906333948756
0.090235153049992,0.004806080045030089,0.09052552307929565,0.004836441046267458
0.09035155697331772,0.004830885446429877,0.09064002883814137,0.00486322431837997
0.09054932288712052,0.005061859911001547,0.09083922029309555,0.005093945702090992
0.0905564318904106,0.005077664326316005,0.09084697079454487,0.005109417420932792
0.0905391240057019,0.0050861614744975555,0.09083076762939078,0.005117661537160283
0.0905391240057019,0.0050861614744975555,0.09083076762939078,0.005117661537160283
0.0907233179420389,0.005511542176381941,0.09101609298477371,0.005537841329762278
0.09078510259225898,0.005500839193628656,0.09107824994148797,0.0055286010778405024
0.09106374169178669,0.006062863352896893,0.09135372817296691,0.006084659896581416
0.09138241582080706,0.006660730244079983,0.09168522519867339,0.006700565214386031
0.09096253210103082,0.005939867838450338,0.09126418970565511,0.005978784617136996
0.09113099037083516,0.005917656039035069,0.0914334415131682,0.005958678830819741
0.09098157650929337,0.006012488918374418,0.09128091923228904,0.006053273150708016
0.09101097442754766,0.006032798297024941,0.0913115178563649,0.006073249773035478
0.09101062807314261,0.006032669759069013,0.09131165797387616,0.00607330188090829
0.091177909090251,0.0063696486061614885,0.0914790171158683,0.006409226214154895
0.09108249160263818,0.006382727707628224,0.09138363940923523,0.006419616407435696
0.0909688563028266,0.006353211148724404,0.09126986844398607,0.006389857964520898
0.09106261688366422,0.006302502994042689,0.09136079694386876,0.0063391134813553214
0.09114211576968503,0.006302514968827202,0.0914417735362294,0.0063429055442987825
0.09113118955395615,0.006436285413820603,0.09143514676389573,0.0064813501406014405
0.09097592533268775,0.006214037327748528,0.09128166194865678,0.006263283457924066
0.09086046768825204,0.0058108415132260855,0.09116531989550276,0.0058616606172642825
0.09056788038667458,0.005313414548381217,0.09087335642670606,0.005368751060710833
0.09067606743852458,0.005325267036473417,0.09098296409238871,0.005381263316571175
0.09081513302253279,0.005498909694864219,0.09112071707762945,0.0055520497495844074
0.09078774747859322,0.005520921812466821,0.09109409093496267,0.005573569547688986
0.09087731943379843,0.0055284185098803,0.09118424268332234,0.005581027095261516
0.09172916838872708,0.006231388162948218,0.09203605436366766,0.006280278172180067
0.09188335297421099,0.006359564354939985,0.09219216653342927,0.006409790518589163
0.09189787094297733,0.006347057215411242,0.09220583300866017,0.006397922346085608
0.09189787094297733,0.006347057215411242,0.09220583300866017,0.006397922346085608
0.09209367392689187,0.0066001283072392985,0.09240485781430749,0.0066567151164912035
0.09223314372929077,0.0067411340323416625,0.0925461431812094,0.006800516246032136
0.09204954717124857,0.006682661839171662,0.09235952255768934,0.006737802103208746
0.09192426989804328,0.006666763996840939,0.09223144011925191,0.006717016921367181
0.09148773217828998,0.005999773549064791,0.09179350792158619,0.0060516025902811335
0.09106358450483439,0.005370396770806219,0.09136603339577998,0.005421906552667112
0.09105946630403369,0.005373164797207055,0.09136295106545615,0.0054239595079135245
0.0903659520565411,0.004585029453928102,0.09066826099416932,0.004634650806885008
0.09011688248628236,0.004184050545842698,0.09041865031362988,0.004239463010709016
0.09011688248628236,0.004184050545842698,0.09041865031362988,0.004239463010709016
