0.1478859409561311,2.7755575615628914e-17,0.14764862578134033,0.0
0.14642748744510142,0.0015417980302821386,0.1462019535727842,0.001531349205889321
0.1462478382418435,0.0019543189119035818,0.14602551962062657,0.0019382022667786096
0.14603042475061817,0.0017737386220056462,0.14581117781280215,0.0017593594940156735
0.14598627045594698,0.0017712730333957563,0.14576640047206485,0.0017572549038704962
0.14585276967240188,0.001971231333891771,0.1456265480775734,0.0019665791152412384
0.14453482535440593,0.004643435920596863,0.1443120419083036,0.0046358314991150635
0.14439323105172835,0.004603206489699918,0.14417140348803598,0.004595976547757563
0.143232487083839,0.0077941149764832,0.1430065936076242,0.007799734513219903
0.1430652908951254,0.007954171433614042,0.14284273169832087,0.007955910796846249
0.1427737279776743,0.008469099940763867,0.14255223686799395,0.008466670940978213
0.14114564365222523,0.008429138023193927,0.14092889628080768,0.008420686944679224
0.14071903859605236,0.008581272189577565,0.14050274650489095,0.008573612394411484
0.14083418749500773,0.008655409980351634,0.14061467187758353,0.008644696135885907
0.14069824038322595,0.008555935681128921,0.1404797268656958,0.008545838352520554
0.14015961179225953,0.008330764179925303,0.13994504368442953,0.008320630280639108
0.13971492929370857,0.00825560569962908,0.13950249638934764,0.00824294234641696
0.1393503359515676,0.00810537493234446,0.13914392888845667,0.008096524053395178
0.1378967394551324,0.00893637524804942,0.13769387937802818,0.008922518696606976
0.1377660918399985,0.00882742811339099,0.13756604998211558,0.008816006939803537
0.1370209679949525,0.009945651712384136,0.13682832178842702,0.009918899800086211
0.13696449952306194,0.010001763618808718,0.13676595471760478,0.009968925015307216
0.13710805067658777,0.009760293057241506,0.13690583463178024,0.009725171912421232
0.136825455372832,0.009399949115098576,0.13663244979546638,0.009368710819817086
0.1367271944192213,0.00861244784486335,0.1365354404270692,0.008589257071324304
0.1370239904017958,0.00863686683193103,0.13682889527141823,0.008613800499697802
0.13694096135610098,0.008551160081011618,0.13674718719161977,0.00852948737678103
0.1368811181237129,0.008492935643289677,0.13668768323820465,0.008471709570326464
0.1354991191070522,0.009141392683346222,0.13531434111340418,0.009107665072242758
0.1352096672322446,0.009597337145957655,0.135025461277332,0.009566656351924135
0.1346101568932141,0.010376031373355684,0.13442769933904403,0.010352118767207975
0.13397223572377778,0.011554435856144463,0.13379839801805588,0.011517606955227608
0.133855768484465,0.011743860378579012,0.13368356784608684,0.011705964322622381
0.1335446089348595,0.01166062425417721,0.1333737584611094,0.011622666284481336
0.13346132529568613,0.011625893893348544,0.1332946161221002,0.011589244842248572
0.1337836542110455,0.011487372459406215,0.13361501946256876,0.011452194222126007
0.13321226780445594,0.011990937417502264,0.13304671902835272,0.01195318472020797
0.1336078712504888,0.011457160187054767,0.1334277551705041,0.011427326344086912
0.1337063755836033,0.01139417723778178,0.13352031775895662,0.011368961998435054
0.13348100584927733,0.011214432233708289,0.1332940621360946,0.011189004380652304
0.13370802437448917,0.011179136085672807,0.13352183472411547,0.01115463770971627
0.13351284429251753,0.011245929182038684,0.13332841872613116,0.011218132952998856
0.13351284429251753,0.011245929182038684,0.13332841872613116,0.011218132952998856
0.13320734611254845,0.010950138324576865,0.1330237586453478,0.01092605216012761
0.1326908577034143,0.010801785551665792,0.1325201938857282,0.010780836309875872
0.1323080848219405,0.010519274435885987,0.1321398167614908,0.010500942569284372
0.12963997215319337,0.011273160493641141,0.12949371308127916,0.011224291688104187
0.12938390126830102,0.011227148304164523,0.12923869013178924,0.011179296896697612
0.12883211656985233,0.01156282822439731,0.128688627861174,0.01151515534446643
0.12873896407455226,0.011284647189949535,0.12859632820571654,0.011236694273314994
0.12836697734902197,0.011165746352999236,0.12822420242337,0.011115192532263715
0.1277231942045934,0.010503093156770565,0.12757858651985002,0.010453885752722769
0.1265174992572078,0.010824387582277755,0.12637963838756866,0.010777834035785904
0.12653647349814964,0.010466270900369353,0.12639353017124885,0.010423188753445684
0.12489114162669679,0.010689977247174494,0.12475923449561988,0.010635510094140896
0.12513133520739017,0.010141152941185389,0.12499840992953151,0.010088885168902906
0.12502715298780295,0.010350427475408605,0.12488885896453017,0.010302514373730021
0.12511056150050454,0.010434832306649797,0.1249688231607119,0.010383494727839162
0.12473946550607225,0.010678408656031042,0.12459938125232976,0.010624535141185807
0.12490070883598862,0.010927447150373165,0.12475872880721203,0.010869213495427849
0.12482488492856991,0.010869229050949815,0.12468231944402945,0.010810631267648793
0.12482488492856991,0.010869229050949815,0.12468231944402945,0.010810631267648793
0.12495921370524625,0.011373568541306224,0.12481865045701508,0.01130992209885243
0.12479833088034616,0.011210184261302497,0.1246622452316413,0.011143213210320729
0.12431388668714885,0.011619164900494723,0.12418295176303507,0.011554449928380764
0.12424177467079164,0.011774526773370207,0.12411288745728215,0.011708648706090428
0.12421163907428398,0.011700547472810302,0.12407906687647716,0.011634352169154335
0.12429638520857807,0.011807176319157146,0.12416141904854534,0.011744247558522007
0.1242150276993808,0.011949187103039176,0.12408050326394011,0.011885003079464457
0.12436851306859009,0.011841677940186014,0.12423195583218441,0.011777895580955459
0.12405065890925629,0.011894980684458033,0.12391804190642161,0.011831173792947224
0.12359473558606959,0.01219408593934532,0.12346890572226672,0.012127586125267837
0.12345146056284313,0.012268859126899317,0.12332459982903829,0.012203466221404865
0.12380853434945242,0.011914075126499193,0.1236722723179072,0.011840783348289
0.12329719845020652,0.012512597595549622,0.12318315868944033,0.012431646523872086
0.12222542496857267,0.012652691662015552,0.1221183428340789,0.012570600178510947
0.12136546234953319,0.012092950663123018,0.12126339289893559,0.012014709498804661
0.12072958159356821,0.012766414881783834,0.12063811568879676,0.012676579057730114
0.11987889791851633,0.012616376424671394,0.11978997956132095,0.012523680626567946
0.11958836312260794,0.012961823396428483,0.11950513004790256,0.01286073808070038
0.11968897598251609,0.012629122907858987,0.11959903603497155,0.012535413872828768
0.1188934838273534,0.012327465155979284,0.11881233716917405,0.012236833077827748
0.11895426731616057,0.012650252870561474,0.11886298030534821,0.012548676669845918
0.11916524788859799,0.01221270365042484,0.11907007571049658,0.012110849321157453
0.1186011284348473,0.012966708394233232,0.11851306607679504,0.012849121146044114
0.11847187113400451,0.012955412465721006,0.1183832716678412,0.012837760599877013
0.11847187113400451,0.012955412465721006,0.1183832716678412,0.012837760599877013
0.11847187113400451,0.012955412465721006,0.1183832716678412,0.012837760599877013
0.11796019332392467,0.013248041611811149,0.11787582083361274,0.01313477394622284
0.1179541287105114,0.01324710037943727,0.11786985884625463,0.013133808035304841
0.11737783500903262,0.013760232321618073,0.11730011316413876,0.013647335283876405
0.11727952166705799,0.013634823534652653,0.11720163846738205,0.013521737993633516
0.11711722681753604,0.013546118799079129,0.11703959666214163,0.013436458144711097
0.11720449473762473,0.01384133329065159,0.1171205270635258,0.013731971418132807
0.11717184768430489,0.013812291701213569,0.11709027392473799,0.013704737292933014
0.11644325484986359,0.013928467761370508,0.11636921077544315,0.013823352595089034
0.11678236787225846,0.014334058722551531,0.11670834081476991,0.014230767048430508
0.11613559671024931,0.01425243123969598,0.11606900775426718,0.014151779599289711
0.11662513489668129,0.014507362979947662,0.1165488372381122,0.014398683482095958
0.11670155196634253,0.01550726831186718,0.11662573604115038,0.015384439512224415
0.11602791365994225,0.014489074756030037,0.1159681170752577,0.014380232127346756
0.11431978262267747,0.013213721019376927,0.11428793924701112,0.013094109401584633
0.11539749545086134,0.014043046450367198,0.1153471608405566,0.013895052481392979
0.11423428791775833,0.012801448824260906,0.11418968213791751,0.012673754937394867
0.1140825116862152,0.012754340769743865,0.1140370191006644,0.012625292291013073
0.11377361085127294,0.012615000958441968,0.11372835553918106,0.012487761982931651
0.11401203318607762,0.011814883723747668,0.11396081833422159,0.011691447369115931
0.113360552491124,0.011330334075940083,0.11331191358954476,0.011218021426554054
0.11199845663817601,0.012103229924579673,0.11194936353853432,0.011965381713244311
0.11232787036846217,0.011866684853269964,0.1122746445745868,0.011736379080431484
0.11184593573205956,0.012275051658466818,0.11179839098193874,0.01214319737021477
0.11146125160790095,0.012097150549786679,0.11141055000968339,0.011964823340180317
0.11127551585060118,0.011877955565111809,0.11122578282780327,0.01174742317551994
0.11077986993074422,0.011718924807368998,0.11072843720823858,0.011593564584810132
0.11103342942719223,0.012245151667021986,0.11097790827164615,0.012113560645952365
0.11081868263708725,0.012128190997539548,0.11076099484894122,0.011996144065159465
0.11041589492905879,0.01139757513902921,0.11035926263255058,0.011271543227392423
0.1103538412095175,0.011402475434203288,0.11029740840821063,0.011276520791335164
0.11022721372628608,0.011624462900549921,0.11016886467809832,0.011498498544203107
0.10993257574474061,0.011970136625032097,0.10986442765013207,0.011846004655449813
0.11150624946698191,0.0114496161636939,0.11142067427009723,0.011330175528413153
0.11062015249817685,0.01093821058445653,0.11054942058376316,0.010829452727565496
0.1102149836998276,0.010943288308069721,0.11014753746195878,0.010833941317953035
0.10934721611853301,0.011351713504474519,0.1092930700770717,0.011238521044194332
0.10920010244247588,0.011212385678886843,0.10914607519928206,0.011098036166885145
0.10945210347044868,0.01131279384182161,0.10939321543448041,0.011197551809145188
0.10889905858312547,0.010730977274221041,0.10884545703270035,0.010619195292175013
0.10811546619498683,0.00964968689470413,0.1080707651632721,0.009541126746395668
0.10577860061333404,0.009856999499577941,0.10575843779101887,0.009738627884319583
0.10660794850022655,0.009746794346184891,0.10657297273539879,0.0096363976453216
0.10694493058212964,0.007860279946697633,0.10690399145308618,0.007765729572963265
0.10736873667601818,0.007026132195185444,0.10731992255006809,0.006948191440303047
0.10736873667601818,0.007026132195185444,0.10731992255006809,0.006948191440303047
0.10724657388777563,0.006628192402930074,0.10720643933779814,0.00656264561070003
0.10755150414102507,0.006257654831540009,0.10750456400110571,0.006196827155694443
0.10553908972344943,0.007857753097486372,0.10551793028479575,0.007770228338598356
0.1057330756418406,0.008125771931622769,0.10570973481247674,0.008039569667819404
0.10521445656766533,0.008277923634074938,0.10519267303266522,0.008193082686436296
0.1050888522764634,0.008197601348576503,0.10506938117841366,0.008114688116573683
0.10463526969601815,0.007953829356515979,0.10462044940909968,0.007874939175680063
0.10463526969601815,0.007953829356515979,0.10462044940909968,0.007874939175680063
0.10355648563751914,0.0075407741171478904,0.10354991171109891,0.007454428080003708
0.10335373409623869,0.007498178034945141,0.10335140891306893,0.007400306933938229
0.10147419106357673,0.007613505107616429,0.10149219906627097,0.007499632208251682
0.10132696598595448,0.0072706001103535305,0.1013563823832393,0.007164062213161583
0.10165130408200643,0.007486217291557018,0.10167542790025212,0.00737478804544292
0.10075939187850766,0.00702237711653169,0.10079412166099413,0.006896738168904875
0.0996492959092368,0.0077056925413277935,0.09969793310234737,0.007552485381652626
0.0998533001495959,0.007708719782243498,0.09989939073174933,0.007550146819684334
0.09980065267371796,0.007662674265985016,0.09984732292883489,0.00750539392637017
0.10037639183013505,0.008761118995877478,0.10041757312148407,0.008600154697910882
0.10037639183013505,0.008761118995877478,0.10041757312148407,0.008600154697910882
0.100510329734838,0.00887851364146595,0.100546691253329,0.008717232899207566
0.10077274941912315,0.00895244096081062,0.10080139758198652,0.008791504239044326
0.10063298872067084,0.009106657902557533,0.10066656661556987,0.008940149056816097
0.10055252802798034,0.00889164115445401,0.10058816468191789,0.008729892166192918
0.10020453560398113,0.008731729630431891,0.10024379518377029,0.008570361800759306
0.10006478206826748,0.008723840745095164,0.10010886979855609,0.008561725153972688
0.10015594874084441,0.008486048709973527,0.10020386969438941,0.008332118148100757
0.10042342321226332,0.00865872085980307,0.10046712056403997,0.008497713152665143
0.1005844700385869,0.009048003376183921,0.10062548817721126,0.008881939726525777
0.09972596751168314,0.00874202318296769,0.09978361277733713,0.008589773953930496
0.09956326678934253,0.008754878790987628,0.09962461176464427,0.008602599102056779
0.09939360870775107,0.008677242481827031,0.09945798240989265,0.008526948810739676
0.09890520896072094,0.008399830923555146,0.09896967663975174,0.00825247036101566
0.09887587058838535,0.008474037164809335,0.09893947684843525,0.00832491446216291
0.09866845276039674,0.008697251364010289,0.09873289871677016,0.008546851264639445
0.09908167684078589,0.008755717407250823,0.09913821173101198,0.00860307681790089
0.0986558861585456,0.00887782968844616,0.09872006254842094,0.008729151910680365
0.0987240316396995,0.008942031320076883,0.0987870737636932,0.008791527886963352
0.09836565757738966,0.009422434344910203,0.09843071538700467,0.009262135998428775
0.09795001284369746,0.008837167581945537,0.09801631203609167,0.008676823268581399
0.09818525490252744,0.008786090095491765,0.09824882987163122,0.00862597494830518
0.09776307831409159,0.008528700306480761,0.09783446342274509,0.008377866260230463
0.09776540646235872,0.008550639271152379,0.0978392250882226,0.008398750576939232
0.09807666546954945,0.008731463410394092,0.09814591196206576,0.00857708813758008
0.09809368289454463,0.008723211257829381,0.09816274456723487,0.008569028763859052
0.09809368289454463,0.008723211257829381,0.09816274456723487,0.008569028763859052
0.09797820505443422,0.008626585785378905,0.09804857390761933,0.008474752590613704
0.09714291481462385,0.008344893768742175,0.097223482213772,0.008199746123582296
0.0967844588831775,0.008404822303273803,0.09686578118322267,0.00826030793432216
0.09675288126991241,0.00864652163522852,0.09683231171595688,0.008498962514305578
0.09680700944854707,0.008670087651852038,0.09688616625225946,0.008522223481159455
0.0970582748941983,0.008974942832950418,0.09713114661148312,0.008822626412694604
0.09647488628561475,0.008334743067477387,0.09655944495627805,0.008200835958250625
0.09679477656306494,0.008346918315419461,0.0968798852829866,0.008217177452037112
0.09686841019646017,0.008139534221642495,0.09696116377018063,0.00801872980563889
0.09680505677386073,0.00813731555186327,0.0968990918363645,0.008017188900538538
0.09637090479674475,0.008225113060720204,0.0964618476024655,0.008106521927446155
0.09640485806911224,0.008263799972648376,0.09649635393551592,0.008147731591824595
0.09647291168748705,0.008285087900235027,0.09656240455810725,0.008168016529383483
0.09650426478663758,0.00824865184838546,0.09659284620230121,0.00813271942590393
0.09634656528130828,0.007958700544113526,0.09643594297903207,0.007843544491909592
0.0958440550282471,0.00721553413654635,0.09594144300490451,0.0071056871452141075
0.09577192138139656,0.007301439616100389,0.09586831100622831,0.007190112714359517
0.09590810908618999,0.007276768597191104,0.09600094428129542,0.007165283816229979
0.09607248002853623,0.007149629360263731,0.0961683196300834,0.007045339997879948
0.09584616017971596,0.006195664933309532,0.09594635553857897,0.0061029371252014795
0.09531130099988258,0.0051092250966490605,0.09541965873528738,0.005038486610941146
0.09451228169242724,0.005340565948081475,0.09463338641100603,0.005272927860190166
0.0941667737436971,0.0050656715039339995,0.09429442003005238,0.005008842399812534
0.09398105381861123,0.005025773060848888,0.0941135773191196,0.0049718253365522765
0.09398105381861123,0.005025773060848888,0.0941135773191196,0.0049718253365522765
0.09408806433298915,0.005062937762324596,0.09421814798101477,0.005006567633178846
0.09417438289901009,0.004903562610237222,0.09430201062342795,0.004852522526080224
0.0941074780802851,0.004920956727954115,0.09423702475655531,0.004870434989244005
0.09407552884602835,0.004937310067596008,0.094205897723846,0.00488676875354224
0.09401577493077541,0.004944649640040799,0.09414749737163097,0.004897975960202796
0.09352983342875759,0.004901728699334031,0.09367047140963983,0.004862878855021521
0.09349601330906349,0.004894749152228734,0.09363722007402206,0.0048566405024088755
0.09330649902134983,0.004539760586045343,0.09344963645848395,0.004506737750810363
0.09296506384549973,0.004010900887933389,0.0931114681958427,0.003974201584020328
0.09312769069810875,0.00414037192642067,0.09327282557846542,0.00409666451152629
0.09329618692887773,0.004432737261479192,0.09344095732522525,0.0043883088842714725
0.09266318181984146,0.0039944717448300165,0.09282011790790692,0.003980596255399409
0.09232979923108187,0.003465174297975556,0.09248642684919009,0.003458895437681548
0.09264511102431813,0.003944882503216622,0.09280024834511645,0.0039181715871498615
0.09265703579644846,0.003930638204475842,0.09281176148863662,0.0039045031968662726
0.09256413506581344,0.003977820186064629,0.09272189130478889,0.003951203929415917
0.09259150200931796,0.004302459244591176,0.09275005297927974,0.004284618666326018
0.09221293575466363,0.004400608351485978,0.09237353977509405,0.004384612548972144
0.09241700517590098,0.004381676035192165,0.0925833571718531,0.004362084342416531
0.09293923172126059,0.0051240579037463395,0.09310222153392866,0.005089252881159341
0.09284464055135926,0.005004156220778111,0.09300576406413963,0.004963388613740152
0.0924253235955316,0.0050592472587983285,0.09259450655659068,0.005019572762326932
0.09250334466794405,0.005224181544928394,0.09267218458113388,0.005182964987982803
0.09307149833046262,0.005655743086823482,0.09324047341794024,0.005635748765912051
0.09314494396089978,0.005602952347787348,0.09331475804409425,0.005582705698028357
0.09330569835987099,0.0056528189118146555,0.09347314402865706,0.005629431799756805
0.09316151653453172,0.005357605607569525,0.09332905650325714,0.005324352575064657
0.09327718512089553,0.0052987290900008074,0.09344221453321282,0.005266367319347279
0.09291881315095965,0.005513560670049802,0.0930878117634389,0.00547887983455235
0.09245478831772151,0.004955540291088744,0.09262774868058779,0.004932853196783934
0.09295229711419448,0.005580037443393965,0.09312389721561462,0.005565357037505476
0.09306049901519167,0.005944926795449111,0.09323082199671075,0.005930509563849657
0.09492114355106024,0.009586270534430723,0.095082558960296,0.009585751147977871
0.09492085692104298,0.009585616862460632,0.09508321306783774,0.009584359319375804
0.09369430351060296,0.007033195614961552,0.09384351543000573,0.006960254776076359
0.09436217928002222,0.007936017565607618,0.09451289856805752,0.007890973374226779
0.09429557616937381,0.008077804176052,0.09444422906622033,0.008020066424277652
0.09434351063618433,0.008014449837171278,0.0944929816101269,0.007956875233586158
0.09434351063618433,0.008014449837171278,0.0944929816101269,0.007956875233586158
0.09403691445064263,0.008014747554010541,0.09419149793346321,0.007959015544764554
0.09302841493893128,0.006189478417206021,0.09319546154646349,0.00617688014252619
0.09302841493893128,0.006189478417206021,0.09319546154646349,0.00617688014252619
0.09288878955340431,0.005910479673357219,0.09306217977940581,0.005908278086344421
0.0918678183814767,0.004027029741439913,0.09203827128673125,0.003980720623946475
0.09157272453460281,0.003678431410195459,0.09174151654065325,0.0036160386864563256
0.09157272453460281,0.003678431410195459,0.09174151654065325,0.0036160386864563256
0.09171045739017039,0.0036944887720492974,0.09188039023025389,0.003635349074032937
0.09178219946194352,0.00372972758890908,0.09195110784174934,0.0036713182126726428
0.0914799579265031,0.003500551919014426,0.09164365643885304,0.003424208551698231
0.09140988180333146,0.0035186800240461793,0.0915738314253364,0.003442123662402641
0.09140988180333146,0.0035186800240461793,0.0915738314253364,0.003442123662402641
0.09135448070888715,0.0033866093935562814,0.09151736118813633,0.0033084838595884287
0.09144464605781487,0.003365804819543069,0.09160555704421067,0.003286004072110629
0.09116704334043066,0.003262304913679725,0.09132621747230221,0.0031811496844608217
0.09137828682397747,0.0034830449969103687,0.09153158877210907,0.0033961981644958254
0.09150483741469104,0.003314982806253688,0.0916571115073414,0.003230162940265656
0.09136455710854924,0.0033335731320980598,0.09151917742820818,0.0032520565267801765
0.09136728569649029,0.0032472557341095137,0.09152383548888846,0.003167610947822309
0.09181787749654417,0.003315881701595339,0.09196084188650003,0.0032229420670126527
0.09150079386581661,0.00330591617367082,0.09164859416255955,0.0032227268949773244
0.09151664198621157,0.003429292077975311,0.0916640395990463,0.0033428570217240725
0.09137705434025842,0.0034556951899517795,0.09152401767800204,0.003368934884855875
0.09171548176953577,0.0036715090805419536,0.09185962235368053,0.0035849205896174323
0.09138638872672233,0.0035486233581154504,0.0915324154032224,0.0034604661150218915
0.09140308251913998,0.0035085137908788433,0.09154814068431612,0.003418211427954686
0.09105514749082949,0.003670124153757542,0.09120642182384509,0.0035857245737328067
0.09080158739863475,0.0034055742247571714,0.09096053563442906,0.0033313507766478114
0.09034755662302872,0.002761035786324677,0.09051856195247002,0.0026967384449181255
0.09044875431196281,0.0027915257961654296,0.09062205569194545,0.002730821731087583
0.09039312231672954,0.0028072236178401763,0.09056671736873662,0.002746279205220501
0.09038388071824993,0.0027934348047921795,0.09055774853965239,0.0027328807793716354
0.09048258750264987,0.0027967074931822197,0.09065442437389484,0.0027340643437516517
0.09042792789389488,0.002818004718873294,0.09060236058442131,0.002754942517841406
0.09031036050945936,0.0026500021574286585,0.0904860422281061,0.0025945761568903786
0.09108050248314348,0.004301178884959279,0.09123998066639813,0.004193603467300224
0.09108392930303962,0.004314044537832511,0.09124284398618711,0.004206720349956508
0.09221935049509086,0.007393917457641609,0.09236567552272389,0.007250863993305053
0.09261490565915283,0.007501408387045164,0.09275808256035009,0.007362284685094033
0.09261755409705313,0.007505027994504482,0.09276122315968184,0.007365450655035022
0.09261501548447557,0.0075056696917824356,0.09275796541948299,0.007366339356209269
0.0924091974576289,0.007227750986973377,0.09255518993379082,0.007092558630204636
0.09234731197074206,0.007257721273371617,0.09249370027813231,0.0071214167520610916
0.09229327165705078,0.007240940521335454,0.09244056916329574,0.007105589741479016
0.09231440328428624,0.0072446682744982446,0.09246183254540187,0.00710932899223724
0.09229822002860005,0.007256442488727488,0.09244931294592623,0.007122300835980319
0.09228446765451995,0.007266727656186018,0.09243586860777321,0.007132375523588937
0.09232499988497285,0.007261041158043789,0.0924749869452639,0.007125648385343081
0.0920004920187,0.007316059079522364,0.0921502909897422,0.007175679814257236
0.09154238407653288,0.006054899804867837,0.09169688792998645,0.005930723263880197
0.09124597552419336,0.005068508698068784,0.09140839287941926,0.004965732572922526
0.09063665509580307,0.003611431549584231,0.09080979773771715,0.003534970663222616
0.09064811406303619,0.0036074549041828358,0.09082110759212339,0.0035310914657956244
0.09070402128755756,0.0036014738947651283,0.09087346904355642,0.0035193611909604015
0.09042463020047624,0.0031463719601522986,0.09059879787792252,0.003073353068601405
0.09044119836716452,0.0031023131943565133,0.09061402070577311,0.0030360508747433144
0.09021056561216508,0.003122587481746791,0.09038990387092528,0.0030565055682041722
0.09019849015637867,0.0031110362256903143,0.09037555909520845,0.0030464515707050808
0.08985671203302806,0.003240974572294074,0.09003936090976357,0.0031758043618371886
0.08984598060598645,0.003258089187501455,0.09003010864190875,0.0031984685415596572
0.09023123050818724,0.004098614634682628,0.09040981360043343,0.004025304418246198
0.09023123050818724,0.004098614634682628,0.09040981360043343,0.004025304418246198
0.09008018302331511,0.004014430935068716,0.09026059481403706,0.003938268800108819
0.08993193884372146,0.0037936063654219043,0.09011711591816296,0.0037234189764930314
0.089840223918656,0.0036805349606937004,0.0900290518676298,0.0036133288480160166
0.08970422774179447,0.0036754579555587008,0.08989625481158696,0.0036085846825234386
0.08966725397015105,0.003691294729986247,0.08985964772215153,0.0036238773103910243
0.08964896718052387,0.003655668451432115,0.08984390374301174,0.0035882726847534445
0.08947697378267042,0.0037164319224677255,0.08967432892080686,0.0036488352012332523
0.08949172655147823,0.0037703676933690173,0.08968943761672857,0.0037034084125938424
0.08949172655147823,0.0037703676933690173,0.08968943761672857,0.0037034084125938424
0.08945008265492661,0.003558051078388574,0.08964729838215825,0.00348965882501374
0.08946289888650194,0.0035554132176359044,0.08965888874392271,0.003487465152996295
0.08916002491333039,0.0028227728668397093,0.08935910334487289,0.0027644696473772246
0.08910728507743546,0.0026143816129322707,0.08930778979026313,0.002562252571826569
0.08914084155792466,0.0025863369783630376,0.08934065318580978,0.002534322878086499
0.08917012606243627,0.0026298244884696066,0.08936901966281037,0.0025747452477690143
0.08922171744968022,0.0026934275026855316,0.0894203288740589,0.002640957965579595
0.0893836329065251,0.002845139614268107,0.08958347666278763,0.0028038630250395717
0.08933132761191616,0.0026754229123594642,0.08953209355492206,0.0026394533510988413
0.08927496944518719,0.002581709156446324,0.08947371435499399,0.0025387925426028583
0.08929844746041164,0.002728417347303581,0.08949554355796996,0.002677849856076772
0.08948070604404976,0.0028833443286627484,0.08967662337743862,0.0028236678201389396
0.08950054967191944,0.0029814736366614203,0.0896972524561491,0.002925197851143879
0.08960095097082167,0.0030831376407039974,0.08979546260737356,0.003020820496838328
0.08957787336479915,0.0030984017334415507,0.08977295464502817,0.003035779756347068
0.08962109403144895,0.0030599695680057245,0.08981421998094627,0.002997980831550105
0.08958519857304861,0.003090318794707339,0.08977885020281115,0.0030281758966551695
0.08959078610062043,0.003096712323025275,0.08978425043655289,0.0030346234477801447
0.08951261008331513,0.0031126018357013744,0.08970742106732217,0.003052124744537499
0.0895741500880313,0.003200613902510697,0.0897698512475141,0.003143856130773268
0.08951685789733406,0.0031165820753249964,0.08971014682437545,0.003053946380770757
0.0894821846774226,0.0031414391533414374,0.08967587523792551,0.0030785957262910615
0.08914274988765244,0.0029242234813648487,0.08934042351213288,0.002848539470661832
0.08920864959556611,0.002873684038976638,0.08940656291601863,0.002801413231142256
0.08910509317408523,0.0031112914988232457,0.08930175914955625,0.00301872039551835
0.08910236253475626,0.003081270509902898,0.08929856506192221,0.002988812757955856
0.08887282689858579,0.0027249654814956144,0.08907292141620778,0.002642644968877195
0.08859234537224882,0.002290663122240883,0.08879891741138767,0.0022355914872978586
0.08878637754181289,0.002403060967109788,0.08898939279827675,0.002340005061763449
0.08941618556064336,0.003205290927767506,0.08962009367738134,0.003176663881740308
0.08939579154261115,0.003220406774127645,0.0896003332713669,0.0031911614337503916
0.08881109579646079,0.002570667872456103,0.08901407697810819,0.0025078496353058794
0.08878979136519531,0.002588855297818908,0.08899354340549934,0.0025256715304292276
0.08860455964901805,0.002467879077552609,0.08881079222669133,0.002401753654277604
0.08868892030365891,0.00252169556937558,0.08889732502448448,0.0024757454334380477
0.08852686013220994,0.002501985187315501,0.08873599361153565,0.002452203495974615
0.08852404498269964,0.0025118989225335086,0.0887333414533244,0.00246210851881718
0.08871646403890063,0.0028171979561432948,0.0889230019674115,0.0027576060253718983
0.08874390484287262,0.0027969746214334848,0.0889493571220204,0.002737931274568777
0.08855253775401298,0.0024357474094929424,0.0887645363161669,0.0023861149844681736
0.08855253775401298,0.0024357474094929424,0.0887645363161669,0.0023861149844681736
0.08839581505037582,0.002324127091495811,0.08860243931875413,0.0022697574678122844
0.08839581505037582,0.002324127091495811,0.08860243931875413,0.0022697574678122844
0.08837919712553009,0.0023328629677983347,0.08858683253576782,0.002278171677528187
0.08838598791416605,0.002488613840062606,0.08859289913029773,0.0024311306952315044
0.08839262005212942,0.002477640211568461,0.08859927871627846,0.0024201638768062746
0.08836348009356704,0.0025175545742664347,0.08857152231053637,0.0024629444283576635
0.08832891053558997,0.0024848483183311306,0.08853757216266214,0.0024290088231868913
0.08836852418052148,0.002475272331836648,0.08857742141067819,0.0024200208959024505
0.08837624298962898,0.002476782088099265,0.08858550999524716,0.0024217036066307073
0.08829546644078864,0.0024906281708896917,0.08850557187958372,0.002433656893820381
0.08832070184251048,0.002430393980162397,0.08853168412446866,0.002374980885017233
0.08832657261721949,0.0024234962157734935,0.08853679350290211,0.00236849744426589
0.08829897936683247,0.0024309110494292424,0.08850908598861647,0.002375420623493782
0.08832644112408902,0.002490964901745669,0.08853698670634144,0.002431897335640376
0.08831519653394701,0.0025022027324359685,0.08852656068470195,0.0024424592763493164
0.08827633335997186,0.0023370241737720094,0.08848556145848226,0.002268442930501856
0.08847272742277346,0.002418262262624979,0.08868033026513475,0.002345112494002241
0.08859141816163887,0.002790784244440814,0.08880022806885671,0.0027175713290611735
0.08874006862789831,0.002816463302412272,0.08894654025350324,0.0027469203594674076
0.08871388040365132,0.0028336987218875904,0.08892014035197734,0.0027644756922297546
0.0889391588410711,0.0031777896728999496,0.08914400770263922,0.003107069012773001
0.08874438774671652,0.003077319382704315,0.08895339049797181,0.003019340280468965
0.08866296127001819,0.003057833534871228,0.08887179460831417,0.002998054961267364
0.08857045623655636,0.0030408314276015626,0.08878187579891471,0.002984361970519706
0.08855692001087781,0.0029327090319775707,0.08876759194583875,0.0028764261538265544
0.08854203854266486,0.0029467795523751166,0.08875277978611737,0.0028905472311211164
0.08833642592423736,0.003000970971710952,0.08855506083812995,0.0029524895308605257
0.08843816445672363,0.003028642558577209,0.08865707825687713,0.002982012016509369
0.08853819949218587,0.0029864710520078252,0.08875359554210442,0.0029364132478327683
0.08847461897547179,0.002998411038947877,0.08869096999313443,0.002948726411341611
0.08848724643789116,0.003128863736023305,0.08870219716311245,0.003075244031858635
0.08848724643789116,0.003128863736023305,0.08870219716311245,0.003075244031858635
0.08854615611316921,0.003240284327278239,0.088761594742837,0.0031833496216539616
0.08853260156109319,0.003250625769686733,0.08874744054566357,0.003193670531611265
0.08834043551654075,0.0033293965343828965,0.08856157488429649,0.0032750668880152
0.08834186733932078,0.0033282706027624406,0.08856279688853452,0.003274098288696791
0.08866009941935314,0.0035768463164787805,0.08886940198426983,0.003509426878934875
0.08873066701464243,0.0035703794995055006,0.08894087940872605,0.0035042229281684696
0.08874100799999587,0.0036005942874753286,0.08895247165788867,0.0035350948035007264
0.08864808093943759,0.003560985384144111,0.08885838531084778,0.0034927929054693334
0.0888678574146642,0.004199092351256178,0.08907469437875172,0.004118775467888363
0.08843217690809584,0.0029039208146288556,0.08864739714550732,0.0028506186167683092
0.087924025620086,0.0016832240980496208,0.0881388884994556,0.001649201464563932
0.08804358294071629,0.0018285259720591774,0.08826077598368756,0.001805332923675035
0.08796798608315068,0.0018820825489683321,0.08819679082222597,0.0019027377991274145
0.08803250784695608,0.001881425448356645,0.08826204164643311,0.0019039391613209192
0.08796748394824419,0.0016678810850760991,0.08819603782110227,0.0016943236677070513
0.08798133955931108,0.0016686666048865166,0.08821008836979508,0.001695596965787873
0.08805079966081301,0.0016922569604626112,0.088279309147315,0.0017215328298857515
0.08805079966081301,0.0016922569604626112,0.088279309147315,0.0017215328298857515
0.08844153520798911,0.0022108435986280327,0.08865509650602153,0.0021790038340769352
0.08847191970657071,0.002190612940787306,0.08868617502955,0.002159508122223636
0.08862953092318596,0.002282572537430617,0.088843107328622,0.00225896273415329
0.08881351786180451,0.0023727395404764717,0.08902348255218603,0.002343688691262209
0.08888737269125205,0.002448874789545854,0.08909679309899468,0.002423156879211336
0.08888737269125205,0.002448874789545854,0.08909679309899468,0.002423156879211336
0.0888713230606266,0.0024590600517100107,0.08908157184498194,0.002433341468204889
0.08930362304767918,0.0031353944744718495,0.08951412907704656,0.003131102080657736
0.08940819134946039,0.003188166229196546,0.08961698236539606,0.003185521268324638
0.08974580567795877,0.003999904009628734,0.08995469003243127,0.004010218367872401
0.08971467012725402,0.0039248162528429005,0.08992905031102391,0.00395424947528629
0.09018996863863515,0.004336224390031964,0.0903963338842242,0.004331174591237047
0.09034584344807277,0.004683549486474437,0.09055507376645962,0.004691683797008069
0.08949100555916525,0.004386567855809534,0.0897204852101565,0.004436505672460844
0.09017049908022587,0.004580717536535901,0.09038699927827512,0.00462167506741085
0.09117990057927994,0.007231978568652713,0.0913960550222809,0.007278952116017857
0.09026082064926463,0.004699836261239711,0.09047585716742677,0.0047391742545672645
0.09026687038919116,0.004706772087027384,0.09048098908460103,0.00474505687314161
0.09026620978962799,0.004707162171812722,0.09047932985072894,0.004746038035717695
0.08969077693405043,0.003724093238483678,0.08990030015833371,0.003747390760526363
0.08965803487640486,0.0037292439984267043,0.08986716861369795,0.0037519571950988253
0.0895971802153955,0.0037703933096532747,0.08980841066667736,0.0037920462092177415
0.08915214722527202,0.0028734687572334197,0.08936665717511849,0.002892194015941941
0.08908935472576593,0.002901000981989637,0.08930722851754898,0.0029222559926359313
0.08908117120539374,0.0030057760010967047,0.08930127426766851,0.003030378654660335
0.08896996666157844,0.0027510547732502036,0.0891899408713701,0.0027740696721678844
0.08946598947280276,0.00401240345807277,0.08968117627972058,0.004019832039445942
0.09012137943715534,0.0058293881245622455,0.09032145989585724,0.005794555671437165
0.0901847093494636,0.005815356243439475,0.09038491863580314,0.0057813401188093454
0.09020031493764633,0.005798365570167786,0.0903986776519425,0.005764378445853215
0.08938874257035861,0.003232148519725804,0.0895923511120145,0.0032269739425468545
0.0895768262052283,0.003324882312449235,0.08977675040580066,0.0033098770683922685
0.08962167001808383,0.0033490963648930812,0.08982252143326278,0.0033357750154322623
0.08977984353729768,0.0035059302487453715,0.08997741365343119,0.0034881850599499
0.08979626818808115,0.0035115058894642673,0.08999392801438484,0.0034928181691974832
0.08967118598665645,0.003554248690384392,0.08987364379275345,0.003535632308749163
0.08968629612622588,0.0035432544886217893,0.08988863815358775,0.003524963198872862
0.08966158820585284,0.0035401564021271766,0.08986218467613868,0.0035220198734674866
0.0898036646652933,0.0036554165251851227,0.09000286819769196,0.00363046764280142
0.08982329800725805,0.003665657605617239,0.09002254646626436,0.0036413992303836952
0.08994034171819638,0.003602400093252521,0.09013531360702852,0.003576292838292646
0.08989160373638594,0.0036533057540306304,0.09008896427487192,0.003629333931525007
0.0898972212831878,0.0033761385742854286,0.09009701156031957,0.003362567344231823
0.0898653871083083,0.0034172637899585025,0.09006342676293555,0.0033912690984876244
0.09006012120907805,0.0037969247479882405,0.0902573648726754,0.00377089992174446
0.08990026655280164,0.0034881525651858565,0.09010170698432643,0.0034695893965502778
0.08992039333758912,0.003478256241603752,0.09012118671582296,0.0034596829496385964
0.08965529963455424,0.0031036780049576557,0.08985881495433318,0.0030862021666940814
0.08966861026006313,0.0030971234944401145,0.08987185105435727,0.003079159139421086
0.08958357372020023,0.003019397240746094,0.08979044102098357,0.0030091123134622683
0.08945997978897911,0.0028211064292516736,0.08966929628168366,0.002821929568813792
0.0890860442444523,0.00254669838026359,0.08930697564567822,0.002569696130464589
0.08909701610441209,0.002561797118192683,0.08931747912848012,0.002585603460272749
0.08896156190452989,0.0023653182841001166,0.08918091612036129,0.0023884112390278513
0.08896133825725366,0.002365635041922006,0.08918078486935296,0.0023885936934137323
0.08903867453363565,0.002402059029652068,0.08925553484986438,0.002415625018382875
0.08906099673108113,0.002416090324704803,0.0892791321978057,0.0024369143905435394
0.08909283721046064,0.0023885127791326176,0.08930963299403441,0.002409869781211438
0.08904740266985207,0.0023515806093327143,0.08926416485730776,0.002371852334567654
0.08923460025438731,0.0024130521226845285,0.08944850635435456,0.002431076605471772
0.08888789431184914,0.0021677564029148255,0.08910515425212312,0.0021855904734947957
0.08877241721252356,0.00208702159094191,0.08898868469924978,0.002103660094296704
0.08888785625591067,0.00215144361017663,0.08910231732152629,0.0021579228310356
0.08885622073842767,0.002153181909771051,0.08907245208900494,0.002159627205500486
0.08868494073987059,0.0020174218807117593,0.08890122350512461,0.0020254277586580502
0.0889258152336556,0.0022226793488134815,0.08914021331201152,0.002211994358093914
0.08896625371685718,0.002305209722942601,0.08917991560525249,0.002287522287230794
0.08896625371685718,0.002305209722942601,0.08917991560525249,0.002287522287230794
0.08890004346336759,0.002315914573848935,0.089114132968519,0.0022963061820808284
0.0889824703242956,0.0024428089713697406,0.08919673383371925,0.0024335323279416647
0.08887459316107563,0.002363384133630559,0.08908880356284404,0.002350528233455486
0.08908659027582846,0.0028279513552319354,0.08930657387993007,0.002851168256439214
0.08930687018816787,0.0027708191959705374,0.08951885738284045,0.0027870924425378797
0.08908646418990217,0.0027331962786468554,0.08930426200252076,0.0027639846141212726
0.08928470052382033,0.0028141862027101874,0.08950134834068234,0.002847394687152336
0.08926182735183032,0.0028622952050450325,0.08947552112888132,0.002892356521879197
0.08934915966722533,0.0028820433656139358,0.08956001496816114,0.0029052832106368706
0.08930815213648388,0.0028755959424589038,0.08952031350003717,0.002897567918716657
0.08925255864828083,0.002861209565021576,0.08946267542605682,0.0028837049265178017
0.08931476055123473,0.00291782484817008,0.08951970174438657,0.002944075567747131
0.08945603772623603,0.0032411994448540145,0.08966392827644368,0.003271578014958098
0.08941272909257683,0.0032251856094436928,0.08961964038248109,0.0032558820641635177
0.08964099024701591,0.0034278927228758574,0.08984481907314612,0.003456700809404705
0.08961822193745346,0.003451421398900345,0.08982276041797962,0.003479086354567806
0.08962242625666691,0.0034473397548414725,0.08982670123047445,0.0034752973197958704
0.08917845668309946,0.0033391902654383,0.08938668628695623,0.003368251812941124
0.08925528942576834,0.0031886255339255536,0.08945429660116962,0.003188275590527747
0.0892659795924921,0.0031877839125130526,0.08946593035436617,0.0031873387234562993
0.089201268572726,0.0030945900833972547,0.0894010975839415,0.0030912560051376305
0.08919744457795795,0.003098088902230638,0.0893972581076968,0.003094761110199176
0.08900813389197867,0.002905006865552907,0.0892099239393869,0.0029131677647561307
0.0890604425051811,0.002912258690368698,0.08926327338407855,0.0029211352041996477
0.08906711136666437,0.002904393618824788,0.08927009526845164,0.0029132237638055817
0.08901316959673791,0.002906683336967984,0.08921890677885733,0.0029150629540857604
0.08905171195855556,0.0029420060180727395,0.08925679677444583,0.002946380569559461
0.08935559690420566,0.003315086638831351,0.08956037863207061,0.003333363105340285
0.08935559690420566,0.003315086638831351,0.08956037863207061,0.003333363105340285
