0.1478859409561311,2.7755575615628914e-17,0.14764862578134033,0.0
0.1442051064120499,0.005384635106869671,0.14398826330430908,0.005350119940028642
0.1442051064120499,0.005384635106869671,0.14398826330430908,0.005350119940028642
0.1442051064120499,0.005384635106869671,0.14398826330430908,0.005350119940028642
0.1442051064120499,0.005384635106869671,0.14398826330430908,0.005350119940028642
0.1442051064120499,0.005384635106869671,0.14398826330430908,0.005350119940028642
0.1442051064120499,0.005384635106869671,0.14398826330430908,0.005350119940028642
0.1442051064120499,0.005384635106869671,0.14398826330430908,0.005350119940028642
0.1442051064120499,0.005384635106869671,0.14398826330430908,0.005350119940028642
0.1442051064120499,0.005384635106869671,0.14398826330430908,0.005350119940028642
0.1442051064120499,0.005384635106869671,0.14398826330430908,0.005350119940028642
0.13792687822844618,0.00893113040493529,0.13775537499843576,0.008867458110518289
0.13792687822844618,0.00893113040493529,0.13775537499843576,0.008867458110518289
0.13792687822844618,0.00893113040493529,0.13775537499843576,0.008867458110518289
0.13792687822844618,0.00893113040493529,0.13775537499843576,0.008867458110518289
0.13792687822844618,0.00893113040493529,0.13775537499843576,0.008867458110518289
0.13792687822844618,0.00893113040493529,0.13775537499843576,0.008867458110518289
0.13792687822844618,0.00893113040493529,0.13775537499843576,0.008867458110518289
0.13792687822844618,0.00893113040493529,0.13775537499843576,0.008867458110518289
0.13792687822844618,0.00893113040493529,0.13775537499843576,0.008867458110518289
0.13792687822844618,0.00893113040493529,0.13775537499843576,0.008867458110518289
0.1353837446751265,0.01013087150189114,0.13523480912582853,0.010055669854662932
0.1353837446751265,0.01013087150189114,0.13523480912582853,0.010055669854662932
0.1353837446751265,0.01013087150189114,0.13523480912582853,0.010055669854662932
0.1353837446751265,0.01013087150189114,0.13523480912582853,0.010055669854662932
0.1353837446751265,0.01013087150189114,0.13523480912582853,0.010055669854662932
0.1353837446751265,0.01013087150189114,0.13523480912582853,0.010055669854662932
0.1353837446751265,0.01013087150189114,0.13523480912582853,0.010055669854662932
0.1353837446751265,0.01013087150189114,0.13523480912582853,0.010055669854662932
0.1353837446751265,0.01013087150189114,0.13523480912582853,0.010055669854662932
0.1353837446751265,0.01013087150189114,0.13523480912582853,0.010055669854662932
0.13467554750658917,0.010338165753293863,0.13453061570795594,0.010259652581897288
0.13467554750658917,0.010338165753293863,0.13453061570795594,0.010259652581897288
0.13467554750658917,0.010338165753293863,0.13453061570795594,0.010259652581897288
0.13467554750658917,0.010338165753293863,0.13453061570795594,0.010259652581897288
0.13467554750658917,0.010338165753293863,0.13453061570795594,0.010259652581897288
0.13467554750658917,0.010338165753293863,0.13453061570795594,0.010259652581897288
0.13467554750658917,0.010338165753293863,0.13453061570795594,0.010259652581897288
0.13467554750658917,0.010338165753293863,0.13453061570795594,0.010259652581897288
0.13467554750658917,0.010338165753293863,0.13453061570795594,0.010259652581897288
0.13467554750658917,0.010338165753293863,0.13453061570795594,0.010259652581897288
0.13225651190560223,0.012486485995953076,0.1321341843668241,0.012385787070208239
0.13225651190560223,0.012486485995953076,0.1321341843668241,0.012385787070208239
0.13225651190560223,0.012486485995953076,0.1321341843668241,0.012385787070208239
0.13225651190560223,0.012486485995953076,0.1321341843668241,0.012385787070208239
0.13225651190560223,0.012486485995953076,0.1321341843668241,0.012385787070208239
0.13225651190560223,0.012486485995953076,0.1321341843668241,0.012385787070208239
0.13225651190560223,0.012486485995953076,0.1321341843668241,0.012385787070208239
0.13225651190560223,0.012486485995953076,0.1321341843668241,0.012385787070208239
0.13225651190560223,0.012486485995953076,0.1321341843668241,0.012385787070208239
0.13225651190560223,0.012486485995953076,0.1321341843668241,0.012385787070208239
0.13209274536228147,0.01239165359078407,0.13197323440397232,0.012294848415442547
0.13209274536228147,0.01239165359078407,0.13197323440397232,0.012294848415442547
0.13209274536228147,0.01239165359078407,0.13197323440397232,0.012294848415442547
0.13209274536228147,0.01239165359078407,0.13197323440397232,0.012294848415442547
0.13209274536228147,0.01239165359078407,0.13197323440397232,0.012294848415442547
0.13209274536228147,0.01239165359078407,0.13197323440397232,0.012294848415442547
0.13209274536228147,0.01239165359078407,0.13197323440397232,0.012294848415442547
0.13209274536228147,0.01239165359078407,0.13197323440397232,0.012294848415442547
0.13209274536228147,0.01239165359078407,0.13197323440397232,0.012294848415442547
0.13209274536228147,0.01239165359078407,0.13197323440397232,0.012294848415442547
0.13129976721088965,0.01421732211093055,0.1311894240224309,0.014101507789379063
0.13129976721088965,0.01421732211093055,0.1311894240224309,0.014101507789379063
0.13129976721088965,0.01421732211093055,0.1311894240224309,0.014101507789379063
0.13129976721088965,0.01421732211093055,0.1311894240224309,0.014101507789379063
0.13129976721088965,0.01421732211093055,0.1311894240224309,0.014101507789379063
0.13129976721088965,0.01421732211093055,0.1311894240224309,0.014101507789379063
0.13129976721088965,0.01421732211093055,0.1311894240224309,0.014101507789379063
0.13129976721088965,0.01421732211093055,0.1311894240224309,0.014101507789379063
0.13129976721088965,0.01421732211093055,0.1311894240224309,0.014101507789379063
0.13129976721088965,0.01421732211093055,0.1311894240224309,0.014101507789379063
0.12952398344092755,0.014055142402616632,0.12942642149980316,0.013940124664083993
0.12952398344092755,0.014055142402616632,0.12942642149980316,0.013940124664083993
0.12952398344092755,0.014055142402616632,0.12942642149980316,0.013940124664083993
0.12952398344092755,0.014055142402616632,0.12942642149980316,0.013940124664083993
0.12952398344092755,0.014055142402616632,0.12942642149980316,0.013940124664083993
0.12952398344092755,0.014055142402616632,0.12942642149980316,0.013940124664083993
0.12952398344092755,0.014055142402616632,0.12942642149980316,0.013940124664083993
0.12952398344092755,0.014055142402616632,0.12942642149980316,0.013940124664083993
0.12952398344092755,0.014055142402616632,0.12942642149980316,0.013940124664083993
0.12952398344092755,0.014055142402616632,0.12942642149980316,0.013940124664083993
0.1275950781235147,0.01450506279371342,0.1275122167611093,0.01438992473631032
0.1275950781235147,0.01450506279371342,0.1275122167611093,0.01438992473631032
0.1275950781235147,0.01450506279371342,0.1275122167611093,0.01438992473631032
0.1275950781235147,0.01450506279371342,0.1275122167611093,0.01438992473631032
0.1275950781235147,0.01450506279371342,0.1275122167611093,0.01438992473631032
0.1275950781235147,0.01450506279371342,0.1275122167611093,0.01438992473631032
0.1275950781235147,0.01450506279371342,0.1275122167611093,0.01438992473631032
0.1275950781235147,0.01450506279371342,0.1275122167611093,0.01438992473631032
0.1275950781235147,0.01450506279371342,0.1275122167611093,0.01438992473631032
0.1275950781235147,0.01450506279371342,0.1275122167611093,0.01438992473631032
0.12610691427867754,0.014675654018847831,0.12603487757424797,0.014555779410395013
0.12610691427867754,0.014675654018847831,0.12603487757424797,0.014555779410395013
0.12610691427867754,0.014675654018847831,0.12603487757424797,0.014555779410395013
0.12610691427867754,0.014675654018847831,0.12603487757424797,0.014555779410395013
0.12610691427867754,0.014675654018847831,0.12603487757424797,0.014555779410395013
0.12610691427867754,0.014675654018847831,0.12603487757424797,0.014555779410395013
0.12610691427867754,0.014675654018847831,0.12603487757424797,0.014555779410395013
0.12610691427867754,0.014675654018847831,0.12603487757424797,0.014555779410395013
0.12610691427867754,0.014675654018847831,0.12603487757424797,0.014555779410395013
0.12610691427867754,0.014675654018847831,0.12603487757424797,0.014555779410395013
