0.1478859409561311,2.7755575615628914e-17,0.14764862578134033,0.0
0.13965793232930238,0.011161758664973598,0.1394638228919386,0.011092339318118127
0.13965793232930238,0.011161758664973598,0.1394638228919386,0.011092339318118127
0.13965793232930238,0.011161758664973598,0.1394638228919386,0.011092339318118127
0.13965793232930238,0.011161758664973598,0.1394638228919386,0.011092339318118127
0.13965793232930238,0.011161758664973598,0.1394638228919386,0.011092339318118127
0.13965793232930238,0.011161758664973598,0.1394638228919386,0.011092339318118127
0.13965793232930238,0.011161758664973598,0.1394638228919386,0.011092339318118127
0.13965793232930238,0.011161758664973598,0.1394638228919386,0.011092339318118127
0.13965793232930238,0.011161758664973598,0.1394638228919386,0.011092339318118127
0.13965793232930238,0.011161758664973598,0.1394638228919386,0.011092339318118127
0.12731519405012942,0.017986714366058153,0.127207835088783,0.017860897880786136
0.12731519405012942,0.017986714366058153,0.127207835088783,0.017860897880786136
0.12731519405012942,0.017986714366058153,0.127207835088783,0.017860897880786136
0.12731519405012942,0.017986714366058153,0.127207835088783,0.017860897880786136
0.12731519405012942,0.017986714366058153,0.127207835088783,0.017860897880786136
0.12731519405012942,0.017986714366058153,0.127207835088783,0.017860897880786136
0.12731519405012942,0.017986714366058153,0.127207835088783,0.017860897880786136
0.12731519405012942,0.017986714366058153,0.127207835088783,0.017860897880786136
0.12731519405012942,0.017986714366058153,0.127207835088783,0.017860897880786136
0.12731519405012942,0.017986714366058153,0.127207835088783,0.017860897880786136
0.12334903145982971,0.018231166687190985,0.12327436440119206,0.01809329527172116
0.12334903145982971,0.018231166687190985,0.12327436440119206,0.01809329527172116
0.12334903145982971,0.018231166687190985,0.12327436440119206,0.01809329527172116
0.12334903145982971,0.018231166687190985,0.12327436440119206,0.01809329527172116
0.12334903145982971,0.018231166687190985,0.12327436440119206,0.01809329527172116
0.12334903145982971,0.018231166687190985,0.12327436440119206,0.01809329527172116
0.12334903145982971,0.018231166687190985,0.12327436440119206,0.01809329527172116
0.12334903145982971,0.018231166687190985,0.12327436440119206,0.01809329527172116
0.12334903145982971,0.018231166687190985,0.12327436440119206,0.01809329527172116
0.12334903145982971,0.018231166687190985,0.12327436440119206,0.01809329527172116
0.12218945342459138,0.016041999219673017,0.1221105281205012,0.01591233920902554
0.12218945342459138,0.016041999219673017,0.1221105281205012,0.01591233920902554
0.12218945342459138,0.016041999219673017,0.1221105281205012,0.01591233920902554
0.12218945342459138,0.016041999219673017,0.1221105281205012,0.01591233920902554
0.12218945342459138,0.016041999219673017,0.1221105281205012,0.01591233920902554
0.12218945342459138,0.016041999219673017,0.1221105281205012,0.01591233920902554
0.12218945342459138,0.016041999219673017,0.1221105281205012,0.01591233920902554
0.12218945342459138,0.016041999219673017,0.1221105281205012,0.01591233920902554
0.12218945342459138,0.016041999219673017,0.1221105281205012,0.01591233920902554
0.12218945342459138,0.016041999219673017,0.1221105281205012,0.01591233920902554
0.11940216263645731,0.016332677823929984,0.11934500094668939,0.01619325156057902
0.11940216263645731,0.016332677823929984,0.11934500094668939,0.01619325156057902
0.11940216263645731,0.016332677823929984,0.11934500094668939,0.01619325156057902
0.11940216263645731,0.016332677823929984,0.11934500094668939,0.01619325156057902
0.11940216263645731,0.016332677823929984,0.11934500094668939,0.01619325156057902
0.11940216263645731,0.016332677823929984,0.11934500094668939,0.01619325156057902
0.11940216263645731,0.016332677823929984,0.11934500094668939,0.01619325156057902
0.11940216263645731,0.016332677823929984,0.11934500094668939,0.01619325156057902
0.11940216263645731,0.016332677823929984,0.11934500094668939,0.01619325156057902
0.11940216263645731,0.016332677823929984,0.11934500094668939,0.01619325156057902
0.11906054548723603,0.01634562352636751,0.11900729297856827,0.016206158553499387
0.11906054548723603,0.01634562352636751,0.11900729297856827,0.016206158553499387
0.11906054548723603,0.01634562352636751,0.11900729297856827,0.016206158553499387
0.11906054548723603,0.01634562352636751,0.11900729297856827,0.016206158553499387
0.11906054548723603,0.01634562352636751,0.11900729297856827,0.016206158553499387
0.11906054548723603,0.01634562352636751,0.11900729297856827,0.016206158553499387
0.11906054548723603,0.01634562352636751,0.11900729297856827,0.016206158553499387
0.11906054548723603,0.01634562352636751,0.11900729297856827,0.016206158553499387
0.11906054548723603,0.01634562352636751,0.11900729297856827,0.016206158553499387
0.11906054548723603,0.01634562352636751,0.11900729297856827,0.016206158553499387
0.11857052961821676,0.01720497858697153,0.11852217069653,0.017055380995977785
0.11857052961821676,0.01720497858697153,0.11852217069653,0.017055380995977785
0.11857052961821676,0.01720497858697153,0.11852217069653,0.017055380995977785
0.11857052961821676,0.01720497858697153,0.11852217069653,0.017055380995977785
0.11857052961821676,0.01720497858697153,0.11852217069653,0.017055380995977785
0.11857052961821676,0.01720497858697153,0.11852217069653,0.017055380995977785
0.11857052961821676,0.01720497858697153,0.11852217069653,0.017055380995977785
0.11857052961821676,0.01720497858697153,0.11852217069653,0.017055380995977785
0.11857052961821676,0.01720497858697153,0.11852217069653,0.017055380995977785
0.11857052961821676,0.01720497858697153,0.11852217069653,0.017055380995977785
0.11478671611471522,0.01779403482548822,0.1147654637143978,0.017642629019154626
0.11478671611471522,0.01779403482548822,0.1147654637143978,0.017642629019154626
0.11478671611471522,0.01779403482548822,0.1147654637143978,0.017642629019154626
0.11478671611471522,0.01779403482548822,0.1147654637143978,0.017642629019154626
0.11478671611471522,0.01779403482548822,0.1147654637143978,0.017642629019154626
0.11478671611471522,0.01779403482548822,0.1147654637143978,0.017642629019154626
0.11478671611471522,0.01779403482548822,0.1147654637143978,0.017642629019154626
0.11478671611471522,0.01779403482548822,0.1147654637143978,0.017642629019154626
0.11478671611471522,0.01779403482548822,0.1147654637143978,0.017642629019154626
0.11478671611471522,0.01779403482548822,0.1147654637143978,0.017642629019154626
0.11163145367705388,0.017961477043706358,0.11164134179710142,0.01782324894648118
0.11163145367705388,0.017961477043706358,0.11164134179710142,0.01782324894648118
0.11163145367705388,0.017961477043706358,0.11164134179710142,0.01782324894648118
0.11163145367705388,0.017961477043706358,0.11164134179710142,0.01782324894648118
0.11163145367705388,0.017961477043706358,0.11164134179710142,0.01782324894648118
0.11163145367705388,0.017961477043706358,0.11164134179710142,0.01782324894648118
0.11163145367705388,0.017961477043706358,0.11164134179710142,0.01782324894648118
0.11163145367705388,0.017961477043706358,0.11164134179710142,0.01782324894648118
0.11163145367705388,0.017961477043706358,0.11164134179710142,0.01782324894648118
0.11163145367705388,0.017961477043706358,0.11164134179710142,0.01782324894648118
0.10984663533738963,0.016184692369070823,0.10987155998540746,0.016051814258793224
0.10984663533738963,0.016184692369070823,0.10987155998540746,0.016051814258793224
0.10984663533738963,0.016184692369070823,0.10987155998540746,0.016051814258793224
0.10984663533738963,0.016184692369070823,0.10987155998540746,0.016051814258793224
0.10984663533738963,0.016184692369070823,0.10987155998540746,0.016051814258793224
0.10984663533738963,0.016184692369070823,0.10987155998540746,0.016051814258793224
0.10984663533738963,0.016184692369070823,0.10987155998540746,0.016051814258793224
0.10984663533738963,0.016184692369070823,0.10987155998540746,0.016051814258793224
0.10984663533738963,0.016184692369070823,0.10987155998540746,0.016051814258793224
0.10984663533738963,0.016184692369070823,0.10987155998540746,0.016051814258793224
