0.690105089053218,0.0,0.6912234383568804,0.0
0.6090880910039892,0.07042097924344688,0.6103937975412708,0.07031862132495746
0.6090880910039892,0.07042097924344688,0.6103937975412708,0.07031862132495746
0.6090880910039892,0.07042097924344688,0.6103937975412708,0.07031862132495746
0.6090880910039892,0.07042097924344688,0.6103937975412708,0.07031862132495746
0.6090880910039892,0.07042097924344688,0.6103937975412708,0.07031862132495746
0.6090880910039892,0.07042097924344688,0.6103937975412708,0.07031862132495746
0.6090880910039892,0.07042097924344688,0.6103937975412708,0.07031862132495746
0.6090880910039892,0.07042097924344688,0.6103937975412708,0.07031862132495746
0.6090880910039892,0.07042097924344688,0.6103937975412708,0.07031862132495746
0.6090880910039892,0.07042097924344688,0.6103937975412708,0.07031862132495746
0.5593677693204535,0.09180431148761616,0.5608013031224348,0.09168001507368048
0.5593677693204535,0.09180431148761616,0.5608013031224348,0.09168001507368048
0.5593677693204535,0.09180431148761616,0.5608013031224348,0.09168001507368048
0.5593677693204535,0.09180431148761616,0.5608013031224348,0.09168001507368048
0.5593677693204535,0.09180431148761616,0.5608013031224348,0.09168001507368048
0.5593677693204535,0.09180431148761616,0.5608013031224348,0.09168001507368048
0.5593677693204535,0.09180431148761616,0.5608013031224348,0.09168001507368048
0.5593677693204535,0.09180431148761616,0.5608013031224348,0.09168001507368048
0.5593677693204535,0.09180431148761616,0.5608013031224348,0.09168001507368048
0.5593677693204535,0.09180431148761616,0.5608013031224348,0.09168001507368048
0.5132617700378674,0.09305389142020215,0.5147909088579017,0.09290249043544176
0.5132617700378674,0.09305389142020215,0.5147909088579017,0.09290249043544176
0.5132617700378674,0.09305389142020215,0.5147909088579017,0.09290249043544176
0.5132617700378674,0.09305389142020215,0.5147909088579017,0.09290249043544176
0.5132617700378674,0.09305389142020215,0.5147909088579017,0.09290249043544176
0.5132617700378674,0.09305389142020215,0.5147909088579017,0.09290249043544176
0.5132617700378674,0.09305389142020215,0.5147909088579017,0.09290249043544176
0.5132617700378674,0.09305389142020215,0.5147909088579017,0.09290249043544176
0.5132617700378674,0.09305389142020215,0.5147909088579017,0.09290249043544176
0.5132617700378674,0.09305389142020215,0.5147909088579017,0.09290249043544176
0.48344134625723756,0.0952400969681283,0.4850686517603992,0.09505407235677238
0.48344134625723756,0.0952400969681283,0.4850686517603992,0.09505407235677238
0.48344134625723756,0.0952400969681283,0.4850686517603992,0.09505407235677238
0.48344134625723756,0.0952400969681283,0.4850686517603992,0.09505407235677238
0.48344134625723756,0.0952400969681283,0.4850686517603992,0.09505407235677238
0.48344134625723756,0.0952400969681283,0.4850686517603992,0.09505407235677238
0.48344134625723756,0.0952400969681283,0.4850686517603992,0.09505407235677238
0.48344134625723756,0.0952400969681283,0.4850686517603992,0.09505407235677238
0.48344134625723756,0.0952400969681283,0.4850686517603992,0.09505407235677238
0.48344134625723756,0.0952400969681283,0.4850686517603992,0.09505407235677238
0.4768620083225551,0.10633807945466352,0.478717131960902,0.10612648546773468
0.4768620083225551,0.10633807945466352,0.478717131960902,0.10612648546773468
0.4768620083225551,0.10633807945466352,0.478717131960902,0.10612648546773468
0.4768620083225551,0.10633807945466352,0.478717131960902,0.10612648546773468
0.4768620083225551,0.10633807945466352,0.478717131960902,0.10612648546773468
0.4768620083225551,0.10633807945466352,0.478717131960902,0.10612648546773468
0.4768620083225551,0.10633807945466352,0.478717131960902,0.10612648546773468
0.4768620083225551,0.10633807945466352,0.478717131960902,0.10612648546773468
0.4768620083225551,0.10633807945466352,0.478717131960902,0.10612648546773468
0.4768620083225551,0.10633807945466352,0.478717131960902,0.10612648546773468
0.4658685893979041,0.09887218607470626,0.4679356979095428,0.09861037346283558
0.4658685893979041,0.09887218607470626,0.4679356979095428,0.09861037346283558
0.4658685893979041,0.09887218607470626,0.4679356979095428,0.09861037346283558
0.4658685893979041,0.09887218607470626,0.4679356979095428,0.09861037346283558
0.4658685893979041,0.09887218607470626,0.4679356979095428,0.09861037346283558
0.4658685893979041,0.09887218607470626,0.4679356979095428,0.09861037346283558
0.4658685893979041,0.09887218607470626,0.4679356979095428,0.09861037346283558
0.4658685893979041,0.09887218607470626,0.4679356979095428,0.09861037346283558
0.4658685893979041,0.09887218607470626,0.4679356979095428,0.09861037346283558
0.4658685893979041,0.09887218607470626,0.4679356979095428,0.09861037346283558
0.4588047461467636,0.09115470111824525,0.46101164990493515,0.09091184995275149
0.4588047461467636,0.09115470111824525,0.46101164990493515,0.09091184995275149
0.4588047461467636,0.09115470111824525,0.46101164990493515,0.09091184995275149
0.4588047461467636,0.09115470111824525,0.46101164990493515,0.09091184995275149
0.4588047461467636,0.09115470111824525,0.46101164990493515,0.09091184995275149
0.4588047461467636,0.09115470111824525,0.46101164990493515,0.09091184995275149
0.4588047461467636,0.09115470111824525,0.46101164990493515,0.09091184995275149
0.4588047461467636,0.09115470111824525,0.46101164990493515,0.09091184995275149
0.4588047461467636,0.09115470111824525,0.46101164990493515,0.09091184995275149
0.4588047461467636,0.09115470111824525,0.46101164990493515,0.09091184995275149
0.4554654839999287,0.08263211962870627,0.4579417851691824,0.08236031021004374
0.4554654839999287,0.08263211962870627,0.4579417851691824,0.08236031021004374
0.4554654839999287,0.08263211962870627,0.4579417851691824,0.08236031021004374
0.4554654839999287,0.08263211962870627,0.4579417851691824,0.08236031021004374
0.4554654839999287,0.08263211962870627,0.4579417851691824,0.08236031021004374
0.4554654839999287,0.08263211962870627,0.4579417851691824,0.08236031021004374
0.4554654839999287,0.08263211962870627,0.4579417851691824,0.08236031021004374
0.4554654839999287,0.08263211962870627,0.4579417851691824,0.08236031021004374
0.4554654839999287,0.08263211962870627,0.4579417851691824,0.08236031021004374
0.4554654839999287,0.08263211962870627,0.4579417851691824,0.08236031021004374
0.4552860341216616,0.07514017767376342,0.457870429853683,0.07487377862905921
0.4552860341216616,0.07514017767376342,0.457870429853683,0.07487377862905921
0.4552860341216616,0.07514017767376342,0.457870429853683,0.07487377862905921
0.4552860341216616,0.07514017767376342,0.457870429853683,0.07487377862905921
0.4552860341216616,0.07514017767376342,0.457870429853683,0.07487377862905921
0.4552860341216616,0.07514017767376342,0.457870429853683,0.07487377862905921
0.4552860341216616,0.07514017767376342,0.457870429853683,0.07487377862905921
0.4552860341216616,0.07514017767376342,0.457870429853683,0.07487377862905921
0.4552860341216616,0.07514017767376342,0.457870429853683,0.07487377862905921
0.4552860341216616,0.07514017767376342,0.457870429853683,0.07487377862905921
0.45284390863762913,0.06289910042699452,0.45571379786554334,0.06258038098961421
0.45284390863762913,0.06289910042699452,0.45571379786554334,0.06258038098961421
0.45284390863762913,0.06289910042699452,0.45571379786554334,0.06258038098961421
0.45284390863762913,0.06289910042699452,0.45571379786554334,0.06258038098961421
0.45284390863762913,0.06289910042699452,0.45571379786554334,0.06258038098961421
0.45284390863762913,0.06289910042699452,0.45571379786554334,0.06258038098961421
0.45284390863762913,0.06289910042699452,0.45571379786554334,0.06258038098961421
0.45284390863762913,0.06289910042699452,0.45571379786554334,0.06258038098961421
0.45284390863762913,0.06289910042699452,0.45571379786554334,0.06258038098961421
0.45284390863762913,0.06289910042699452,0.45571379786554334,0.06258038098961421
