0.690105089053218,0.0,0.6912234383568804,0.0
0.6794918437542303,0.011056698495279828,0.6806597954100682,0.011004432029083522
0.6780304366242229,0.01173240964429425,0.6791975560425357,0.011679245278679331
0.6754675148597272,0.013645448092142227,0.6766438503181752,0.013588035761741453
0.6747619213054069,0.013094483828478484,0.6759391846232271,0.01303816260806457
0.6719550524461116,0.01575472946497349,0.673136015839763,0.015698048089378098
0.6699185621921947,0.014959777328251654,0.6711101774323869,0.014907477596337442
0.6673146023860458,0.01351549549933577,0.6685192091581413,0.013479196788966313
0.6638282671498132,0.019369088787058952,0.6650358479354446,0.019338700492607705
0.659603293814118,0.02992430467741382,0.6608259853557649,0.02989032018706685
0.6584224130485726,0.028978514470048202,0.6596585153817537,0.02894837865761439
0.6533243799934964,0.03427572845218552,0.6545728588072495,0.03423104454202603
0.6542680939716905,0.03517133037209205,0.6555133872321706,0.03512142803718195
0.6488164417402511,0.03568294246100204,0.6500781675019713,0.0356401551868524
0.6438395496433678,0.036554357803118186,0.6451211770791091,0.036495018812366796
0.6309981539703118,0.05779637425451526,0.6323458681095017,0.057568863781542225
0.6205732808038487,0.0621157365041362,0.621987137301213,0.06180286520428168
0.6151257527228535,0.059343937099822656,0.6165310230148826,0.05903179953799072
0.6103715794637657,0.06310841700862994,0.6117553989056547,0.06282446288560072
0.599288722600016,0.06351138823747746,0.6007180890077671,0.06325123261060028
0.598183095730737,0.06312367646001396,0.5996170275127694,0.06286419181204642
0.6004721996372256,0.06360493105858318,0.6019284274218581,0.06335570155768565
0.5994872297883022,0.06286301517904493,0.6009412831943217,0.06261220149541223
0.5962901703778714,0.06210550485449207,0.5977490603887373,0.06186043764235163
0.5920160641921522,0.06187894991750292,0.5934826671992831,0.061632985736043394
0.5920160641921522,0.06187894991750292,0.5934826671992831,0.061632985736043394
0.5878061336874205,0.06134244020384724,0.5893078616511008,0.061050078824057004
0.5832719653833489,0.06152505774554599,0.5847749312585948,0.061247810247938884
0.5746600926458751,0.057906872126552086,0.5761973275988063,0.05760635993370158
0.5744593929235857,0.05798402160105292,0.5759968577753186,0.05768468966823103
0.5692507510235374,0.05692451994819091,0.5708232903260234,0.05661308097803285
0.5676932840540057,0.05849861890537287,0.5692880894254422,0.058153006824683745
0.566808862248348,0.0588878750667159,0.5684064197768779,0.05854485965351821
0.5649810576439369,0.05757374923686748,0.5665834278754682,0.057233986642818965
0.5636356090630221,0.05310566991865216,0.5652199836950663,0.05280444295146726
0.5607382939154271,0.05799971417828455,0.5623455085357671,0.057637380366554324
0.5585069273547869,0.0572643608905609,0.5601329436893466,0.05689828600967133
0.5559516207576332,0.05767960008225051,0.5575865215590075,0.05732274241907529
0.5521808864133945,0.06231186449467192,0.5538342076141357,0.06193408566732439
0.5494652151564972,0.06095129656232641,0.5511198105371071,0.060574491501519355
0.5473103296660928,0.061946494499145285,0.5489771004668977,0.06158823633453079
0.545033777450249,0.06258910137219192,0.5467028849046264,0.062227088719799296
0.5442436623211002,0.06140156115989539,0.5459111457524437,0.06103618836207172
0.5425358641811499,0.06665506101712144,0.5441933365607,0.06630313725513973
0.5431072481676222,0.06668603841896158,0.5447792604714332,0.06633549206815963
0.542489264811622,0.06532693424877976,0.5441845929936939,0.06495777280659035
0.5387506459547203,0.06579327602402758,0.5404267568570276,0.06545213670164236
0.5364755005707669,0.06486046016007514,0.5381563318046427,0.06452165922746733
0.5336764416752136,0.06428079685191532,0.5353623463489333,0.06395361007844125
0.5314040809296252,0.06004360683193875,0.5330883826518689,0.059712828491401165
0.5259586569957655,0.05850063233414375,0.5276752079129519,0.058171414480931126
0.522867596317233,0.05979297221455644,0.524592742515826,0.05943415795835865
0.5179719490774863,0.05937106691298446,0.5197183912594604,0.05900447848781253
0.5148954698752359,0.05828440734165888,0.5166336941278236,0.05792757140873642
0.5144608181548256,0.05806637410029529,0.5162196988173582,0.057706374721409305
0.512521193604117,0.05802416676478973,0.5142872386326288,0.057676765731545614
0.5070421279060658,0.058085641293599756,0.5088196711971025,0.05775971533393432
0.5043859100716422,0.05774593890859596,0.5061513941503004,0.0574293930042878
0.5024035192160009,0.06105171571968805,0.5042106284482887,0.06073828346449866
0.49860134842024173,0.06302165910894568,0.5004345592671513,0.06273256452487877
0.49354815846062394,0.06222444008121653,0.4954130655518367,0.06192889486620861
0.4906470931927071,0.0609228463620079,0.49254730938497004,0.060618407172486344
0.4886181030163354,0.0613959311756595,0.49050870814414005,0.061085576025896676
0.48722723859241845,0.06183476141348826,0.4891414290333951,0.06151962942443713
0.4797077053590352,0.058920431560746854,0.4816613884501527,0.05858044852556802
0.4794719875185356,0.05899721305822673,0.4814158528248786,0.058663131714486325
0.4796630721468583,0.058759356230212,0.48165507676037295,0.05840134550839124
0.4766284111606682,0.0563181202632,0.47861820618872947,0.05594980525252828
0.4709212147901235,0.04985110254698395,0.4729244039714645,0.04947511318814924
0.46945163004040086,0.0499554520349245,0.47146289227606986,0.049598291826189495
0.4658650376477165,0.04547458383876478,0.46788718268920026,0.045132318248204885
0.46457231920126996,0.045075353553191505,0.4666068254203585,0.04474905285823575
0.4635619600068074,0.04503121681160659,0.4655952886210824,0.04470470109670737
0.46320160199123056,0.04505002478858862,0.46523062189863856,0.0447221502495656
0.4619128631951064,0.043478888512109154,0.4639433867213718,0.04315558358658436
0.46104894902573906,0.043567684739654146,0.46305559274085395,0.04325348130326152
0.45970505197356026,0.04353901863110292,0.4617133387588737,0.043227608511914366
0.45938655636892217,0.043705986133740805,0.46140722348164226,0.04339550435247946
0.4580406511180667,0.04413272775899282,0.4600947746206234,0.04382391390832781
0.45772630809428605,0.04428920106490679,0.4597994759902405,0.043967537655704735
0.4585396835460456,0.04818517327037885,0.4606287968491383,0.04786905383177775
0.45827777254063645,0.04822798483155108,0.46038839526214587,0.047911113274751276
0.4569669829045142,0.04494223898704043,0.45907288675375735,0.0446207823001956
0.45795867051512734,0.04452184027445867,0.46006275516584844,0.04418559139986608
0.45814452503779146,0.04441608465951324,0.4602561149008043,0.04407908748387679
0.45598128757294054,0.042616077756653145,0.45810026193990716,0.042284824794046896
0.4552962134146824,0.04316364102802187,0.4574618007061437,0.04282514370431868
0.4549674368828045,0.04299191077890756,0.4571314431815424,0.042648174903765435
0.452800295294771,0.04375920001310072,0.4549229440853493,0.043440652209609125
0.45246900653097083,0.04313018603777042,0.45459948492858127,0.042810647482666504
0.4521718130830258,0.04304972567595726,0.4543027286659572,0.04272493629744052
0.45051209674582493,0.03978031635731187,0.45264371101667644,0.03946088643523589
0.45051209674582493,0.03978031635731187,0.45264371101667644,0.03946088643523589
0.4500468737374126,0.038683538820641114,0.45218526284517013,0.03836432859014406
0.44986538859703373,0.03867195451343423,0.4519834527193849,0.03835574538656239
0.44986538859703373,0.03867195451343423,0.4519834527193849,0.03835574538656239
0.44771495455098886,0.03879665001334889,0.44983913211513105,0.03849873188597034
0.44778362147375644,0.03879084970481532,0.4499626910188156,0.03847440729622505
0.44658319139417824,0.03883325094329562,0.44874493158946127,0.03852579982076505
0.44500790085520253,0.03710822905791964,0.4471792290754581,0.036825427791187006
0.44462105433581245,0.03720056917733703,0.44678395855560205,0.036921077140860195
