0.8126894984310595,1.1102230246251565e-16,0.8126568354471491,0.0
0.8120423120166919,0.0011238613566509545,0.8120103936448289,0.0011226619868997694
0.8116069942102755,0.001371051437953175,0.8115752254854962,0.0013689269221763883
0.8104756535015201,0.0023383731332995796,0.8104434393496547,0.002338547966524552
0.8104870508085137,0.0021859372140191373,0.8104547793380383,0.0021861463016888964
0.8100770121654627,0.0028287010417214296,0.8100446595715655,0.00282936062686238
0.8090629051502054,0.0026056275444322667,0.8090289574477854,0.0026074737519678113
0.8089767505277876,0.0026122850102935483,0.8089426189371558,0.002614405800699038
0.8088757797394754,0.0027436801972300973,0.8088417045566079,0.0027462467285028517
0.808170969189207,0.0032423556754856827,0.8081368217744771,0.003244036023208088
0.8077960074817488,0.002966694438579173,0.8077621459243144,0.0029679753344355277
0.8077960074817488,0.002966694438579173,0.8077621459243144,0.0029679753344355277
0.8072894820470973,0.003769767298546184,0.8072552142738152,0.003770743708062074
0.8071184119959659,0.003734938213640783,0.8070840554386465,0.0037363393051088223
0.8064180062740924,0.0033712630206153876,0.8063844688639165,0.003372287696328699
0.8062565676297778,0.0033105555015989505,0.8062230009549267,0.0033115698740012935
0.8051836588582446,0.0038822823109354344,0.8051494356408316,0.0038832135089652726
0.8051557519508984,0.003928231671805753,0.8051220685361502,0.003929934595226303
0.805101910153209,0.003917847372635327,0.8050682060859421,0.003919648797645212
0.8046817059149449,0.0036487542198661445,0.804647058840963,0.003650111711371472
0.8043966281238701,0.0038675667990070656,0.8043623084257036,0.003868608779743008
0.804204613859192,0.0034292097789405686,0.8041699356404338,0.0034300820210652755
0.803609582368491,0.004070417562489828,0.8035740854011149,0.004072002651131639
0.803529553555601,0.003942035323183767,0.8034939300009863,0.003943537611814937
0.8030809612040747,0.004326931619443369,0.8030447493113202,0.004328967139473775
0.8026028451449558,0.004127686868671278,0.8025664041792158,0.004129185319751729
0.8020126875854681,0.0045769072695592975,0.8019760321751201,0.004577920711181383
0.8020468157679398,0.004824494783582953,0.8020108431673849,0.004826358971381532
0.8016737474806389,0.004779590206719392,0.8016377340659604,0.004781142105637592
0.8010239588505124,0.005275154915596079,0.8009870412519063,0.005277971915855035
0.8005301374596254,0.005518039966974395,0.8004931531397403,0.00551968435141265
0.7997617318360863,0.0059356120749549145,0.7997238647368854,0.00593830725840562
0.8000416962500203,0.005532942996545736,0.8000036322020012,0.005535753846261116
0.8002701330395204,0.006875511261613065,0.8002328047691958,0.006880008793081841
0.7987466430400071,0.005206551795661574,0.7987073020855113,0.005208186930465579
0.7987672755049952,0.005037944326021797,0.7987278075372202,0.005039924299906995
0.7984672946069672,0.004828096617919879,0.7984274399494655,0.004829466033239499
0.797853150773544,0.005496361522920008,0.7978134648457963,0.005496048018918239
0.7971144974945652,0.005298730701541455,0.7970747644435097,0.005297791353905961
0.794838447689698,0.006594302241883159,0.7947979489599784,0.0065977667181405806
0.7946843461646738,0.006447070727445935,0.7946437187841348,0.00645063115995813
0.7937190923677637,0.008478617060277454,0.7936789214638937,0.008483112541501303
0.7936472079281472,0.008784977854037576,0.7936071648448958,0.008790073212663858
0.7935427053427905,0.008829902414539825,0.7935025870048389,0.008835535033034954
0.792322911729108,0.009827328720432252,0.7922831011941224,0.009832193446497647
0.7914986980998304,0.00974667241411491,0.7914582331041635,0.00975170560947419
0.7909544659991539,0.009425659454508859,0.7909134617548622,0.009429550168811602
0.7898519076555712,0.009860494441067865,0.7898094964075001,0.009866802768535465
0.789414694693994,0.010276105610328183,0.7893728874341377,0.010282565211720822
0.7890533855337026,0.010021741715162322,0.7890111476103246,0.01002800068874341
0.7888007493222736,0.009920991167967047,0.7887581784378611,0.009927264202839948
0.7873893249741435,0.009755610961878616,0.7873468857151613,0.009761949780749745
0.7873635325792245,0.010464352119023008,0.7873215541196661,0.010471618656966048
0.785585475256984,0.009493822533177454,0.7855413288503217,0.009500309691796053
0.78307739086557,0.010313715994629678,0.7830329154553757,0.010323561175976534
0.7818134619197694,0.012600690784863115,0.7817693429698536,0.012610017806751089
0.7803274340431833,0.013530787889037395,0.7802819161628622,0.01354205097450722
0.7795715417911464,0.012530829726935979,0.779525778708523,0.012540854684256489
0.7792670685617413,0.012400163076894332,0.7792212176475903,0.01240987002949647
0.7787817095025668,0.012437473949653192,0.7787353474259096,0.012446573256245003
0.7782204751886204,0.013171014052367917,0.7781735466755272,0.013181059587771255
0.775891980003226,0.013677012015104795,0.7758425559272331,0.013687788516869517
0.775891980003226,0.013677012015104795,0.7758425559272331,0.013687788516869517
0.7753863043107857,0.014060901505521587,0.7753375294963399,0.014070794444992533
0.7744772041714973,0.013822463451953544,0.7744274927895793,0.013831989782520088
0.7754126748966037,0.014193752701660359,0.7753619342386202,0.014203300556954887
0.7736823836883706,0.015454111363029674,0.7736289303062994,0.015465205429373234
0.7713536596619711,0.018409511574291985,0.7712981728885622,0.018421527268458932
0.7711151513183433,0.018127346942747032,0.7710592874991913,0.01813902496757155
0.7719167471812531,0.017836268440339594,0.7718619699492029,0.01784756006459481
0.7658101257207648,0.028804344739500994,0.7657523035305858,0.02882538551883327
0.7649130716646769,0.028372758480798135,0.7648558955690505,0.028394123331720752
0.7577136619219522,0.04477703030510243,0.7576505104951069,0.04481319691592989
0.7577136619219522,0.04477703030510243,0.7576505104951069,0.04481319691592989
0.7561781935325576,0.04481680501110023,0.7561135796427537,0.04485344298867703
0.7556271599082043,0.04463849988818779,0.7555623520871111,0.04467514204878924
0.7516587690361993,0.05483093302323016,0.751587566722923,0.05488501462191456
0.7497098919688245,0.05459938168182897,0.7496380333458778,0.05465378968851791
0.7486364974529066,0.05495836462849068,0.7485624932531387,0.05501371767551448
0.7463933545052175,0.05534323107168991,0.7463171287323533,0.05539892099697797
0.7456487568451492,0.05495581092194076,0.7455719691331705,0.055011364332389324
0.7447462586464291,0.055068335594746616,0.7446696444303345,0.05512431472723628
0.7436411096064153,0.054615320398555246,0.7435631241043007,0.054670839582251676
0.7431171265358578,0.05450001645859134,0.7430380644621016,0.0545554224540071
0.7428310781968144,0.05450787554907835,0.7427525962985068,0.05456309912832494
0.7421647011180244,0.054354917966537464,0.7420866404133784,0.054409911877539484
0.740590789212323,0.05450122495171606,0.7405104994950786,0.054555399130383
0.7386868796791666,0.05979129606689253,0.7386039125649042,0.0598530911935277
0.7317318055135945,0.06859954168686726,0.7316412990607859,0.06867470622482878
0.7311806180140565,0.06770446619103365,0.7310903225183473,0.06777953061616608
0.7310138336240076,0.06715077850223475,0.7309247530457593,0.06722704016506768
0.7306801641741373,0.0670315343882996,0.7305911378598451,0.0671077985447671
0.7271216519160693,0.07776080742539969,0.7270259820818448,0.07785609110510876
0.7244318552653836,0.08199470363012425,0.7243322969359048,0.08209742465674065
0.7240289705249404,0.0817491325060467,0.7239286198147595,0.08185138135810377
0.7202858055257483,0.080877922391714,0.7201811555305451,0.08097883364605415
0.714781683499528,0.08147000924643023,0.7146731238140397,0.08156871021667218
0.7186200565895438,0.08058372747910963,0.7185143985747118,0.08068408451055786
0.7183906065485706,0.08042040113920904,0.7182844194575972,0.0805207472665804
0.7150141209229776,0.08439029472750893,0.7149045455908032,0.08449893616756249
0.7128420128403092,0.0844641775557934,0.7127303279469683,0.08457172970708551
0.7119134445447538,0.08414542352391986,0.7118004780664731,0.08425217494103862
0.7120204940033966,0.0841061863287338,0.7119082546711024,0.08421327241516308
0.7067115867109673,0.09513558437438564,0.7065897401009449,0.09526362546417336
0.7072772212427116,0.09749268444603369,0.707155865996025,0.09762513233735293
0.7065586028726114,0.09723320531987037,0.7064383007158768,0.09736579223514437
0.7000228011627705,0.09767593692678435,0.6998981263014443,0.09780684176394373
0.7000228011627705,0.09767593692678435,0.6998981263014443,0.09780684176394373
0.694440588558838,0.10029520472941186,0.6943152021051421,0.10042167284688289
0.6894876501457696,0.09975487069397433,0.6893597357006803,0.0998807742447165
0.6894876501457696,0.09975487069397433,0.6893597357006803,0.0998807742447165
0.6787299268020492,0.10042901936718812,0.6785930190760869,0.10055408259003466
0.6718405318024647,0.10640898916105673,0.6716967046773009,0.10653921329153591
0.6683817836844049,0.11068837248739123,0.6682333231779578,0.1108304908667466
0.6665329585450614,0.11092634983905274,0.6663834988552655,0.11106802224385938
0.6649540828729805,0.1099399744324541,0.66480460028992,0.11008180330456256
0.6635836283489949,0.1091820965680532,0.6634340744271775,0.10932372933239115
0.6619783320172826,0.11204434413213366,0.6618260526596565,0.11219129946761813
0.6605869859891592,0.11087497605972611,0.6604351224783497,0.11102243848081532
0.6562752114767457,0.11081736782579227,0.656121773965145,0.11096461646704764
0.6552846524103414,0.10958053652086332,0.6551312884583536,0.10972646264421648
0.6552846524103414,0.10958053652086332,0.6551312884583536,0.10972646264421648
0.6541548009234983,0.1109749496520801,0.6539990813151169,0.11112716115557378
0.6519204416258579,0.1139844501556263,0.6517617614635478,0.11414591530433241
0.6516728064752673,0.11384241400776762,0.6515140474595272,0.11400392247793563
0.6515779221120457,0.1137416563877764,0.6514191418220999,0.11390318034295344
0.6503151132017616,0.1150127810241174,0.6501557346226731,0.1151728383177919
0.655200446612402,0.10861899793262332,0.6550511934693791,0.10876883489403273
0.6527120021564313,0.10741852618738254,0.6525603907838414,0.10756805326945273
0.6504151457645622,0.1097018515985432,0.6502611480113051,0.10985343005721818
0.640370991993241,0.11621923779316443,0.6402011240900162,0.11637728320948144
0.6384160964227236,0.11559329638683959,0.6382444016447186,0.11574933724155775
0.6373082830820371,0.11530001767507297,0.6371367236678557,0.11545539796579385
0.6330010342885455,0.11780499392220518,0.632823209133069,0.11796644556635887
0.6312272893690821,0.11734035426449085,0.6310464835050855,0.11750269289151218
0.6283811685547581,0.11672323321084432,0.6281973294407714,0.11688709258348526
0.6209498330024901,0.11399184494227707,0.6207631855467138,0.1141553512802597
0.6145876686675148,0.1142953868383607,0.6143993206595942,0.11445697150942376
0.6148854287744376,0.11443570345509152,0.614697788555617,0.11459793944057531
0.6141407923660805,0.11383519079583473,0.6139517344343985,0.11399638579328751
0.6058937367674306,0.1170063499196653,0.6056985358782933,0.11716694940463052
0.6033028665082487,0.11794924402047437,0.6031057590954104,0.11811213498504242
0.6027519336145477,0.12042847577678954,0.6025513932137232,0.12059722220100683
0.602526140619602,0.12146430501539256,0.6023247622942156,0.12163618322180646
0.6001811223096262,0.12322414679601541,0.5999750623184301,0.12339972189497311
0.5966262723442686,0.12543039940316386,0.596413888029357,0.12560813874727925
0.5948034114643027,0.12646518279253607,0.5945874447330326,0.1266408288615025
0.5910302952002388,0.1297538173541287,0.5908078165079783,0.12993412069842664
0.590255793181641,0.1294918787802294,0.5900329207104129,0.12967235822567041
0.5901015108365727,0.12939181222588825,0.5898784896054424,0.12957221582195036
0.5819551038486271,0.12916959483010954,0.5817249214863651,0.12934855063580597
0.5796489044136994,0.12842938496352352,0.5794149080719537,0.12861010631831415
0.5697750155758211,0.12680089333292657,0.569526206570839,0.12698183644918298
0.567074306220883,0.1248789873976237,0.5668215055727062,0.12505709849105942
0.5611764564019446,0.12209583034871373,0.560924585916492,0.12227148984588161
0.559556474239847,0.12129123803916969,0.5593027570438633,0.12146571620147542
0.5592411053645747,0.12129233465124581,0.5589876860588447,0.12146568185516243
0.5603847636564946,0.12239837105053888,0.5601321513716437,0.12257213080497971
0.5503334654075858,0.12280884206458208,0.550060661100112,0.12298634985940754
0.546951370719381,0.12259274061236042,0.5466733996797878,0.12277361420263959
0.5454156693961957,0.12371659398557298,0.5451323112167931,0.12389984481875842
0.5399263940533959,0.12433442429640124,0.5396343732975971,0.12452511713695517
0.528471067917119,0.11990842939168567,0.5281604591093905,0.12009769222207843
0.5269973267655399,0.11973670427616555,0.5266851238115139,0.11992582296102514
0.5248401079054171,0.11720889403400915,0.5245250849092462,0.11739544184183232
0.5210875328049145,0.1198556725694037,0.5207649219429619,0.12004851009395105
0.5206652270366183,0.11946878835588752,0.520338610167784,0.11966475325076431
0.5215443274502264,0.1194617585163006,0.5212155910527267,0.11966262800976038
0.5219524086989711,0.11988681581129619,0.5216240567823935,0.12008801881770784
0.5218882430710308,0.1197811254246699,0.5215598364223131,0.11998227298203973
0.5181995114936635,0.1217337753188514,0.5178601903073814,0.12193936209293649
0.5144731792612551,0.1224553211219251,0.5141265095079419,0.12266649751530007
0.5112890017531649,0.12035795863980271,0.5109431197439916,0.12056765093694981
0.5071180904577104,0.1204125431847831,0.5067650114165116,0.12061851111730096
0.5066577927528697,0.11960787877364755,0.5063038214275182,0.11981256318666125
0.5025637674004555,0.11680602902210585,0.5022153052323379,0.11701253113689844
0.49997972613133274,0.11546105755279244,0.4996259820388255,0.11567349470969499
0.4932655798925942,0.11503710818253653,0.49289869909302786,0.1152480632371557
0.4895070340728953,0.11184345664483121,0.48913597442598433,0.11204841502368121
0.47602098481569965,0.10756399551227368,0.4756242168067044,0.10775619454889916
0.4735659210484739,0.1038733964761282,0.47316909411829633,0.10406368924914033
0.47107453014193756,0.1037866603380412,0.47067300815540947,0.10397670760183489
0.469261468295617,0.10238835274448041,0.4688549758589847,0.10257555439835479
0.46643044927305527,0.10352234338947618,0.46601601815643184,0.10371344134872795
0.46232384499325674,0.09976854787278466,0.46189718903933574,0.09996065817019284
0.46232384499325674,0.09976854787278466,0.46189718903933574,0.09996065817019284
0.46222498994679106,0.10320862737053062,0.4617979245467402,0.10340064170057853
0.4566083486882648,0.10282859706510075,0.4561718497775774,0.10301834475668403
0.4497601578539442,0.10005812975249996,0.44931083510238423,0.10023774192039488
0.4506845412923429,0.09999069786808878,0.4502372046075441,0.10017049063399498
0.4437985390986444,0.10147290802146525,0.4433334120419811,0.10165574669441642
0.4400181460734709,0.102236604013909,0.439542138899767,0.10242230810696897
0.4408117440726455,0.10216669218852394,0.4403451512655807,0.102353628639229
0.4406593260944903,0.10229462563624707,0.44019354523769183,0.10248063509970547
0.44128025502471785,0.10363520481885717,0.4408175862688223,0.10382624714302102
0.4412812574956203,0.10363428791666995,0.4408193394447869,0.10382464338773445
0.44063004898907565,0.10232145329354135,0.4401672633751758,0.10251025561442485
0.43534100280190646,0.0981275028078799,0.43486836421132063,0.09831151626633909
0.4344387179498634,0.09830043678596061,0.43396375217335736,0.09848371513770302
0.4319609276392294,0.09682636160791072,0.4314815479565162,0.09700940455110744
0.42747515573351513,0.09851808873956933,0.4269748071570539,0.09870630261649298
0.4249235434949072,0.09486479636631019,0.4244166132255268,0.0950516900090087
0.42311341008931996,0.09437178480620188,0.42259967507223706,0.09455760144898911
0.42196569904559905,0.09477943917089708,0.4214434236566341,0.09496702358174823
0.4217611023805178,0.09491594440346787,0.42123714499278675,0.09510480909981649
0.4199324268734066,0.09413304466754889,0.41940368879642353,0.09432251906137835
0.41991013033674846,0.09414821603491327,0.4193813650736595,0.09433773496038632
0.41987350104997334,0.09417161722462514,0.4193465026627899,0.09435998655027368
0.41921149233162075,0.09319178990616934,0.41868315736799816,0.09337992401648673
0.4178600238342177,0.09375759506834527,0.4173223474858615,0.09394937555529033
0.4171616497299583,0.09250380898496535,0.41662328387980796,0.09269419713291403
0.41645477546806287,0.09257448967571613,0.415918761951996,0.09276183041303274
0.4140480817835943,0.09044637904744021,0.4135035508260856,0.09063353924452763
0.41372455051502666,0.09060501676128221,0.4131784657332848,0.09079320817537073
0.4117803741850006,0.08813391621766341,0.41122839494538327,0.08831439873530625
0.40919577962019626,0.08582539217616814,0.4086358808515385,0.08600630683813182
0.40826641888050963,0.08616053909752001,0.40770173984670965,0.08634255347846491
0.4057807728922934,0.0829141177357492,0.40521196171037105,0.08309399600855848
0.40292874147534796,0.07788617007820903,0.4023568269244109,0.07806038173273128
0.40168181265357267,0.0783167165264061,0.40110777918284696,0.0784903415982345
0.39786290891142306,0.07226744354275161,0.39728397390143205,0.07242679571154993
0.39336722976159766,0.0637823850478812,0.3927767436430274,0.06392596248854884
0.39304385591508256,0.06390494980582717,0.3924516212542867,0.06404903305080992
0.3871786376708807,0.05460582878499219,0.3865762996765784,0.05472671087432005
0.38456539082876595,0.052092289059963506,0.38396147150412224,0.052204218618661286
0.38456539082876595,0.052092289059963506,0.38396147150412224,0.052204218618661286
0.3848386133655537,0.05200312972322775,0.38423531883399564,0.05211488127033901
0.3854255423506943,0.05249281602820764,0.38482581343608674,0.052607620325870706
0.38470606243216066,0.05275614190742104,0.3841031724553778,0.05287212878640746
0.384825637301598,0.05277575089829428,0.38422290717912244,0.05289178362671942
0.3843649262837281,0.05298266054986649,0.383756748715152,0.05310142232960639
0.38318384080327034,0.05067935832290113,0.3825750668090321,0.05079988829225103
0.3839343690711759,0.05454126183877912,0.38332336845062787,0.05466724191067667
0.38420150127300007,0.05473154659687459,0.38359286577214136,0.054857261952199234
0.3820737295242207,0.048150499788234324,0.3814622583253461,0.048264652649338935
0.3816858414901517,0.048287586639314546,0.38107267263626066,0.048402264803952336
0.37686501632322444,0.04564703046356222,0.3762351423678565,0.04575108613935977
0.3755789959680341,0.04577305252387836,0.3749430508317026,0.04587856185963582
0.37510435054385616,0.04591817881088034,0.3744666750646548,0.04602426054083844
0.37475496925532453,0.045328679480899685,0.3741165595188546,0.04543492142121081
0.37472877724687426,0.045338781747483174,0.3740900331948658,0.045445121732280075
0.37468808769771267,0.04533888165352183,0.3740522638942241,0.04544356974454572
0.3758185729037991,0.04552268035686125,0.3751860621605423,0.045628835681911714
0.37508692413915445,0.04571356574718112,0.3744505314205176,0.04582205353176569
0.37272354875457986,0.04329763984313312,0.3720779468516645,0.04340254656699224
0.37272354875457986,0.04329763984313312,0.3720779468516645,0.04340254656699224
0.37252479310110864,0.043373008232542316,0.3718807929926245,0.043477614918179155
0.3724820097511463,0.04338833783476198,0.37183751120214537,0.04349312941858081
0.370720966603606,0.03841742539562777,0.37007687993513955,0.03851373414461782
0.37062960609021134,0.0384293375590543,0.36998639445688225,0.03852486784530449
0.36954754114242244,0.03853636496319711,0.3688996732650179,0.03863395559046673
0.36973576064970615,0.03847601387045716,0.3690894706756416,0.038572937850554344
0.3669495637560899,0.031125290435812143,0.36630036952903866,0.03120965410027763
0.3628569929724393,0.020539014193557997,0.36219921305244634,0.02060185856186751
0.3628569929724393,0.020539014193557997,0.36219921305244634,0.02060185856186751
0.3588721583532098,0.009046709955782748,0.3582057902320657,0.00907585951582926
0.3587590808444617,0.009030198802404044,0.3580923665450212,0.009058012492337895
0.3583319123286347,0.009119724032187086,0.35766431107526414,0.009148538640239836
0.3578949550779666,0.008606695834335775,0.35723484601457434,0.008636734435105252
0.3579287440402556,0.008612685989249075,0.35726974070078477,0.00864304335648996
0.3580416458482914,0.008777214504304348,0.3573876173607898,0.008812690262960382
0.35794219160959206,0.008760200233940694,0.3572906241301839,0.008794206422489091
0.35792596895036577,0.008736491272842418,0.3572776014511747,0.008769749915656879
0.3578061763472971,0.008809227804045404,0.35715759262943386,0.008843073637209025
0.35776713582392433,0.008836633431354782,0.35712037351734394,0.008869390649976003
0.3578168824327665,0.008863000266152679,0.35717468294168264,0.008896354612941287
0.35704277098971354,0.006568978580406417,0.35640727095033553,0.006598719055155853
0.35702870171535284,0.006572325346120233,0.35639349728499947,0.0066019847950025195
0.3564706213705787,0.005363553171209159,0.3558351198217451,0.0053848781304153695
0.35633115987329195,0.005419624058219643,0.3556962267780437,0.005441009603174062
0.35633115987329195,0.005419624058219643,0.3556962267780437,0.005441009603174062
0.35664157200555624,0.005307888610695559,0.35600619432604824,0.005327108231536045
0.35628267321818047,0.00545202363034921,0.3556474205713691,0.005473759519163389
0.35628198359827346,0.005452069823646161,0.3556486397157892,0.005473665439157379
0.3561580774271809,0.005169387062818326,0.3555308960290671,0.005196191413083555
0.35624672574187555,0.0050477423227540015,0.35562439180648264,0.00507475863032975
0.3562002569834307,0.005110447467346256,0.35558882749289006,0.005136013460763839
0.3561799975112807,0.005094754702512003,0.35556842940364275,0.005120123915240016
0.3561561902196418,0.005059436689587479,0.35555173961090586,0.005085354447787551
0.3561905533734488,0.0050716983709738345,0.3555890453918426,0.005096997516983941
0.35641648107158963,0.005373265979256133,0.35582086165855464,0.005408945063806673
0.35641648107158963,0.005373265979256133,0.35582086165855464,0.005408945063806673
0.35656534747890856,0.005513359274335457,0.3559789609533306,0.0055539538046414745
0.35628425896902394,0.005149255355941135,0.3556994518416151,0.0051932868862079274
0.3563579691082306,0.00516268311064695,0.35577319777507543,0.005208428458290666
0.35581532150925704,0.004864226301519028,0.3552316408250761,0.004909998128421336
0.35570377822524246,0.005016378234603478,0.3551231286992559,0.005067051254361465
0.35557658859226027,0.005159389957350791,0.35500369795462927,0.005210057153073335
0.3555418602110505,0.005200223755275435,0.35497250778622347,0.005249619711855402
0.3555506702544789,0.005202930344140653,0.3549804564325166,0.005253959508491455
0.35547978263488045,0.005284657660783867,0.3549118794348477,0.005335283310436279
0.3554801811661875,0.005284779383069089,0.35491225870552745,0.0053353941524811495
0.355466479700031,0.005293021733060036,0.35489982387768026,0.005342087636027909
0.35546673052148653,0.005293529835203947,0.35489994099251804,0.005342326135043788
0.3555118837731095,0.005334863897846756,0.3549469748390651,0.005385522438207659
0.3556002358396391,0.005268444912900622,0.35503894635039684,0.005317478087322898
0.35559099909533515,0.005311490674522783,0.35503135604648706,0.005362264803944793
0.35567698025569683,0.005265140035841707,0.3551220967900052,0.005315580207572847
0.3556641224348091,0.005278201082288545,0.3551092636850802,0.0053290279309176625
0.35568167552979346,0.005275147582854161,0.35512775506770267,0.005325914375980038
0.35573759952545125,0.00528221198032088,0.3551857893712193,0.005331811633761919
0.3557471465186318,0.0053595757811016045,0.3551976655489241,0.005409184416151005
0.3558385613243834,0.00545583949901335,0.35529329211954497,0.00550911993941587
0.355813309443734,0.005429871791691089,0.3552675137192301,0.005482973185060397
0.3558442166932821,0.005451821171926334,0.35530082030883126,0.005505242542991297
0.3558455898526016,0.005521336540676977,0.35530438794234426,0.005575813260438412
0.3559258609321354,0.005516060775184325,0.35538797016630413,0.0055705101445764444
0.35590057194205604,0.005477501136499296,0.3553623095910232,0.005531348789408517
0.3559703916531752,0.005452705885132449,0.355435051501794,0.005505430337648311
0.3559565621701452,0.005463582456443769,0.3554269137307706,0.005511401054113837
0.3559742825211544,0.005484910335799392,0.3554452257999716,0.005533496953312461
0.35597046003134547,0.005504277383955755,0.35544230179031405,0.005552821506896082
0.35608970447532007,0.005421260537866148,0.35556798522750616,0.005467214107813096
0.3561524758096278,0.0053580860264383695,0.3556330893062523,0.005399404064615385
0.3561808005261804,0.005339963531390057,0.3556632324866932,0.005380127272756503
0.35611835533935976,0.005387814700983991,0.3555985123599411,0.005426381435010453
0.3562876815378493,0.005344244245924279,0.35577745414536677,0.005383622571870439
0.35633247173532084,0.00540013094465252,0.3558231398129146,0.005440803783427712
0.3563826177015258,0.005451752744644271,0.3558757967613785,0.005494660732332228
0.35651626963534705,0.005336275415504909,0.35601671318814976,0.0053826437679081116
0.35650756134992156,0.005279577425017783,0.3560114313503643,0.005322211038127229
0.35665457703357595,0.005240281690022072,0.3561650691796567,0.005289731034861086
0.35680054160983166,0.005102573759553015,0.3563281704222412,0.005141233432325162
0.3568485173290283,0.005061576391691885,0.35638026612861073,0.005099430936218423
0.3569283794098087,0.0050519459996885285,0.35646418216520065,0.0050945390252699965
0.3569461441904257,0.005059714564402558,0.35648304572545125,0.00510226413388821
0.3569839091485704,0.005112149870709478,0.3565237388560432,0.005156788642176425
0.3569676791068147,0.005115374402315188,0.35650845734245007,0.005159891584832334
0.3570274486778162,0.005116102433386033,0.3565705614236859,0.005160762774127608
0.3570749939301918,0.005135203596489199,0.3566197760078357,0.005178842689671359
0.3572989327710023,0.005000148020798845,0.35685331161674005,0.005052082653203439
0.3578054104031615,0.004929641454269479,0.3573892992182997,0.00501697254006829
0.357826008314832,0.00491061794027789,0.35741142465131276,0.004997641896749109
0.35838842012463323,0.0051559237522339025,0.35800116917943503,0.005307496378628363
0.3583569893022396,0.0051922423477001834,0.35796942124133224,0.005343559364992165
0.3583139391406471,0.005224908883730202,0.35792857904169606,0.005376472937212142
0.3583175059642903,0.005214365032182609,0.35793512432317287,0.005371123365991403
0.3583013666601611,0.005231557740270926,0.3579206476797673,0.005387961827726063
0.3583013666601611,0.005231557740270926,0.3579206476797673,0.005387961827726063
0.35839846792421215,0.005212495873926218,0.35802073046172106,0.005369110935006593
0.358485079054649,0.005133284624346197,0.3581107936437945,0.0052920459667265595
0.358485079054649,0.005133284624346197,0.3581107936437945,0.0052920459667265595
0.358485079054649,0.005133284624346197,0.3581107936437945,0.0052920459667265595
0.3586226575862206,0.005079609814343494,0.3582548039496215,0.005235576884821285
0.35876686657961065,0.004966696067046097,0.3584043707294149,0.005117629985251406
0.3587654971543569,0.004973392759209516,0.35840285239870107,0.005124510700786965
0.3590196752227098,0.0047669229017416005,0.35866711066948365,0.0049143585343652384
0.3590466884163091,0.004793709709598193,0.35869498166843977,0.004940808772316331
0.3590799674492667,0.004879716067556493,0.3587308082519677,0.005027477852677957
0.35913493797756046,0.0049395034373036625,0.35878750960641526,0.005086811143194319
0.3591721307487654,0.0049346292882720315,0.3588263438606679,0.005084511856785605
0.35920620936629544,0.004968714277159092,0.35886167614399644,0.005120824535804906
0.35926790522287566,0.004887421756112354,0.35892529559528075,0.005036122261280198
0.3593613946604941,0.004931772254195356,0.3590235790918849,0.005080806358962359
0.359523848737102,0.005057796173278395,0.359193064170584,0.0052296510299902135
0.3596127750034442,0.005060739485925388,0.3592850402711911,0.005229558925727689
0.35967216120880197,0.005087772717062121,0.3593468502077951,0.005258876668599471
0.35979127916890496,0.005095545148016703,0.3594707304139912,0.0052626616903580165
0.359820052364015,0.005163481456618794,0.3595012316884259,0.0053317652879744295
0.3599019938271785,0.005097468587316729,0.3595891617102235,0.005266347315494445
0.3599019938271785,0.005097468587316729,0.3595891617102235,0.005266347315494445
0.35986907620688957,0.0051647858979560575,0.359553890466416,0.005330718627852433
0.35972031425752976,0.005031343057617627,0.35939881793918405,0.005189167348791327
0.35968606068236586,0.004914416547364574,0.3593605083340349,0.005049314684366758
0.35968329722238696,0.004913288548758578,0.35935785560472844,0.005048356897867797
0.35978624351024013,0.004754579538195386,0.35946467542509664,0.004883891601024665
0.3602261245199075,0.005012036591979967,0.35992700122372956,0.00519422125853004
0.3603559257971253,0.0051288010670308025,0.3600629064010669,0.005329184568319289
0.3606280835125606,0.005149798500430961,0.3603472195098198,0.005340736487772963
0.3607230999651228,0.005128264837671071,0.3604467593112747,0.0053251904586605675
0.36104923836827174,0.005247019187958108,0.3607853202077128,0.005437975375724732
0.36104923836827174,0.005247019187958108,0.3607853202077128,0.005437975375724732
0.3611397355967926,0.0051923949895561015,0.3608806994169892,0.005380984795463514
0.36118940339095573,0.005220928729835192,0.36093386631813384,0.005410308855303148
0.36129422943697087,0.005369355328198927,0.36104405084108776,0.005577747851410809
0.3615405956064568,0.005347443049140488,0.3613005815832099,0.005552167879064806
0.36155398067636857,0.005412376124340669,0.36131419868391473,0.005618678531631202
0.36160231615942146,0.005341704760549851,0.36136400221477494,0.005545356990400805
0.3621574802999684,0.005588919581815635,0.36194304339677036,0.005827857510318264
0.36221575227932534,0.005619287956054581,0.36200459121606954,0.005856225277554824
0.3625455830921928,0.005856522565537873,0.3623487531905024,0.006080626787585878
0.3627862989003009,0.005695440346157022,0.3626003738778466,0.005908571494902844
0.36277640705125414,0.005751818595693458,0.362589602636916,0.005971720717247109
0.36286234582116395,0.005635313767604547,0.36267750431532914,0.00585281826946434
0.3629155387620505,0.005619745125308505,0.36273283615673896,0.005837068213204989
0.36295751417157157,0.00555800085493772,0.36277647151783843,0.005772317620471588
0.3630322936240333,0.005585290695686213,0.36285533819393495,0.005797515746516403
0.3629457110419458,0.0054367069015515005,0.36276546999262277,0.005636071733640644
0.36295184433350913,0.005431819303859555,0.36277177250586207,0.005631047063063675
0.3631830949393672,0.005332670368825016,0.3630114637696397,0.005522413357257108
0.3633938659316907,0.005187137563492003,0.36323243704889,0.005374224080183983
0.36339749892783635,0.005187683991911695,0.3632362349785834,0.00537463919875382
0.36340429433295635,0.005153976066512455,0.36324031020495356,0.005341728076119253
0.36337392948579766,0.0051671250998285845,0.36320811274483644,0.005355479512521335
0.36373664892654894,0.004766897386210315,0.36358776965316536,0.004934571331007567
0.3638611253422265,0.004921887102930806,0.36371858174298943,0.0051100062295812345
0.36392823271371694,0.004840799840990568,0.3637902037301044,0.005023309657624855
0.3639722831854073,0.004795443920106858,0.36383593840831085,0.004975949883866218
0.36404979519219594,0.004782625257532345,0.3639165940565341,0.0049661815199929195
0.36411636670506475,0.004882475503814998,0.3639861998955109,0.0050785415645420735
0.3641708237530908,0.004937080787907425,0.3640429134108322,0.005132981051792493
0.3642883467325632,0.004988622148025765,0.3641654530133144,0.0051784716909914555
0.36444635816598636,0.004918726655806822,0.3643302294254358,0.005111809232411086
0.36414393932372957,0.005072147338966279,0.36401617731865044,0.005243494964970954
0.3641251683930873,0.005048537954598882,0.36399672411926287,0.005219284034792537
0.36461107395193715,0.005107445204726842,0.3645039880365626,0.005316235063319937
0.3646977663559795,0.0051028391392367815,0.3645958005833031,0.005309629549786531
0.3650646439407491,0.0057429269456029846,0.3649802361914881,0.0060136844110511714
0.36507552360567425,0.005756636985555156,0.3649921689820065,0.006026546116075526
0.3651825499707126,0.005842291751061724,0.36510439333298106,0.00612223085416989
0.3653459762651151,0.005795261117576352,0.3652751276993641,0.00607819982898912
0.36521044890534926,0.005921469500364991,0.36513516240406496,0.00620675443695312
0.3652325344812585,0.005909032717873586,0.3651580020510869,0.006193492894006349
0.3652245469823475,0.00586354460891033,0.36514962785441796,0.006148167320382195
0.3652929251612877,0.005827379947434262,0.3652216188993362,0.006109552454486094
0.36531422862301055,0.005844058740411031,0.36524362192380555,0.006125334542360793
0.3653504897902031,0.005793351904605825,0.36528176357626524,0.006071949364247444
0.36556363492386856,0.005655545609707348,0.3655033832561604,0.00593323198309911
0.3657288360310101,0.0059099556990453855,0.36567732473871917,0.006205136819009367
0.36580610686195375,0.005943318746521568,0.3657578883107993,0.006237377666367799
0.36591732675317157,0.005908909002617614,0.36587485911466044,0.006203533147640069
0.36630993660733374,0.006056319099750487,0.36628450452696165,0.006340319099808206
0.3664028568418741,0.006130886273556015,0.3663821178707313,0.006414145643743716
0.366688115241012,0.00601845054941721,0.3666820940538346,0.006292642959984944
0.36766776536908946,0.005949797158074988,0.36770270202493993,0.006232269827404469
0.3676635243085404,0.005966387260633493,0.3676972424410195,0.006247293520896889
0.36773854186560595,0.006032066005709992,0.36777568703126884,0.006312463518554721
0.3677589908043519,0.006018548768030324,0.3677972917356856,0.006297888573525051
0.36780421212440356,0.005971488575663819,0.36784452371537524,0.006248896578765425
0.3678287180183478,0.0059605859509738405,0.3678703345145961,0.0062389515144456505
0.36781085685547393,0.005943148319091021,0.3678518039357777,0.006222024141232672
0.36781085685547393,0.005943148319091021,0.3678518039357777,0.006222024141232672
0.3678726263508299,0.005887505591499808,0.36791585424568607,0.0061645020285307295
0.3680976067886757,0.005689678435897766,0.3681501978991005,0.005962224016918359
0.36813174645594043,0.005709671050781138,0.3681855010951279,0.005983365106970596
0.3683293156717057,0.005746781220520942,0.3683920254792021,0.006037769094392319
0.36858118151631036,0.00574603591965971,0.3686532524583199,0.006043997184679009
0.36864237004645495,0.005758075253088425,0.3687176528334287,0.006055451037043922
0.36868621817505043,0.005797561569805342,0.3687637482303224,0.006094686788260015
0.36883241930919486,0.005912508348469872,0.36891624777898196,0.006220520978142747
0.3690051126655737,0.005942256343124222,0.36909658417037694,0.006250083984561428
0.369013631929174,0.005937296695466835,0.3691054033365385,0.006245577232742388
0.369262897348477,0.006239898368142958,0.3693686294467289,0.006568528745908572
0.36939954772790146,0.0062756304011270135,0.3695121690807237,0.006602083359326227
0.36949992237701984,0.006326607782474613,0.3696173568603696,0.006651216751758742
0.36947503622500244,0.006670247091894769,0.3695945762867398,0.007034906763699492
0.36947503622500244,0.006670247091894769,0.3695945762867398,0.007034906763699492
0.36979853663241957,0.006909196628270549,0.3699332862266306,0.007267862657677654
0.36984414516645636,0.0068888596340759365,0.36998020373521107,0.007245530572558136
0.3701056808756985,0.007184009274456667,0.3702555776029621,0.0075665176916693555
0.37038905424823165,0.007283776613001629,0.37055340306932233,0.0076642135431561976
0.3704977598562282,0.007339118538441407,0.37066782293898043,0.007725390846989656
0.3708850233236743,0.007024616060317944,0.3710709402987995,0.007399516130957717
0.37124601185238976,0.0069316080717328815,0.371448459294221,0.007299312378300189
0.37124601185238976,0.0069316080717328815,0.371448459294221,0.007299312378300189
0.37115924595652183,0.0070014276973818,0.37136055258220485,0.0073713267911337576
0.37191733292057966,0.007278785506934365,0.37215010458336667,0.0076617575977931075
0.3716758100276177,0.007199116940473686,0.3719008333806273,0.007597271357866724
0.3716989666069323,0.007178336786913268,0.3719249724150659,0.0075756890115891195
0.3716999129999731,0.0071794514646046,0.3719259796689506,0.007576830471301815
0.3716999129999731,0.0071794514646046,0.3719259796689506,0.007576830471301815
0.3717026731669984,0.007175388502501592,0.3719283385695861,0.0075725149624839665
0.37172587274899055,0.0071529190472443705,0.37195138230354247,0.00755134026312632
0.3717543153901484,0.006715203393000015,0.3719789677602524,0.007088183536259719
0.3718101227822291,0.00672419170375447,0.3720368682810175,0.007097348090298838
0.37184581938053307,0.006696145378976165,0.3720734735301878,0.007068659773295012
0.3719085744219002,0.006681412619485046,0.37213908016656355,0.0070509866104683655
0.3719360718821453,0.006476856807746417,0.37216809228133296,0.006839535282839928
0.37192106700506755,0.006487130912569338,0.37215257970150495,0.006850592734779308
0.3719492656821159,0.006519272148404645,0.37218366642599343,0.0068835598270087645
0.3720725118587206,0.006590331195630186,0.37231330145379893,0.0069577586639677684
0.37214783299689497,0.006544382234362557,0.37239365171015604,0.0069109056700896385
0.37216203293690847,0.00660413488222767,0.3724095658693977,0.006967320359691886
0.37230577868384396,0.006580242481183152,0.37255998529178264,0.006940962570943066
0.3723127807908355,0.006566635447957449,0.37256722819950927,0.006927587863653003
0.37237618059155564,0.006315220459561641,0.3726329819933191,0.006661554201500655
0.37237957150302825,0.006170332081287312,0.3726361755847309,0.006511118602298703
0.37247790455165036,0.006280722558265164,0.3727399462132734,0.006635208383712375
0.3725923596697963,0.006273983855864378,0.3728603199734267,0.0066310999861942796
0.37293226970060134,0.006502835076744337,0.37321691412670716,0.006890120336505107
0.37294290726546075,0.006505482187493524,0.3732274309881049,0.006892175221143
0.37299967471359297,0.0065222309015716354,0.37328786308380246,0.006906765248767771
0.37317083954203045,0.006786078429430856,0.3734690427788009,0.007194890465882668
0.3731851897082068,0.006789929139937956,0.3734838622636925,0.007197634039109322
0.3731461912519073,0.006792146514374815,0.37344344639522215,0.007201120051355083
0.3729944747885915,0.006707013009899318,0.37328491339327574,0.0071117331708734745
0.3730738386339345,0.00666841556728512,0.37336843439300066,0.007075440388556489
0.37310581864682124,0.006669778240862891,0.37340190993685696,0.007076919033265716
0.37320153513622234,0.0065682663439833935,0.3735016975668867,0.0069713767643778315
0.3734128504549039,0.006638585542727209,0.37372483981974375,0.007050927152645428
0.3734128504549039,0.006638585542727209,0.37372483981974375,0.007050927152645428
0.3735285543772716,0.006602465056174694,0.37384521420117023,0.007011211548712606
0.37350010611752965,0.006611429013334003,0.37381600517828883,0.0070210191257118314
0.3734482062700715,0.006383577995517834,0.3737617879039953,0.006777346013029492
0.3735465545490363,0.006328151152439501,0.3738642652255654,0.006721143942953249
0.3735907715396932,0.006432488486735518,0.3739115888065271,0.006829315446877398
0.3739159043122549,0.007176115382983767,0.374252788824435,0.007626266725892545
0.37373136673715524,0.007253481645078415,0.37406049420084697,0.007706805942916313
0.3740041002996367,0.006982684878900828,0.3743437562860287,0.007427548876889415
0.3740041002996367,0.006982684878900828,0.3743437562860287,0.007427548876889415
0.3740041002996367,0.006982684878900828,0.3743437562860287,0.007427548876889415
