0.690105089053218,0.0,0.6912234383568804,0.0
0.6078075359398817,0.06827423521432616,0.6091200389121002,0.06820939486213369
0.6078075359398817,0.06827423521432616,0.6091200389121002,0.06820939486213369
0.6078075359398817,0.06827423521432616,0.6091200389121002,0.06820939486213369
0.6078075359398817,0.06827423521432616,0.6091200389121002,0.06820939486213369
0.6078075359398817,0.06827423521432616,0.6091200389121002,0.06820939486213369
0.6078075359398817,0.06827423521432616,0.6091200389121002,0.06820939486213369
0.6078075359398817,0.06827423521432616,0.6091200389121002,0.06820939486213369
0.6078075359398817,0.06827423521432616,0.6091200389121002,0.06820939486213369
0.6078075359398817,0.06827423521432616,0.6091200389121002,0.06820939486213369
0.6078075359398817,0.06827423521432616,0.6091200389121002,0.06820939486213369
0.556953337025915,0.08767275659002996,0.55839354085538,0.08759397579487183
0.556953337025915,0.08767275659002996,0.55839354085538,0.08759397579487183
0.556953337025915,0.08767275659002996,0.55839354085538,0.08759397579487183
0.556953337025915,0.08767275659002996,0.55839354085538,0.08759397579487183
0.556953337025915,0.08767275659002996,0.55839354085538,0.08759397579487183
0.556953337025915,0.08767275659002996,0.55839354085538,0.08759397579487183
0.556953337025915,0.08767275659002996,0.55839354085538,0.08759397579487183
0.556953337025915,0.08767275659002996,0.55839354085538,0.08759397579487183
0.556953337025915,0.08767275659002996,0.55839354085538,0.08759397579487183
0.556953337025915,0.08767275659002996,0.55839354085538,0.08759397579487183
0.5096071506092136,0.08731057269090495,0.5111405169496834,0.08720799229509131
0.5096071506092136,0.08731057269090495,0.5111405169496834,0.08720799229509131
0.5096071506092136,0.08731057269090495,0.5111405169496834,0.08720799229509131
0.5096071506092136,0.08731057269090495,0.5111405169496834,0.08720799229509131
0.5096071506092136,0.08731057269090495,0.5111405169496834,0.08720799229509131
0.5096071506092136,0.08731057269090495,0.5111405169496834,0.08720799229509131
0.5096071506092136,0.08731057269090495,0.5111405169496834,0.08720799229509131
0.5096071506092136,0.08731057269090495,0.5111405169496834,0.08720799229509131
0.5096071506092136,0.08731057269090495,0.5111405169496834,0.08720799229509131
0.5096071506092136,0.08731057269090495,0.5111405169496834,0.08720799229509131
0.4796391339178654,0.08909188045525941,0.48125620484881154,0.0889563707370538
0.4796391339178654,0.08909188045525941,0.48125620484881154,0.0889563707370538
0.4796391339178654,0.08909188045525941,0.48125620484881154,0.0889563707370538
0.4796391339178654,0.08909188045525941,0.48125620484881154,0.0889563707370538
0.4796391339178654,0.08909188045525941,0.48125620484881154,0.0889563707370538
0.4796391339178654,0.08909188045525941,0.48125620484881154,0.0889563707370538
0.4796391339178654,0.08909188045525941,0.48125620484881154,0.0889563707370538
0.4796391339178654,0.08909188045525941,0.48125620484881154,0.0889563707370538
0.4796391339178654,0.08909188045525941,0.48125620484881154,0.0889563707370538
0.4796391339178654,0.08909188045525941,0.48125620484881154,0.0889563707370538
0.4729153596313747,0.10160197274338245,0.47475097140753075,0.1014507137228612
0.4729153596313747,0.10160197274338245,0.47475097140753075,0.1014507137228612
0.4729153596313747,0.10160197274338245,0.47475097140753075,0.1014507137228612
0.4729153596313747,0.10160197274338245,0.47475097140753075,0.1014507137228612
0.4729153596313747,0.10160197274338245,0.47475097140753075,0.1014507137228612
0.4729153596313747,0.10160197274338245,0.47475097140753075,0.1014507137228612
0.4729153596313747,0.10160197274338245,0.47475097140753075,0.1014507137228612
0.4729153596313747,0.10160197274338245,0.47475097140753075,0.1014507137228612
0.4729153596313747,0.10160197274338245,0.47475097140753075,0.1014507137228612
0.4729153596313747,0.10160197274338245,0.47475097140753075,0.1014507137228612
0.46138056879616574,0.09299655062595674,0.46341067596538554,0.09280029664609679
0.46138056879616574,0.09299655062595674,0.46341067596538554,0.09280029664609679
0.46138056879616574,0.09299655062595674,0.46341067596538554,0.09280029664609679
0.46138056879616574,0.09299655062595674,0.46341067596538554,0.09280029664609679
0.46138056879616574,0.09299655062595674,0.46341067596538554,0.09280029664609679
0.46138056879616574,0.09299655062595674,0.46341067596538554,0.09280029664609679
0.46138056879616574,0.09299655062595674,0.46341067596538554,0.09280029664609679
0.46138056879616574,0.09299655062595674,0.46341067596538554,0.09280029664609679
0.46138056879616574,0.09299655062595674,0.46341067596538554,0.09280029664609679
0.46138056879616574,0.09299655062595674,0.46341067596538554,0.09280029664609679
0.4539670933533868,0.08428456599914841,0.4561488269748996,0.08411150914294255
0.4539670933533868,0.08428456599914841,0.4561488269748996,0.08411150914294255
0.4539670933533868,0.08428456599914841,0.4561488269748996,0.08411150914294255
0.4539670933533868,0.08428456599914841,0.4561488269748996,0.08411150914294255
0.4539670933533868,0.08428456599914841,0.4561488269748996,0.08411150914294255
0.4539670933533868,0.08428456599914841,0.4561488269748996,0.08411150914294255
0.4539670933533868,0.08428456599914841,0.4561488269748996,0.08411150914294255
0.4539670933533868,0.08428456599914841,0.4561488269748996,0.08411150914294255
0.4539670933533868,0.08428456599914841,0.4561488269748996,0.08411150914294255
0.4539670933533868,0.08428456599914841,0.4561488269748996,0.08411150914294255
0.45066841403931746,0.07426906467729526,0.453117961219703,0.07408175837904409
0.45066841403931746,0.07426906467729526,0.453117961219703,0.07408175837904409
0.45066841403931746,0.07426906467729526,0.453117961219703,0.07408175837904409
0.45066841403931746,0.07426906467729526,0.453117961219703,0.07408175837904409
0.45066841403931746,0.07426906467729526,0.453117961219703,0.07408175837904409
0.45066841403931746,0.07426906467729526,0.453117961219703,0.07408175837904409
0.45066841403931746,0.07426906467729526,0.453117961219703,0.07408175837904409
0.45066841403931746,0.07426906467729526,0.453117961219703,0.07408175837904409
0.45066841403931746,0.07426906467729526,0.453117961219703,0.07408175837904409
0.45066841403931746,0.07426906467729526,0.453117961219703,0.07408175837904409
0.44915941580755153,0.06447172204556045,0.45171858032558604,0.06430067171672382
0.44915941580755153,0.06447172204556045,0.45171858032558604,0.06430067171672382
0.44915941580755153,0.06447172204556045,0.45171858032558604,0.06430067171672382
0.44915941580755153,0.06447172204556045,0.45171858032558604,0.06430067171672382
0.44915941580755153,0.06447172204556045,0.45171858032558604,0.06430067171672382
0.44915941580755153,0.06447172204556045,0.45171858032558604,0.06430067171672382
0.44915941580755153,0.06447172204556045,0.45171858032558604,0.06430067171672382
0.44915941580755153,0.06447172204556045,0.45171858032558604,0.06430067171672382
0.44915941580755153,0.06447172204556045,0.45171858032558604,0.06430067171672382
0.44915941580755153,0.06447172204556045,0.45171858032558604,0.06430067171672382
0.44656193722953874,0.051091508781450384,0.44939961283006563,0.050884323270212126
0.44656193722953874,0.051091508781450384,0.44939961283006563,0.050884323270212126
0.44656193722953874,0.051091508781450384,0.44939961283006563,0.050884323270212126
0.44656193722953874,0.051091508781450384,0.44939961283006563,0.050884323270212126
0.44656193722953874,0.051091508781450384,0.44939961283006563,0.050884323270212126
0.44656193722953874,0.051091508781450384,0.44939961283006563,0.050884323270212126
0.44656193722953874,0.051091508781450384,0.44939961283006563,0.050884323270212126
0.44656193722953874,0.051091508781450384,0.44939961283006563,0.050884323270212126
0.44656193722953874,0.051091508781450384,0.44939961283006563,0.050884323270212126
0.44656193722953874,0.051091508781450384,0.44939961283006563,0.050884323270212126
