0.8126894984310595,1.1102230246251565e-16,0.8126568354471491,0.0
0.8049236759536763,0.004348539299789699,0.8048874034569413,0.004351940790617758
0.8049236759536763,0.004348539299789699,0.8048874034569413,0.004351940790617758
0.8049236759536763,0.004348539299789699,0.8048874034569413,0.004351940790617758
0.8049236759536763,0.004348539299789699,0.8048874034569413,0.004351940790617758
0.8049236759536763,0.004348539299789699,0.8048874034569413,0.004351940790617758
0.7998054907078859,0.007866893895484076,0.7997676535431383,0.00787356733940991
0.7998054907078859,0.007866893895484076,0.7997676535431383,0.00787356733940991
0.7998054907078859,0.007866893895484076,0.7997676535431383,0.00787356733940991
0.7998054907078859,0.007866893895484076,0.7997676535431383,0.00787356733940991
0.7998054907078859,0.007866893895484076,0.7997676535431383,0.00787356733940991
0.7958727208444334,0.010513381209516153,0.7958321317168164,0.010521426591625886
0.7958727208444334,0.010513381209516153,0.7958321317168164,0.010521426591625886
0.7958727208444334,0.010513381209516153,0.7958321317168164,0.010521426591625886
0.7958727208444334,0.010513381209516153,0.7958321317168164,0.010521426591625886
0.7958727208444334,0.010513381209516153,0.7958321317168164,0.010521426591625886
0.7908840991305569,0.013499587600818319,0.7908402651747602,0.013510244194505442
0.7908840991305569,0.013499587600818319,0.7908402651747602,0.013510244194505442
0.7908840991305569,0.013499587600818319,0.7908402651747602,0.013510244194505442
0.7908840991305569,0.013499587600818319,0.7908402651747602,0.013510244194505442
0.7908840991305569,0.013499587600818319,0.7908402651747602,0.013510244194505442
0.7851027042958477,0.01616453176787195,0.7850557063906403,0.01617700880807999
0.7851027042958477,0.01616453176787195,0.7850557063906403,0.01617700880807999
0.7851027042958477,0.01616453176787195,0.7850557063906403,0.01617700880807999
0.7851027042958477,0.01616453176787195,0.7850557063906403,0.01617700880807999
0.7851027042958477,0.01616453176787195,0.7850557063906403,0.01617700880807999
0.779779185505989,0.018964099654947518,0.7797282955905391,0.018978042375259154
0.779779185505989,0.018964099654947518,0.7797282955905391,0.018978042375259154
0.779779185505989,0.018964099654947518,0.7797282955905391,0.018978042375259154
0.779779185505989,0.018964099654947518,0.7797282955905391,0.018978042375259154
0.779779185505989,0.018964099654947518,0.7797282955905391,0.018978042375259154
0.7729752220587306,0.02472720238734046,0.772921430850837,0.024744940292981726
0.7729752220587306,0.02472720238734046,0.772921430850837,0.024744940292981726
0.7729752220587306,0.02472720238734046,0.772921430850837,0.024744940292981726
0.7729752220587306,0.02472720238734046,0.772921430850837,0.024744940292981726
0.7729752220587306,0.02472720238734046,0.772921430850837,0.024744940292981726
0.7710775492049908,0.02755709118910087,0.7710210507458872,0.027579311739051676
0.7710775492049908,0.02755709118910087,0.7710210507458872,0.027579311739051676
0.7710775492049908,0.02755709118910087,0.7710210507458872,0.027579311739051676
0.7710775492049908,0.02755709118910087,0.7710210507458872,0.027579311739051676
0.7710775492049908,0.02755709118910087,0.7710210507458872,0.027579311739051676
0.7659110773927964,0.03081319676862185,0.7658531128958812,0.030835318965698223
0.7659110773927964,0.03081319676862185,0.7658531128958812,0.030835318965698223
0.7659110773927964,0.03081319676862185,0.7658531128958812,0.030835318965698223
0.7659110773927964,0.03081319676862185,0.7658531128958812,0.030835318965698223
0.7659110773927964,0.03081319676862185,0.7658531128958812,0.030835318965698223
0.7651477253618634,0.035085164909053126,0.7650899692448537,0.03510990706395061
0.7651477253618634,0.035085164909053126,0.7650899692448537,0.03510990706395061
0.7651477253618634,0.035085164909053126,0.7650899692448537,0.03510990706395061
0.7651477253618634,0.035085164909053126,0.7650899692448537,0.03510990706395061
0.7651477253618634,0.035085164909053126,0.7650899692448537,0.03510990706395061
0.7609347154648645,0.03759602240310061,0.7608742103720781,0.037622543343097475
0.7609347154648645,0.03759602240310061,0.7608742103720781,0.037622543343097475
0.7609347154648645,0.03759602240310061,0.7608742103720781,0.037622543343097475
0.7609347154648645,0.03759602240310061,0.7608742103720781,0.037622543343097475
0.7609347154648645,0.03759602240310061,0.7608742103720781,0.037622543343097475
0.7560232422514684,0.041102896542140215,0.755959007288703,0.041133692097534626
0.7560232422514684,0.041102896542140215,0.755959007288703,0.041133692097534626
0.7560232422514684,0.041102896542140215,0.755959007288703,0.041133692097534626
0.7560232422514684,0.041102896542140215,0.755959007288703,0.041133692097534626
0.7560232422514684,0.041102896542140215,0.755959007288703,0.041133692097534626
0.7523622674420787,0.041647888139601186,0.752295116514911,0.04167855362412214
0.7523622674420787,0.041647888139601186,0.752295116514911,0.04167855362412214
0.7523622674420787,0.041647888139601186,0.752295116514911,0.04167855362412214
0.7523622674420787,0.041647888139601186,0.752295116514911,0.04167855362412214
0.7523622674420787,0.041647888139601186,0.752295116514911,0.04167855362412214
0.7507550909315513,0.04018053366961345,0.7506865226014823,0.04020916421275502
0.7507550909315513,0.04018053366961345,0.7506865226014823,0.04020916421275502
0.7507550909315513,0.04018053366961345,0.7506865226014823,0.04020916421275502
0.7507550909315513,0.04018053366961345,0.7506865226014823,0.04020916421275502
0.7507550909315513,0.04018053366961345,0.7506865226014823,0.04020916421275502
0.747211417644755,0.040544576887444665,0.747140342836707,0.040574107674013524
0.747211417644755,0.040544576887444665,0.747140342836707,0.040574107674013524
0.747211417644755,0.040544576887444665,0.747140342836707,0.040574107674013524
0.747211417644755,0.040544576887444665,0.747140342836707,0.040574107674013524
0.747211417644755,0.040544576887444665,0.747140342836707,0.040574107674013524
0.7401622439929604,0.04734068268297859,0.7400843806824795,0.047379382516994015
0.7401622439929604,0.04734068268297859,0.7400843806824795,0.047379382516994015
0.7401622439929604,0.04734068268297859,0.7400843806824795,0.047379382516994015
0.7401622439929604,0.04734068268297859,0.7400843806824795,0.047379382516994015
0.7401622439929604,0.04734068268297859,0.7400843806824795,0.047379382516994015
0.7337183390309031,0.05299931754785385,0.733634325355289,0.05304473887276156
0.7337183390309031,0.05299931754785385,0.733634325355289,0.05304473887276156
0.7337183390309031,0.05299931754785385,0.733634325355289,0.05304473887276156
0.7337183390309031,0.05299931754785385,0.733634325355289,0.05304473887276156
0.7337183390309031,0.05299931754785385,0.733634325355289,0.05304473887276156
0.7288277493475019,0.05568246586982129,0.7287398384922651,0.05573031933397216
0.7288277493475019,0.05568246586982129,0.7287398384922651,0.05573031933397216
0.7288277493475019,0.05568246586982129,0.7287398384922651,0.05573031933397216
0.7288277493475019,0.05568246586982129,0.7287398384922651,0.05573031933397216
0.7288277493475019,0.05568246586982129,0.7287398384922651,0.05573031933397216
0.720755312218514,0.06282964543969463,0.7206600295698655,0.06288794105575889
0.720755312218514,0.06282964543969463,0.7206600295698655,0.06288794105575889
0.720755312218514,0.06282964543969463,0.7206600295698655,0.06288794105575889
0.720755312218514,0.06282964543969463,0.7206600295698655,0.06288794105575889
0.720755312218514,0.06282964543969463,0.7206600295698655,0.06288794105575889
0.7133275313715038,0.06812383706494776,0.7132257143580356,0.06819192623529137
0.7133275313715038,0.06812383706494776,0.7132257143580356,0.06819192623529137
0.7133275313715038,0.06812383706494776,0.7132257143580356,0.06819192623529137
0.7133275313715038,0.06812383706494776,0.7132257143580356,0.06819192623529137
0.7133275313715038,0.06812383706494776,0.7132257143580356,0.06819192623529137
0.7068241738800756,0.07227018104266922,0.7067165455739094,0.07234193483896467
0.7068241738800756,0.07227018104266922,0.7067165455739094,0.07234193483896467
0.7068241738800756,0.07227018104266922,0.7067165455739094,0.07234193483896467
0.7068241738800756,0.07227018104266922,0.7067165455739094,0.07234193483896467
0.7068241738800756,0.07227018104266922,0.7067165455739094,0.07234193483896467
0.7031505778863754,0.07595501773439524,0.7030394571524765,0.07603242379291338
0.7031505778863754,0.07595501773439524,0.7030394571524765,0.07603242379291338
0.7031505778863754,0.07595501773439524,0.7030394571524765,0.07603242379291338
0.7031505778863754,0.07595501773439524,0.7030394571524765,0.07603242379291338
0.7031505778863754,0.07595501773439524,0.7030394571524765,0.07603242379291338
0.6937223620004668,0.08911018996016196,0.6935979774221017,0.0892129961225708
0.6937223620004668,0.08911018996016196,0.6935979774221017,0.0892129961225708
0.6937223620004668,0.08911018996016196,0.6935979774221017,0.0892129961225708
0.6937223620004668,0.08911018996016196,0.6935979774221017,0.0892129961225708
0.6937223620004668,0.08911018996016196,0.6935979774221017,0.0892129961225708
0.6858062556380787,0.09823018761252107,0.6856704105149498,0.0983537163466345
0.6858062556380787,0.09823018761252107,0.6856704105149498,0.0983537163466345
0.6858062556380787,0.09823018761252107,0.6856704105149498,0.0983537163466345
0.6858062556380787,0.09823018761252107,0.6856704105149498,0.0983537163466345
0.6858062556380787,0.09823018761252107,0.6856704105149498,0.0983537163466345
0.6797735263867339,0.10350086179257059,0.6796289777320531,0.10364070372469672
0.6797735263867339,0.10350086179257059,0.6796289777320531,0.10364070372469672
0.6797735263867339,0.10350086179257059,0.6796289777320531,0.10364070372469672
0.6797735263867339,0.10350086179257059,0.6796289777320531,0.10364070372469672
0.6797735263867339,0.10350086179257059,0.6796289777320531,0.10364070372469672
0.6703739136370228,0.10964503225306327,0.6702189710721991,0.10979946949428976
0.6703739136370228,0.10964503225306327,0.6702189710721991,0.10979946949428976
0.6703739136370228,0.10964503225306327,0.6702189710721991,0.10979946949428976
0.6703739136370228,0.10964503225306327,0.6702189710721991,0.10979946949428976
0.6703739136370228,0.10964503225306327,0.6702189710721991,0.10979946949428976
0.6646709750260771,0.11198303279708882,0.6645102082764062,0.11214352090103467
0.6646709750260771,0.11198303279708882,0.6645102082764062,0.11214352090103467
0.6646709750260771,0.11198303279708882,0.6645102082764062,0.11214352090103467
0.6646709750260771,0.11198303279708882,0.6645102082764062,0.11214352090103467
0.6646709750260771,0.11198303279708882,0.6645102082764062,0.11214352090103467
0.6579189467773136,0.11591243445732408,0.6577514203112563,0.11607926806982946
0.6579189467773136,0.11591243445732408,0.6577514203112563,0.11607926806982946
0.6579189467773136,0.11591243445732408,0.6577514203112563,0.11607926806982946
0.6579189467773136,0.11591243445732408,0.6577514203112563,0.11607926806982946
0.6579189467773136,0.11591243445732408,0.6577514203112563,0.11607926806982946
0.6548434531632202,0.1185630100777593,0.6546691695246317,0.11873445442312595
0.6548434531632202,0.1185630100777593,0.6546691695246317,0.11873445442312595
0.6548434531632202,0.1185630100777593,0.6546691695246317,0.11873445442312595
0.6548434531632202,0.1185630100777593,0.6546691695246317,0.11873445442312595
0.6548434531632202,0.1185630100777593,0.6546691695246317,0.11873445442312595
0.6464519441643704,0.12078250745127242,0.6462686435388334,0.12095561221899732
0.6464519441643704,0.12078250745127242,0.6462686435388334,0.12095561221899732
0.6464519441643704,0.12078250745127242,0.6462686435388334,0.12095561221899732
0.6464519441643704,0.12078250745127242,0.6462686435388334,0.12095561221899732
0.6464519441643704,0.12078250745127242,0.6462686435388334,0.12095561221899732
0.6399071137820851,0.12247889616715829,0.6397150465864239,0.12265735870828502
0.6399071137820851,0.12247889616715829,0.6397150465864239,0.12265735870828502
0.6399071137820851,0.12247889616715829,0.6397150465864239,0.12265735870828502
0.6399071137820851,0.12247889616715829,0.6397150465864239,0.12265735870828502
0.6399071137820851,0.12247889616715829,0.6397150465864239,0.12265735870828502
0.6314966766049621,0.12433802347129523,0.6312944661744574,0.12452229467282054
0.6314966766049621,0.12433802347129523,0.6312944661744574,0.12452229467282054
0.6314966766049621,0.12433802347129523,0.6312944661744574,0.12452229467282054
0.6314966766049621,0.12433802347129523,0.6312944661744574,0.12452229467282054
0.6314966766049621,0.12433802347129523,0.6312944661744574,0.12452229467282054
0.6265122321225227,0.12656977111455056,0.6263045987138505,0.12675704680964342
0.6265122321225227,0.12656977111455056,0.6263045987138505,0.12675704680964342
0.6265122321225227,0.12656977111455056,0.6263045987138505,0.12675704680964342
0.6265122321225227,0.12656977111455056,0.6263045987138505,0.12675704680964342
0.6265122321225227,0.12656977111455056,0.6263045987138505,0.12675704680964342
0.6182649484005658,0.1289475906885136,0.6180472443060225,0.12914143543565018
0.6182649484005658,0.1289475906885136,0.6180472443060225,0.12914143543565018
0.6182649484005658,0.1289475906885136,0.6180472443060225,0.12914143543565018
0.6182649484005658,0.1289475906885136,0.6180472443060225,0.12914143543565018
0.6182649484005658,0.1289475906885136,0.6180472443060225,0.12914143543565018
0.6105098104903839,0.12955784501586848,0.6102831139109608,0.12975525264916424
0.6105098104903839,0.12955784501586848,0.6102831139109608,0.12975525264916424
0.6105098104903839,0.12955784501586848,0.6102831139109608,0.12975525264916424
0.6105098104903839,0.12955784501586848,0.6102831139109608,0.12975525264916424
0.6105098104903839,0.12955784501586848,0.6102831139109608,0.12975525264916424
0.6021488105964486,0.13193338694077997,0.6019104657575379,0.1321353761401268
0.6021488105964486,0.13193338694077997,0.6019104657575379,0.1321353761401268
0.6021488105964486,0.13193338694077997,0.6019104657575379,0.1321353761401268
0.6021488105964486,0.13193338694077997,0.6019104657575379,0.1321353761401268
0.6021488105964486,0.13193338694077997,0.6019104657575379,0.1321353761401268
0.5971749820330678,0.13151524960356825,0.5969303308365304,0.13171876112969286
0.5971749820330678,0.13151524960356825,0.5969303308365304,0.13171876112969286
0.5971749820330678,0.13151524960356825,0.5969303308365304,0.13171876112969286
0.5971749820330678,0.13151524960356825,0.5969303308365304,0.13171876112969286
0.5971749820330678,0.13151524960356825,0.5969303308365304,0.13171876112969286
0.5953380128364092,0.12951442963642446,0.5950960579040558,0.1297071029573423
0.5953380128364092,0.12951442963642446,0.5950960579040558,0.1297071029573423
0.5953380128364092,0.12951442963642446,0.5950960579040558,0.1297071029573423
0.5953380128364092,0.12951442963642446,0.5950960579040558,0.1297071029573423
0.5953380128364092,0.12951442963642446,0.5950960579040558,0.1297071029573423
0.5936937465593567,0.13242607018576663,0.5934470683630911,0.13262725742836176
0.5936937465593567,0.13242607018576663,0.5934470683630911,0.13262725742836176
0.5936937465593567,0.13242607018576663,0.5934470683630911,0.13262725742836176
0.5936937465593567,0.13242607018576663,0.5934470683630911,0.13262725742836176
0.5936937465593567,0.13242607018576663,0.5934470683630911,0.13262725742836176
0.5863503580313552,0.13333016169003903,0.5860914810087288,0.1335367146896965
0.5863503580313552,0.13333016169003903,0.5860914810087288,0.1335367146896965
0.5863503580313552,0.13333016169003903,0.5860914810087288,0.1335367146896965
0.5863503580313552,0.13333016169003903,0.5860914810087288,0.1335367146896965
0.5863503580313552,0.13333016169003903,0.5860914810087288,0.1335367146896965
0.5752928726567658,0.13776980114096699,0.5750141885265723,0.13798706878546416
0.5752928726567658,0.13776980114096699,0.5750141885265723,0.13798706878546416
0.5752928726567658,0.13776980114096699,0.5750141885265723,0.13798706878546416
0.5752928726567658,0.13776980114096699,0.5750141885265723,0.13798706878546416
0.5752928726567658,0.13776980114096699,0.5750141885265723,0.13798706878546416
0.5713480861125285,0.13990041189227784,0.5710632189182949,0.14012400843419917
0.5713480861125285,0.13990041189227784,0.5710632189182949,0.14012400843419917
0.5713480861125285,0.13990041189227784,0.5710632189182949,0.14012400843419917
0.5713480861125285,0.13990041189227784,0.5710632189182949,0.14012400843419917
0.5713480861125285,0.13990041189227784,0.5710632189182949,0.14012400843419917
0.5633589806664421,0.14111717066111243,0.5630613173347944,0.14134563658670796
0.5633589806664421,0.14111717066111243,0.5630613173347944,0.14134563658670796
0.5633589806664421,0.14111717066111243,0.5630613173347944,0.14134563658670796
0.5633589806664421,0.14111717066111243,0.5630613173347944,0.14134563658670796
0.5633589806664421,0.14111717066111243,0.5630613173347944,0.14134563658670796
0.5569403034743466,0.14480039201250483,0.5566297333901007,0.14503366309779808
0.5569403034743466,0.14480039201250483,0.5566297333901007,0.14503366309779808
0.5569403034743466,0.14480039201250483,0.5566297333901007,0.14503366309779808
0.5569403034743466,0.14480039201250483,0.5566297333901007,0.14503366309779808
0.5569403034743466,0.14480039201250483,0.5566297333901007,0.14503366309779808
0.5494472952709368,0.14437744254160614,0.5491265796202065,0.14461215235739405
0.5494472952709368,0.14437744254160614,0.5491265796202065,0.14461215235739405
0.5494472952709368,0.14437744254160614,0.5491265796202065,0.14461215235739405
0.5494472952709368,0.14437744254160614,0.5491265796202065,0.14461215235739405
0.5494472952709368,0.14437744254160614,0.5491265796202065,0.14461215235739405
0.5408271816103157,0.14530563960146858,0.540489748257097,0.1455463081921489
0.5408271816103157,0.14530563960146858,0.540489748257097,0.1455463081921489
0.5408271816103157,0.14530563960146858,0.540489748257097,0.1455463081921489
0.5408271816103157,0.14530563960146858,0.540489748257097,0.1455463081921489
0.5408271816103157,0.14530563960146858,0.540489748257097,0.1455463081921489
0.5344241979037078,0.14412036727704244,0.5340772576159136,0.14436263849822983
0.5344241979037078,0.14412036727704244,0.5340772576159136,0.14436263849822983
0.5344241979037078,0.14412036727704244,0.5340772576159136,0.14436263849822983
0.5344241979037078,0.14412036727704244,0.5340772576159136,0.14436263849822983
0.5344241979037078,0.14412036727704244,0.5340772576159136,0.14436263849822983
0.5281317543817058,0.1425901378441083,0.5277738824762761,0.1428348648733935
0.5281317543817058,0.1425901378441083,0.5277738824762761,0.1428348648733935
0.5281317543817058,0.1425901378441083,0.5277738824762761,0.1428348648733935
0.5281317543817058,0.1425901378441083,0.5277738824762761,0.1428348648733935
0.5281317543817058,0.1425901378441083,0.5277738824762761,0.1428348648733935
0.52684719201196,0.1435269133871868,0.5264858289830756,0.14377837095549426
0.52684719201196,0.1435269133871868,0.5264858289830756,0.14377837095549426
0.52684719201196,0.1435269133871868,0.5264858289830756,0.14377837095549426
0.52684719201196,0.1435269133871868,0.5264858289830756,0.14377837095549426
0.52684719201196,0.1435269133871868,0.5264858289830756,0.14377837095549426
0.5267255721395115,0.14059365955200687,0.526365997992702,0.14084715561133493
0.5267255721395115,0.14059365955200687,0.526365997992702,0.14084715561133493
0.5267255721395115,0.14059365955200687,0.526365997992702,0.14084715561133493
0.5267255721395115,0.14059365955200687,0.526365997992702,0.14084715561133493
0.5267255721395115,0.14059365955200687,0.526365997992702,0.14084715561133493
0.5263592034540523,0.14282675923262184,0.5259975939356355,0.1430826449588132
0.5263592034540523,0.14282675923262184,0.5259975939356355,0.1430826449588132
0.5263592034540523,0.14282675923262184,0.5259975939356355,0.1430826449588132
0.5263592034540523,0.14282675923262184,0.5259975939356355,0.1430826449588132
0.5263592034540523,0.14282675923262184,0.5259975939356355,0.1430826449588132
0.522076649708087,0.14036173558897105,0.5217171960827892,0.14060686904055053
0.522076649708087,0.14036173558897105,0.5217171960827892,0.14060686904055053
0.522076649708087,0.14036173558897105,0.5217171960827892,0.14060686904055053
0.522076649708087,0.14036173558897105,0.5217171960827892,0.14060686904055053
0.522076649708087,0.14036173558897105,0.5217171960827892,0.14060686904055053
0.5189549491657626,0.1385669650181444,0.5185931946725868,0.13881070277470445
0.5189549491657626,0.1385669650181444,0.5185931946725868,0.13881070277470445
0.5189549491657626,0.1385669650181444,0.5185931946725868,0.13881070277470445
0.5189549491657626,0.1385669650181444,0.5185931946725868,0.13881070277470445
0.5189549491657626,0.1385669650181444,0.5185931946725868,0.13881070277470445
0.5200588236571588,0.14032510338336682,0.5196950216336524,0.1405690944542482
0.5200588236571588,0.14032510338336682,0.5196950216336524,0.1405690944542482
0.5200588236571588,0.14032510338336682,0.5196950216336524,0.1405690944542482
0.5200588236571588,0.14032510338336682,0.5196950216336524,0.1405690944542482
0.5200588236571588,0.14032510338336682,0.5196950216336524,0.1405690944542482
0.5158538911814775,0.1394599205822649,0.5154827115144367,0.13970474178420483
0.5158538911814775,0.1394599205822649,0.5154827115144367,0.13970474178420483
0.5158538911814775,0.1394599205822649,0.5154827115144367,0.13970474178420483
0.5158538911814775,0.1394599205822649,0.5154827115144367,0.13970474178420483
0.5158538911814775,0.1394599205822649,0.5154827115144367,0.13970474178420483
0.5093886756788357,0.13753617497086598,0.5090088119109588,0.13777969701250797
0.5093886756788357,0.13753617497086598,0.5090088119109588,0.13777969701250797
0.5093886756788357,0.13753617497086598,0.5090088119109588,0.13777969701250797
0.5093886756788357,0.13753617497086598,0.5090088119109588,0.13777969701250797
0.5093886756788357,0.13753617497086598,0.5090088119109588,0.13777969701250797
0.5056300828813131,0.13753977753487218,0.5052465986853697,0.13777988409055886
0.5056300828813131,0.13753977753487218,0.5052465986853697,0.13777988409055886
0.5056300828813131,0.13753977753487218,0.5052465986853697,0.13777988409055886
0.5056300828813131,0.13753977753487218,0.5052465986853697,0.13777988409055886
0.5056300828813131,0.13753977753487218,0.5052465986853697,0.13777988409055886
0.5022838133824696,0.13777724529958668,0.5018949478560042,0.13801615523891114
0.5022838133824696,0.13777724529958668,0.5018949478560042,0.13801615523891114
0.5022838133824696,0.13777724529958668,0.5018949478560042,0.13801615523891114
0.5022838133824696,0.13777724529958668,0.5018949478560042,0.13801615523891114
0.5022838133824696,0.13777724529958668,0.5018949478560042,0.13801615523891114
0.49593063710772345,0.13513694260371958,0.4955349435754073,0.13537243383337802
0.49593063710772345,0.13513694260371958,0.4955349435754073,0.13537243383337802
0.49593063710772345,0.13513694260371958,0.4955349435754073,0.13537243383337802
0.49593063710772345,0.13513694260371958,0.4955349435754073,0.13537243383337802
0.49593063710772345,0.13513694260371958,0.4955349435754073,0.13537243383337802
0.4906952388284823,0.1295218159014643,0.49029617490854055,0.12974864487114846
0.4906952388284823,0.1295218159014643,0.49029617490854055,0.12974864487114846
0.4906952388284823,0.1295218159014643,0.49029617490854055,0.12974864487114846
0.4906952388284823,0.1295218159014643,0.49029617490854055,0.12974864487114846
0.4906952388284823,0.1295218159014643,0.49029617490854055,0.12974864487114846
0.48302776684040627,0.12578667539560545,0.4826191700475314,0.1260065056186731
0.48302776684040627,0.12578667539560545,0.4826191700475314,0.1260065056186731
0.48302776684040627,0.12578667539560545,0.4826191700475314,0.1260065056186731
0.48302776684040627,0.12578667539560545,0.4826191700475314,0.1260065056186731
0.48302776684040627,0.12578667539560545,0.4826191700475314,0.1260065056186731
0.47827880902205056,0.12367633183699835,0.4778639251483425,0.12388909978456647
0.47827880902205056,0.12367633183699835,0.4778639251483425,0.12388909978456647
0.47827880902205056,0.12367633183699835,0.4778639251483425,0.12388909978456647
0.47827880902205056,0.12367633183699835,0.4778639251483425,0.12388909978456647
0.47827880902205056,0.12367633183699835,0.4778639251483425,0.12388909978456647
0.47781604803145183,0.12394738706113205,0.4774012312069316,0.12416235071785452
0.47781604803145183,0.12394738706113205,0.4774012312069316,0.12416235071785452
0.47781604803145183,0.12394738706113205,0.4774012312069316,0.12416235071785452
0.47781604803145183,0.12394738706113205,0.4774012312069316,0.12416235071785452
0.47781604803145183,0.12394738706113205,0.4774012312069316,0.12416235071785452
0.4718997031486534,0.11996568940775777,0.4714775171392912,0.12017585145357787
0.4718997031486534,0.11996568940775777,0.4714775171392912,0.12017585145357787
0.4718997031486534,0.11996568940775777,0.4714775171392912,0.12017585145357787
0.4718997031486534,0.11996568940775777,0.4714775171392912,0.12017585145357787
0.4718997031486534,0.11996568940775777,0.4714775171392912,0.12017585145357787
0.46385326999190424,0.11479288531786731,0.4634222157593545,0.11499184382012903
0.46385326999190424,0.11479288531786731,0.4634222157593545,0.11499184382012903
0.46385326999190424,0.11479288531786731,0.4634222157593545,0.11499184382012903
0.46385326999190424,0.11479288531786731,0.4634222157593545,0.11499184382012903
0.46385326999190424,0.11479288531786731,0.4634222157593545,0.11499184382012903
0.45978152375774906,0.10955088571408769,0.45934610570543255,0.10974130508203503
0.45978152375774906,0.10955088571408769,0.45934610570543255,0.10974130508203503
0.45978152375774906,0.10955088571408769,0.45934610570543255,0.10974130508203503
0.45978152375774906,0.10955088571408769,0.45934610570543255,0.10974130508203503
0.45978152375774906,0.10955088571408769,0.45934610570543255,0.10974130508203503
0.4584918234913541,0.10303871859740565,0.4580829221984155,0.10319663855556789
0.4584918234913541,0.10303871859740565,0.4580829221984155,0.10319663855556789
0.4584918234913541,0.10303871859740565,0.4580829221984155,0.10319663855556789
0.4584918234913541,0.10303871859740565,0.4580829221984155,0.10319663855556789
0.4584918234913541,0.10303871859740565,0.4580829221984155,0.10319663855556789
0.44847043457099656,0.09559845018978372,0.4480468798917142,0.09574511790448541
0.44847043457099656,0.09559845018978372,0.4480468798917142,0.09574511790448541
0.44847043457099656,0.09559845018978372,0.4480468798917142,0.09574511790448541
0.44847043457099656,0.09559845018978372,0.4480468798917142,0.09574511790448541
0.44847043457099656,0.09559845018978372,0.4480468798917142,0.09574511790448541
0.4425592002579265,0.0924283814503723,0.44212795028638563,0.09256794436471204
0.4425592002579265,0.0924283814503723,0.44212795028638563,0.09256794436471204
0.4425592002579265,0.0924283814503723,0.44212795028638563,0.09256794436471204
0.4425592002579265,0.0924283814503723,0.44212795028638563,0.09256794436471204
0.4425592002579265,0.0924283814503723,0.44212795028638563,0.09256794436471204
0.4365834260416107,0.08852732588410148,0.4361424971832989,0.08866227613805365
0.4365834260416107,0.08852732588410148,0.4361424971832989,0.08866227613805365
0.4365834260416107,0.08852732588410148,0.4361424971832989,0.08866227613805365
0.4365834260416107,0.08852732588410148,0.4361424971832989,0.08866227613805365
0.4365834260416107,0.08852732588410148,0.4361424971832989,0.08866227613805365
0.4319457359741244,0.08316293772934705,0.4315064747848768,0.08327977041867107
0.4319457359741244,0.08316293772934705,0.4315064747848768,0.08327977041867107
0.4319457359741244,0.08316293772934705,0.4315064747848768,0.08327977041867107
0.4319457359741244,0.08316293772934705,0.4315064747848768,0.08327977041867107
0.4319457359741244,0.08316293772934705,0.4315064747848768,0.08327977041867107
0.42708079551330763,0.07725596232215028,0.42669910278729767,0.07732665288094974
0.42708079551330763,0.07725596232215028,0.42669910278729767,0.07732665288094974
0.42708079551330763,0.07725596232215028,0.42669910278729767,0.07732665288094974
0.42708079551330763,0.07725596232215028,0.42669910278729767,0.07732665288094974
0.42708079551330763,0.07725596232215028,0.42669910278729767,0.07732665288094974
0.42295091207479907,0.07542976422246948,0.42256398866449973,0.07549710876588475
0.42295091207479907,0.07542976422246948,0.42256398866449973,0.07549710876588475
0.42295091207479907,0.07542976422246948,0.42256398866449973,0.07549710876588475
0.42295091207479907,0.07542976422246948,0.42256398866449973,0.07549710876588475
0.42295091207479907,0.07542976422246948,0.42256398866449973,0.07549710876588475
0.41685144090393217,0.07105507522458716,0.41645574609594477,0.07111903291802031
0.41685144090393217,0.07105507522458716,0.41645574609594477,0.07111903291802031
0.41685144090393217,0.07105507522458716,0.41645574609594477,0.07111903291802031
0.41685144090393217,0.07105507522458716,0.41645574609594477,0.07111903291802031
0.41685144090393217,0.07105507522458716,0.41645574609594477,0.07111903291802031
0.4136666325515286,0.0666275296137595,0.4132677893687614,0.06668041674740327
0.4136666325515286,0.0666275296137595,0.4132677893687614,0.06668041674740327
0.4136666325515286,0.0666275296137595,0.4132677893687614,0.06668041674740327
0.4136666325515286,0.0666275296137595,0.4132677893687614,0.06668041674740327
0.4136666325515286,0.0666275296137595,0.4132677893687614,0.06668041674740327
0.4152085852265187,0.06818934207206384,0.41481414481340223,0.06824963228179305
0.4152085852265187,0.06818934207206384,0.41481414481340223,0.06824963228179305
0.4152085852265187,0.06818934207206384,0.41481414481340223,0.06824963228179305
0.4152085852265187,0.06818934207206384,0.41481414481340223,0.06824963228179305
0.4152085852265187,0.06818934207206384,0.41481414481340223,0.06824963228179305
0.4104773874467841,0.06437331547242582,0.4100747621909802,0.06443015762198043
0.4104773874467841,0.06437331547242582,0.4100747621909802,0.06443015762198043
0.4104773874467841,0.06437331547242582,0.4100747621909802,0.06443015762198043
0.4104773874467841,0.06437331547242582,0.4100747621909802,0.06443015762198043
0.4104773874467841,0.06437331547242582,0.4100747621909802,0.06443015762198043
0.4049264413337882,0.05969731786017842,0.4045022880949899,0.059749669257289605
0.4049264413337882,0.05969731786017842,0.4045022880949899,0.059749669257289605
0.4049264413337882,0.05969731786017842,0.4045022880949899,0.059749669257289605
0.4049264413337882,0.05969731786017842,0.4045022880949899,0.059749669257289605
0.4049264413337882,0.05969731786017842,0.4045022880949899,0.059749669257289605
0.40821193676111955,0.06317362888209892,0.40779756190369437,0.06323781318929064
0.40821193676111955,0.06317362888209892,0.40779756190369437,0.06323781318929064
0.40821193676111955,0.06317362888209892,0.40779756190369437,0.06323781318929064
0.40821193676111955,0.06317362888209892,0.40779756190369437,0.06323781318929064
0.40821193676111955,0.06317362888209892,0.40779756190369437,0.06323781318929064
0.4037524747510587,0.05852346510805393,0.40337080066349673,0.05858194143116283
0.4037524747510587,0.05852346510805393,0.40337080066349673,0.05858194143116283
0.4037524747510587,0.05852346510805393,0.40337080066349673,0.05858194143116283
0.4037524747510587,0.05852346510805393,0.40337080066349673,0.05858194143116283
0.4037524747510587,0.05852346510805393,0.40337080066349673,0.05858194143116283
0.40058072880234796,0.055459052837851366,0.4001923217134317,0.05551851827405148
0.40058072880234796,0.055459052837851366,0.4001923217134317,0.05551851827405148
0.40058072880234796,0.055459052837851366,0.4001923217134317,0.05551851827405148
0.40058072880234796,0.055459052837851366,0.4001923217134317,0.05551851827405148
0.40058072880234796,0.055459052837851366,0.4001923217134317,0.05551851827405148
0.39638471958085686,0.049195008216216606,0.3959926312222981,0.049251832062331545
0.39638471958085686,0.049195008216216606,0.3959926312222981,0.049251832062331545
0.39638471958085686,0.049195008216216606,0.3959926312222981,0.049251832062331545
0.39638471958085686,0.049195008216216606,0.3959926312222981,0.049251832062331545
0.39638471958085686,0.049195008216216606,0.3959926312222981,0.049251832062331545
0.3938997420252649,0.043154180505783984,0.393623088115436,0.04332532207248915
0.3938997420252649,0.043154180505783984,0.393623088115436,0.04332532207248915
0.3938997420252649,0.043154180505783984,0.393623088115436,0.04332532207248915
0.3938997420252649,0.043154180505783984,0.393623088115436,0.04332532207248915
0.3938997420252649,0.043154180505783984,0.393623088115436,0.04332532207248915
0.3911191482704854,0.04037346432561811,0.3908369640382352,0.040562234512167054
0.3911191482704854,0.04037346432561811,0.3908369640382352,0.040562234512167054
0.3911191482704854,0.04037346432561811,0.3908369640382352,0.040562234512167054
0.3911191482704854,0.04037346432561811,0.3908369640382352,0.040562234512167054
0.3911191482704854,0.04037346432561811,0.3908369640382352,0.040562234512167054
0.3879261820263502,0.03782916768277701,0.38762771331681917,0.038042532757469404
0.3879261820263502,0.03782916768277701,0.38762771331681917,0.038042532757469404
0.3879261820263502,0.03782916768277701,0.38762771331681917,0.038042532757469404
0.3879261820263502,0.03782916768277701,0.38762771331681917,0.038042532757469404
0.3879261820263502,0.03782916768277701,0.38762771331681917,0.038042532757469404
0.38448745578143334,0.03561727173416709,0.3841746379222418,0.035846622606331154
0.38448745578143334,0.03561727173416709,0.3841746379222418,0.035846622606331154
0.38448745578143334,0.03561727173416709,0.3841746379222418,0.035846622606331154
0.38448745578143334,0.03561727173416709,0.3841746379222418,0.035846622606331154
0.38448745578143334,0.03561727173416709,0.3841746379222418,0.035846622606331154
0.3823134155692695,0.033631741837128366,0.3819950540952112,0.03388392720273039
0.3823134155692695,0.033631741837128366,0.3819950540952112,0.03388392720273039
0.3823134155692695,0.033631741837128366,0.3819950540952112,0.03388392720273039
0.3823134155692695,0.033631741837128366,0.3819950540952112,0.03388392720273039
0.3823134155692695,0.033631741837128366,0.3819950540952112,0.03388392720273039
0.3784307446749074,0.028877217333918997,0.37810599963048286,0.029186327662059613
0.3784307446749074,0.028877217333918997,0.37810599963048286,0.029186327662059613
0.3784307446749074,0.028877217333918997,0.37810599963048286,0.029186327662059613
0.3784307446749074,0.028877217333918997,0.37810599963048286,0.029186327662059613
0.3784307446749074,0.028877217333918997,0.37810599963048286,0.029186327662059613
0.3816266424813394,0.03436106711647017,0.38146335893420585,0.03507973784866808
0.3816266424813394,0.03436106711647017,0.38146335893420585,0.03507973784866808
0.3816266424813394,0.03436106711647017,0.38146335893420585,0.03507973784866808
0.3816266424813394,0.03436106711647017,0.38146335893420585,0.03507973784866808
0.3816266424813394,0.03436106711647017,0.38146335893420585,0.03507973784866808
0.3796557835586005,0.03301933941079906,0.3794880860168792,0.03378334936374607
0.3796557835586005,0.03301933941079906,0.3794880860168792,0.03378334936374607
0.3796557835586005,0.03301933941079906,0.3794880860168792,0.03378334936374607
0.3796557835586005,0.03301933941079906,0.3794880860168792,0.03378334936374607
0.3796557835586005,0.03301933941079906,0.3794880860168792,0.03378334936374607
0.37789367012838515,0.03170917454576994,0.3777290860811386,0.032515023169365505
0.37789367012838515,0.03170917454576994,0.3777290860811386,0.032515023169365505
0.37789367012838515,0.03170917454576994,0.3777290860811386,0.032515023169365505
0.37789367012838515,0.03170917454576994,0.3777290860811386,0.032515023169365505
0.37789367012838515,0.03170917454576994,0.3777290860811386,0.032515023169365505
0.37671536720660154,0.03197173788021464,0.37663940985840016,0.033160467319986696
0.37671536720660154,0.03197173788021464,0.37663940985840016,0.033160467319986696
0.37671536720660154,0.03197173788021464,0.37663940985840016,0.033160467319986696
0.37671536720660154,0.03197173788021464,0.37663940985840016,0.033160467319986696
0.37671536720660154,0.03197173788021464,0.37663940985840016,0.033160467319986696
0.3831487286932627,0.04214061048339028,0.3832071204069424,0.04344917846337532
0.3831487286932627,0.04214061048339028,0.3832071204069424,0.04344917846337532
0.3831487286932627,0.04214061048339028,0.3832071204069424,0.04344917846337532
0.3831487286932627,0.04214061048339028,0.3832071204069424,0.04344917846337532
0.3831487286932627,0.04214061048339028,0.3832071204069424,0.04344917846337532
0.38204778560134695,0.04171331321001154,0.3821062580618222,0.043048378077729606
0.38204778560134695,0.04171331321001154,0.3821062580618222,0.043048378077729606
0.38204778560134695,0.04171331321001154,0.3821062580618222,0.043048378077729606
0.38204778560134695,0.04171331321001154,0.3821062580618222,0.043048378077729606
0.38204778560134695,0.04171331321001154,0.3821062580618222,0.043048378077729606
0.37808029837871465,0.03805514664361964,0.37812951608492407,0.03956064204390473
0.37808029837871465,0.03805514664361964,0.37812951608492407,0.03956064204390473
0.37808029837871465,0.03805514664361964,0.37812951608492407,0.03956064204390473
0.37808029837871465,0.03805514664361964,0.37812951608492407,0.03956064204390473
0.37808029837871465,0.03805514664361964,0.37812951608492407,0.03956064204390473
0.37733885153055746,0.03802226680890646,0.3773929130722128,0.039567772490847385
0.37733885153055746,0.03802226680890646,0.3773929130722128,0.039567772490847385
0.37733885153055746,0.03802226680890646,0.3773929130722128,0.039567772490847385
0.37733885153055746,0.03802226680890646,0.3773929130722128,0.039567772490847385
0.37733885153055746,0.03802226680890646,0.3773929130722128,0.039567772490847385
0.3751989852200891,0.03634496732496521,0.37525349690717075,0.03799765761704668
0.3751989852200891,0.03634496732496521,0.37525349690717075,0.03799765761704668
0.3751989852200891,0.03634496732496521,0.37525349690717075,0.03799765761704668
0.3751989852200891,0.03634496732496521,0.37525349690717075,0.03799765761704668
0.3751989852200891,0.03634496732496521,0.37525349690717075,0.03799765761704668
0.3743270199239096,0.03603130286844017,0.3743843605246705,0.03771690824068374
0.3743270199239096,0.03603130286844017,0.3743843605246705,0.03771690824068374
0.3743270199239096,0.03603130286844017,0.3743843605246705,0.03771690824068374
0.3743270199239096,0.03603130286844017,0.3743843605246705,0.03771690824068374
0.3743270199239096,0.03603130286844017,0.3743843605246705,0.03771690824068374
0.37323772121360754,0.0344033768001186,0.3733025011145127,0.0361205518658058
0.37323772121360754,0.0344033768001186,0.3733025011145127,0.0361205518658058
0.37323772121360754,0.0344033768001186,0.3733025011145127,0.0361205518658058
0.37323772121360754,0.0344033768001186,0.3733025011145127,0.0361205518658058
0.37323772121360754,0.0344033768001186,0.3733025011145127,0.0361205518658058
0.3723711451823191,0.034106919097856014,0.37243554815256097,0.0358529562275172
0.3723711451823191,0.034106919097856014,0.37243554815256097,0.0358529562275172
0.3723711451823191,0.034106919097856014,0.37243554815256097,0.0358529562275172
0.3723711451823191,0.034106919097856014,0.37243554815256097,0.0358529562275172
0.3723711451823191,0.034106919097856014,0.37243554815256097,0.0358529562275172
