0.690105089053218,0.0,0.6912234383568804,0.0
0.6568207556787512,0.13073398627995245,0.6585233577018069,0.1300675836043746
0.6568207556787512,0.13073398627995245,0.6585233577018069,0.1300675836043746
0.6568207556787512,0.13073398627995245,0.6585233577018069,0.1300675836043746
0.6453454945579227,0.15230707716413777,0.64793616440711,0.15130509653581203
0.6453454945579227,0.15230707716413777,0.64793616440711,0.15130509653581203
0.6453454945579227,0.15230707716413777,0.64793616440711,0.15130509653581203
0.6505284919470451,0.1557812646302559,0.6520915647153902,0.15561666938777466
0.6505284919470451,0.1557812646302559,0.6520915647153902,0.15561666938777466
0.6505284919470451,0.1557812646302559,0.6520915647153902,0.15561666938777466
0.6090123142679934,0.13855447829329445,0.6096843941442265,0.1384150842079486
0.6090123142679934,0.13855447829329445,0.6096843941442265,0.1384150842079486
0.6090123142679934,0.13855447829329445,0.6096843941442265,0.1384150842079486
0.5333780489813663,0.08652498746952846,0.5354860617523941,0.08532921946206931
0.5333780489813663,0.08652498746952846,0.5354860617523941,0.08532921946206931
0.5333780489813663,0.08652498746952846,0.5354860617523941,0.08532921946206931
0.5225736754166673,0.08937779303543113,0.5257807050127634,0.08933186853450487
0.5225736754166673,0.08937779303543113,0.5257807050127634,0.08933186853450487
0.5225736754166673,0.08937779303543113,0.5257807050127634,0.08933186853450487
0.5439388804322628,0.08333857241784798,0.5484348555461798,0.08465794563807401
0.5439388804322628,0.08333857241784798,0.5484348555461798,0.08465794563807401
0.5439388804322628,0.08333857241784798,0.5484348555461798,0.08465794563807401
0.5379748034224818,0.06590890507937994,0.5417771409005032,0.0676993877202564
0.5379748034224818,0.06590890507937994,0.5417771409005032,0.0676993877202564
0.5379748034224818,0.06590890507937994,0.5417771409005032,0.0676993877202564
0.5383659445034461,0.05350366648855225,0.5427934912662982,0.05642922773089783
0.5383659445034461,0.05350366648855225,0.5427934912662982,0.05642922773089783
0.5383659445034461,0.05350366648855225,0.5427934912662982,0.05642922773089783
0.5426817925512937,0.05793996857477404,0.5470507803962305,0.06032271233594633
0.5426817925512937,0.05793996857477404,0.5470507803962305,0.06032271233594633
0.5426817925512937,0.05793996857477404,0.5470507803962305,0.06032271233594633
0.5250981430821847,0.06096958106944017,0.5280312006560057,0.06387819885025735
0.5250981430821847,0.06096958106944017,0.5280312006560057,0.06387819885025735
0.5250981430821847,0.06096958106944017,0.5280312006560057,0.06387819885025735
0.5241688167929187,0.06910895954978913,0.5265238139416906,0.07152836066609825
0.5241688167929187,0.06910895954978913,0.5265238139416906,0.07152836066609825
0.5241688167929187,0.06910895954978913,0.5265238139416906,0.07152836066609825
0.5186509742542349,0.060761135439314266,0.5205452612791465,0.06318931533060035
0.5186509742542349,0.060761135439314266,0.5205452612791465,0.06318931533060035
0.5186509742542349,0.060761135439314266,0.5205452612791465,0.06318931533060035
0.5254116363374257,0.07126566434342405,0.5287008766093196,0.07476393632804117
0.5254116363374257,0.07126566434342405,0.5287008766093196,0.07476393632804117
0.5254116363374257,0.07126566434342405,0.5287008766093196,0.07476393632804117
0.5326513352781553,0.06786824765907598,0.5371334109278182,0.07091457368582439
0.5326513352781553,0.06786824765907598,0.5371334109278182,0.07091457368582439
0.5326513352781553,0.06786824765907598,0.5371334109278182,0.07091457368582439
0.5312828847521974,0.06760376273505159,0.5353245435742583,0.07100459170762484
0.5312828847521974,0.06760376273505159,0.5353245435742583,0.07100459170762484
0.5312828847521974,0.06760376273505159,0.5353245435742583,0.07100459170762484
0.5199318919838707,0.060026291650097215,0.5233529735243655,0.06405585561139854
0.5199318919838707,0.060026291650097215,0.5233529735243655,0.06405585561139854
0.5199318919838707,0.060026291650097215,0.5233529735243655,0.06405585561139854
0.5339738317327927,0.057700193230300095,0.5376844932731734,0.061227480793563265
0.5339738317327927,0.057700193230300095,0.5376844932731734,0.061227480793563265
0.5339738317327927,0.057700193230300095,0.5376844932731734,0.061227480793563265
0.5235735611111785,0.05585658150367025,0.52775817978805,0.06093004031939786
0.5235735611111785,0.05585658150367025,0.52775817978805,0.06093004031939786
0.5235735611111785,0.05585658150367025,0.52775817978805,0.06093004031939786
0.5216996511510296,0.05999311090357417,0.5270777046329297,0.06538792250600875
0.5216996511510296,0.05999311090357417,0.5270777046329297,0.06538792250600875
0.5216996511510296,0.05999311090357417,0.5270777046329297,0.06538792250600875
0.5178918633825815,0.05330614934473785,0.5213062276777187,0.05672336370873262
0.5178918633825815,0.05330614934473785,0.5213062276777187,0.05672336370873262
0.5178918633825815,0.05330614934473785,0.5213062276777187,0.05672336370873262
0.5149351270071836,0.05368314388435441,0.5184405588915804,0.057177736593661495
0.5149351270071836,0.05368314388435441,0.5184405588915804,0.057177736593661495
0.5149351270071836,0.05368314388435441,0.5184405588915804,0.057177736593661495
0.509089260241016,0.04591583342698384,0.510890268597747,0.049008797679544754
0.509089260241016,0.04591583342698384,0.510890268597747,0.049008797679544754
0.509089260241016,0.04591583342698384,0.510890268597747,0.049008797679544754
0.5059440146100019,0.04461340380420094,0.5066819041470463,0.046441840500701555
0.5059440146100019,0.04461340380420094,0.5066819041470463,0.046441840500701555
0.5059440146100019,0.04461340380420094,0.5066819041470463,0.046441840500701555
0.5034632207039761,0.04750344947695041,0.5050093775453632,0.05085160790595014
0.5034632207039761,0.04750344947695041,0.5050093775453632,0.05085160790595014
0.5034632207039761,0.04750344947695041,0.5050093775453632,0.05085160790595014
0.5085965813690106,0.043621984894384236,0.5095611262261447,0.04781817457456404
0.5085965813690106,0.043621984894384236,0.5095611262261447,0.04781817457456404
0.5085965813690106,0.043621984894384236,0.5095611262261447,0.04781817457456404
0.5173581983168059,0.047171831035340665,0.5174267772618609,0.0503403852640658
0.5173581983168059,0.047171831035340665,0.5174267772618609,0.0503403852640658
0.5173581983168059,0.047171831035340665,0.5174267772618609,0.0503403852640658
0.5131286772814012,0.04428223114100159,0.5120955300039605,0.04732451965151784
0.5131286772814012,0.04428223114100159,0.5120955300039605,0.04732451965151784
0.5131286772814012,0.04428223114100159,0.5120955300039605,0.04732451965151784
0.5229376684001688,0.04134538899759062,0.5238489459227653,0.04569423620720327
0.5229376684001688,0.04134538899759062,0.5238489459227653,0.04569423620720327
0.5229376684001688,0.04134538899759062,0.5238489459227653,0.04569423620720327
0.5240076658490501,0.043821030991910856,0.5256288740852871,0.04665720775274993
0.5240076658490501,0.043821030991910856,0.5256288740852871,0.04665720775274993
0.5240076658490501,0.043821030991910856,0.5256288740852871,0.04665720775274993
0.5279262268208476,0.04850937070028448,0.531258632500873,0.051637665122987016
0.5279262268208476,0.04850937070028448,0.531258632500873,0.051637665122987016
0.5279262268208476,0.04850937070028448,0.531258632500873,0.051637665122987016
0.5337698699653312,0.042154652536673665,0.5352053154864497,0.046146244488502394
0.5337698699653312,0.042154652536673665,0.5352053154864497,0.046146244488502394
0.5337698699653312,0.042154652536673665,0.5352053154864497,0.046146244488502394
0.5439833967535872,0.037851357488107744,0.5480661453594313,0.04095190382353171
0.5439833967535872,0.037851357488107744,0.5480661453594313,0.04095190382353171
0.5439833967535872,0.037851357488107744,0.5480661453594313,0.04095190382353171
0.5369778791005684,0.04450998930937982,0.5414277403108227,0.04717772910413757
0.5369778791005684,0.04450998930937982,0.5414277403108227,0.04717772910413757
0.5369778791005684,0.04450998930937982,0.5414277403108227,0.04717772910413757
